#
# A fatal error has been detected by the Java Runtime Environment:
#
#  EXCEPTION_ACCESS_VIOLATION (0xc0000005) at pc=0x00007ffebaa8b3c6, pid=13748, tid=6176
#
# JRE version: Java(TM) SE Runtime Environment (23.0+37) (build 23+37-2369)
# Java VM: Java HotSpot(TM) 64-Bit Server VM (23+37-2369, mixed mode, sharing, tiered, compressed oops, compressed class ptrs, g1 gc, windows-amd64)
# Problematic frame:
# C  [awt.dll+0xdb3c6]
#
# No core dump will be written. Minidumps are not enabled by default on client versions of Windows
#
# If you would like to submit a bug report, please visit:
#   https://bugreport.java.com/bugreport/crash.jsp
# The crash happened outside the Java Virtual Machine in native code.
# See problematic frame for where to report the bug.
#

---------------  S U M M A R Y ------------

Command Line: -javaagent:E:\Downloads\ideaIC-2024.3.1.win\lib\idea_rt.jar=57123:E:\Downloads\ideaIC-2024.3.1.win\bin -Dfile.encoding=UTF-8 -Dsun.stdout.encoding=UTF-8 -Dsun.stderr.encoding=UTF-8 Views.LoginSignUp

Host: Intel(R) Core(TM) i3-6100U CPU @ 2.30GHz, 4 cores, 7G,  Windows 10 , 64 bit Build 19041 (10.0.19041.5198)
Time: Fri Jan 10 16:19:43 2025 Morocco Summer Time elapsed time: 5.413281 seconds (0d 0h 0m 5s)

---------------  T H R E A D  ---------------

Current thread (0x000001caf1b5b2e0):  JavaThread "AWT-EventQueue-0"        [_thread_in_native, id=6176, stack(0x000000a395400000,0x000000a395500000) (1024K)]

Stack: [0x000000a395400000,0x000000a395500000],  sp=0x000000a3954fec90,  free space=1019k
Native frames: (J=compiled Java code, j=interpreted, Vv=VM code, C=native code)
C  [awt.dll+0xdb3c6]  (no source info available)
C  [awt.dll+0xdcc02]  (no source info available)
C  0x000001ca9eaad207  (no source info available)

The last pc belongs to native method entry point (kind = native) (printed below).
Java frames: (J=compiled Java code, j=interpreted, Vv=VM code)
j  sun.awt.Win32GraphicsDevice.initNativeScale(I)V+0 java.desktop@23
j  sun.awt.Win32GraphicsDevice.initScaleFactors()V+60 java.desktop@23
j  sun.awt.Win32GraphicsDevice.displayChanged()V+16 java.desktop@23
j  sun.awt.Win32GraphicsEnvironment.displayChanged()V+271 java.desktop@23
j  sun.awt.windows.WToolkit.lambda$displayChanged$4()V+15 java.desktop@23
j  sun.awt.windows.WToolkit$$Lambda+0x000001caad0c7548.run()V+0 java.desktop@23
j  java.awt.event.InvocationEvent.dispatch()V+47 java.desktop@23
j  java.awt.EventQueue.dispatchEventImpl(Ljava/awt/AWTEvent;Ljava/lang/Object;)V+21 java.desktop@23
j  java.awt.EventQueue$4.run()Ljava/lang/Void;+32 java.desktop@23
j  java.awt.EventQueue$4.run()Ljava/lang/Object;+1 java.desktop@23
J 692 c1 java.security.AccessController.doPrivileged(Ljava/security/PrivilegedAction;Ljava/security/AccessControlContext;)Ljava/lang/Object; java.base@23 (17 bytes) @ 0x000001ca976242ec [0x000001ca97624100+0x00000000000001ec]
j  java.security.ProtectionDomain$JavaSecurityAccessImpl.doIntersectionPrivilege(Ljava/security/PrivilegedAction;Ljava/security/AccessControlContext;Ljava/security/AccessControlContext;)Ljava/lang/Object;+18 java.base@23
j  java.awt.EventQueue.dispatchEvent(Ljava/awt/AWTEvent;)V+46 java.desktop@23
j  java.awt.EventDispatchThread.pumpOneEventForFilters(I)V+81 java.desktop@23
j  java.awt.EventDispatchThread.pumpEventsForFilter(ILjava/awt/Conditional;Ljava/awt/EventFilter;)V+35 java.desktop@23
j  java.awt.EventDispatchThread.pumpEventsForHierarchy(ILjava/awt/Conditional;Ljava/awt/Component;)V+11 java.desktop@23
j  java.awt.EventDispatchThread.pumpEvents(ILjava/awt/Conditional;)V+4 java.desktop@23
j  java.awt.EventDispatchThread.pumpEvents(Ljava/awt/Conditional;)V+3 java.desktop@23
j  java.awt.EventDispatchThread.run()V+9 java.desktop@23
v  ~StubRoutines::call_stub 0x000001ca9eaa0fcd

siginfo: EXCEPTION_ACCESS_VIOLATION (0xc0000005), reading address 0xffffffffffffffff


Registers:
RAX=0xffff003a90000000, RBX=0x000001caf1f91b70, RCX=0xffff003a90000000, RDX=0x0000000000000000
RSP=0x000000a3954fec90, RBP=0x000000a3954fed70, RSI=0x0000000000000014, RDI=0x0000000000000000
R8 =0x0000000000000001, R9 =0x00000000000000dd, R10=0x000001ca9eaad1d8, R11=0x0000000000000100
R12=0x0000000000000000, R13=0x000001caed29ecb0, R14=0x000000a3954fed98, R15=0x000001caf1b5b2e0
RIP=0x00007ffebaa8b3c6, EFLAGS=0x0000000000010206


Register to memory mapping:

RAX=0xffff003a90000000 is an unknown value
RBX=0x000001caf1f91b70 points into unknown readable memory: 0x000001caf2671f00 | 00 1f 67 f2 ca 01 00 00
RCX=0xffff003a90000000 is an unknown value
RDX=0x0 is null
RSP=0x000000a3954fec90 is pointing into the stack for thread: 0x000001caf1b5b2e0
RBP=0x000000a3954fed70 is pointing into the stack for thread: 0x000001caf1b5b2e0
RSI=0x0000000000000014 is an unknown value
RDI=0x0 is null
R8 =0x0000000000000001 is an unknown value
R9 =0x00000000000000dd is an unknown value
R10=0x000001ca9eaad1d8 is at code_begin+1016 in an Interpreter codelet
native method entry point (kind = native)  [0x000001ca9eaacde0, 0x000001ca9eaad938]  2904 bytes
R11=0x0000000000000100 is an unknown value
R12=0x0 is null
R13={method} {0x000001caed29ecb8} 'initNativeScale' '(I)V' in 'sun/awt/Win32GraphicsDevice'
R14=0x000000a3954fed98 is pointing into the stack for thread: 0x000001caf1b5b2e0
R15=0x000001caf1b5b2e0 is a thread

Top of Stack: (sp=0x000000a3954fec90)
0x000000a3954fec90:   000001caed7f1870 00007ffea78019ec
0x000000a3954feca0:   000001caf1f91b70 0000000000000014
0x000000a3954fecb0:   000001caf1f91b70 00007ffebaa8cc02
0x000000a3954fecc0:   00007ffebaae9838 000001caed29ecb0
0x000000a3954fecd0:   000000a3954fed80 000001caab173ea0
0x000000a3954fece0:   000001ca9eaa889a 000001ca9eaad207
0x000000a3954fecf0:   000001caed29ecb0 0000000000000000
0x000000a3954fed00:   000001caf1b5b2e0 000001ca9eaa889a
0x000000a3954fed10:   0000000000000014 00007ffea7c73c39
0x000000a3954fed20:   000000a3954fee60 fffffffffffffff7
0x000000a3954fed30:   0000000000000000 0000000000000005
0x000000a3954fed40:   000001caed2a23a8 0000000000000000
0x000000a3954fed50:   0000000087968f50 000001caed29ecb0
0x000000a3954fed60:   0000000000000000 000000a3954fed90
0x000000a3954fed70:   000000a3954fede8 000001ca9eaa8700
0x000000a3954fed80:   0000000000000000 000001ca9eaaa5d7
0x000000a3954fed90:   0000000000000000 00000000878aac88
0x000000a3954feda0:   fffffffffffffff7 000001caed29f304
0x000000a3954fedb0:   0000000000000002 000001caed2a23a8
0x000000a3954fedc0:   0000000000000000 0000000087968f50
0x000000a3954fedd0:   000001caed29f350 fffffffffffffff5
0x000000a3954fede0:   000000a3954fedf8 000000a3954fee48
0x000000a3954fedf0:   000001ca9eaa8700 00000000878aac88
0x000000a3954fee00:   fffffffffffffff7 000001caed2a0bc8
0x000000a3954fee10:   0000000000000003 000001caed2a23a8
0x000000a3954fee20:   0000000000000000 0000000087968f50
0x000000a3954fee30:   000001caed2a0c10 fffffffffffffff6
0x000000a3954fee40:   000000a3954fee60 000000a3954feeb0
0x000000a3954fee50:   000001ca9eaa8700 0000000000000000
0x000000a3954fee60:   00000000878aac88 fffffffffffffff7
0x000000a3954fee70:   000001caed1fcae7 0000000000000008
0x000000a3954fee80:   000001caed200da8 0000000000000000 

Instructions: (pc=0x00007ffebaa8b3c6)
0x00007ffebaa8b2c6:   11 45 d4 0f 11 45 e4 0f 11 45 f4 89 45 04 c7 45
0x00007ffebaa8b2d6:   a0 68 00 00 00 0f 11 44 24 34 0f 11 44 24 44 0f
0x00007ffebaa8b2e6:   11 44 24 54 0f 11 44 24 64 0f 11 44 24 74 0f 11
0x00007ffebaa8b2f6:   45 84 89 45 94 c7 44 24 30 68 00 00 00 48 8d 55
0x00007ffebaa8b306:   a0 49 8b ce ff 15 08 76 06 00 85 c0 74 41 48 8d
0x00007ffebaa8b316:   54 24 30 48 8b ce ff 15 f6 75 06 00 85 c0 74 2f
0x00007ffebaa8b326:   48 8d 54 24 34 48 8d 4d a4 ff 15 0b 75 06 00 85
0x00007ffebaa8b336:   c0 74 1c 48 8d 54 24 44 48 8d 4d b4 ff 15 f8 74
0x00007ffebaa8b346:   06 00 85 c0 74 09 8b 44 24 54 39 45 c4 74 11 ff
0x00007ffebaa8b356:   c7 3b 7b 0c 0f 8c 40 ff ff ff 8b 3d 1a b0 06 00
0x00007ffebaa8b366:   48 8b cb e8 f2 ca f4 ff 90 8b c7 48 8b 4d 10 48
0x00007ffebaa8b376:   33 cc e8 93 01 01 00 4c 8d 9c 24 20 01 00 00 49
0x00007ffebaa8b386:   8b 5b 28 49 8b 73 30 49 8b e3 41 5e 5f 5d c3 cc
0x00007ffebaa8b396:   cc cc cc cc cc cc cc cc cc cc 48 8b 41 08 48 8b
0x00007ffebaa8b3a6:   80 18 0c 00 00 c3 cc cc cc cc 48 8b 41 08 48 05
0x00007ffebaa8b3b6:   00 04 00 00 c3 cc cc cc cc cc 40 53 48 83 ec 20
0x00007ffebaa8b3c6:   83 79 50 00 48 8b d9 75 56 48 8b 49 28 4c 8d 44
0x00007ffebaa8b3d6:   24 38 48 8d 54 24 30 c7 44 24 30 00 00 80 bf c7
0x00007ffebaa8b3e6:   44 24 38 00 00 80 bf e8 1e e1 00 00 f3 0f 10 54
0x00007ffebaa8b3f6:   24 30 0f 57 c0 0f 2f d0 76 25 f3 0f 10 4c 24 38
0x00007ffebaa8b406:   0f 2f c8 76 1a f3 0f 5e 15 f9 a8 02 00 f3 0f 5e
0x00007ffebaa8b416:   0d f1 a8 02 00 f3 0f 11 53 48 f3 0f 11 4b 4c 48
0x00007ffebaa8b426:   83 c4 20 5b c3 cc cc cc cc cc 48 89 5c 24 10 48
0x00007ffebaa8b436:   89 74 24 18 57 41 56 41 57 48 83 ec 40 48 8b d9
0x00007ffebaa8b446:   48 83 79 18 00 75 14 b9 28 04 00 00 e8 19 97 00
0x00007ffebaa8b456:   00 48 89 43 18 c7 00 28 00 00 00 48 8b 43 18 33
0x00007ffebaa8b466:   ff 66 89 78 0e 48 8b 4b 28 e8 5c 03 00 00 48 8b
0x00007ffebaa8b476:   f0 41 bf 01 00 00 00 45 8b c7 41 8b d7 48 8b c8
0x00007ffebaa8b486:   ff 15 34 71 06 00 4c 8b f0 89 7c 24 30 48 8b 4b
0x00007ffebaa8b496:   18 48 89 4c 24 28 48 89 7c 24 20 45 8b cf 45 33
0x00007ffebaa8b4a6:   c0 48 8b d0 48 8b ce ff 15 2d 70 06 00 48 8b 53
0x00007ffebaa8b4b6:   30 48 8b 0b 8b 05 c4 ae 06 00 83 79 04 08 0f 8e 


Stack slot to memory mapping:

stack at sp + 0 slots: 0x000001caed7f1870 is pointing into metadata
stack at sp + 1 slots: 0x00007ffea78019ec jvm.dll
stack at sp + 2 slots: 0x000001caf1f91b70 points into unknown readable memory: 0x000001caf2671f00 | 00 1f 67 f2 ca 01 00 00
stack at sp + 3 slots: 0x0000000000000014 is an unknown value
stack at sp + 4 slots: 0x000001caf1f91b70 points into unknown readable memory: 0x000001caf2671f00 | 00 1f 67 f2 ca 01 00 00
stack at sp + 5 slots: 0x00007ffebaa8cc02 awt.dll
stack at sp + 6 slots: 0x00007ffebaae9838 awt.dll
stack at sp + 7 slots: {method} {0x000001caed29ecb8} 'initNativeScale' '(I)V' in 'sun/awt/Win32GraphicsDevice'

Lock stack of current Java thread (top to bottom):

native method entry point (kind = native)  [0x000001ca9eaacde0, 0x000001ca9eaad938]  2904 bytes
[MachCode]
  0x000001ca9eaacde0: 488b 4b08 | 0fb7 492e | 584c 8d74 | ccf8 6800 | 0000 0068 | 0000 0000 | 5055 488b | ec41 5568 
  0x000001ca9eaace00: 0000 0000 | 4c8b 6b08 | 4d8d 6d38 | 5348 8b53 | 0848 8b52 | 0848 8b52 | 1848 8b52 | 7048 8b12 
  0x000001ca9eaace20: 5248 8b53 | 1048 85d2 | 0f84 0700 | 0000 4881 | c210 0100 | 0052 488b | 5308 488b | 5208 488b 
  0x000001ca9eaace40: 5210 5249 | 8bc6 482b | c548 c1e8 | 0350 6800 | 0000 0068 | f7ff ffff | 41c6 8771 | 0400 0001 
  0x000001ca9eaace60: 488b 4310 | 4885 c074 | 208b 88cc | 0000 0083 | c102 8988 | cc00 0000 | 2388 e000 | 0000 0f84 
  0x000001ca9eaace80: 000a 0000 | e9cf 0000 | 0048 8b43 | 1848 85c0 | 0f85 b000 | 0000 e805 | 0000 00e9 | 9900 0000 
  0x000001ca9eaacea0: 488b d348 | 8d44 2408 | 4c89 6dc0 | 498b cfc5 | f877 4989 | afb0 0300 | 0049 8987 | a003 0000 
  0x000001ca9eaacec0: 4883 ec20 | 40f6 c40f | 0f84 1900 | 0000 4883 | ec08 48b8 | 9026 9ba7 | fe7f 0000 | ffd0 4883 
  0x000001ca9eaacee0: c408 e90c | 0000 0048 | b890 269b | a7fe 7f00 | 00ff d048 | 83c4 2049 | c787 a003 | 0000 0000 
  0x000001ca9eaacf00: 0000 49c7 | 87b0 0300 | 0000 0000 | 0049 c787 | a803 0000 | 0000 0000 | c5f8 7749 | 837f 0800 
  0x000001ca9eaacf20: 0f84 0500 | 0000 e995 | 3fff ff4c | 8b6d c04c | 8b75 c84e | 8d74 f500 | c348 8b43 | 1848 85c0 
  0x000001ca9eaacf40: 0f84 1200 | 0000 8b48 | 0883 c102 | 8948 0823 | 481c 0f84 | 2c09 0000 | 493b a7e8 | 0400 000f 
  0x000001ca9eaacf60: 8748 0000 | 0089 8424 | 00f0 ffff | 8984 2400 | e0ff ff89 | 8424 00d0 | ffff 8984 | 2400 c0ff 
  0x000001ca9eaacf80: ff89 8424 | 00b0 ffff | 8984 2400 | a0ff ff89 | 8424 0090 | ffff 8984 | 2400 80ff | ff49 3ba7 
  0x000001ca9eaacfa0: e004 0000 | 7607 4989 | a7e8 0400 | 0041 c687 | 7104 0000 | 0049 ba41 | ad22 a8fe | 7f00 0041 
  0x000001ca9eaacfc0: 803a 000f | 843e 0000 | 0048 8b55 | e849 8bcf | 4883 ec20 | 40f6 c40f | 0f84 1900 | 0000 4883 
  0x000001ca9eaacfe0: ec08 48b8 | 00ee d2a7 | fe7f 0000 | ffd0 4883 | c408 e90c | 0000 0048 | b800 eed2 | a7fe 7f00 
  0x000001ca9eaad000: 00ff d048 | 83c4 2048 | 8b5d e84c | 8b5b 0845 | 0fb7 5b2e | 41c1 e303 | 492b e348 | 83ec 2048 
  0x000001ca9eaad020: 83e4 f04c | 8b5b 604d | 85db 0f85 | ab00 0000 | e805 0000 | 00e9 9900 | 0000 488b | d348 8d44 
  0x000001ca9eaad040: 2408 4c89 | 6dc0 498b | cfc5 f877 | 4989 afb0 | 0300 0049 | 8987 a003 | 0000 4883 | ec20 40f6 
  0x000001ca9eaad060: c40f 0f84 | 1900 0000 | 4883 ec08 | 48b8 f04d | 9ba7 fe7f | 0000 ffd0 | 4883 c408 | e90c 0000 
  0x000001ca9eaad080: 0048 b8f0 | 4d9b a7fe | 7f00 00ff | d048 83c4 | 2049 c787 | a003 0000 | 0000 0000 | 49c7 87b0 
  0x000001ca9eaad0a0: 0300 0000 | 0000 0049 | c787 a803 | 0000 0000 | 0000 c5f8 | 7749 837f | 0800 0f84 | 0500 0000 
  0x000001ca9eaad0c0: e9fb 3dff | ff4c 8b6d | c04c 8b75 | c84e 8d74 | f500 c348 | 8b5d e84c | 8b5b 6041 | ffd3 488b 
  0x000001ca9eaad0e0: 5de8 4889 | 4518 448b | 5b28 41f6 | c308 0f84 | 1b00 0000 | 4c8b 5b08 | 4d8b 5b08 | 4d8b 5b18 
  0x000001ca9eaad100: 4d8b 5b70 | 4d8b 1b4c | 895d 1048 | 8d55 1048 | 8b43 5849 | ba50 3cd3 | a7fe 7f00 | 0049 3bc2 
  0x000001ca9eaad120: 0f85 ab00 | 0000 e805 | 0000 00e9 | 9900 0000 | 488b d348 | 8d44 2408 | 4c89 6dc0 | 498b cfc5 
  0x000001ca9eaad140: f877 4989 | afb0 0300 | 0049 8987 | a003 0000 | 4883 ec20 | 40f6 c40f | 0f84 1900 | 0000 4883 
  0x000001ca9eaad160: ec08 48b8 | f04d 9ba7 | fe7f 0000 | ffd0 4883 | c408 e90c | 0000 0048 | b8f0 4d9b | a7fe 7f00 
  0x000001ca9eaad180: 00ff d048 | 83c4 2049 | c787 a003 | 0000 0000 | 0000 49c7 | 87b0 0300 | 0000 0000 | 0049 c787 
  0x000001ca9eaad1a0: a803 0000 | 0000 0000 | c5f8 7749 | 837f 0800 | 0f84 0500 | 0000 e905 | 3dff ff4c | 8b6d c04c 
  0x000001ca9eaad1c0: 8b75 c84e | 8d74 f500 | c348 8b5d | e848 8b43 | 5849 8d8f | c003 0000 | c5f8 7749 | 89af b003 
  0x000001ca9eaad1e0: 0000 49ba | d8d1 aa9e | ca01 0000 | 4d89 97a8 | 0300 0049 | 89a7 a003 | 0000 41c7 | 8744 0400 
  0x000001ca9eaad200: 0004 0000 | 00ff d0c5 | f877 4883 | ec10 c5fb | 1104 2448 | 83ec 1048 | 8904 2448 | c744 2408 
  0x000001ca9eaad220: 0000 0000 | 41c7 8744 | 0400 0005 | 0000 00f0 | 8344 24c0 | 0049 3baf | 4804 0000 | 0f87 0e00 
  0x000001ca9eaad240: 0000 4183 | bf40 0400 | 0000 0f84 | 2000 0000 | 498b cf4c | 8be4 4883 | ec20 4883 | e4f0 48b8 
  0x000001ca9eaad260: 90a9 9ca7 | fe7f 0000 | ffd0 498b | e44d 33e4 | 41c7 8744 | 0400 0008 | 0000 0049 | c787 a003 
  0x000001ca9eaad280: 0000 0000 | 0000 49c7 | 87b0 0300 | 0000 0000 | 0049 c787 | a803 0000 | 0000 0000 | c5f8 774d 
  0x000001ca9eaad2a0: 8b9f 3004 | 0000 41c7 | 8300 0100 | 0000 0000 | 0049 bbda | a5aa 9eca | 0100 004c | 3b5d 180f 
  0x000001ca9eaad2c0: 8524 0200 | 0048 8b04 | 2448 83c4 | 1048 85c0 | 0f84 fe01 | 0000 a803 | 0f85 0800 | 0000 488b 
  0x000001ca9eaad2e0: 00e9 ee01 | 0000 a801 | 0f85 0900 | 0000 488b | 40fe e9dd | 0100 0048 | 8b40 ff41 | 807f 3800 
  0x000001ca9eaad300: 0f84 ce01 | 0000 4883 | f800 0f84 | c401 0000 | 4d8b 5f28 | 4983 fb00 | 0f84 1400 | 0000 4983 
  0x000001ca9eaad320: eb08 4d89 | 5f28 4d03 | 5f30 4989 | 03e9 a201 | 0000 4881 | ecd0 0000 | 0048 8904 | 2448 894c 
  0x000001ca9eaad340: 2408 4889 | 5424 1048 | 8974 2418 | 4889 7c24 | 204c 8944 | 2428 4c89 | 4c24 304c | 8954 2438 
  0x000001ca9eaad360: 4c89 5c24 | 40c5 fb11 | 4424 50c5 | fb11 4c24 | 58c5 fb11 | 5424 60c5 | fb11 5c24 | 68c5 fb11 
  0x000001ca9eaad380: 6424 70c5 | fb11 6c24 | 78c5 fb11 | b424 8000 | 0000 c5fb | 11bc 2488 | 0000 00c5 | 7b11 8424 
  0x000001ca9eaad3a0: 9000 0000 | c57b 118c | 2498 0000 | 00c5 7b11 | 9424 a000 | 0000 c57b | 119c 24a8 | 0000 00c5 
  0x000001ca9eaad3c0: 7b11 a424 | b000 0000 | c57b 11ac | 24b8 0000 | 00c5 7b11 | b424 c000 | 0000 c57b | 11bc 24c8 
  0x000001ca9eaad3e0: 0000 0049 | 8bd7 488b | c848 83ec | 2040 f6c4 | 0f0f 8419 | 0000 0048 | 83ec 0848 | b8e0 0790 
  0x000001ca9eaad400: a7fe 7f00 | 00ff d048 | 83c4 08e9 | 0c00 0000 | 48b8 e007 | 90a7 fe7f | 0000 ffd0 | 4883 c420 
  0x000001ca9eaad420: c57b 10bc | 24c8 0000 | 00c5 7b10 | b424 c000 | 0000 c57b | 10ac 24b8 | 0000 00c5 | 7b10 a424 
  0x000001ca9eaad440: b000 0000 | c57b 109c | 24a8 0000 | 00c5 7b10 | 9424 a000 | 0000 c57b | 108c 2498 | 0000 00c5 
  0x000001ca9eaad460: 7b10 8424 | 9000 0000 | c5fb 10bc | 2488 0000 | 00c5 fb10 | b424 8000 | 0000 c5fb | 106c 2478 
  0x000001ca9eaad480: c5fb 1064 | 2470 c5fb | 105c 2468 | c5fb 1054 | 2460 c5fb | 104c 2458 | c5fb 1044 | 2450 4c8b 
  0x000001ca9eaad4a0: 5c24 404c | 8b54 2438 | 4c8b 4c24 | 304c 8b44 | 2428 488b | 7c24 2048 | 8b74 2418 | 488b 5424 
  0x000001ca9eaad4c0: 1048 8b4c | 2408 488b | 0424 4881 | c4d0 0000 | 00c5 f877 | 4889 4510 | 4883 ec10 | 4889 0424 
  0x000001ca9eaad4e0: 48c7 4424 | 0800 0000 | 0041 83bf | c804 0000 | 020f 85bf | 0000 0048 | 81ec 8000 | 0000 4889 
  0x000001ca9eaad500: 4424 7848 | 894c 2470 | 4889 5424 | 6848 895c | 2460 4889 | 6c24 5048 | 8974 2448 | 4889 7c24 
  0x000001ca9eaad520: 404c 8944 | 2438 4c89 | 4c24 304c | 8954 2428 | 4c89 5c24 | 204c 8964 | 2418 4c89 | 6c24 104c 
  0x000001ca9eaad540: 8974 2408 | 4c89 3c24 | 4c8b e448 | 83ec 2048 | 83e4 f048 | b8b0 22d3 | a7fe 7f00 | 00ff d049 
  0x000001ca9eaad560: 8be4 4c8b | 3c24 4c8b | 7424 084c | 8b6c 2410 | 4c8b 6424 | 184c 8b5c | 2420 4c8b | 5424 284c 
  0x000001ca9eaad580: 8b4c 2430 | 4c8b 4424 | 3848 8b7c | 2440 488b | 7424 4848 | 8b6c 2450 | 488b 5c24 | 6048 8b54 
  0x000001ca9eaad5a0: 2468 488b | 4c24 7048 | 8b44 2478 | 4881 c480 | 0000 004d | 33e4 488b | 5de8 4c8b | 6b08 4d8d 
  0x000001ca9eaad5c0: 6d38 4983 | 7f08 000f | 84bb 0000 | 00e8 0500 | 0000 e996 | 0000 0048 | 8d44 2408 | 4c89 6dc0 
  0x000001ca9eaad5e0: 498b cfc5 | f877 4989 | afb0 0300 | 0049 8987 | a003 0000 | 4883 ec20 | 40f6 c40f | 0f84 1900 
  0x000001ca9eaad600: 0000 4883 | ec08 48b8 | 006c 9ba7 | fe7f 0000 | ffd0 4883 | c408 e90c | 0000 0048 | b800 6c9b 
  0x000001ca9eaad620: a7fe 7f00 | 00ff d048 | 83c4 2049 | c787 a003 | 0000 0000 | 0000 49c7 | 87b0 0300 | 0000 0000 
  0x000001ca9eaad640: 0049 c787 | a803 0000 | 0000 0000 | c5f8 7749 | 837f 0800 | 0f84 0500 | 0000 e961 | 38ff ff4c 
  0x000001ca9eaad660: 8b6d c04c | 8b75 c84e | 8d74 f500 | c348 b940 | d5fa a7fe | 7f00 0048 | 83e4 f048 | b860 4ac1 
  0x000001ca9eaad680: a7fe 7f00 | 00ff d0f4 | 448b 5b28 | 41f6 c320 | 0f84 7901 | 0000 488d | 55a8 4c8b | 5a08 4d85 
  0x000001ca9eaad6a0: db0f 85bb | 0000 00e8 | 0500 0000 | e996 0000 | 0048 8d44 | 2408 4c89 | 6dc0 498b | cfc5 f877 
  0x000001ca9eaad6c0: 4989 afb0 | 0300 0049 | 8987 a003 | 0000 4883 | ec20 40f6 | c40f 0f84 | 1900 0000 | 4883 ec08 
  0x000001ca9eaad6e0: 48b8 306b | 9ba7 fe7f | 0000 ffd0 | 4883 c408 | e90c 0000 | 0048 b830 | 6b9b a7fe | 7f00 00ff 
  0x000001ca9eaad700: d048 83c4 | 2049 c787 | a003 0000 | 0000 0000 | 49c7 87b0 | 0300 0000 | 0000 0049 | c787 a803 
  0x000001ca9eaad720: 0000 0000 | 0000 c5f8 | 7749 837f | 0800 0f84 | 0500 0000 | e987 37ff | ff4c 8b6d | c04c 8b75 
  0x000001ca9eaad740: c84e 8d74 | f500 c348 | b940 d5fa | a7fe 7f00 | 0048 83e4 | f048 b860 | 4ac1 a7fe | 7f00 00ff 
  0x000001ca9eaad760: d0f4 4c89 | 6dc0 4c8b | 4a08 48c7 | 4208 0000 | 0000 458b | 8718 0600 | 004f 3b4c | 07f8 0f85 
  0x000001ca9eaad780: 4900 0000 | 4183 af18 | 0600 0008 | 4f3b 4c07 | f00f 842a | 0000 0049 | 8b01 a802 | 0f85 1200 
  0x000001ca9eaad7a0: 0000 4c8b | c049 83c8 | 01f0 4d0f | b101 0f84 | 0d00 0000 | 4183 8718 | 0600 0008 | e90c 0000 
  0x000001ca9eaad7c0: 0049 ff8f | 5005 0000 | e93e 0000 | 004c 894a | 0848 8bca | 4883 ec20 | 40f6 c40f | 0f84 1900 
  0x000001ca9eaad7e0: 0000 4883 | ec08 48b8 | f03d 9ba7 | fe7f 0000 | ffd0 4883 | c408 e90c | 0000 0048 | b8f0 3d9b 
  0x000001ca9eaad800: a7fe 7f00 | 00ff d048 | 83c4 204c | 8b6d c049 | ba41 ad22 | a8fe 7f00 | 0041 803a | 000f 843e 
  0x000001ca9eaad820: 0000 0048 | 8b55 e849 | 8bcf 4883 | ec20 40f6 | c40f 0f84 | 1900 0000 | 4883 ec08 | 48b8 00ee 
  0x000001ca9eaad840: d2a7 fe7f | 0000 ffd0 | 4883 c408 | e90c 0000 | 0048 b800 | eed2 a7fe | 7f00 00ff | d048 83c4 
  0x000001ca9eaad860: 2048 8b04 | 2448 83c4 | 10c5 fb10 | 0424 4883 | c410 4c8b | 5d18 41ff | d34c 8b5d | f8c9 5f49 
  0x000001ca9eaad880: 8be3 ffe7 | ba00 0000 | 00e8 0500 | 0000 e996 | 0000 0048 | 8d44 2408 | 4c89 6dc0 | 498b cfc5 
  0x000001ca9eaad8a0: f877 4989 | afb0 0300 | 0049 8987 | a003 0000 | 4883 ec20 | 40f6 c40f | 0f84 1900 | 0000 4883 
  0x000001ca9eaad8c0: ec08 48b8 | a031 9ba7 | fe7f 0000 | ffd0 4883 | c408 e90c | 0000 0048 | b8a0 319b | a7fe 7f00 
  0x000001ca9eaad8e0: 00ff d048 | 83c4 2049 | c787 a003 | 0000 0000 | 0000 49c7 | 87b0 0300 | 0000 0000 | 0049 c787 
  0x000001ca9eaad900: a803 0000 | 0000 0000 | c5f8 7749 | 837f 0800 | 0f84 0500 | 0000 e9a5 | 35ff ff4c | 8b6d c04c 
  0x000001ca9eaad920: 8b75 c84e | 8d74 f500 | c348 8b5d | e8e9 26f6 | ffff 660f | 1f44 0000 
[/MachCode]

Compiled method (c1) 5845  692       3       java.security.AccessController::doPrivileged (17 bytes)
 total in heap  [0x000001ca97623f88,0x000001ca97624510] = 1416
 relocation     [0x000001ca97624060,0x000001ca976240f8] = 152
 main code      [0x000001ca97624100,0x000001ca97624480] = 896
 stub code      [0x000001ca97624480,0x000001ca976244f8] = 120
 metadata       [0x000001ca976244f8,0x000001ca97624510] = 24
 immutable data [0x000001caf1a98c20,0x000001caf1a98db8] = 408
 dependencies   [0x000001caf1a98c20,0x000001caf1a98c28] = 8
 nul chk table  [0x000001caf1a98c28,0x000001caf1a98c38] = 16
 scopes pcs     [0x000001caf1a98c38,0x000001caf1a98cf8] = 192
 scopes data    [0x000001caf1a98cf8,0x000001caf1a98db8] = 192

[Constant Pool (empty)]

[MachCode]
[Verified Entry Point]
  # {method} {0x000001caac49b038} 'doPrivileged' '(Ljava/security/PrivilegedAction;Ljava/security/AccessControlContext;)Ljava/lang/Object;' in 'java/security/AccessController'
  # parm0:    rdx:rdx   = 'java/security/PrivilegedAction'
  # parm1:    r8:r8     = 'java/security/AccessControlContext'
  #           [sp+0x80]  (sp of caller)
  0x000001ca97624100: 8984 2400 | 80ff ff55 | 4883 ec70 | 4181 7f20 | 0a00 0000 

  0x000001ca97624114: ;   {runtime_call StubRoutines (final stubs)}
  0x000001ca97624114: 7405 e825 

  0x000001ca97624118: ;   {metadata(method data for {method} {0x000001caac49b038} 'doPrivileged' '(Ljava/security/PrivilegedAction;Ljava/security/AccessControlContext;)Ljava/lang/Object;' in 'java/security/AccessController')}
  0x000001ca97624118: 364b 0748 | be28 5b4b | edca 0100 | 008b becc | 0000 0083 | c702 89be | cc00 0000 | 81e7 fe07 
  0x000001ca97624138: 0000 85ff | 0f84 7402 | 0000 4c89 | 4424 4048 | 8954 2448 

  0x000001ca9762414c: ;   {metadata(method data for {method} {0x000001caac49b038} 'doPrivileged' '(Ljava/security/PrivilegedAction;Ljava/security/AccessControlContext;)Ljava/lang/Object;' in 'java/security/AccessController')}
  0x000001ca9762414c: 48be 285b | 4bed ca01 | 0000 4883 | 8618 0100 

  0x000001ca9762415c: ;   {static_call}
  0x000001ca9762415c: 0001 90e8 

  0x000001ca97624160: ; ImmutableOopMap {[64]=Oop [72]=Oop }
                      ;*invokestatic getCallerClass {reexecute=0 rethrow=0 return_oop=0}
                      ; - java.security.AccessController::doPrivileged@0 (line 398)
  0x000001ca97624160: ccc4 a207 

  0x000001ca97624164: ;   {other}
  0x000001ca97624164: 0f1f 8400 | dc01 0000 | 4889 4424 

  0x000001ca97624170: ;   {metadata(method data for {method} {0x000001caac49b038} 'doPrivileged' '(Ljava/security/PrivilegedAction;Ljava/security/AccessControlContext;)Ljava/lang/Object;' in 'java/security/AccessController')}
  0x000001ca97624170: 5048 ba28 | 5b4b edca | 0100 0048 | 8382 2801 | 0000 0148 | 8b54 2440 | 4c8b c00f 

  0x000001ca9762418c: ;   {static_call}
  0x000001ca9762418c: 1f40 00e8 

  0x000001ca97624190: ; ImmutableOopMap {[72]=Oop [80]=Oop }
                      ;*invokestatic checkContext {reexecute=0 rethrow=0 return_oop=0}
                      ; - java.security.AccessController::doPrivileged@6 (line 399)
  0x000001ca97624190: ecc7 a007 

  0x000001ca97624194: ;   {other}
  0x000001ca97624194: 0f1f 8400 | 0c02 0001 | 4889 4424 

  0x000001ca976241a0: ;   {metadata(method data for {method} {0x000001caac49b038} 'doPrivileged' '(Ljava/security/PrivilegedAction;Ljava/security/AccessControlContext;)Ljava/lang/Object;' in 'java/security/AccessController')}
  0x000001ca976241a0: 5848 ba28 | 5b4b edca | 0100 0048 | 8382 3801 

  0x000001ca976241b0: ;   {metadata(method data for {method} {0x000001caac49b2c0} 'executePrivileged' '(Ljava/security/PrivilegedAction;Ljava/security/AccessControlContext;Ljava/lang/Class;)Ljava/lang/Object;' in 'java/security/AccessController')}
  0x000001ca976241b0: 0000 0148 | bab8 d516 | edca 0100 | 008b b2cc | 0000 0083 | c602 89b2 | cc00 0000 | 81e6 feff 
  0x000001ca976241d0: 1f00 85f6 | 0f84 fd01 | 0000 4885 

  0x000001ca976241dc: ;   {metadata(method data for {method} {0x000001caac49b2c0} 'executePrivileged' '(Ljava/security/PrivilegedAction;Ljava/security/AccessControlContext;Ljava/lang/Class;)Ljava/lang/Object;' in 'java/security/AccessController')}
  0x000001ca976241dc: c048 bab8 | d516 edca | 0100 00be | 1801 0000 | 7405 be28 | 0100 0048 | 8b3c 3248 | 8d7f 0148 
  0x000001ca976241fc: 893c 320f | 8427 0000 

  0x000001ca97624204: ;   {metadata(method data for {method} {0x000001caac49b2c0} 'executePrivileged' '(Ljava/security/PrivilegedAction;Ljava/security/AccessControlContext;Ljava/lang/Class;)Ljava/lang/Object;' in 'java/security/AccessController')}
  0x000001ca97624204: 0048 bab8 | d516 edca | 0100 0048 | 8382 3801 | 0000 0148 | 8bd0 0f1f 

  0x000001ca9762421c: ;   {static_call}
  0x000001ca9762421c: 4400 00e8 

  0x000001ca97624220: ; ImmutableOopMap {[72]=Oop [80]=Oop [88]=Oop }
                      ;*invokestatic ensureMaterializedForStackWalk {reexecute=0 rethrow=0 return_oop=0}
                      ; - java.security.AccessController::executePrivileged@5 (line 774)
                      ; - java.security.AccessController::doPrivileged@13 (line 400)
  0x000001ca97624220: 0c06 a307 

  0x000001ca97624224: ;   {other}
  0x000001ca97624224: 0f1f 8400 | 9c02 0002 

  0x000001ca9762422c: ;   {metadata(method data for {method} {0x000001caac49b2c0} 'executePrivileged' '(Ljava/security/PrivilegedAction;Ljava/security/AccessControlContext;Ljava/lang/Class;)Ljava/lang/Object;' in 'java/security/AccessController')}
  0x000001ca9762422c: 48ba b8d5 | 16ed ca01 | 0000 ff82 | 4801 0000 | 488b 5424 | 4848 3b02 

  0x000001ca97624244: ;   {metadata(method data for {method} {0x000001caac49b2c0} 'executePrivileged' '(Ljava/security/PrivilegedAction;Ljava/security/AccessControlContext;Ljava/lang/Class;)Ljava/lang/Object;' in 'java/security/AccessController')}
  0x000001ca97624244: 488b f248 | bfb8 d516 | edca 0100 | 008b 7608 | 49ba 0000 | 00ac ca01 | 0000 4903 | f248 3bb7 
  0x000001ca97624264: b001 0000 | 750d 4883 | 87b8 0100 | 0001 e960 | 0000 0048 | 3bb7 c001 | 0000 750d | 4883 87c8 
  0x000001ca97624284: 0100 0001 | e94a 0000 | 0048 83bf | b001 0000 | 0075 1748 | 89b7 b001 | 0000 48c7 | 87b8 0100 
  0x000001ca976242a4: 0001 0000 | 00e9 2900 | 0000 4883 | bfc0 0100 | 0000 7517 | 4889 b7c0 | 0100 0048 | c787 c801 
  0x000001ca976242c4: 0000 0100 | 0000 e908 | 0000 0048 | 8387 a801 | 0000 0166 | 0f1f 4400 | 0048 b860 | 56aa f1ca 
  0x000001ca976242e4: ;   {virtual_call}
  0x000001ca976242e4: 0100 00e8 

  0x000001ca976242e8: ; ImmutableOopMap {[80]=Oop [88]=Oop }
                      ;*invokeinterface run {reexecute=0 rethrow=0 return_oop=0}
                      ; - java.security.AccessController::executePrivileged@29 (line 778)
                      ; - java.security.AccessController::doPrivileged@13 (line 400)
  0x000001ca976242e8: e476 5907 

  0x000001ca976242ec: ;   {other}
  0x000001ca976242ec: 0f1f 8400 | 6403 0003 

  0x000001ca976242f4: ;   {metadata(method data for {method} {0x000001caac49b2c0} 'executePrivileged' '(Ljava/security/PrivilegedAction;Ljava/security/AccessControlContext;Ljava/lang/Class;)Ljava/lang/Object;' in 'java/security/AccessController')}
  0x000001ca976242f4: 48ba b8d5 | 16ed ca01 | 0000 ff82 | d801 0000 

  0x000001ca97624304: ;   {metadata(method data for {method} {0x000001caac49b2c0} 'executePrivileged' '(Ljava/security/PrivilegedAction;Ljava/security/AccessControlContext;Ljava/lang/Class;)Ljava/lang/Object;' in 'java/security/AccessController')}
  0x000001ca97624304: 48ba b8d5 | 16ed ca01 | 0000 4883 | 8238 0200 | 0001 488b | d048 8944 

  0x000001ca9762431c: ;   {static_call}
  0x000001ca9762431c: 2460 90e8 

  0x000001ca97624320: ; ImmutableOopMap {[80]=Oop [88]=Oop [96]=Oop }
                      ;*invokestatic ensureMaterializedForStackWalk {reexecute=0 rethrow=0 return_oop=0}
                      ; - java.security.AccessController::executePrivileged@56 (line 786)
                      ; - java.security.AccessController::doPrivileged@13 (line 400)
  0x000001ca97624320: 0c05 a307 

  0x000001ca97624324: ;   {other}
  0x000001ca97624324: 0f1f 8400 | 9c03 0004 

  0x000001ca9762432c: ;   {metadata(method data for {method} {0x000001caac49b2c0} 'executePrivileged' '(Ljava/security/PrivilegedAction;Ljava/security/AccessControlContext;Ljava/lang/Class;)Ljava/lang/Object;' in 'java/security/AccessController')}
  0x000001ca9762432c: 48b8 b8d5 | 16ed ca01 | 0000 4883 | 8048 0200 

  0x000001ca9762433c: ;   {metadata(method data for {method} {0x000001caac195798} 'reachabilityFence' '(Ljava/lang/Object;)V' in 'java/lang/ref/Reference')}
  0x000001ca9762433c: 0001 48b8 | c8f6 04ed | ca01 0000 | 8bb0 cc00 | 0000 83c6 | 0289 b0cc | 0000 0081 | e6fe ff1f 
  0x000001ca9762435c: 0085 f60f | 8498 0000 

  0x000001ca97624364: ;   {metadata(method data for {method} {0x000001caac49b2c0} 'executePrivileged' '(Ljava/security/PrivilegedAction;Ljava/security/AccessControlContext;Ljava/lang/Class;)Ljava/lang/Object;' in 'java/security/AccessController')}
  0x000001ca97624364: 0048 b8b8 | d516 edca | 0100 0048 | 8380 5802 

  0x000001ca97624374: ;   {metadata(method data for {method} {0x000001caac195798} 'reachabilityFence' '(Ljava/lang/Object;)V' in 'java/lang/ref/Reference')}
  0x000001ca97624374: 0000 0148 | b8c8 f604 | edca 0100 | 008b b0cc | 0000 0083 | c602 89b0 | cc00 0000 | 81e6 feff 
  0x000001ca97624394: 1f00 85f6 | 0f84 8000 | 0000 488b | 4424 6048 | 83c4 705d 

  0x000001ca976243a8: ;   {poll_return}
  0x000001ca976243a8: 493b a748 | 0400 000f | 878a 0000 

  0x000001ca976243b4: ;   {metadata({method} {0x000001caac49b038} 'doPrivileged' '(Ljava/security/PrivilegedAction;Ljava/security/AccessControlContext;)Ljava/lang/Object;' in 'java/security/AccessController')}
  0x000001ca976243b4: 00c3 49ba | 30b0 49ac | ca01 0000 | 4c89 5424 | 0848 c704 | 24ff ffff 

  0x000001ca976243cc: ;   {runtime_call counter_overflow Runtime1 stub}
  0x000001ca976243cc: ffe8 8efd 

  0x000001ca976243d0: ; ImmutableOopMap {rdx=Oop r8=Oop }
                      ;*synchronization entry
                      ; - java.security.AccessController::doPrivileged@-1 (line 398)
  0x000001ca976243d0: 5807 e96b 

  0x000001ca976243d4: ;   {metadata({method} {0x000001caac49b2c0} 'executePrivileged' '(Ljava/security/PrivilegedAction;Ljava/security/AccessControlContext;Ljava/lang/Class;)Ljava/lang/Object;' in 'java/security/AccessController')}
  0x000001ca976243d4: fdff ff49 | bab8 b249 | acca 0100 | 004c 8954 | 2408 48c7 | 0424 ffff 

  0x000001ca976243ec: ;   {runtime_call counter_overflow Runtime1 stub}
  0x000001ca976243ec: ffff e86d 

  0x000001ca976243f0: ; ImmutableOopMap {rax=Oop [72]=Oop [80]=Oop [88]=Oop }
                      ;*synchronization entry
                      ; - java.security.AccessController::executePrivileged@-1 (line 773)
                      ; - java.security.AccessController::doPrivileged@13 (line 400)
  0x000001ca976243f0: fd58 07e9 | e2fd ffff 

  0x000001ca976243f8: ;   {runtime_call throw_null_pointer_exception Runtime1 stub}
  0x000001ca976243f8: e863 ac58 

  0x000001ca976243fc: ; ImmutableOopMap {rdx=Oop [80]=Oop [88]=Oop }
                      ;*invokeinterface run {reexecute=0 rethrow=0 return_oop=0}
                      ; - java.security.AccessController::executePrivileged@29 (line 778)
                      ; - java.security.AccessController::doPrivileged@13 (line 400)
                      ;   {metadata({method} {0x000001caac195798} 'reachabilityFence' '(Ljava/lang/Object;)V' in 'java/lang/ref/Reference')}
  0x000001ca976243fc: 0749 ba90 | 5719 acca | 0100 004c | 8954 2408 | 48c7 0424 | ffff ffff 

  0x000001ca97624414: ;   {runtime_call counter_overflow Runtime1 stub}
  0x000001ca97624414: e847 fd58 

  0x000001ca97624418: ; ImmutableOopMap {[80]=Oop [96]=Oop }
                      ;*synchronization entry
                      ; - java.lang.ref.Reference::reachabilityFence@-1 (line 661)
                      ; - java.security.AccessController::executePrivileged@60 (line 790)
                      ; - java.security.AccessController::doPrivileged@13 (line 400)
  0x000001ca97624418: 07e9 47ff 

  0x000001ca9762441c: ;   {metadata({method} {0x000001caac195798} 'reachabilityFence' '(Ljava/lang/Object;)V' in 'java/lang/ref/Reference')}
  0x000001ca9762441c: ffff 49ba | 9057 19ac | ca01 0000 | 4c89 5424 | 0848 c704 | 24ff ffff 

  0x000001ca97624434: ;   {runtime_call counter_overflow Runtime1 stub}
  0x000001ca97624434: ffe8 26fd 

  0x000001ca97624438: ; ImmutableOopMap {[96]=Oop }
                      ;*synchronization entry
                      ; - java.lang.ref.Reference::reachabilityFence@-1 (line 661)
                      ; - java.security.AccessController::executePrivileged@64 (line 791)
                      ; - java.security.AccessController::doPrivileged@13 (line 400)
  0x000001ca97624438: 5807 e95f 

  0x000001ca9762443c: ;   {internal_word}
  0x000001ca9762443c: ffff ff49 | baa8 4362 | 97ca 0100 | 004d 8997 | 6004 0000 

  0x000001ca97624450: ;   {runtime_call SafepointBlob}
  0x000001ca97624450: e98b 0f4d | 0749 8b87 | 0005 0000 | 49c7 8700 | 0500 0000 | 0000 0049 | c787 0805 | 0000 0000 
  0x000001ca97624470: 0000 4883 

  0x000001ca97624474: ;   {runtime_call unwind_exception Runtime1 stub}
  0x000001ca97624474: c470 5de9 | e49c 5807 | f4f4 f4f4 
[Stub Code]
  0x000001ca97624480: ;   {no_reloc}
  0x000001ca97624480: 0f1f 4400 

  0x000001ca97624484: ;   {static_stub}
  0x000001ca97624484: 0048 bb00 | 0000 0000 

  0x000001ca9762448c: ;   {runtime_call nmethod}
  0x000001ca9762448c: 0000 00e9 | fbff ffff 

  0x000001ca97624494: ;   {static_stub}
  0x000001ca97624494: 48bb 0000 | 0000 0000 

  0x000001ca9762449c: ;   {runtime_call nmethod}
  0x000001ca9762449c: 0000 e9fb 

  0x000001ca976244a0: ;   {static_stub}
  0x000001ca976244a0: ffff ff48 | bb00 0000 | 0000 0000 

  0x000001ca976244ac: ;   {runtime_call nmethod}
  0x000001ca976244ac: 00e9 fbff 

  0x000001ca976244b0: ;   {static_stub}
  0x000001ca976244b0: ffff 48bb | 0000 0000 | 0000 0000 

  0x000001ca976244bc: ;   {runtime_call nmethod}
  0x000001ca976244bc: e9fb ffff 

  0x000001ca976244c0: ;   {runtime_call handle_exception_from_callee Runtime1 stub}
  0x000001ca976244c0: ffe8 9ac9 

  0x000001ca976244c4: ;   {external_word}
  0x000001ca976244c4: 5807 48b9 | 40d5 faa7 | fe7f 0000 | 4883 e4f0 

  0x000001ca976244d4: ;   {runtime_call}
  0x000001ca976244d4: 48b8 604a | c1a7 fe7f | 0000 ffd0 

  0x000001ca976244e0: ;   {section_word}
  0x000001ca976244e0: f449 bae1 | 4462 97ca | 0100 0041 

  0x000001ca976244ec: ;   {runtime_call DeoptimizationBlob}
  0x000001ca976244ec: 52e9 8e01 | 4d07 f4f4 | f4f4 f4f4 
[/MachCode]


---------------  P R O C E S S  ---------------

Threads class SMR info:
_java_thread_list=0x000001caf1bf3510, length=17, elements={
0x000001caab2e31a0, 0x000001caab2e40c0, 0x000001caab2e5e90, 0x000001caab2e8900,
0x000001caab2e9360, 0x000001caab2e9dc0, 0x000001caab2eab50, 0x000001caab2ef970,
0x000001caab34e790, 0x000001caab5e01c0, 0x000001caab63f3d0, 0x000001caab6c61e0,
0x000001caab6cdfe0, 0x000001caab737d10, 0x000001caab73a810, 0x000001caf1b5b2e0,
0x000001ca8ee2ec20
}

Java Threads: ( => current thread )
  0x000001caab2e31a0 JavaThread "Reference Handler"          daemon [_thread_blocked, id=16588, stack(0x000000a394200000,0x000000a394300000) (1024K)]
  0x000001caab2e40c0 JavaThread "Finalizer"                  daemon [_thread_blocked, id=1020, stack(0x000000a394300000,0x000000a394400000) (1024K)]
  0x000001caab2e5e90 JavaThread "Signal Dispatcher"          daemon [_thread_blocked, id=16640, stack(0x000000a394400000,0x000000a394500000) (1024K)]
  0x000001caab2e8900 JavaThread "Attach Listener"            daemon [_thread_blocked, id=7512, stack(0x000000a394500000,0x000000a394600000) (1024K)]
  0x000001caab2e9360 JavaThread "Service Thread"             daemon [_thread_blocked, id=1832, stack(0x000000a394600000,0x000000a394700000) (1024K)]
  0x000001caab2e9dc0 JavaThread "Monitor Deflation Thread"   daemon [_thread_blocked, id=4004, stack(0x000000a394700000,0x000000a394800000) (1024K)]
  0x000001caab2eab50 JavaThread "C2 CompilerThread0"         daemon [_thread_blocked, id=16172, stack(0x000000a394800000,0x000000a394900000) (1024K)]
  0x000001caab2ef970 JavaThread "C1 CompilerThread0"         daemon [_thread_blocked, id=4992, stack(0x000000a394900000,0x000000a394a00000) (1024K)]
  0x000001caab34e790 JavaThread "Common-Cleaner"             daemon [_thread_blocked, id=15104, stack(0x000000a394a00000,0x000000a394b00000) (1024K)]
  0x000001caab5e01c0 JavaThread "Monitor Ctrl-Break"         daemon [_thread_in_native, id=15056, stack(0x000000a394b00000,0x000000a394c00000) (1024K)]
  0x000001caab63f3d0 JavaThread "Notification Thread"        daemon [_thread_blocked, id=13908, stack(0x000000a394c00000,0x000000a394d00000) (1024K)]
  0x000001caab6c61e0 JavaThread "Java2D Disposer"            daemon [_thread_blocked, id=13584, stack(0x000000a394d00000,0x000000a394e00000) (1024K)]
  0x000001caab6cdfe0 JavaThread "AWT-Windows"                daemon [_thread_in_native, id=7068, stack(0x000000a394f00000,0x000000a395000000) (1024K)]
  0x000001caab737d10 JavaThread "Image Fetcher 0"            daemon [_thread_blocked, id=20056, stack(0x000000a395000000,0x000000a395100000) (1024K)]
  0x000001caab73a810 JavaThread "AWT-Shutdown"                      [_thread_blocked, id=19676, stack(0x000000a394e00000,0x000000a394f00000) (1024K)]
=>0x000001caf1b5b2e0 JavaThread "AWT-EventQueue-0"                  [_thread_in_native, id=6176, stack(0x000000a395400000,0x000000a395500000) (1024K)]
  0x000001ca8ee2ec20 JavaThread "DestroyJavaVM"                     [_thread_blocked, id=16132, stack(0x000000a393a00000,0x000000a393b00000) (1024K)]
Total: 17

Other Threads:
  0x000001caab2c95c0 VMThread "VM Thread"                           [id=19800, stack(0x000000a394100000,0x000000a394200000) (1024K)]
  0x000001caab2b9370 WatcherThread "VM Periodic Task Thread"        [id=15776, stack(0x000000a394000000,0x000000a394100000) (1024K)]
  0x000001ca8ee86060 WorkerThread "GC Thread#0"                     [id=1364, stack(0x000000a393b00000,0x000000a393c00000) (1024K)]
  0x000001caf1aa0a90 WorkerThread "GC Thread#1"                     [id=4660, stack(0x000000a395100000,0x000000a395200000) (1024K)]
  0x000001caf1aa0e40 WorkerThread "GC Thread#2"                     [id=17520, stack(0x000000a395200000,0x000000a395300000) (1024K)]
  0x000001caf1aa11f0 WorkerThread "GC Thread#3"                     [id=22420, stack(0x000000a395300000,0x000000a395400000) (1024K)]
  0x000001ca8ee9ae00 ConcurrentGCThread "G1 Main Marker"            [id=13432, stack(0x000000a393c00000,0x000000a393d00000) (1024K)]
  0x000001ca8ee9c0b0 WorkerThread "G1 Conc#0"                       [id=17224, stack(0x000000a393d00000,0x000000a393e00000) (1024K)]
  0x000001ca8eefea10 ConcurrentGCThread "G1 Refine#0"               [id=16220, stack(0x000000a393e00000,0x000000a393f00000) (1024K)]
  0x000001caab17af60 ConcurrentGCThread "G1 Service"                [id=19884, stack(0x000000a393f00000,0x000000a394000000) (1024K)]
Total: 10

Threads with active compile tasks:
Total: 0

VM state: not at safepoint (normal execution)

VM Mutex/Monitor currently owned by a thread: None

Heap address: 0x0000000081c00000, size: 2020 MB, Compressed Oops mode: 32-bit

CDS archive(s) mapped at: [0x000001caac000000-0x000001caacd70000-0x000001caacd70000), size 14090240, SharedBaseAddress: 0x000001caac000000, ArchiveRelocationMode: 1.
Compressed class space mapped at: 0x000001caad000000-0x000001caed000000, reserved size: 1073741824
Narrow klass base: 0x000001caac000000, Narrow klass shift: 0, Narrow klass range: 0x41000000

GC Precious Log:
 CardTable entry size: 512
 Card Set container configuration: InlinePtr #cards 5 size 8 Array Of Cards #cards 10 size 36 Howl #buckets 4 coarsen threshold 1843 Howl Bitmap #cards 512 size 80 coarsen threshold 460 Card regions per heap region 1 cards per card region 2048
 CPUs: 4 total, 4 available
 Memory: 8072M
 Large Page Support: Disabled
 NUMA Support: Disabled
 Compressed Oops: Enabled (32-bit)
 Heap Region Size: 1M
 Heap Min Capacity: 8M
 Heap Initial Capacity: 128M
 Heap Max Capacity: 2020M
 Pre-touch: Disabled
 Parallel Workers: 4
 Concurrent Workers: 1
 Concurrent Refinement Workers: 4
 Periodic GC: Disabled

Heap:
 garbage-first heap   total reserved 2068480K, committed 168960K, used 101537K [0x0000000081c00000, 0x0000000100000000)
  region size 1024K, 3 young (3072K), 1 survivors (1024K)
 Metaspace       used 8554K, committed 8768K, reserved 1114112K
  class space    used 978K, committed 1024K, reserved 1048576K

Heap Regions: E=young(eden), S=young(survivor), O=old, HS=humongous(starts), HC=humongous(continues), CS=collection set, F=free, TAMS=top-at-mark-start, PB=parsable bottom
|   0|0x0000000081c00000, 0x0000000081d00000, 0x0000000081d00000|100%|HS|  |TAMS 0x0000000081c00000| PB 0x0000000081c00000| Complete |  0
|   1|0x0000000081d00000, 0x0000000081e00000, 0x0000000081e00000|100%|HC|  |TAMS 0x0000000081d00000| PB 0x0000000081d00000| Complete |  0
|   2|0x0000000081e00000, 0x0000000081f00000, 0x0000000081f00000|100%|HC|  |TAMS 0x0000000081e00000| PB 0x0000000081e00000| Complete |  0
|   3|0x0000000081f00000, 0x0000000082000000, 0x0000000082000000|100%|HC|  |TAMS 0x0000000081f00000| PB 0x0000000081f00000| Complete |  0
|   4|0x0000000082000000, 0x0000000082100000, 0x0000000082100000|100%|HC|  |TAMS 0x0000000082000000| PB 0x0000000082000000| Complete |  0
|   5|0x0000000082100000, 0x0000000082200000, 0x0000000082200000|100%|HC|  |TAMS 0x0000000082100000| PB 0x0000000082100000| Complete |  0
|   6|0x0000000082200000, 0x0000000082300000, 0x0000000082300000|100%|HC|  |TAMS 0x0000000082200000| PB 0x0000000082200000| Complete |  0
|   7|0x0000000082300000, 0x0000000082400000, 0x0000000082400000|100%|HC|  |TAMS 0x0000000082300000| PB 0x0000000082300000| Complete |  0
|   8|0x0000000082400000, 0x0000000082500000, 0x0000000082500000|100%|HC|  |TAMS 0x0000000082400000| PB 0x0000000082400000| Complete |  0
|   9|0x0000000082500000, 0x0000000082600000, 0x0000000082600000|100%|HC|  |TAMS 0x0000000082500000| PB 0x0000000082500000| Complete |  0
|  10|0x0000000082600000, 0x0000000082700000, 0x0000000082700000|100%|HC|  |TAMS 0x0000000082600000| PB 0x0000000082600000| Complete |  0
|  11|0x0000000082700000, 0x0000000082800000, 0x0000000082800000|100%|HC|  |TAMS 0x0000000082700000| PB 0x0000000082700000| Complete |  0
|  12|0x0000000082800000, 0x0000000082900000, 0x0000000082900000|100%|HC|  |TAMS 0x0000000082800000| PB 0x0000000082800000| Complete |  0
|  13|0x0000000082900000, 0x0000000082a00000, 0x0000000082a00000|100%|HC|  |TAMS 0x0000000082900000| PB 0x0000000082900000| Complete |  0
|  14|0x0000000082a00000, 0x0000000082b00000, 0x0000000082b00000|100%|HC|  |TAMS 0x0000000082a00000| PB 0x0000000082a00000| Complete |  0
|  15|0x0000000082b00000, 0x0000000082c00000, 0x0000000082c00000|100%|HC|  |TAMS 0x0000000082b00000| PB 0x0000000082b00000| Complete |  0
|  16|0x0000000082c00000, 0x0000000082d00000, 0x0000000082d00000|100%|HC|  |TAMS 0x0000000082c00000| PB 0x0000000082c00000| Complete |  0
|  17|0x0000000082d00000, 0x0000000082e00000, 0x0000000082e00000|100%|HC|  |TAMS 0x0000000082d00000| PB 0x0000000082d00000| Complete |  0
|  18|0x0000000082e00000, 0x0000000082f00000, 0x0000000082f00000|100%|HC|  |TAMS 0x0000000082e00000| PB 0x0000000082e00000| Complete |  0
|  19|0x0000000082f00000, 0x0000000083000000, 0x0000000083000000|100%|HC|  |TAMS 0x0000000082f00000| PB 0x0000000082f00000| Complete |  0
|  20|0x0000000083000000, 0x0000000083100000, 0x0000000083100000|100%|HC|  |TAMS 0x0000000083000000| PB 0x0000000083000000| Complete |  0
|  21|0x0000000083100000, 0x0000000083200000, 0x0000000083200000|100%|HC|  |TAMS 0x0000000083100000| PB 0x0000000083100000| Complete |  0
|  22|0x0000000083200000, 0x0000000083300000, 0x0000000083300000|100%|HC|  |TAMS 0x0000000083200000| PB 0x0000000083200000| Complete |  0
|  23|0x0000000083300000, 0x0000000083400000, 0x0000000083400000|100%|HC|  |TAMS 0x0000000083300000| PB 0x0000000083300000| Complete |  0
|  24|0x0000000083400000, 0x0000000083500000, 0x0000000083500000|100%|HC|  |TAMS 0x0000000083400000| PB 0x0000000083400000| Complete |  0
|  25|0x0000000083500000, 0x0000000083600000, 0x0000000083600000|100%|HC|  |TAMS 0x0000000083500000| PB 0x0000000083500000| Complete |  0
|  26|0x0000000083600000, 0x0000000083700000, 0x0000000083700000|100%|HC|  |TAMS 0x0000000083600000| PB 0x0000000083600000| Complete |  0
|  27|0x0000000083700000, 0x0000000083800000, 0x0000000083800000|100%|HC|  |TAMS 0x0000000083700000| PB 0x0000000083700000| Complete |  0
|  28|0x0000000083800000, 0x0000000083900000, 0x0000000083900000|100%|HC|  |TAMS 0x0000000083800000| PB 0x0000000083800000| Complete |  0
|  29|0x0000000083900000, 0x0000000083a00000, 0x0000000083a00000|100%|HC|  |TAMS 0x0000000083900000| PB 0x0000000083900000| Complete |  0
|  30|0x0000000083a00000, 0x0000000083b00000, 0x0000000083b00000|100%|HC|  |TAMS 0x0000000083a00000| PB 0x0000000083a00000| Complete |  0
|  31|0x0000000083b00000, 0x0000000083c00000, 0x0000000083c00000|100%|HC|  |TAMS 0x0000000083b00000| PB 0x0000000083b00000| Complete |  0
|  32|0x0000000083c00000, 0x0000000083d00000, 0x0000000083d00000|100%|HC|  |TAMS 0x0000000083c00000| PB 0x0000000083c00000| Complete |  0
|  33|0x0000000083d00000, 0x0000000083e00000, 0x0000000083e00000|100%|HC|  |TAMS 0x0000000083d00000| PB 0x0000000083d00000| Complete |  0
|  34|0x0000000083e00000, 0x0000000083f00000, 0x0000000083f00000|100%|HC|  |TAMS 0x0000000083e00000| PB 0x0000000083e00000| Complete |  0
|  35|0x0000000083f00000, 0x0000000084000000, 0x0000000084000000|100%|HC|  |TAMS 0x0000000083f00000| PB 0x0000000083f00000| Complete |  0
|  36|0x0000000084000000, 0x0000000084100000, 0x0000000084100000|100%|HC|  |TAMS 0x0000000084000000| PB 0x0000000084000000| Complete |  0
|  37|0x0000000084100000, 0x0000000084200000, 0x0000000084200000|100%|HC|  |TAMS 0x0000000084100000| PB 0x0000000084100000| Complete |  0
|  38|0x0000000084200000, 0x0000000084300000, 0x0000000084300000|100%|HC|  |TAMS 0x0000000084200000| PB 0x0000000084200000| Complete |  0
|  39|0x0000000084300000, 0x0000000084400000, 0x0000000084400000|100%|HC|  |TAMS 0x0000000084300000| PB 0x0000000084300000| Complete |  0
|  40|0x0000000084400000, 0x0000000084500000, 0x0000000084500000|100%|HC|  |TAMS 0x0000000084400000| PB 0x0000000084400000| Complete |  0
|  41|0x0000000084500000, 0x0000000084600000, 0x0000000084600000|100%|HC|  |TAMS 0x0000000084500000| PB 0x0000000084500000| Complete |  0
|  42|0x0000000084600000, 0x0000000084700000, 0x0000000084700000|100%|HC|  |TAMS 0x0000000084600000| PB 0x0000000084600000| Complete |  0
|  43|0x0000000084700000, 0x0000000084800000, 0x0000000084800000|100%|HC|  |TAMS 0x0000000084700000| PB 0x0000000084700000| Complete |  0
|  44|0x0000000084800000, 0x0000000084900000, 0x0000000084900000|100%|HC|  |TAMS 0x0000000084800000| PB 0x0000000084800000| Complete |  0
|  45|0x0000000084900000, 0x0000000084a00000, 0x0000000084a00000|100%|HC|  |TAMS 0x0000000084900000| PB 0x0000000084900000| Complete |  0
|  46|0x0000000084a00000, 0x0000000084b00000, 0x0000000084b00000|100%|HC|  |TAMS 0x0000000084a00000| PB 0x0000000084a00000| Complete |  0
|  47|0x0000000084b00000, 0x0000000084c00000, 0x0000000084c00000|100%|HC|  |TAMS 0x0000000084b00000| PB 0x0000000084b00000| Complete |  0
|  48|0x0000000084c00000, 0x0000000084d00000, 0x0000000084d00000|100%|HC|  |TAMS 0x0000000084c00000| PB 0x0000000084c00000| Complete |  0
|  49|0x0000000084d00000, 0x0000000084e00000, 0x0000000084e00000|100%|HC|  |TAMS 0x0000000084d00000| PB 0x0000000084d00000| Complete |  0
|  50|0x0000000084e00000, 0x0000000084f00000, 0x0000000084f00000|100%|HC|  |TAMS 0x0000000084e00000| PB 0x0000000084e00000| Complete |  0
|  51|0x0000000084f00000, 0x0000000085000000, 0x0000000085000000|100%|HC|  |TAMS 0x0000000084f00000| PB 0x0000000084f00000| Complete |  0
|  52|0x0000000085000000, 0x0000000085100000, 0x0000000085100000|100%|HC|  |TAMS 0x0000000085000000| PB 0x0000000085000000| Complete |  0
|  53|0x0000000085100000, 0x0000000085200000, 0x0000000085200000|100%|HC|  |TAMS 0x0000000085100000| PB 0x0000000085100000| Complete |  0
|  54|0x0000000085200000, 0x0000000085300000, 0x0000000085300000|100%|HC|  |TAMS 0x0000000085200000| PB 0x0000000085200000| Complete |  0
|  55|0x0000000085300000, 0x0000000085400000, 0x0000000085400000|100%|HC|  |TAMS 0x0000000085300000| PB 0x0000000085300000| Complete |  0
|  56|0x0000000085400000, 0x0000000085500000, 0x0000000085500000|100%|HC|  |TAMS 0x0000000085400000| PB 0x0000000085400000| Complete |  0
|  57|0x0000000085500000, 0x0000000085600000, 0x0000000085600000|100%|HC|  |TAMS 0x0000000085500000| PB 0x0000000085500000| Complete |  0
|  58|0x0000000085600000, 0x0000000085700000, 0x0000000085700000|100%|HC|  |TAMS 0x0000000085600000| PB 0x0000000085600000| Complete |  0
|  59|0x0000000085700000, 0x0000000085800000, 0x0000000085800000|100%|HC|  |TAMS 0x0000000085700000| PB 0x0000000085700000| Complete |  0
|  60|0x0000000085800000, 0x0000000085900000, 0x0000000085900000|100%|HC|  |TAMS 0x0000000085800000| PB 0x0000000085800000| Complete |  0
|  61|0x0000000085900000, 0x0000000085a00000, 0x0000000085a00000|100%|HC|  |TAMS 0x0000000085900000| PB 0x0000000085900000| Complete |  0
|  62|0x0000000085a00000, 0x0000000085b00000, 0x0000000085b00000|100%|HC|  |TAMS 0x0000000085a00000| PB 0x0000000085a00000| Complete |  0
|  63|0x0000000085b00000, 0x0000000085c00000, 0x0000000085c00000|100%|HC|  |TAMS 0x0000000085b00000| PB 0x0000000085b00000| Complete |  0
|  64|0x0000000085c00000, 0x0000000085d00000, 0x0000000085d00000|100%|HC|  |TAMS 0x0000000085c00000| PB 0x0000000085c00000| Complete |  0
|  65|0x0000000085d00000, 0x0000000085e00000, 0x0000000085e00000|100%|HC|  |TAMS 0x0000000085d00000| PB 0x0000000085d00000| Complete |  0
|  66|0x0000000085e00000, 0x0000000085f00000, 0x0000000085f00000|100%|HC|  |TAMS 0x0000000085e00000| PB 0x0000000085e00000| Complete |  0
|  67|0x0000000085f00000, 0x0000000086000000, 0x0000000086000000|100%|HC|  |TAMS 0x0000000085f00000| PB 0x0000000085f00000| Complete |  0
|  68|0x0000000086000000, 0x0000000086100000, 0x0000000086100000|100%|HC|  |TAMS 0x0000000086000000| PB 0x0000000086000000| Complete |  0
|  69|0x0000000086100000, 0x0000000086200000, 0x0000000086200000|100%|HC|  |TAMS 0x0000000086100000| PB 0x0000000086100000| Complete |  0
|  70|0x0000000086200000, 0x0000000086300000, 0x0000000086300000|100%|HC|  |TAMS 0x0000000086200000| PB 0x0000000086200000| Complete |  0
|  71|0x0000000086300000, 0x0000000086400000, 0x0000000086400000|100%|HC|  |TAMS 0x0000000086300000| PB 0x0000000086300000| Complete |  0
|  72|0x0000000086400000, 0x0000000086500000, 0x0000000086500000|100%|HC|  |TAMS 0x0000000086400000| PB 0x0000000086400000| Complete |  0
|  73|0x0000000086500000, 0x0000000086600000, 0x0000000086600000|100%|HC|  |TAMS 0x0000000086500000| PB 0x0000000086500000| Complete |  0
|  74|0x0000000086600000, 0x0000000086700000, 0x0000000086700000|100%|HC|  |TAMS 0x0000000086600000| PB 0x0000000086600000| Complete |  0
|  75|0x0000000086700000, 0x0000000086800000, 0x0000000086800000|100%|HC|  |TAMS 0x0000000086700000| PB 0x0000000086700000| Complete |  0
|  76|0x0000000086800000, 0x0000000086900000, 0x0000000086900000|100%|HC|  |TAMS 0x0000000086800000| PB 0x0000000086800000| Complete |  0
|  77|0x0000000086900000, 0x0000000086a00000, 0x0000000086a00000|100%|HC|  |TAMS 0x0000000086900000| PB 0x0000000086900000| Complete |  0
|  78|0x0000000086a00000, 0x0000000086b00000, 0x0000000086b00000|100%|HC|  |TAMS 0x0000000086a00000| PB 0x0000000086a00000| Complete |  0
|  79|0x0000000086b00000, 0x0000000086c00000, 0x0000000086c00000|100%|HC|  |TAMS 0x0000000086b00000| PB 0x0000000086b00000| Complete |  0
|  80|0x0000000086c00000, 0x0000000086d00000, 0x0000000086d00000|100%|HC|  |TAMS 0x0000000086c00000| PB 0x0000000086c00000| Complete |  0
|  81|0x0000000086d00000, 0x0000000086e00000, 0x0000000086e00000|100%|HC|  |TAMS 0x0000000086d00000| PB 0x0000000086d00000| Complete |  0
|  82|0x0000000086e00000, 0x0000000086f00000, 0x0000000086f00000|100%|HC|  |TAMS 0x0000000086e00000| PB 0x0000000086e00000| Complete |  0
|  83|0x0000000086f00000, 0x0000000087000000, 0x0000000087000000|100%|HC|  |TAMS 0x0000000086f00000| PB 0x0000000086f00000| Complete |  0
|  84|0x0000000087000000, 0x0000000087100000, 0x0000000087100000|100%|HC|  |TAMS 0x0000000087000000| PB 0x0000000087000000| Complete |  0
|  85|0x0000000087100000, 0x0000000087200000, 0x0000000087200000|100%|HC|  |TAMS 0x0000000087100000| PB 0x0000000087100000| Complete |  0
|  86|0x0000000087200000, 0x0000000087300000, 0x0000000087300000|100%|HC|  |TAMS 0x0000000087200000| PB 0x0000000087200000| Complete |  0
|  87|0x0000000087300000, 0x0000000087400000, 0x0000000087400000|100%|HC|  |TAMS 0x0000000087300000| PB 0x0000000087300000| Complete |  0
|  88|0x0000000087400000, 0x0000000087500000, 0x0000000087500000|100%|HC|  |TAMS 0x0000000087400000| PB 0x0000000087400000| Complete |  0
|  89|0x0000000087500000, 0x0000000087600000, 0x0000000087600000|100%|HC|  |TAMS 0x0000000087500000| PB 0x0000000087500000| Complete |  0
|  90|0x0000000087600000, 0x0000000087700000, 0x0000000087700000|100%|HC|  |TAMS 0x0000000087600000| PB 0x0000000087600000| Complete |  0
|  91|0x0000000087700000, 0x0000000087800000, 0x0000000087800000|100%|HC|  |TAMS 0x0000000087700000| PB 0x0000000087700000| Complete |  0
|  92|0x0000000087800000, 0x0000000087900000, 0x0000000087900000|100%| O|  |TAMS 0x0000000087800000| PB 0x0000000087800000| Untracked |  0
|  93|0x0000000087900000, 0x00000000879e9d00, 0x0000000087a00000| 91%| O|  |TAMS 0x0000000087900000| PB 0x0000000087900000| Untracked |  0
|  94|0x0000000087a00000, 0x0000000087a00000, 0x0000000087b00000|  0%| F|  |TAMS 0x0000000087a00000| PB 0x0000000087a00000| Untracked |  0
|  95|0x0000000087b00000, 0x0000000087c00000, 0x0000000087c00000|100%|HS|  |TAMS 0x0000000087b00000| PB 0x0000000087b00000| Complete |  0
|  96|0x0000000087c00000, 0x0000000087d00000, 0x0000000087d00000|100%|HS|  |TAMS 0x0000000087c00000| PB 0x0000000087c00000| Complete |  1
|  97|0x0000000087d00000, 0x0000000087e00000, 0x0000000087e00000|100%|HC|  |TAMS 0x0000000087d00000| PB 0x0000000087d00000| Complete |  0
|  98|0x0000000087e00000, 0x0000000087f00000, 0x0000000087f00000|100%|HC|  |TAMS 0x0000000087e00000| PB 0x0000000087e00000| Complete |  0
|  99|0x0000000087f00000, 0x0000000087f00000, 0x0000000088000000|  0%| F|  |TAMS 0x0000000087f00000| PB 0x0000000087f00000| Untracked |  0
| 100|0x0000000088000000, 0x0000000088000000, 0x0000000088100000|  0%| F|  |TAMS 0x0000000088000000| PB 0x0000000088000000| Untracked |  0
| 101|0x0000000088100000, 0x0000000088100000, 0x0000000088200000|  0%| F|  |TAMS 0x0000000088100000| PB 0x0000000088100000| Untracked |  0
| 102|0x0000000088200000, 0x0000000088200000, 0x0000000088300000|  0%| F|  |TAMS 0x0000000088200000| PB 0x0000000088200000| Untracked |  0
| 103|0x0000000088300000, 0x0000000088300000, 0x0000000088400000|  0%| F|  |TAMS 0x0000000088300000| PB 0x0000000088300000| Untracked |  0
| 104|0x0000000088400000, 0x0000000088400000, 0x0000000088500000|  0%| F|  |TAMS 0x0000000088400000| PB 0x0000000088400000| Untracked |  0
| 105|0x0000000088500000, 0x0000000088500000, 0x0000000088600000|  0%| F|  |TAMS 0x0000000088500000| PB 0x0000000088500000| Untracked |  0
| 106|0x0000000088600000, 0x0000000088600000, 0x0000000088700000|  0%| F|  |TAMS 0x0000000088600000| PB 0x0000000088600000| Untracked |  0
| 107|0x0000000088700000, 0x0000000088700000, 0x0000000088800000|  0%| F|  |TAMS 0x0000000088700000| PB 0x0000000088700000| Untracked |  0
| 108|0x0000000088800000, 0x0000000088800000, 0x0000000088900000|  0%| F|  |TAMS 0x0000000088800000| PB 0x0000000088800000| Untracked |  0
| 109|0x0000000088900000, 0x0000000088900000, 0x0000000088a00000|  0%| F|  |TAMS 0x0000000088900000| PB 0x0000000088900000| Untracked |  0
| 110|0x0000000088a00000, 0x0000000088a00000, 0x0000000088b00000|  0%| F|  |TAMS 0x0000000088a00000| PB 0x0000000088a00000| Untracked |  0
| 111|0x0000000088b00000, 0x0000000088b00000, 0x0000000088c00000|  0%| F|  |TAMS 0x0000000088b00000| PB 0x0000000088b00000| Untracked |  0
| 112|0x0000000088c00000, 0x0000000088c00000, 0x0000000088d00000|  0%| F|  |TAMS 0x0000000088c00000| PB 0x0000000088c00000| Untracked |  0
| 113|0x0000000088d00000, 0x0000000088d00000, 0x0000000088e00000|  0%| F|  |TAMS 0x0000000088d00000| PB 0x0000000088d00000| Untracked |  0
| 114|0x0000000088e00000, 0x0000000088e00000, 0x0000000088f00000|  0%| F|  |TAMS 0x0000000088e00000| PB 0x0000000088e00000| Untracked |  0
| 115|0x0000000088f00000, 0x0000000088f00000, 0x0000000089000000|  0%| F|  |TAMS 0x0000000088f00000| PB 0x0000000088f00000| Untracked |  0
| 116|0x0000000089000000, 0x0000000089000000, 0x0000000089100000|  0%| F|  |TAMS 0x0000000089000000| PB 0x0000000089000000| Untracked |  0
| 117|0x0000000089100000, 0x0000000089100000, 0x0000000089200000|  0%| F|  |TAMS 0x0000000089100000| PB 0x0000000089100000| Untracked |  0
| 118|0x0000000089200000, 0x0000000089200000, 0x0000000089300000|  0%| F|  |TAMS 0x0000000089200000| PB 0x0000000089200000| Untracked |  0
| 119|0x0000000089300000, 0x0000000089300000, 0x0000000089400000|  0%| F|  |TAMS 0x0000000089300000| PB 0x0000000089300000| Untracked |  0
| 120|0x0000000089400000, 0x0000000089400000, 0x0000000089500000|  0%| F|  |TAMS 0x0000000089400000| PB 0x0000000089400000| Untracked |  0
| 121|0x0000000089500000, 0x0000000089500000, 0x0000000089600000|  0%| F|  |TAMS 0x0000000089500000| PB 0x0000000089500000| Untracked |  0
| 122|0x0000000089600000, 0x0000000089600000, 0x0000000089700000|  0%| F|  |TAMS 0x0000000089600000| PB 0x0000000089600000| Untracked |  0
| 123|0x0000000089700000, 0x0000000089700000, 0x0000000089800000|  0%| F|  |TAMS 0x0000000089700000| PB 0x0000000089700000| Untracked |  0
| 124|0x0000000089800000, 0x0000000089800000, 0x0000000089900000|  0%| F|  |TAMS 0x0000000089800000| PB 0x0000000089800000| Untracked |  0
| 125|0x0000000089900000, 0x0000000089900000, 0x0000000089a00000|  0%| F|  |TAMS 0x0000000089900000| PB 0x0000000089900000| Untracked |  0
| 126|0x0000000089a00000, 0x0000000089a00000, 0x0000000089b00000|  0%| F|  |TAMS 0x0000000089a00000| PB 0x0000000089a00000| Untracked |  0
| 127|0x0000000089b00000, 0x0000000089b00000, 0x0000000089c00000|  0%| F|  |TAMS 0x0000000089b00000| PB 0x0000000089b00000| Untracked |  0
| 128|0x0000000089c00000, 0x0000000089c00000, 0x0000000089d00000|  0%| F|  |TAMS 0x0000000089c00000| PB 0x0000000089c00000| Untracked |  0
| 129|0x0000000089d00000, 0x0000000089d00000, 0x0000000089e00000|  0%| F|  |TAMS 0x0000000089d00000| PB 0x0000000089d00000| Untracked |  0
| 130|0x0000000089e00000, 0x0000000089e00000, 0x0000000089f00000|  0%| F|  |TAMS 0x0000000089e00000| PB 0x0000000089e00000| Untracked |  0
| 131|0x0000000089f00000, 0x0000000089f00000, 0x000000008a000000|  0%| F|  |TAMS 0x0000000089f00000| PB 0x0000000089f00000| Untracked |  0
| 132|0x000000008a000000, 0x000000008a000000, 0x000000008a100000|  0%| F|  |TAMS 0x000000008a000000| PB 0x000000008a000000| Untracked |  0
| 133|0x000000008a100000, 0x000000008a100000, 0x000000008a200000|  0%| F|  |TAMS 0x000000008a100000| PB 0x000000008a100000| Untracked |  0
| 134|0x000000008a200000, 0x000000008a200000, 0x000000008a300000|  0%| F|  |TAMS 0x000000008a200000| PB 0x000000008a200000| Untracked |  0
| 135|0x000000008a300000, 0x000000008a300000, 0x000000008a400000|  0%| F|  |TAMS 0x000000008a300000| PB 0x000000008a300000| Untracked |  0
| 136|0x000000008a400000, 0x000000008a400000, 0x000000008a500000|  0%| F|  |TAMS 0x000000008a400000| PB 0x000000008a400000| Untracked |  0
| 137|0x000000008a500000, 0x000000008a500000, 0x000000008a600000|  0%| F|  |TAMS 0x000000008a500000| PB 0x000000008a500000| Untracked |  0
| 138|0x000000008a600000, 0x000000008a600000, 0x000000008a700000|  0%| F|  |TAMS 0x000000008a600000| PB 0x000000008a600000| Untracked |  0
| 139|0x000000008a700000, 0x000000008a700000, 0x000000008a800000|  0%| F|  |TAMS 0x000000008a700000| PB 0x000000008a700000| Untracked |  0
| 140|0x000000008a800000, 0x000000008a800000, 0x000000008a900000|  0%| F|  |TAMS 0x000000008a800000| PB 0x000000008a800000| Untracked |  0
| 141|0x000000008a900000, 0x000000008a900000, 0x000000008aa00000|  0%| F|  |TAMS 0x000000008a900000| PB 0x000000008a900000| Untracked |  0
| 142|0x000000008aa00000, 0x000000008aa00000, 0x000000008ab00000|  0%| F|  |TAMS 0x000000008aa00000| PB 0x000000008aa00000| Untracked |  0
| 143|0x000000008ab00000, 0x000000008ab00000, 0x000000008ac00000|  0%| F|  |TAMS 0x000000008ab00000| PB 0x000000008ab00000| Untracked |  0
| 144|0x000000008ac00000, 0x000000008ac00000, 0x000000008ad00000|  0%| F|  |TAMS 0x000000008ac00000| PB 0x000000008ac00000| Untracked |  0
| 145|0x000000008ad00000, 0x000000008ad00000, 0x000000008ae00000|  0%| F|  |TAMS 0x000000008ad00000| PB 0x000000008ad00000| Untracked |  0
| 146|0x000000008ae00000, 0x000000008ae00000, 0x000000008af00000|  0%| F|  |TAMS 0x000000008ae00000| PB 0x000000008ae00000| Untracked |  0
| 147|0x000000008af00000, 0x000000008af00000, 0x000000008b000000|  0%| F|  |TAMS 0x000000008af00000| PB 0x000000008af00000| Untracked |  0
| 148|0x000000008b000000, 0x000000008b000000, 0x000000008b100000|  0%| F|  |TAMS 0x000000008b000000| PB 0x000000008b000000| Untracked |  0
| 149|0x000000008b100000, 0x000000008b100000, 0x000000008b200000|  0%| F|  |TAMS 0x000000008b100000| PB 0x000000008b100000| Untracked |  0
| 150|0x000000008b200000, 0x000000008b200000, 0x000000008b300000|  0%| F|  |TAMS 0x000000008b200000| PB 0x000000008b200000| Untracked |  0
| 151|0x000000008b300000, 0x000000008b300000, 0x000000008b400000|  0%| F|  |TAMS 0x000000008b300000| PB 0x000000008b300000| Untracked |  0
| 152|0x000000008b400000, 0x000000008b400000, 0x000000008b500000|  0%| F|  |TAMS 0x000000008b400000| PB 0x000000008b400000| Untracked |  0
| 153|0x000000008b500000, 0x000000008b500000, 0x000000008b600000|  0%| F|  |TAMS 0x000000008b500000| PB 0x000000008b500000| Untracked |  0
| 154|0x000000008b600000, 0x000000008b600000, 0x000000008b700000|  0%| F|  |TAMS 0x000000008b600000| PB 0x000000008b600000| Untracked |  0
| 155|0x000000008b700000, 0x000000008b700000, 0x000000008b800000|  0%| F|  |TAMS 0x000000008b700000| PB 0x000000008b700000| Untracked |  0
| 156|0x000000008b800000, 0x000000008b800000, 0x000000008b900000|  0%| F|  |TAMS 0x000000008b800000| PB 0x000000008b800000| Untracked |  0
| 157|0x000000008b900000, 0x000000008b93e8d0, 0x000000008ba00000| 24%| S|CS|TAMS 0x000000008b900000| PB 0x000000008b900000| Complete |  0
| 158|0x000000008ba00000, 0x000000008ba00000, 0x000000008bb00000|  0%| F|  |TAMS 0x000000008ba00000| PB 0x000000008ba00000| Untracked |  0
| 159|0x000000008bb00000, 0x000000008bb00000, 0x000000008bc00000|  0%| F|  |TAMS 0x000000008bb00000| PB 0x000000008bb00000| Untracked |  0
| 160|0x000000008bc00000, 0x000000008bc00000, 0x000000008bd00000|  0%| F|  |TAMS 0x000000008bc00000| PB 0x000000008bc00000| Untracked |  0
| 161|0x000000008bd00000, 0x000000008be00000, 0x000000008be00000|100%| E|CS|TAMS 0x000000008bd00000| PB 0x000000008bd00000| Complete |  0
| 162|0x000000008be00000, 0x000000008be00000, 0x000000008bf00000|  0%| F|  |TAMS 0x000000008be00000| PB 0x000000008be00000| Untracked |  0
| 163|0x000000008bf00000, 0x000000008bf00000, 0x000000008c000000|  0%| F|  |TAMS 0x000000008bf00000| PB 0x000000008bf00000| Untracked |  0
| 164|0x000000008c000000, 0x000000008c100000, 0x000000008c100000|100%| E|  |TAMS 0x000000008c000000| PB 0x000000008c000000| Complete |  0

Card table byte_map: [0x000001caa6970000,0x000001caa6d70000] _byte_map_base: 0x000001caa6562000

Marking Bits: (CMBitMap*) 0x000001ca8ee86770
 Bits: [0x000001caa6d70000, 0x000001caa8d00000)

Polling page: 0x000001ca8cb70000

Metaspace:

Usage:
  Non-class:      7.40 MB used.
      Class:    978.97 KB used.
       Both:      8.35 MB used.

Virtual space:
  Non-class space:       64.00 MB reserved,       7.56 MB ( 12%) committed,  1 nodes.
      Class space:        1.00 GB reserved,       1.00 MB ( <1%) committed,  1 nodes.
             Both:        1.06 GB reserved,       8.56 MB ( <1%) committed. 

Chunk freelists:
   Non-Class:  8.48 MB
       Class:  15.00 MB
        Both:  23.48 MB

MaxMetaspaceSize: unlimited
CompressedClassSpaceSize: 1.00 GB
Initial GC threshold: 21.00 MB
Current GC threshold: 21.00 MB
CDS: on
 - commit_granule_bytes: 65536.
 - commit_granule_words: 8192.
 - virtual_space_node_default_size: 8388608.
 - enlarge_chunks_in_place: 1.
 - use_allocation_guard: 0.


Internal statistics:

num_allocs_failed_limit: 0.
num_arena_births: 160.
num_arena_deaths: 0.
num_vsnodes_births: 2.
num_vsnodes_deaths: 0.
num_space_committed: 137.
num_space_uncommitted: 0.
num_chunks_returned_to_freelist: 0.
num_chunks_taken_from_freelist: 212.
num_chunk_merges: 0.
num_chunk_splits: 122.
num_chunks_enlarged: 47.
num_inconsistent_stats: 0.

CodeHeap 'non-profiled nmethods': size=120064Kb used=315Kb max_used=315Kb free=119748Kb
 bounds [0x000001ca9f030000, 0x000001ca9f2a0000, 0x000001caa6570000]
CodeHeap 'profiled nmethods': size=120000Kb used=955Kb max_used=955Kb free=119044Kb
 bounds [0x000001ca97570000, 0x000001ca977e0000, 0x000001ca9eaa0000]
CodeHeap 'non-nmethods': size=5696Kb used=1576Kb max_used=1590Kb free=4119Kb
 bounds [0x000001ca9eaa0000, 0x000001ca9ed10000, 0x000001ca9f030000]
CodeCache: size=245760Kb, used=2846Kb, max_used=2860Kb, free=242911Kb
 total_blobs=1565, nmethods=908, adapters=563, full_count=0
Compilation: enabled, stopped_count=0, restarted_count=0

Compilation events (20 events):
Event: 4.514 Thread 0x000001caab2ef970  964       1       java.awt.Component::getHeight (5 bytes)
Event: 4.514 Thread 0x000001caab2ef970 nmethod 964 0x000001ca9f07df88 code [0x000001ca9f07e0a0, 0x000001ca9f07e168]
Event: 4.514 Thread 0x000001caab2ef970  965       3       sun.awt.SunToolkit::targetToAppContext (30 bytes)
Event: 4.515 Thread 0x000001caab2ef970 nmethod 965 0x000001ca97659c08 code [0x000001ca97659d60, 0x000001ca9765a2d0]
Event: 4.515 Thread 0x000001caab2ef970  966       3       java.awt.geom.AffineTransform::equals (26 bytes)
Event: 4.516 Thread 0x000001caab2ef970 nmethod 966 0x000001ca9765a308 code [0x000001ca9765a440, 0x000001ca9765a780]
Event: 4.516 Thread 0x000001caab2ef970  967       3       java.awt.geom.AffineTransform::hash (17 bytes)
Event: 4.516 Thread 0x000001caab2ef970 nmethod 967 0x000001ca9765a808 code [0x000001ca9765a940, 0x000001ca9765abf0]
Event: 4.516 Thread 0x000001caab2ef970  968       3       sun.java2d.marlin.Renderer::tosubpixx (6 bytes)
Event: 4.516 Thread 0x000001caab2ef970 nmethod 968 0x000001ca9765ac88 code [0x000001ca9765adc0, 0x000001ca9765aeb0]
Event: 4.516 Thread 0x000001caab2ef970  969       3       sun.java2d.marlin.MarlinCache::startRLERow (40 bytes)
Event: 4.517 Thread 0x000001caab2ef970 nmethod 969 0x000001ca9765af88 code [0x000001ca9765b0c0, 0x000001ca9765b2c0]
Event: 4.517 Thread 0x000001caab2ef970  970       3       sun.java2d.marlin.Renderer::copyAARow (77 bytes)
Event: 4.517 Thread 0x000001caab2ef970 nmethod 970 0x000001ca9765b308 code [0x000001ca9765b440, 0x000001ca9765b690]
Event: 4.518 Thread 0x000001caab2ef970  971       1       sun.java2d.pipe.AlphaColorPipe::needTile (2 bytes)
Event: 4.518 Thread 0x000001caab2ef970 nmethod 971 0x000001ca9f07e688 code [0x000001ca9f07e7a0, 0x000001ca9f07e868]
Event: 4.518 Thread 0x000001caab2ef970  972       3       java.util.Arrays::fill (28 bytes)
Event: 4.519 Thread 0x000001caab2ef970 nmethod 972 0x000001ca9765b708 code [0x000001ca9765b840, 0x000001ca9765ba48]
Event: 4.519 Thread 0x000001caab2ef970  974       3       sun.java2d.marlin.MarlinTileGenerator::getAlphaRLE (1749 bytes)
Event: 4.528 Thread 0x000001caab2ef970 nmethod 974 0x000001ca9765ba88 code [0x000001ca9765bec0, 0x000001ca9765ec48]

GC Heap History (16 events):
Event: 0.864 GC heap before
{Heap before GC invocations=0 (full 0):
 garbage-first heap   total reserved 2068480K, committed 131072K, used 5120K [0x0000000081c00000, 0x0000000100000000)
  region size 1024K, 6 young (6144K), 0 survivors (0K)
 Metaspace       used 6045K, committed 6272K, reserved 1114112K
  class space    used 701K, committed 832K, reserved 1048576K
}
Event: 0.870 GC heap after
{Heap after GC invocations=1 (full 0):
 garbage-first heap   total reserved 2068480K, committed 131072K, used 2048K [0x0000000081c00000, 0x0000000100000000)
  region size 1024K, 2 young (2048K), 2 survivors (2048K)
 Metaspace       used 6045K, committed 6272K, reserved 1114112K
  class space    used 701K, committed 832K, reserved 1048576K
}
Event: 1.260 GC heap before
{Heap before GC invocations=1 (full 0):
 garbage-first heap   total reserved 2068480K, committed 131072K, used 106496K [0x0000000081c00000, 0x0000000100000000)
  region size 1024K, 13 young (13312K), 2 survivors (2048K)
 Metaspace       used 6162K, committed 6400K, reserved 1114112K
  class space    used 708K, committed 832K, reserved 1048576K
}
Event: 1.264 GC heap after
{Heap after GC invocations=2 (full 0):
 garbage-first heap   total reserved 2068480K, committed 131072K, used 96426K [0x0000000081c00000, 0x0000000100000000)
  region size 1024K, 1 young (1024K), 1 survivors (1024K)
 Metaspace       used 6162K, committed 6400K, reserved 1114112K
  class space    used 708K, committed 832K, reserved 1048576K
}
Event: 1.468 GC heap before
{Heap before GC invocations=2 (full 0):
 garbage-first heap   total reserved 2068480K, committed 131072K, used 111786K [0x0000000081c00000, 0x0000000100000000)
  region size 1024K, 17 young (17408K), 1 survivors (1024K)
 Metaspace       used 6164K, committed 6400K, reserved 1114112K
  class space    used 708K, committed 832K, reserved 1048576K
}
Event: 1.469 GC heap after
{Heap after GC invocations=3 (full 0):
 garbage-first heap   total reserved 2068480K, committed 131072K, used 96253K [0x0000000081c00000, 0x0000000100000000)
  region size 1024K, 1 young (1024K), 1 survivors (1024K)
 Metaspace       used 6164K, committed 6400K, reserved 1114112K
  class space    used 708K, committed 832K, reserved 1048576K
}
Event: 1.574 GC heap before
{Heap before GC invocations=4 (full 0):
 garbage-first heap   total reserved 2068480K, committed 162816K, used 113661K [0x0000000081c00000, 0x0000000100000000)
  region size 1024K, 19 young (19456K), 1 survivors (1024K)
 Metaspace       used 6164K, committed 6400K, reserved 1114112K
  class space    used 708K, committed 832K, reserved 1048576K
}
Event: 1.575 GC heap after
{Heap after GC invocations=5 (full 0):
 garbage-first heap   total reserved 2068480K, committed 162816K, used 96189K [0x0000000081c00000, 0x0000000100000000)
  region size 1024K, 1 young (1024K), 1 survivors (1024K)
 Metaspace       used 6164K, committed 6400K, reserved 1114112K
  class space    used 708K, committed 832K, reserved 1048576K
}
Event: 1.753 GC heap before
{Heap before GC invocations=5 (full 0):
 garbage-first heap   total reserved 2068480K, committed 162816K, used 129981K [0x0000000081c00000, 0x0000000100000000)
  region size 1024K, 35 young (35840K), 1 survivors (1024K)
 Metaspace       used 6164K, committed 6400K, reserved 1114112K
  class space    used 708K, committed 832K, reserved 1048576K
}
Event: 1.754 GC heap after
{Heap after GC invocations=6 (full 0):
 garbage-first heap   total reserved 2068480K, committed 162816K, used 96173K [0x0000000081c00000, 0x0000000100000000)
  region size 1024K, 1 young (1024K), 1 survivors (1024K)
 Metaspace       used 6164K, committed 6400K, reserved 1114112K
  class space    used 708K, committed 832K, reserved 1048576K
}
Event: 1.929 GC heap before
{Heap before GC invocations=7 (full 0):
 garbage-first heap   total reserved 2068480K, committed 162816K, used 132013K [0x0000000081c00000, 0x0000000100000000)
  region size 1024K, 37 young (37888K), 1 survivors (1024K)
 Metaspace       used 6164K, committed 6400K, reserved 1114112K
  class space    used 708K, committed 832K, reserved 1048576K
}
Event: 1.930 GC heap after
{Heap after GC invocations=8 (full 0):
 garbage-first heap   total reserved 2068480K, committed 162816K, used 96173K [0x0000000081c00000, 0x0000000100000000)
  region size 1024K, 1 young (1024K), 1 survivors (1024K)
 Metaspace       used 6164K, committed 6400K, reserved 1114112K
  class space    used 708K, committed 832K, reserved 1048576K
}
Event: 2.076 GC heap before
{Heap before GC invocations=8 (full 0):
 garbage-first heap   total reserved 2068480K, committed 162816K, used 96173K [0x0000000081c00000, 0x0000000100000000)
  region size 1024K, 3 young (3072K), 1 survivors (1024K)
 Metaspace       used 6176K, committed 6400K, reserved 1114112K
  class space    used 711K, committed 832K, reserved 1048576K
}
Event: 2.077 GC heap after
{Heap after GC invocations=9 (full 0):
 garbage-first heap   total reserved 2068480K, committed 162816K, used 96211K [0x0000000081c00000, 0x0000000100000000)
  region size 1024K, 1 young (1024K), 1 survivors (1024K)
 Metaspace       used 6176K, committed 6400K, reserved 1114112K
  class space    used 711K, committed 832K, reserved 1048576K
}
Event: 4.305 GC heap before
{Heap before GC invocations=10 (full 0):
 garbage-first heap   total reserved 2068480K, committed 165888K, used 101331K [0x0000000081c00000, 0x0000000100000000)
  region size 1024K, 5 young (5120K), 1 survivors (1024K)
 Metaspace       used 7525K, committed 7808K, reserved 1114112K
  class space    used 873K, committed 1024K, reserved 1048576K
}
Event: 4.307 GC heap after
{Heap after GC invocations=11 (full 0):
 garbage-first heap   total reserved 2068480K, committed 165888K, used 97441K [0x0000000081c00000, 0x0000000100000000)
  region size 1024K, 1 young (1024K), 1 survivors (1024K)
 Metaspace       used 7525K, committed 7808K, reserved 1114112K
  class space    used 873K, committed 1024K, reserved 1048576K
}

Dll operation events (14 events):
Event: 0.019 Loaded shared library C:\Program Files\Java\jdk-23\bin\java.dll
Event: 0.100 Loaded shared library C:\Program Files\Java\jdk-23\bin\jsvml.dll
Event: 0.266 Loaded shared library C:\Program Files\Java\jdk-23\bin\zip.dll
Event: 0.273 Loaded shared library C:\Program Files\Java\jdk-23\bin\instrument.dll
Event: 0.282 Loaded shared library C:\Program Files\Java\jdk-23\bin\net.dll
Event: 0.285 Loaded shared library C:\Program Files\Java\jdk-23\bin\nio.dll
Event: 0.298 Loaded shared library C:\Program Files\Java\jdk-23\bin\zip.dll
Event: 0.331 Loaded shared library E:\Downloads\ideaIC-2024.3.1.win\bin\breakgen64.dll
Event: 0.350 Loaded shared library C:\Program Files\Java\jdk-23\bin\extnet.dll
Event: 0.359 Loaded shared library C:\Program Files\Java\jdk-23\bin\jimage.dll
Event: 0.387 Loaded shared library C:\Program Files\Java\jdk-23\bin\awt.dll
Event: 0.753 Loaded shared library C:\Program Files\Java\jdk-23\bin\javajpeg.dll
Event: 4.141 Loaded shared library C:\Program Files\Java\jdk-23\bin\freetype.dll
Event: 4.143 Loaded shared library C:\Program Files\Java\jdk-23\bin\fontmanager.dll

Deoptimization events (20 events):
Event: 2.806 Thread 0x000001caab737d10 DEOPT PACKING pc=0x000001ca97631596 sp=0x000000a3950fe350
Event: 2.806 Thread 0x000001caab737d10 DEOPT UNPACKING pc=0x000001ca9eaf4b22 sp=0x000000a3950fd7c8 mode 0
Event: 2.808 Thread 0x000001caab737d10 DEOPT PACKING pc=0x000001ca97631596 sp=0x000000a3950fe350
Event: 2.808 Thread 0x000001caab737d10 DEOPT UNPACKING pc=0x000001ca9eaf4b22 sp=0x000000a3950fd7c8 mode 0
Event: 2.809 Thread 0x000001caab737d10 DEOPT PACKING pc=0x000001ca97631596 sp=0x000000a3950fe350
Event: 2.809 Thread 0x000001caab737d10 DEOPT UNPACKING pc=0x000001ca9eaf4b22 sp=0x000000a3950fd7c8 mode 0
Event: 2.810 Thread 0x000001caab737d10 DEOPT PACKING pc=0x000001ca97631596 sp=0x000000a3950fe350
Event: 2.810 Thread 0x000001caab737d10 DEOPT UNPACKING pc=0x000001ca9eaf4b22 sp=0x000000a3950fd7c8 mode 0
Event: 4.086 Thread 0x000001caab737d10 Uncommon trap: trap_request=0xffffff45 fr.pc=0x000001ca9f03ebdc relative=0x000000000000013c
Event: 4.086 Thread 0x000001caab737d10 Uncommon trap: reason=unstable_if action=reinterpret pc=0x000001ca9f03ebdc method=java.awt.ImageMediaEntry.parseflags(I)I @ 23 c2
Event: 4.086 Thread 0x000001caab737d10 DEOPT PACKING pc=0x000001ca9f03ebdc sp=0x000000a3950fed50
Event: 4.086 Thread 0x000001caab737d10 DEOPT UNPACKING pc=0x000001ca9eaf4402 sp=0x000000a3950feb68 mode 2
Event: 4.102 Thread 0x000001caab6cdfe0 Uncommon trap: trap_request=0xffffff45 fr.pc=0x000001ca9f064fc8 relative=0x00000000000000c8
Event: 4.102 Thread 0x000001caab6cdfe0 Uncommon trap: reason=unstable_if action=reinterpret pc=0x000001ca9f064fc8 method=java.util.concurrent.locks.ReentrantLock$Sync.tryRelease(I)Z @ 26 c2
Event: 4.102 Thread 0x000001caab6cdfe0 DEOPT PACKING pc=0x000001ca9f064fc8 sp=0x000000a394ffdd60
Event: 4.102 Thread 0x000001caab6cdfe0 DEOPT UNPACKING pc=0x000001ca9eaf4402 sp=0x000000a394ffdd00 mode 2
Event: 4.378 Thread 0x000001caf1b5b2e0 Uncommon trap: trap_request=0xffffff45 fr.pc=0x000001ca9f05f404 relative=0x0000000000000984
Event: 4.378 Thread 0x000001caf1b5b2e0 Uncommon trap: reason=unstable_if action=reinterpret pc=0x000001ca9f05f404 method=java.util.HashMap.putVal(ILjava/lang/Object;Ljava/lang/Object;ZZ)Ljava/lang/Object; @ 181 c2
Event: 4.378 Thread 0x000001caf1b5b2e0 DEOPT PACKING pc=0x000001ca9f05f404 sp=0x000000a3954fd0f0
Event: 4.379 Thread 0x000001caf1b5b2e0 DEOPT UNPACKING pc=0x000001ca9eaf4402 sp=0x000000a3954fd0a0 mode 2

Classes loaded (20 events):
Event: 4.486 Loading class sun/awt/im/InputContext done
Event: 4.486 Loading class sun/awt/im/InputMethodContext done
Event: 4.487 Loading class sun/awt/windows/WInputMethod
Event: 4.487 Loading class sun/awt/im/InputMethodAdapter
Event: 4.487 Loading class java/awt/im/spi/InputMethod
Event: 4.487 Loading class java/awt/im/spi/InputMethod done
Event: 4.487 Loading class sun/awt/im/InputMethodAdapter done
Event: 4.487 Loading class sun/awt/windows/WInputMethod done
Event: 4.499 Loading class sun/awt/im/CompositionAreaHandler
Event: 4.499 Loading class sun/awt/im/CompositionAreaHandler done
Event: 4.499 Loading class java/text/AttributedString
Event: 4.499 Loading class java/text/AttributedString done
Event: 4.499 Loading class java/text/AttributedString$AttributedStringIterator
Event: 4.499 Loading class java/text/AttributedCharacterIterator
Event: 4.499 Loading class java/text/AttributedCharacterIterator done
Event: 4.500 Loading class java/text/AttributedString$AttributedStringIterator done
Event: 4.500 Loading class java/awt/event/ContainerEvent
Event: 4.500 Loading class java/awt/event/ContainerEvent done
Event: 4.501 Loading class java/awt/TextComponent
Event: 4.501 Loading class java/awt/TextComponent done

Classes unloaded (0 events):
No events

Classes redefined (0 events):
No events

Internal exceptions (13 events):
Event: 0.325 Thread 0x000001ca8ee2ec20 Exception <a 'java/lang/NoSuchMethodError'{0x0000000089990730}: 'java.lang.Object java.lang.invoke.Invokers$Holder.invokeExact_MT(java.lang.Object, java.lang.Object, java.lang.Object, java.lang.Object, java.lang.Object)'> (0x0000000089990730) 
thrown [s\open\src\hotspot\share\interpreter\linkResolver.cpp, line 796]
Event: 0.353 Thread 0x000001caab5e01c0 Exception <a 'java/lang/NoSuchMethodError'{0x00000000899e0370}: 'void java.lang.invoke.DirectMethodHandle$Holder.invokeStatic(java.lang.Object, java.lang.Object)'> (0x00000000899e0370) 
thrown [s\open\src\hotspot\share\interpreter\linkResolver.cpp, line 796]
Event: 0.370 Thread 0x000001ca8ee2ec20 Exception <a 'java/lang/ClassNotFoundException'{0x00000000899b6410}: sun/awt/resources/spi/awtProvider> (0x00000000899b6410) 
thrown [s\open\src\hotspot\share\classfile\systemDictionary.cpp, line 313]
Event: 0.405 Thread 0x000001ca8ee2ec20 Exception <a 'java/io/FileNotFoundException'{0x00000000898301f0}> (0x00000000898301f0) 
thrown [s\open\src\hotspot\share\prims\jni.cpp, line 520]
Event: 0.418 Thread 0x000001ca8ee2ec20 Exception <a 'java/io/FileNotFoundException'{0x000000008985e5a0}> (0x000000008985e5a0) 
thrown [s\open\src\hotspot\share\prims\jni.cpp, line 520]
Event: 0.569 Thread 0x000001ca8ee2ec20 Exception <a 'java/lang/NoSuchMethodError'{0x000000008975e558}: 'void java.lang.invoke.DirectMethodHandle$Holder.invokeSpecial(java.lang.Object, java.lang.Object, java.lang.Object)'> (0x000000008975e558) 
thrown [s\open\src\hotspot\share\interpreter\linkResolver.cpp, line 796]
Event: 0.597 Thread 0x000001ca8ee2ec20 Exception <a 'java/lang/NoSuchMethodError'{0x00000000897adab0}: 'java.lang.Object java.lang.invoke.DirectMethodHandle$Holder.invokeStatic(java.lang.Object, int, java.lang.Object)'> (0x00000000897adab0) 
thrown [s\open\src\hotspot\share\interpreter\linkResolver.cpp, line 796]
Event: 0.649 Thread 0x000001ca8ee2ec20 Exception <a 'java/lang/ClassNotFoundException'{0x0000000089654848}: com/sun/swing/internal/plaf/metal/resources/spi/metalProvider> (0x0000000089654848) 
thrown [s\open\src\hotspot\share\classfile\systemDictionary.cpp, line 313]
Event: 0.651 Thread 0x000001ca8ee2ec20 Exception <a 'java/lang/ClassNotFoundException'{0x0000000089658808}: com/sun/swing/internal/plaf/basic/resources/spi/basicProvider> (0x0000000089658808) 
thrown [s\open\src\hotspot\share\classfile\systemDictionary.cpp, line 313]
Event: 0.671 Thread 0x000001ca8ee2ec20 Exception <a 'java/lang/NoSuchMethodError'{0x0000000089675000}: 'int java.lang.invoke.Invokers$Holder.invokeExact_MT(java.lang.Object, java.lang.Object)'> (0x0000000089675000) 
thrown [s\open\src\hotspot\share\interpreter\linkResolver.cpp, line 796]
Event: 0.756 Thread 0x000001caab737d10 Exception <a 'java/lang/NoSuchMethodError'{0x00000000896e29b0}: 'java.lang.Object java.lang.invoke.DirectMethodHandle$Holder.newInvokeSpecial(java.lang.Object, java.lang.Object, java.lang.Object, int, int, int, int, int)'> (0x00000000896e29b0) 
thrown [s\open\src\hotspot\share\interpreter\linkResolver.cpp, line 796]
Event: 4.131 Thread 0x000001ca8ee2ec20 Exception <a 'java/lang/NoSuchMethodError'{0x000000008bda1d40}: 'void java.lang.invoke.DirectMethodHandle$Holder.invokeStaticInit(java.lang.Object)'> (0x000000008bda1d40) 
thrown [s\open\src\hotspot\share\interpreter\linkResolver.cpp, line 796]
Event: 4.287 Thread 0x000001caab6cdfe0 Exception <a 'java/lang/NoSuchMethodError'{0x000000008bc09168}: 'void java.lang.invoke.DirectMethodHandle$Holder.invokeVirtual(java.lang.Object, java.lang.Object)'> (0x000000008bc09168) 
thrown [s\open\src\hotspot\share\interpreter\linkResolver.cpp, line 796]

VM Operations (20 events):
Event: 1.762 Executing VM operation: G1PauseRemark
Event: 1.762 Executing VM operation: G1PauseRemark done
Event: 1.765 Executing VM operation: G1PauseCleanup
Event: 1.765 Executing VM operation: G1PauseCleanup done
Event: 1.929 Executing VM operation: G1CollectForAllocation (G1 Evacuation Pause)
Event: 1.930 Executing VM operation: G1CollectForAllocation (G1 Evacuation Pause) done
Event: 1.946 Executing VM operation: HandshakeAllThreads (Deoptimize)
Event: 1.946 Executing VM operation: HandshakeAllThreads (Deoptimize) done
Event: 2.076 Executing VM operation: G1TryInitiateConcMark (G1 Humongous Allocation)
Event: 2.077 Executing VM operation: G1TryInitiateConcMark (G1 Humongous Allocation) done
Event: 2.083 Executing VM operation: G1PauseRemark
Event: 2.084 Executing VM operation: G1PauseRemark done
Event: 2.086 Executing VM operation: G1PauseCleanup
Event: 2.086 Executing VM operation: G1PauseCleanup done
Event: 4.305 Executing VM operation: G1TryInitiateConcMark (G1 Humongous Allocation)
Event: 4.307 Executing VM operation: G1TryInitiateConcMark (G1 Humongous Allocation) done
Event: 4.316 Executing VM operation: G1PauseRemark
Event: 4.317 Executing VM operation: G1PauseRemark done
Event: 4.320 Executing VM operation: G1PauseCleanup
Event: 4.343 Executing VM operation: G1PauseCleanup done

Memory protections (0 events):
No events

Nmethod flushes (20 events):
Event: 4.317 Thread 0x000001caab2c95c0 flushing  nmethod 0x000001ca97578c88
Event: 4.317 Thread 0x000001caab2c95c0 flushing  nmethod 0x000001ca9761e608
Event: 4.317 Thread 0x000001caab2c95c0 flushing  nmethod 0x000001ca9761ef08
Event: 4.317 Thread 0x000001caab2c95c0 flushing  nmethod 0x000001ca9761fe88
Event: 4.317 Thread 0x000001caab2c95c0 flushing  nmethod 0x000001ca97621188
Event: 4.317 Thread 0x000001caab2c95c0 flushing  nmethod 0x000001ca97570608
Event: 4.317 Thread 0x000001caab2c95c0 flushing  nmethod 0x000001ca97570a88
Event: 4.317 Thread 0x000001caab2c95c0 flushing  nmethod 0x000001ca97623c08
Event: 4.317 Thread 0x000001caab2c95c0 flushing  nmethod 0x000001ca97624908
Event: 4.317 Thread 0x000001caab2c95c0 flushing  nmethod 0x000001ca97625508
Event: 4.317 Thread 0x000001caab2c95c0 flushing  nmethod 0x000001ca97625808
Event: 4.317 Thread 0x000001caab2c95c0 flushing  nmethod 0x000001ca97626208
Event: 4.317 Thread 0x000001caab2c95c0 flushing  nmethod 0x000001ca97627d08
Event: 4.317 Thread 0x000001caab2c95c0 flushing  nmethod 0x000001ca97629e08
Event: 4.317 Thread 0x000001caab2c95c0 flushing  nmethod 0x000001ca9f065508
Event: 4.317 Thread 0x000001caab2c95c0 flushing  nmethod 0x000001ca9f066508
Event: 4.317 Thread 0x000001caab2c95c0 flushing  nmethod 0x000001ca9f067108
Event: 4.317 Thread 0x000001caab2c95c0 flushing  nmethod 0x000001ca9f067e08
Event: 4.317 Thread 0x000001caab2c95c0 flushing  nmethod 0x000001ca97579808
Event: 4.317 Thread 0x000001caab2c95c0 flushing  nmethod 0x000001ca975b7a88

Events (20 events):
Event: 0.095 Thread 0x000001ca8ee2ec20 Thread added: 0x000001caab2e9360
Event: 0.096 Thread 0x000001ca8ee2ec20 Thread added: 0x000001caab2e9dc0
Event: 0.096 Thread 0x000001ca8ee2ec20 Thread added: 0x000001caab2eab50
Event: 0.096 Thread 0x000001ca8ee2ec20 Thread added: 0x000001caab2ef970
Event: 0.207 Thread 0x000001ca8ee2ec20 Thread added: 0x000001caab34e790
Event: 0.333 Thread 0x000001ca8ee2ec20 Thread added: 0x000001caab5e01c0
Event: 0.333 Thread 0x000001ca8ee2ec20 Thread added: 0x000001caab63f3d0
Event: 0.510 Thread 0x000001ca8ee2ec20 Thread added: 0x000001caab6c61e0
Event: 0.513 Thread 0x000001ca8ee2ec20 Thread added: 0x000001caab6ca040
Event: 0.516 Thread 0x000001ca8ee2ec20 Thread added: 0x000001caab6cdfe0
Event: 0.749 Thread 0x000001ca8ee2ec20 Thread added: 0x000001caab737d10
Event: 1.534 Thread 0x000001caab6ca040 Thread exited: 0x000001caab6ca040
Event: 2.061 Thread 0x000001caab2eab50 Thread added: 0x000001caab534560
Event: 2.420 Thread 0x000001caab534560 Thread exited: 0x000001caab534560
Event: 4.091 Thread 0x000001caab6cdfe0 Thread added: 0x000001caab73a810
Event: 4.102 Thread 0x000001caab6cdfe0 Thread added: 0x000001caf1b5b2e0
Event: 4.294 Thread 0x000001ca8ee2ec20 Thread exited: 0x000001ca8ee2ec20
Event: 4.294 Thread 0x000001ca8ee2ec20 Thread added: 0x000001ca8ee2ec20
Event: 4.320 Thread 0x000001caab2ef970 Thread added: 0x000001caf1aa8940
Event: 4.502 Thread 0x000001caf1aa8940 Thread exited: 0x000001caf1aa8940


Dynamic libraries:
0x00007ff717770000 - 0x00007ff717780000 	C:\Program Files\Java\jdk-23\bin\java.exe
0x00007ffef4b90000 - 0x00007ffef4d88000 	C:\WINDOWS\SYSTEM32\ntdll.dll
0x00007ffef3c90000 - 0x00007ffef3d52000 	C:\WINDOWS\System32\KERNEL32.DLL
0x00007ffef2230000 - 0x00007ffef252e000 	C:\WINDOWS\System32\KERNELBASE.dll
0x00007ffef2780000 - 0x00007ffef2880000 	C:\WINDOWS\System32\ucrtbase.dll
0x00007ffeefb50000 - 0x00007ffeefb6b000 	C:\Program Files\Java\jdk-23\bin\VCRUNTIME140.dll
0x00007ffeefae0000 - 0x00007ffeefaf7000 	C:\Program Files\Java\jdk-23\bin\jli.dll
0x00007ffef45f0000 - 0x00007ffef478d000 	C:\WINDOWS\System32\USER32.dll
0x00007ffef2880000 - 0x00007ffef28a2000 	C:\WINDOWS\System32\win32u.dll
0x00007ffef48c0000 - 0x00007ffef48eb000 	C:\WINDOWS\System32\GDI32.dll
0x00007ffef2660000 - 0x00007ffef2777000 	C:\WINDOWS\System32\gdi32full.dll
0x00007ffef2b10000 - 0x00007ffef2bad000 	C:\WINDOWS\System32\msvcp_win.dll
0x00007ffed9570000 - 0x00007ffed980a000 	C:\WINDOWS\WinSxS\amd64_microsoft.windows.common-controls_6595b64144ccf1df_6.0.19041.4355_none_60b8b9eb71f62e16\COMCTL32.dll
0x00007ffef4a00000 - 0x00007ffef4a9e000 	C:\WINDOWS\System32\msvcrt.dll
0x00007ffef4410000 - 0x00007ffef443f000 	C:\WINDOWS\System32\IMM32.DLL
0x00007ffeefd30000 - 0x00007ffeefd3c000 	C:\Program Files\Java\jdk-23\bin\vcruntime140_1.dll
0x00007ffed8b60000 - 0x00007ffed8bee000 	C:\Program Files\Java\jdk-23\bin\msvcp140.dll
0x00007ffea75e0000 - 0x00007ffea832f000 	C:\Program Files\Java\jdk-23\bin\server\jvm.dll
0x00007ffef44a0000 - 0x00007ffef4551000 	C:\WINDOWS\System32\ADVAPI32.dll
0x00007ffef37c0000 - 0x00007ffef385f000 	C:\WINDOWS\System32\sechost.dll
0x00007ffef4790000 - 0x00007ffef48b3000 	C:\WINDOWS\System32\RPCRT4.dll
0x00007ffef2630000 - 0x00007ffef2657000 	C:\WINDOWS\System32\bcrypt.dll
0x00007ffef43a0000 - 0x00007ffef440b000 	C:\WINDOWS\System32\WS2_32.dll
0x00007ffef2090000 - 0x00007ffef20db000 	C:\WINDOWS\SYSTEM32\POWRPROF.dll
0x00007ffeefb90000 - 0x00007ffeefb9a000 	C:\WINDOWS\SYSTEM32\VERSION.dll
0x00007ffed9810000 - 0x00007ffed9837000 	C:\WINDOWS\SYSTEM32\WINMM.dll
0x00007ffef2070000 - 0x00007ffef2082000 	C:\WINDOWS\SYSTEM32\UMPDC.dll
0x00007ffef0a00000 - 0x00007ffef0a12000 	C:\WINDOWS\SYSTEM32\kernel.appcore.dll
0x00007ffeefd00000 - 0x00007ffeefd0a000 	C:\Program Files\Java\jdk-23\bin\jimage.dll
0x00007ffeec1d0000 - 0x00007ffeec3b4000 	C:\WINDOWS\SYSTEM32\DBGHELP.DLL
0x00007ffed9450000 - 0x00007ffed9484000 	C:\WINDOWS\SYSTEM32\dbgcore.DLL
0x00007ffef2530000 - 0x00007ffef25b2000 	C:\WINDOWS\System32\bcryptPrimitives.dll
0x00007ffeefad0000 - 0x00007ffeefadf000 	C:\Program Files\Java\jdk-23\bin\instrument.dll
0x00007ffeea0b0000 - 0x00007ffeea0ce000 	C:\Program Files\Java\jdk-23\bin\java.dll
0x00007ffef2c40000 - 0x00007ffef2d6b000 	C:\WINDOWS\System32\ole32.dll
0x00007ffef3930000 - 0x00007ffef3c83000 	C:\WINDOWS\System32\combase.dll
0x00007ffef2d70000 - 0x00007ffef34dd000 	C:\WINDOWS\System32\SHELL32.dll
0x00007ffef0250000 - 0x00007ffef09f4000 	C:\WINDOWS\SYSTEM32\windows.storage.dll
0x00007ffef1ab0000 - 0x00007ffef1ade000 	C:\WINDOWS\SYSTEM32\Wldp.dll
0x00007ffef3860000 - 0x00007ffef392d000 	C:\WINDOWS\System32\OLEAUT32.dll
0x00007ffef48f0000 - 0x00007ffef499d000 	C:\WINDOWS\System32\SHCORE.dll
0x00007ffef49a0000 - 0x00007ffef49f5000 	C:\WINDOWS\System32\shlwapi.dll
0x00007ffef2160000 - 0x00007ffef2184000 	C:\WINDOWS\SYSTEM32\profapi.dll
0x00007ffebe9f0000 - 0x00007ffebeac7000 	C:\Program Files\Java\jdk-23\bin\jsvml.dll
0x00007ffee78b0000 - 0x00007ffee78c7000 	C:\Program Files\Java\jdk-23\bin\zip.dll
0x00007ffeec040000 - 0x00007ffeec050000 	C:\Program Files\Java\jdk-23\bin\net.dll
0x00007ffef1890000 - 0x00007ffef18fa000 	C:\WINDOWS\system32\mswsock.dll
0x00007ffee7890000 - 0x00007ffee78a6000 	C:\Program Files\Java\jdk-23\bin\nio.dll
0x00007ffee72e0000 - 0x00007ffee72fa000 	E:\Downloads\ideaIC-2024.3.1.win\bin\breakgen64.dll
0x00007ffeebf70000 - 0x00007ffeebf79000 	C:\Program Files\Java\jdk-23\bin\extnet.dll
0x00007ffeba9b0000 - 0x00007ffebab3e000 	C:\Program Files\Java\jdk-23\bin\awt.dll
0x00007ffeec050000 - 0x00007ffeec0e4000 	C:\WINDOWS\SYSTEM32\apphelp.dll
0x00007ffeefda0000 - 0x00007ffeefdcf000 	C:\WINDOWS\system32\DWMAPI.DLL
0x00007ffeef9e0000 - 0x00007ffeefa7e000 	C:\WINDOWS\system32\uxtheme.dll
0x00007ffecc340000 - 0x00007ffecc468000 	C:\WINDOWS\system32\opengl32.dll
0x00007ffecc2d0000 - 0x00007ffecc2fc000 	C:\WINDOWS\SYSTEM32\GLU32.dll
0x00007ffef34e0000 - 0x00007ffef35f5000 	C:\WINDOWS\System32\MSCTF.dll
0x00007ffed8b00000 - 0x00007ffed8b2e000 	C:\Program Files\Java\jdk-23\bin\javajpeg.dll
0x00007ffeba920000 - 0x00007ffeba9a7000 	C:\Program Files\Java\jdk-23\bin\freetype.dll
0x00007ffeb98f0000 - 0x00007ffeb99c7000 	C:\Program Files\Java\jdk-23\bin\fontmanager.dll
0x00007ffef4aa0000 - 0x00007ffef4b49000 	C:\WINDOWS\System32\clbcatq.dll
0x00007ffeef670000 - 0x00007ffeef824000 	C:\WINDOWS\SYSTEM32\WindowsCodecs.dll
0x00007ffec3350000 - 0x00007ffec338e000 	C:\WINDOWS\system32\dataexchange.dll
0x00007ffeeaa70000 - 0x00007ffeeacd3000 	C:\WINDOWS\system32\d3d11.dll
0x00007ffef0a80000 - 0x00007ffef0b76000 	C:\WINDOWS\system32\dxgi.dll
0x00007ffeeb2d0000 - 0x00007ffeeb4b4000 	C:\WINDOWS\system32\dcomp.dll
0x00007ffee8870000 - 0x00007ffee8a73000 	C:\WINDOWS\system32\twinapi.appcore.dll
0x00007ffee6420000 - 0x00007ffee6519000 	C:\WINDOWS\SYSTEM32\textinputframework.dll
0x00007ffeeb890000 - 0x00007ffeebbeb000 	C:\WINDOWS\System32\CoreUIComponents.dll
0x00007ffeebe40000 - 0x00007ffeebf32000 	C:\WINDOWS\System32\CoreMessaging.dll
0x00007ffeea420000 - 0x00007ffeea577000 	C:\WINDOWS\SYSTEM32\wintypes.dll
0x00007ffef1420000 - 0x00007ffef1453000 	C:\WINDOWS\SYSTEM32\ntmarta.dll
0x00007ffedb610000 - 0x00007ffedb6be000 	C:\WINDOWS\SYSTEM32\TextShaping.dll

dbghelp: loaded successfully - version: 4.0.5 - missing functions: none
symbol engine: initialized successfully - sym options: 0x614 - pdb path: .;C:\Program Files\Java\jdk-23\bin;C:\WINDOWS\SYSTEM32;C:\WINDOWS\WinSxS\amd64_microsoft.windows.common-controls_6595b64144ccf1df_6.0.19041.4355_none_60b8b9eb71f62e16;C:\Program Files\Java\jdk-23\bin\server;E:\Downloads\ideaIC-2024.3.1.win\bin

VM Arguments:
jvm_args: -javaagent:E:\Downloads\ideaIC-2024.3.1.win\lib\idea_rt.jar=57123:E:\Downloads\ideaIC-2024.3.1.win\bin -Dfile.encoding=UTF-8 -Dsun.stdout.encoding=UTF-8 -Dsun.stderr.encoding=UTF-8 
java_command: Views.LoginSignUp
java_class_path (initial): E:\users\Desktop\care_plant\out\production\care_plant;E:\users\Desktop\java libs\mysql-connector-j-9.1.0\mysql-connector-j-9.1.0\mysql-connector-j-9.1.0.jar;E:\users\Desktop\java libs\jbcrypt-0.4 (1).jar;E:\users\Desktop\java libs\junit-4.12.jar;C:\Users\pc\.m2\repository\org\junit\jupiter\junit-jupiter\5.8.1\junit-jupiter-5.8.1.jar;C:\Users\pc\.m2\repository\org\junit\jupiter\junit-jupiter-api\5.8.1\junit-jupiter-api-5.8.1.jar;C:\Users\pc\.m2\repository\org\opentest4j\opentest4j\1.2.0\opentest4j-1.2.0.jar;C:\Users\pc\.m2\repository\org\junit\platform\junit-platform-commons\1.8.1\junit-platform-commons-1.8.1.jar;C:\Users\pc\.m2\repository\org\apiguardian\apiguardian-api\1.1.2\apiguardian-api-1.1.2.jar;C:\Users\pc\.m2\repository\org\junit\jupiter\junit-jupiter-params\5.8.1\junit-jupiter-params-5.8.1.jar;C:\Users\pc\.m2\repository\org\junit\jupiter\junit-jupiter-engine\5.8.1\junit-jupiter-engine-5.8.1.jar;C:\Users\pc\.m2\repository\org\junit\platform\junit-platform-engine\1.8.1\junit-platform-engine-1.8.1.jar
Launcher Type: SUN_STANDARD

[Global flags]
     intx CICompilerCount                          = 3                                         {product} {ergonomic}
     uint ConcGCThreads                            = 1                                         {product} {ergonomic}
     uint G1ConcRefinementThreads                  = 4                                         {product} {ergonomic}
   size_t G1HeapRegionSize                         = 1048576                                   {product} {ergonomic}
   size_t InitialHeapSize                          = 134217728                                 {product} {ergonomic}
   size_t MarkStackSize                            = 4194304                                   {product} {ergonomic}
   size_t MarkStackSizeMax                         = 536870912                                 {product} {ergonomic}
   size_t MaxHeapSize                              = 2118123520                                {product} {ergonomic}
   size_t MaxNewSize                               = 1270874112                                {product} {ergonomic}
   size_t MinHeapDeltaBytes                        = 1048576                                   {product} {ergonomic}
   size_t MinHeapSize                              = 8388608                                   {product} {ergonomic}
    uintx NonNMethodCodeHeapSize                   = 5832704                                {pd product} {ergonomic}
    uintx NonProfiledCodeHeapSize                  = 122945536                              {pd product} {ergonomic}
    uintx ProfiledCodeHeapSize                     = 122880000                              {pd product} {ergonomic}
    uintx ReservedCodeCacheSize                    = 251658240                              {pd product} {ergonomic}
     bool SegmentedCodeCache                       = true                                      {product} {ergonomic}
   size_t SoftMaxHeapSize                          = 2118123520                             {manageable} {ergonomic}
     bool UseCompressedOops                        = true                           {product lp64_product} {ergonomic}
     bool UseG1GC                                  = true                                      {product} {ergonomic}
     bool UseLargePagesIndividualAllocation        = false                                  {pd product} {ergonomic}

Logging:
Log output configuration:
 #0: stdout all=warning uptime,level,tags foldmultilines=false
 #1: stderr all=off uptime,level,tags foldmultilines=false

Environment Variables:
PATH=C:\Program Files\Common Files\Oracle\Java\javapath;C:\WINDOWS\system32;C:\WINDOWS;C:\WINDOWS\System32\Wbem;C:\WINDOWS\System32\WindowsPowerShell\v1.0\;C:\WINDOWS\System32\OpenSSH\;C:\MinGW\bin;C:\Program Files\Git\cmd;C:\MinGW\bin;C:\Program Files\nodejs\;C:\flutter_windows_3.24.3-stable\flutter\bin;C:\Program Files\MongoDB\Server\8.0\bin;C:\Program Files\MySQL\MySQL Server 8.0\bin;C:\Program Files\CMake\bin;C:\Users\pc\AppData\Local\Programs\Python\Python312\Scripts\;C:\Users\pc\AppData\Local\Programs\Python\Python312\;C:\Users\pc\AppData\Local\Programs\Python\Launcher\;C:\Users\pc\AppData\Local\Microsoft\WindowsApps;C:\Program Files\JetBrains\PyCharm Community Edition 2023.2.3\bin;;C:\MinGW\bin;E:\web dev course\Microsoft VS Code\bin;C:\Users\pc\AppData\Roaming\npm;E:\IntelliJ IDEA 2024.2.3\bin;
USERNAME=pc
OS=Windows_NT
PROCESSOR_IDENTIFIER=Intel64 Family 6 Model 78 Stepping 3, GenuineIntel
TMP=C:\Users\pc\AppData\Local\Temp
TEMP=C:\Users\pc\AppData\Local\Temp




Periodic native trim disabled

---------------  S Y S T E M  ---------------

OS:
 Windows 10 , 64 bit Build 19041 (10.0.19041.5198)
OS uptime: 3 days 14:53 hours
Hyper-V role detected

CPU: total 4 (initial active 4) (2 cores per cpu, 2 threads per core) family 6 model 78 stepping 3 microcode 0xcc, cx8, cmov, fxsr, ht, mmx, 3dnowpref, sse, sse2, sse3, ssse3, sse4.1, sse4.2, popcnt, lzcnt, tsc, tscinvbit, avx, avx2, aes, erms, clmul, bmi1, bmi2, rtm, adx, fma, vzeroupper, clflush, clflushopt, hv, rdtscp, f16c
Processor Information for the first 4 processors :
  Max Mhz: 2304, Current Mhz: 2304, Mhz Limit: 2304

Memory: 4k page, system-wide physical 8072M (1096M free)
TotalPageFile size 10120M (AvailPageFile size 178M)
current process WorkingSet (physical memory assigned to process): 211M, peak: 267M
current process commit charge ("private bytes"): 259M, peak: 318M

vm_info: Java HotSpot(TM) 64-Bit Server VM (23+37-2369) for windows-amd64 JRE (23+37-2369), built on 2024-08-20T16:01:23Z with MS VC++ 17.6 (VS2022)

END.
