#
# There is insufficient memory for the Java Runtime Environment to continue.
# Native memory allocation (mmap) failed to map 134217728 bytes. Error detail: G1 virtual space
# Possible reasons:
#   The system is out of physical RAM or swap space
#   This process is running with CompressedOops enabled, and the Java Heap may be blocking the growth of the native heap
# Possible solutions:
#   Reduce memory load on the system
#   Increase physical memory or swap space
#   Check if swap backing store is full
#   Decrease Java heap size (-Xmx/-Xms)
#   Decrease number of Java threads
#   Decrease Java thread stack sizes (-Xss)
#   Set larger code cache with -XX:ReservedCodeCacheSize=
#   JVM is running with Unscaled Compressed Oops mode in which the Java heap is
#     placed in the first 4GB address space. The Java Heap base address is the
#     maximum limit for the native heap growth. Please use -XX:HeapBaseMinAddress
#     to set the Java Heap base and to place the Java Heap above 4GB virtual address.
# This output file may be truncated or incomplete.
#
#  Out of Memory Error (os_windows.cpp:3703), pid=12764, tid=16444
#
# JRE version:  (23.0+37) (build )
# Java VM: Java HotSpot(TM) 64-Bit Server VM (23+37-2369, mixed mode, sharing, tiered, compressed oops, compressed class ptrs, g1 gc, windows-amd64)
# No core dump will be written. Minidumps are not enabled by default on client versions of Windows
#

---------------  S U M M A R Y ------------

Command Line: -javaagent:E:\Downloads\ideaIC-2024.3.1.win\lib\idea_rt.jar=57474:E:\Downloads\ideaIC-2024.3.1.win\bin -Dfile.encoding=UTF-8 -Dsun.stdout.encoding=UTF-8 -Dsun.stderr.encoding=UTF-8 Views.LoginSignUp

Host: Intel(R) Core(TM) i3-6100U CPU @ 2.30GHz, 4 cores, 7G,  Windows 10 , 64 bit Build 19041 (10.0.19041.5198)
Time: Fri Jan 10 22:08:47 2025 Morocco Summer Time elapsed time: 0.045430 seconds (0d 0h 0m 0s)

---------------  T H R E A D  ---------------

Current thread (0x000001ccd52f1bd0):  JavaThread "Unknown thread" [_thread_in_vm, id=16444, stack(0x0000007e82f00000,0x0000007e83000000) (1024K)]

Stack: [0x0000007e82f00000,0x0000007e83000000]
Native frames: (J=compiled Java code, j=interpreted, Vv=VM code, C=native code)
V  [jvm.dll+0x6e08a9]  (no source info available)
V  [jvm.dll+0x87da63]  (no source info available)
V  [jvm.dll+0x87feee]  (no source info available)
V  [jvm.dll+0x8805c3]  (no source info available)
V  [jvm.dll+0x27aee6]  (no source info available)
V  [jvm.dll+0x6dd1b5]  (no source info available)
V  [jvm.dll+0x6d103a]  (no source info available)
V  [jvm.dll+0x35b3ea]  (no source info available)
V  [jvm.dll+0x3637f6]  (no source info available)
V  [jvm.dll+0x34fd5e]  (no source info available)
V  [jvm.dll+0x34fff8]  (no source info available)
V  [jvm.dll+0x3289cc]  (no source info available)
V  [jvm.dll+0x32966e]  (no source info available)
V  [jvm.dll+0x8442e5]  (no source info available)
V  [jvm.dll+0x3b9848]  (no source info available)
V  [jvm.dll+0x82d0dc]  (no source info available)
V  [jvm.dll+0x454d4e]  (no source info available)
V  [jvm.dll+0x456bd1]  (no source info available)
C  [jli.dll+0x52a3]  (no source info available)
C  [ucrtbase.dll+0x21bb2]  (no source info available)
C  [KERNEL32.DLL+0x17374]  (no source info available)
C  [ntdll.dll+0x4cc91]  (no source info available)

Lock stack of current Java thread (top to bottom):


---------------  P R O C E S S  ---------------

Threads class SMR info:
_java_thread_list=0x00007fff75633618, length=0, elements={
}

Java Threads: ( => current thread )
Total: 0

Other Threads:
  0x000001ccd756d7a0 WorkerThread "GC Thread#0"                     [id=3776, stack(0x0000007e83000000,0x0000007e83100000) (1024K)]
  0x000001ccd53bdec0 ConcurrentGCThread "G1 Main Marker"            [id=15732, stack(0x0000007e83100000,0x0000007e83200000) (1024K)]
  0x000001ccd53be9d0 WorkerThread "G1 Conc#0"                       [id=14736, stack(0x0000007e83200000,0x0000007e83300000) (1024K)]

[error occurred during error reporting (printing all threads), id 0xc0000005, EXCEPTION_ACCESS_VIOLATION (0xc0000005) at pc=0x00007fff74d7bfba]
VM state: not at safepoint (not fully initialized)

VM Mutex/Monitor currently owned by a thread:  ([mutex/lock_event])
[0x00007fff756b3a10] Heap_lock - owner thread: 0x000001ccd52f1bd0

Heap address: 0x0000000081c00000, size: 2020 MB, Compressed Oops mode: 32-bit

CDS archive(s) mapped at: [0x0000000000000000-0x0000000000000000-0x0000000000000000), size 0, SharedBaseAddress: 0x0000000800000000, ArchiveRelocationMode: 1.
Narrow klass base: 0x0000000000000000, Narrow klass shift: 0, Narrow klass range: 0x0

GC Precious Log:
 CardTable entry size: 512
 Card Set container configuration: InlinePtr #cards 5 size 8 Array Of Cards #cards 10 size 36 Howl #buckets 4 coarsen threshold 1843 Howl Bitmap #cards 512 size 80 coarsen threshold 460 Card regions per heap region 1 cards per card region 2048

Heap:
 garbage-first heap   total reserved 2068480K, committed 0K, used 0K [0x0000000081c00000, 0x0000000100000000)
  region size 1024K, 0 young (0K), 0 survivors (0K)

[error occurred during error reporting (printing heap information), id 0xc0000005, EXCEPTION_ACCESS_VIOLATION (0xc0000005) at pc=0x00007fff7517c3b9]
GC Heap History (0 events):
No events

Dll operation events (1 events):
Event: 0.037 Loaded shared library C:\Program Files\Java\jdk-23\bin\java.dll

Deoptimization events (0 events):
No events

Classes loaded (0 events):
No events

Classes unloaded (0 events):
No events

Classes redefined (0 events):
No events

Internal exceptions (0 events):
No events

VM Operations (0 events):
No events

Memory protections (0 events):
No events

Nmethod flushes (0 events):
No events

Events (0 events):
No events


Dynamic libraries:
0x00007ff783ff0000 - 0x00007ff784000000 	C:\Program Files\Java\jdk-23\bin\java.exe
0x00007fffcf750000 - 0x00007fffcf948000 	C:\WINDOWS\SYSTEM32\ntdll.dll
0x00007fffcdba0000 - 0x00007fffcdc62000 	C:\WINDOWS\System32\KERNEL32.DLL
0x00007fffccf50000 - 0x00007fffcd24e000 	C:\WINDOWS\System32\KERNELBASE.dll
0x00007fffcd4a0000 - 0x00007fffcd5a0000 	C:\WINDOWS\System32\ucrtbase.dll
0x00007fffa7130000 - 0x00007fffa714b000 	C:\Program Files\Java\jdk-23\bin\VCRUNTIME140.dll
0x00007fffa2b20000 - 0x00007fffa2b37000 	C:\Program Files\Java\jdk-23\bin\jli.dll
0x00007fffce0e0000 - 0x00007fffce27d000 	C:\WINDOWS\System32\USER32.dll
0x00007fffcce90000 - 0x00007fffcceb2000 	C:\WINDOWS\System32\win32u.dll
0x00007fffcdb70000 - 0x00007fffcdb9b000 	C:\WINDOWS\System32\GDI32.dll
0x00007fffcd5a0000 - 0x00007fffcd6b7000 	C:\WINDOWS\System32\gdi32full.dll
0x00007fffcd250000 - 0x00007fffcd2ed000 	C:\WINDOWS\System32\msvcp_win.dll
0x00007fffb8c80000 - 0x00007fffb8f1a000 	C:\WINDOWS\WinSxS\amd64_microsoft.windows.common-controls_6595b64144ccf1df_6.0.19041.4355_none_60b8b9eb71f62e16\COMCTL32.dll
0x00007fffcd900000 - 0x00007fffcd99e000 	C:\WINDOWS\System32\msvcrt.dll
0x00007fffcf1d0000 - 0x00007fffcf1ff000 	C:\WINDOWS\System32\IMM32.DLL
0x00007fffbae40000 - 0x00007fffbae4c000 	C:\Program Files\Java\jdk-23\bin\vcruntime140_1.dll
0x00007fff93b10000 - 0x00007fff93b9e000 	C:\Program Files\Java\jdk-23\bin\msvcp140.dll
0x00007fff74a40000 - 0x00007fff7578f000 	C:\Program Files\Java\jdk-23\bin\server\jvm.dll
0x00007fffcdd90000 - 0x00007fffcde41000 	C:\WINDOWS\System32\ADVAPI32.dll
0x00007fffcf670000 - 0x00007fffcf70f000 	C:\WINDOWS\System32\sechost.dll
0x00007fffcde50000 - 0x00007fffcdf73000 	C:\WINDOWS\System32\RPCRT4.dll
0x00007fffccdf0000 - 0x00007fffcce17000 	C:\WINDOWS\System32\bcrypt.dll
0x00007fffcdfe0000 - 0x00007fffce04b000 	C:\WINDOWS\System32\WS2_32.dll
0x00007fffccc40000 - 0x00007fffccc8b000 	C:\WINDOWS\SYSTEM32\POWRPROF.dll
0x00007fffbc050000 - 0x00007fffbc077000 	C:\WINDOWS\SYSTEM32\WINMM.dll
0x00007fffc3fb0000 - 0x00007fffc3fba000 	C:\WINDOWS\SYSTEM32\VERSION.dll
0x00007fffccc20000 - 0x00007fffccc32000 	C:\WINDOWS\SYSTEM32\UMPDC.dll
0x00007fffcac30000 - 0x00007fffcac42000 	C:\WINDOWS\SYSTEM32\kernel.appcore.dll
0x00007fffb6820000 - 0x00007fffb682a000 	C:\Program Files\Java\jdk-23\bin\jimage.dll
0x00007fffc4c50000 - 0x00007fffc4e34000 	C:\WINDOWS\SYSTEM32\DBGHELP.DLL
0x00007fffbb730000 - 0x00007fffbb764000 	C:\WINDOWS\SYSTEM32\dbgcore.DLL
0x00007fffccec0000 - 0x00007fffccf42000 	C:\WINDOWS\System32\bcryptPrimitives.dll
0x00007fffab450000 - 0x00007fffab45f000 	C:\Program Files\Java\jdk-23\bin\instrument.dll
0x00007fffa26d0000 - 0x00007fffa26ee000 	C:\Program Files\Java\jdk-23\bin\java.dll
0x00007fffcd7d0000 - 0x00007fffcd8fb000 	C:\WINDOWS\System32\ole32.dll
0x00007fffceb00000 - 0x00007fffcee53000 	C:\WINDOWS\System32\combase.dll
0x00007fffce330000 - 0x00007fffcea9d000 	C:\WINDOWS\System32\SHELL32.dll

dbghelp: loaded successfully - version: 4.0.5 - missing functions: none
symbol engine: initialized successfully - sym options: 0x614 - pdb path: .;C:\Program Files\Java\jdk-23\bin;C:\WINDOWS\SYSTEM32;C:\WINDOWS\WinSxS\amd64_microsoft.windows.common-controls_6595b64144ccf1df_6.0.19041.4355_none_60b8b9eb71f62e16;C:\Program Files\Java\jdk-23\bin\server

VM Arguments:
jvm_args: -javaagent:E:\Downloads\ideaIC-2024.3.1.win\lib\idea_rt.jar=57474:E:\Downloads\ideaIC-2024.3.1.win\bin -Dfile.encoding=UTF-8 -Dsun.stdout.encoding=UTF-8 -Dsun.stderr.encoding=UTF-8 
java_command: Views.LoginSignUp
java_class_path (initial): E:\users\Desktop\care_plant\out\production\care_plant;E:\users\Desktop\java libs\jbcrypt-0.4 (1).jar;E:\users\Desktop\java libs\junit-4.12.jar;E:\users\Desktop\java libs\mysql-connector-j-9.1.0\mysql-connector-j-9.1.0\mysql-connector-j-9.1.0.jar;C:\Users\pc\.m2\repository\org\junit\jupiter\junit-jupiter\5.8.1\junit-jupiter-5.8.1.jar;C:\Users\pc\.m2\repository\org\junit\jupiter\junit-jupiter-api\5.8.1\junit-jupiter-api-5.8.1.jar;C:\Users\pc\.m2\repository\org\opentest4j\opentest4j\1.2.0\opentest4j-1.2.0.jar;C:\Users\pc\.m2\repository\org\junit\platform\junit-platform-commons\1.8.1\junit-platform-commons-1.8.1.jar;C:\Users\pc\.m2\repository\org\apiguardian\apiguardian-api\1.1.2\apiguardian-api-1.1.2.jar;C:\Users\pc\.m2\repository\org\junit\jupiter\junit-jupiter-params\5.8.1\junit-jupiter-params-5.8.1.jar;C:\Users\pc\.m2\repository\org\junit\jupiter\junit-jupiter-engine\5.8.1\junit-jupiter-engine-5.8.1.jar;C:\Users\pc\.m2\repository\org\junit\platform\junit-platform-engine\1.8.1\junit-platform-engine-1.8.1.jar
Launcher Type: SUN_STANDARD

[Global flags]
     intx CICompilerCount                          = 3                                         {product} {ergonomic}
     uint ConcGCThreads                            = 1                                         {product} {ergonomic}
     uint G1ConcRefinementThreads                  = 4                                         {product} {ergonomic}
   size_t G1HeapRegionSize                         = 1048576                                   {product} {ergonomic}
   size_t InitialHeapSize                          = 134217728                                 {product} {ergonomic}
   size_t MarkStackSize                            = 4194304                                   {product} {ergonomic}
   size_t MarkStackSizeMax                         = 536870912                                 {product} {ergonomic}
   size_t MaxHeapSize                              = 2118123520                                {product} {ergonomic}
   size_t MinHeapDeltaBytes                        = 1048576                                   {product} {ergonomic}
   size_t MinHeapSize                              = 8388608                                   {product} {ergonomic}
    uintx NonNMethodCodeHeapSize                   = 5832704                                {pd product} {ergonomic}
    uintx NonProfiledCodeHeapSize                  = 122945536                              {pd product} {ergonomic}
    uintx ProfiledCodeHeapSize                     = 122880000                              {pd product} {ergonomic}
    uintx ReservedCodeCacheSize                    = 251658240                              {pd product} {ergonomic}
     bool SegmentedCodeCache                       = true                                      {product} {ergonomic}
   size_t SoftMaxHeapSize                          = 2118123520                             {manageable} {ergonomic}
     bool UseCompressedOops                        = true                           {product lp64_product} {ergonomic}
     bool UseG1GC                                  = true                                      {product} {ergonomic}
     bool UseLargePagesIndividualAllocation        = false                                  {pd product} {ergonomic}

Logging:
Log output configuration:
 #0: stdout all=warning uptime,level,tags foldmultilines=false
 #1: stderr all=off uptime,level,tags foldmultilines=false

Environment Variables:
PATH=C:\Program Files\Common Files\Oracle\Java\javapath;C:\WINDOWS\system32;C:\WINDOWS;C:\WINDOWS\System32\Wbem;C:\WINDOWS\System32\WindowsPowerShell\v1.0\;C:\WINDOWS\System32\OpenSSH\;C:\MinGW\bin;C:\Program Files\Git\cmd;C:\MinGW\bin;C:\Program Files\nodejs\;C:\flutter_windows_3.24.3-stable\flutter\bin;C:\Program Files\MongoDB\Server\8.0\bin;C:\Program Files\MySQL\MySQL Server 8.0\bin;C:\Program Files\CMake\bin;C:\Users\pc\AppData\Local\Programs\Python\Python312\Scripts\;C:\Users\pc\AppData\Local\Programs\Python\Python312\;C:\Users\pc\AppData\Local\Programs\Python\Launcher\;C:\Users\pc\AppData\Local\Microsoft\WindowsApps;C:\Program Files\JetBrains\PyCharm Community Edition 2023.2.3\bin;;C:\MinGW\bin;E:\web dev course\Microsoft VS Code\bin;C:\Users\pc\AppData\Roaming\npm;E:\IntelliJ IDEA 2024.2.3\bin;
USERNAME=pc
OS=Windows_NT
PROCESSOR_IDENTIFIER=Intel64 Family 6 Model 78 Stepping 3, GenuineIntel
TMP=C:\Users\pc\AppData\Local\Temp
TEMP=C:\Users\pc\AppData\Local\Temp




Periodic native trim disabled

---------------  S Y S T E M  ---------------

OS:
 Windows 10 , 64 bit Build 19041 (10.0.19041.5198)
OS uptime: 0 days 5:08 hours
Hyper-V role detected

CPU: total 4 (initial active 4) (2 cores per cpu, 2 threads per core) family 6 model 78 stepping 3 microcode 0xcc, cx8, cmov, fxsr, ht, mmx, 3dnowpref, sse, sse2, sse3, ssse3, sse4.1, sse4.2, popcnt, lzcnt, tsc, tscinvbit, avx, avx2, aes, erms, clmul, bmi1, bmi2, rtm, adx, fma, vzeroupper, clflush, clflushopt, hv, rdtscp, f16c
Processor Information for processor 0
  Max Mhz: 2304, Current Mhz: 2304, Mhz Limit: 2304
Processor Information for processor 1
  Max Mhz: 2304, Current Mhz: 2304, Mhz Limit: 2304
Processor Information for processor 2
  Max Mhz: 2304, Current Mhz: 2304, Mhz Limit: 2304
Processor Information for processor 3
  Max Mhz: 2304, Current Mhz: 1402, Mhz Limit: 2304

Memory: 4k page, system-wide physical 8072M (499M free)
TotalPageFile size 10120M (AvailPageFile size 92M)
current process WorkingSet (physical memory assigned to process): 11M, peak: 11M
current process commit charge ("private bytes"): 52M, peak: 180M

vm_info: Java HotSpot(TM) 64-Bit Server VM (23+37-2369) for windows-amd64 JRE (23+37-2369), built on 2024-08-20T16:01:23Z with MS VC++ 17.6 (VS2022)

END.
