#
# There is insufficient memory for the Java Runtime Environment to continue.
# Native memory allocation (malloc) failed to allocate 532944 bytes. Error detail: Chunk::new
# Possible reasons:
#   The system is out of physical RAM or swap space
#   This process is running with CompressedOops enabled, and the Java Heap may be blocking the growth of the native heap
# Possible solutions:
#   Reduce memory load on the system
#   Increase physical memory or swap space
#   Check if swap backing store is full
#   Decrease Java heap size (-Xmx/-Xms)
#   Decrease number of Java threads
#   Decrease Java thread stack sizes (-Xss)
#   Set larger code cache with -XX:ReservedCodeCacheSize=
#   JVM is running with Unscaled Compressed Oops mode in which the Java heap is
#     placed in the first 4GB address space. The Java Heap base address is the
#     maximum limit for the native heap growth. Please use -XX:HeapBaseMinAddress
#     to set the Java Heap base and to place the Java Heap above 4GB virtual address.
# This output file may be truncated or incomplete.
#
#  Out of Memory Error (arena.cpp:149), pid=10592, tid=10292
#
# JRE version: Java(TM) SE Runtime Environment (23.0+37) (build 23+37-2369)
# Java VM: Java HotSpot(TM) 64-Bit Server VM (23+37-2369, mixed mode, sharing, tiered, compressed oops, compressed class ptrs, g1 gc, windows-amd64)
# No core dump will be written. Minidumps are not enabled by default on client versions of Windows
#

---------------  S U M M A R Y ------------

Command Line: -javaagent:E:\Downloads\ideaIC-2024.3.1.win\lib\idea_rt.jar=51247:E:\Downloads\ideaIC-2024.3.1.win\bin -Dfile.encoding=UTF-8 -Dsun.stdout.encoding=UTF-8 -Dsun.stderr.encoding=UTF-8 Views.SignUP

Host: Intel(R) Core(TM) i3-6100U CPU @ 2.30GHz, 4 cores, 7G,  Windows 10 , 64 bit Build 19041 (10.0.19041.5198)
Time: Sat Jan 11 03:14:10 2025 Morocco Summer Time elapsed time: 1.261091 seconds (0d 0h 0m 1s)

---------------  T H R E A D  ---------------

Current thread (0x000002527f9f94b0):  JavaThread "C2 CompilerThread0" daemon [_thread_in_native, id=10292, stack(0x000000c43e800000,0x000000c43e900000) (1024K)]


Current CompileTask:
C2:1261  699       4       sun.awt.image.PNGImageDecoder::filterRow (460 bytes)

Stack: [0x000000c43e800000,0x000000c43e900000]
Native frames: (J=compiled Java code, j=interpreted, Vv=VM code, C=native code)
V  [jvm.dll+0x6e08a9]  (no source info available)
V  [jvm.dll+0x87da63]  (no source info available)
V  [jvm.dll+0x87feee]  (no source info available)
V  [jvm.dll+0x8805c3]  (no source info available)
V  [jvm.dll+0x27aee6]  (no source info available)
V  [jvm.dll+0xbc06f]  (no source info available)
V  [jvm.dll+0xbc2cb]  (no source info available)
V  [jvm.dll+0x3b3a9c]  (no source info available)
V  [jvm.dll+0x38a42b]  (no source info available)
V  [jvm.dll+0x38989a]  (no source info available)
V  [jvm.dll+0x244aa1]  (no source info available)
V  [jvm.dll+0x243dff]  (no source info available)
V  [jvm.dll+0x1c33a0]  (no source info available)
V  [jvm.dll+0x253cf1]  (no source info available)
V  [jvm.dll+0x251faa]  (no source info available)
V  [jvm.dll+0x3ee036]  (no source info available)
V  [jvm.dll+0x824f1b]  (no source info available)
V  [jvm.dll+0x6df055]  (no source info available)
C  [ucrtbase.dll+0x21bb2]  (no source info available)
C  [KERNEL32.DLL+0x17374]  (no source info available)
C  [ntdll.dll+0x4cc91]  (no source info available)

Lock stack of current Java thread (top to bottom):


---------------  P R O C E S S  ---------------

Threads class SMR info:
_java_thread_list=0x00000252493c0450, length=16, elements={
0x0000025265191e60, 0x000002527f9ced80, 0x000002527f9d0d00, 0x000002527f9d2cd0,
0x000002527f9d5740, 0x000002527f9d61a0, 0x000002527f9d7f70, 0x000002527f9f94b0,
0x000002527fa05310, 0x00000252490b3980, 0x00000252490b1220, 0x00000252490b32f0,
0x00000252490b18b0, 0x00000252490b4010, 0x00000252490b46a0, 0x00000252490b1f40
}

Java Threads: ( => current thread )
  0x0000025265191e60 JavaThread "main"                              [_thread_blocked, id=15584, stack(0x000000c43da00000,0x000000c43db00000) (1024K)]
  0x000002527f9ced80 JavaThread "Reference Handler"          daemon [_thread_blocked, id=5708, stack(0x000000c43e200000,0x000000c43e300000) (1024K)]
  0x000002527f9d0d00 JavaThread "Finalizer"                  daemon [_thread_blocked, id=1956, stack(0x000000c43e300000,0x000000c43e400000) (1024K)]
  0x000002527f9d2cd0 JavaThread "Signal Dispatcher"          daemon [_thread_blocked, id=15940, stack(0x000000c43e400000,0x000000c43e500000) (1024K)]
  0x000002527f9d5740 JavaThread "Attach Listener"            daemon [_thread_blocked, id=10632, stack(0x000000c43e500000,0x000000c43e600000) (1024K)]
  0x000002527f9d61a0 JavaThread "Service Thread"             daemon [_thread_blocked, id=1528, stack(0x000000c43e600000,0x000000c43e700000) (1024K)]
  0x000002527f9d7f70 JavaThread "Monitor Deflation Thread"   daemon [_thread_blocked, id=13552, stack(0x000000c43e700000,0x000000c43e800000) (1024K)]
=>0x000002527f9f94b0 JavaThread "C2 CompilerThread0"         daemon [_thread_in_native, id=10292, stack(0x000000c43e800000,0x000000c43e900000) (1024K)]
  0x000002527fa05310 JavaThread "C1 CompilerThread0"         daemon [_thread_blocked, id=13040, stack(0x000000c43e900000,0x000000c43ea00000) (1024K)]
  0x00000252490b3980 JavaThread "Common-Cleaner"             daemon [_thread_blocked, id=10000, stack(0x000000c43ea00000,0x000000c43eb00000) (1024K)]
  0x00000252490b1220 JavaThread "Monitor Ctrl-Break"         daemon [_thread_in_native, id=8692, stack(0x000000c43eb00000,0x000000c43ec00000) (1024K)]
  0x00000252490b32f0 JavaThread "Notification Thread"        daemon [_thread_blocked, id=8448, stack(0x000000c43ec00000,0x000000c43ed00000) (1024K)]
  0x00000252490b18b0 JavaThread "Java2D Disposer"            daemon [_thread_blocked, id=10232, stack(0x000000c43ee00000,0x000000c43ef00000) (1024K)]
  0x00000252490b4010 JavaThread "AWT-Shutdown"                      [_thread_blocked, id=14540, stack(0x000000c43ef00000,0x000000c43f000000) (1024K)]
  0x00000252490b46a0 JavaThread "AWT-Windows"                daemon [_thread_in_native, id=8160, stack(0x000000c43f000000,0x000000c43f100000) (1024K)]
  0x00000252490b1f40 JavaThread "Image Fetcher 0"            daemon [_thread_in_Java, id=8044, stack(0x000000c43f100000,0x000000c43f200000) (1024K)]
Total: 16

Other Threads:
  0x000002527f9b40e0 VMThread "VM Thread"                           [id=6436, stack(0x000000c43e100000,0x000000c43e200000) (1024K)]
  0x000002527f9a2600 WatcherThread "VM Periodic Task Thread"        [id=9816, stack(0x000000c43e000000,0x000000c43e100000) (1024K)]
  0x0000025267515910 WorkerThread "GC Thread#0"                     [id=10572, stack(0x000000c43db00000,0x000000c43dc00000) (1024K)]
  0x0000025249ec7940 WorkerThread "GC Thread#1"                     [id=16068, stack(0x000000c43f200000,0x000000c43f300000) (1024K)]
  0x0000025249ec7cf0 WorkerThread "GC Thread#2"                     [id=9868, stack(0x000000c43f300000,0x000000c43f400000) (1024K)]
  0x0000025249ec80a0 WorkerThread "GC Thread#3"                     [id=9384, stack(0x000000c43f400000,0x000000c43f500000) (1024K)]
  0x000002526752a500 ConcurrentGCThread "G1 Main Marker"            [id=6996, stack(0x000000c43dc00000,0x000000c43dd00000) (1024K)]
  0x000002526752b1c0 WorkerThread "G1 Conc#0"                       [id=584, stack(0x000000c43dd00000,0x000000c43de00000) (1024K)]
  0x000002526758e010 ConcurrentGCThread "G1 Refine#0"               [id=9112, stack(0x000000c43de00000,0x000000c43df00000) (1024K)]
  0x000002526758eb90 ConcurrentGCThread "G1 Service"                [id=3404, stack(0x000000c43df00000,0x000000c43e000000) (1024K)]
Total: 10

Threads with active compile tasks:
C2 CompilerThread0  1453  699       4       sun.awt.image.PNGImageDecoder::filterRow (460 bytes)
Total: 1

VM state: not at safepoint (normal execution)

VM Mutex/Monitor currently owned by a thread: None

Heap address: 0x0000000081c00000, size: 2020 MB, Compressed Oops mode: 32-bit

CDS archive(s) mapped at: [0x0000025204000000-0x0000025204d70000-0x0000025204d70000), size 14090240, SharedBaseAddress: 0x0000025204000000, ArchiveRelocationMode: 1.
Compressed class space mapped at: 0x0000025205000000-0x0000025245000000, reserved size: 1073741824
Narrow klass base: 0x0000025204000000, Narrow klass shift: 0, Narrow klass range: 0x41000000

GC Precious Log:
 CardTable entry size: 512
 Card Set container configuration: InlinePtr #cards 5 size 8 Array Of Cards #cards 10 size 36 Howl #buckets 4 coarsen threshold 1843 Howl Bitmap #cards 512 size 80 coarsen threshold 460 Card regions per heap region 1 cards per card region 2048
 CPUs: 4 total, 4 available
 Memory: 8072M
 Large Page Support: Disabled
 NUMA Support: Disabled
 Compressed Oops: Enabled (32-bit)
 Heap Region Size: 1M
 Heap Min Capacity: 8M
 Heap Initial Capacity: 128M
 Heap Max Capacity: 2020M
 Pre-touch: Disabled
 Parallel Workers: 4
 Concurrent Workers: 1
 Concurrent Refinement Workers: 4
 Periodic GC: Disabled

Heap:
 garbage-first heap   total reserved 2068480K, committed 131072K, used 92370K [0x0000000081c00000, 0x0000000100000000)
  region size 1024K, 7 young (7168K), 1 survivors (1024K)
 Metaspace       used 6237K, committed 6464K, reserved 1114112K
  class space    used 719K, committed 832K, reserved 1048576K

Heap Regions: E=young(eden), S=young(survivor), O=old, HS=humongous(starts), HC=humongous(continues), CS=collection set, F=free, TAMS=top-at-mark-start, PB=parsable bottom
|   0|0x0000000081c00000, 0x0000000081d00000, 0x0000000081d00000|100%|HS|  |TAMS 0x0000000081c00000| PB 0x0000000081c00000| Complete |  0
|   1|0x0000000081d00000, 0x0000000081e00000, 0x0000000081e00000|100%|HC|  |TAMS 0x0000000081d00000| PB 0x0000000081d00000| Complete |  0
|   2|0x0000000081e00000, 0x0000000081f00000, 0x0000000081f00000|100%|HC|  |TAMS 0x0000000081e00000| PB 0x0000000081e00000| Complete |  0
|   3|0x0000000081f00000, 0x0000000082000000, 0x0000000082000000|100%|HC|  |TAMS 0x0000000081f00000| PB 0x0000000081f00000| Complete |  0
|   4|0x0000000082000000, 0x0000000082100000, 0x0000000082100000|100%|HC|  |TAMS 0x0000000082000000| PB 0x0000000082000000| Complete |  0
|   5|0x0000000082100000, 0x0000000082200000, 0x0000000082200000|100%|HC|  |TAMS 0x0000000082100000| PB 0x0000000082100000| Complete |  0
|   6|0x0000000082200000, 0x0000000082300000, 0x0000000082300000|100%|HC|  |TAMS 0x0000000082200000| PB 0x0000000082200000| Complete |  0
|   7|0x0000000082300000, 0x0000000082400000, 0x0000000082400000|100%|HC|  |TAMS 0x0000000082300000| PB 0x0000000082300000| Complete |  0
|   8|0x0000000082400000, 0x0000000082500000, 0x0000000082500000|100%|HC|  |TAMS 0x0000000082400000| PB 0x0000000082400000| Complete |  0
|   9|0x0000000082500000, 0x0000000082600000, 0x0000000082600000|100%|HC|  |TAMS 0x0000000082500000| PB 0x0000000082500000| Complete |  0
|  10|0x0000000082600000, 0x0000000082700000, 0x0000000082700000|100%|HC|  |TAMS 0x0000000082600000| PB 0x0000000082600000| Complete |  0
|  11|0x0000000082700000, 0x0000000082800000, 0x0000000082800000|100%|HC|  |TAMS 0x0000000082700000| PB 0x0000000082700000| Complete |  0
|  12|0x0000000082800000, 0x0000000082900000, 0x0000000082900000|100%|HC|  |TAMS 0x0000000082800000| PB 0x0000000082800000| Complete |  0
|  13|0x0000000082900000, 0x0000000082a00000, 0x0000000082a00000|100%|HC|  |TAMS 0x0000000082900000| PB 0x0000000082900000| Complete |  0
|  14|0x0000000082a00000, 0x0000000082b00000, 0x0000000082b00000|100%|HC|  |TAMS 0x0000000082a00000| PB 0x0000000082a00000| Complete |  0
|  15|0x0000000082b00000, 0x0000000082c00000, 0x0000000082c00000|100%|HC|  |TAMS 0x0000000082b00000| PB 0x0000000082b00000| Complete |  0
|  16|0x0000000082c00000, 0x0000000082d00000, 0x0000000082d00000|100%|HC|  |TAMS 0x0000000082c00000| PB 0x0000000082c00000| Complete |  0
|  17|0x0000000082d00000, 0x0000000082e00000, 0x0000000082e00000|100%|HC|  |TAMS 0x0000000082d00000| PB 0x0000000082d00000| Complete |  0
|  18|0x0000000082e00000, 0x0000000082f00000, 0x0000000082f00000|100%|HC|  |TAMS 0x0000000082e00000| PB 0x0000000082e00000| Complete |  0
|  19|0x0000000082f00000, 0x0000000083000000, 0x0000000083000000|100%|HC|  |TAMS 0x0000000082f00000| PB 0x0000000082f00000| Complete |  0
|  20|0x0000000083000000, 0x0000000083100000, 0x0000000083100000|100%|HC|  |TAMS 0x0000000083000000| PB 0x0000000083000000| Complete |  0
|  21|0x0000000083100000, 0x0000000083200000, 0x0000000083200000|100%|HC|  |TAMS 0x0000000083100000| PB 0x0000000083100000| Complete |  0
|  22|0x0000000083200000, 0x0000000083300000, 0x0000000083300000|100%|HC|  |TAMS 0x0000000083200000| PB 0x0000000083200000| Complete |  0
|  23|0x0000000083300000, 0x0000000083400000, 0x0000000083400000|100%|HC|  |TAMS 0x0000000083300000| PB 0x0000000083300000| Complete |  0
|  24|0x0000000083400000, 0x0000000083500000, 0x0000000083500000|100%|HC|  |TAMS 0x0000000083400000| PB 0x0000000083400000| Complete |  0
|  25|0x0000000083500000, 0x0000000083600000, 0x0000000083600000|100%|HC|  |TAMS 0x0000000083500000| PB 0x0000000083500000| Complete |  0
|  26|0x0000000083600000, 0x0000000083700000, 0x0000000083700000|100%|HC|  |TAMS 0x0000000083600000| PB 0x0000000083600000| Complete |  0
|  27|0x0000000083700000, 0x0000000083800000, 0x0000000083800000|100%|HC|  |TAMS 0x0000000083700000| PB 0x0000000083700000| Complete |  0
|  28|0x0000000083800000, 0x0000000083900000, 0x0000000083900000|100%|HC|  |TAMS 0x0000000083800000| PB 0x0000000083800000| Complete |  0
|  29|0x0000000083900000, 0x0000000083a00000, 0x0000000083a00000|100%|HC|  |TAMS 0x0000000083900000| PB 0x0000000083900000| Complete |  0
|  30|0x0000000083a00000, 0x0000000083b00000, 0x0000000083b00000|100%|HC|  |TAMS 0x0000000083a00000| PB 0x0000000083a00000| Complete |  0
|  31|0x0000000083b00000, 0x0000000083c00000, 0x0000000083c00000|100%|HC|  |TAMS 0x0000000083b00000| PB 0x0000000083b00000| Complete |  0
|  32|0x0000000083c00000, 0x0000000083d00000, 0x0000000083d00000|100%|HC|  |TAMS 0x0000000083c00000| PB 0x0000000083c00000| Complete |  0
|  33|0x0000000083d00000, 0x0000000083e00000, 0x0000000083e00000|100%|HC|  |TAMS 0x0000000083d00000| PB 0x0000000083d00000| Complete |  0
|  34|0x0000000083e00000, 0x0000000083f00000, 0x0000000083f00000|100%|HC|  |TAMS 0x0000000083e00000| PB 0x0000000083e00000| Complete |  0
|  35|0x0000000083f00000, 0x0000000084000000, 0x0000000084000000|100%|HC|  |TAMS 0x0000000083f00000| PB 0x0000000083f00000| Complete |  0
|  36|0x0000000084000000, 0x0000000084100000, 0x0000000084100000|100%|HC|  |TAMS 0x0000000084000000| PB 0x0000000084000000| Complete |  0
|  37|0x0000000084100000, 0x0000000084200000, 0x0000000084200000|100%|HC|  |TAMS 0x0000000084100000| PB 0x0000000084100000| Complete |  0
|  38|0x0000000084200000, 0x0000000084300000, 0x0000000084300000|100%|HC|  |TAMS 0x0000000084200000| PB 0x0000000084200000| Complete |  0
|  39|0x0000000084300000, 0x0000000084400000, 0x0000000084400000|100%|HC|  |TAMS 0x0000000084300000| PB 0x0000000084300000| Complete |  0
|  40|0x0000000084400000, 0x0000000084500000, 0x0000000084500000|100%|HC|  |TAMS 0x0000000084400000| PB 0x0000000084400000| Complete |  0
|  41|0x0000000084500000, 0x0000000084600000, 0x0000000084600000|100%|HC|  |TAMS 0x0000000084500000| PB 0x0000000084500000| Complete |  0
|  42|0x0000000084600000, 0x0000000084700000, 0x0000000084700000|100%|HC|  |TAMS 0x0000000084600000| PB 0x0000000084600000| Complete |  0
|  43|0x0000000084700000, 0x0000000084800000, 0x0000000084800000|100%|HC|  |TAMS 0x0000000084700000| PB 0x0000000084700000| Complete |  0
|  44|0x0000000084800000, 0x0000000084900000, 0x0000000084900000|100%|HC|  |TAMS 0x0000000084800000| PB 0x0000000084800000| Complete |  0
|  45|0x0000000084900000, 0x0000000084a00000, 0x0000000084a00000|100%|HC|  |TAMS 0x0000000084900000| PB 0x0000000084900000| Complete |  0
|  46|0x0000000084a00000, 0x0000000084b00000, 0x0000000084b00000|100%|HC|  |TAMS 0x0000000084a00000| PB 0x0000000084a00000| Complete |  0
|  47|0x0000000084b00000, 0x0000000084c00000, 0x0000000084c00000|100%|HC|  |TAMS 0x0000000084b00000| PB 0x0000000084b00000| Complete |  0
|  48|0x0000000084c00000, 0x0000000084d00000, 0x0000000084d00000|100%|HC|  |TAMS 0x0000000084c00000| PB 0x0000000084c00000| Complete |  0
|  49|0x0000000084d00000, 0x0000000084e00000, 0x0000000084e00000|100%|HC|  |TAMS 0x0000000084d00000| PB 0x0000000084d00000| Complete |  0
|  50|0x0000000084e00000, 0x0000000084f00000, 0x0000000084f00000|100%|HC|  |TAMS 0x0000000084e00000| PB 0x0000000084e00000| Complete |  0
|  51|0x0000000084f00000, 0x0000000085000000, 0x0000000085000000|100%|HC|  |TAMS 0x0000000084f00000| PB 0x0000000084f00000| Complete |  0
|  52|0x0000000085000000, 0x0000000085100000, 0x0000000085100000|100%|HC|  |TAMS 0x0000000085000000| PB 0x0000000085000000| Complete |  0
|  53|0x0000000085100000, 0x0000000085200000, 0x0000000085200000|100%|HC|  |TAMS 0x0000000085100000| PB 0x0000000085100000| Complete |  0
|  54|0x0000000085200000, 0x0000000085300000, 0x0000000085300000|100%|HC|  |TAMS 0x0000000085200000| PB 0x0000000085200000| Complete |  0
|  55|0x0000000085300000, 0x0000000085400000, 0x0000000085400000|100%|HC|  |TAMS 0x0000000085300000| PB 0x0000000085300000| Complete |  0
|  56|0x0000000085400000, 0x0000000085500000, 0x0000000085500000|100%|HC|  |TAMS 0x0000000085400000| PB 0x0000000085400000| Complete |  0
|  57|0x0000000085500000, 0x0000000085600000, 0x0000000085600000|100%|HC|  |TAMS 0x0000000085500000| PB 0x0000000085500000| Complete |  0
|  58|0x0000000085600000, 0x0000000085700000, 0x0000000085700000|100%|HC|  |TAMS 0x0000000085600000| PB 0x0000000085600000| Complete |  0
|  59|0x0000000085700000, 0x0000000085800000, 0x0000000085800000|100%|HC|  |TAMS 0x0000000085700000| PB 0x0000000085700000| Complete |  0
|  60|0x0000000085800000, 0x0000000085900000, 0x0000000085900000|100%|HC|  |TAMS 0x0000000085800000| PB 0x0000000085800000| Complete |  0
|  61|0x0000000085900000, 0x0000000085a00000, 0x0000000085a00000|100%|HC|  |TAMS 0x0000000085900000| PB 0x0000000085900000| Complete |  0
|  62|0x0000000085a00000, 0x0000000085b00000, 0x0000000085b00000|100%|HC|  |TAMS 0x0000000085a00000| PB 0x0000000085a00000| Complete |  0
|  63|0x0000000085b00000, 0x0000000085c00000, 0x0000000085c00000|100%|HC|  |TAMS 0x0000000085b00000| PB 0x0000000085b00000| Complete |  0
|  64|0x0000000085c00000, 0x0000000085d00000, 0x0000000085d00000|100%|HC|  |TAMS 0x0000000085c00000| PB 0x0000000085c00000| Complete |  0
|  65|0x0000000085d00000, 0x0000000085e00000, 0x0000000085e00000|100%|HC|  |TAMS 0x0000000085d00000| PB 0x0000000085d00000| Complete |  0
|  66|0x0000000085e00000, 0x0000000085f00000, 0x0000000085f00000|100%|HC|  |TAMS 0x0000000085e00000| PB 0x0000000085e00000| Complete |  0
|  67|0x0000000085f00000, 0x0000000086000000, 0x0000000086000000|100%|HC|  |TAMS 0x0000000085f00000| PB 0x0000000085f00000| Complete |  0
|  68|0x0000000086000000, 0x0000000086100000, 0x0000000086100000|100%|HC|  |TAMS 0x0000000086000000| PB 0x0000000086000000| Complete |  0
|  69|0x0000000086100000, 0x0000000086200000, 0x0000000086200000|100%|HC|  |TAMS 0x0000000086100000| PB 0x0000000086100000| Complete |  0
|  70|0x0000000086200000, 0x0000000086300000, 0x0000000086300000|100%|HC|  |TAMS 0x0000000086200000| PB 0x0000000086200000| Complete |  0
|  71|0x0000000086300000, 0x0000000086400000, 0x0000000086400000|100%|HC|  |TAMS 0x0000000086300000| PB 0x0000000086300000| Complete |  0
|  72|0x0000000086400000, 0x0000000086500000, 0x0000000086500000|100%|HC|  |TAMS 0x0000000086400000| PB 0x0000000086400000| Complete |  0
|  73|0x0000000086500000, 0x0000000086600000, 0x0000000086600000|100%|HC|  |TAMS 0x0000000086500000| PB 0x0000000086500000| Complete |  0
|  74|0x0000000086600000, 0x0000000086700000, 0x0000000086700000|100%|HC|  |TAMS 0x0000000086600000| PB 0x0000000086600000| Complete |  0
|  75|0x0000000086700000, 0x0000000086800000, 0x0000000086800000|100%|HC|  |TAMS 0x0000000086700000| PB 0x0000000086700000| Complete |  0
|  76|0x0000000086800000, 0x0000000086900000, 0x0000000086900000|100%|HC|  |TAMS 0x0000000086800000| PB 0x0000000086800000| Complete |  0
|  77|0x0000000086900000, 0x0000000086a00000, 0x0000000086a00000|100%|HC|  |TAMS 0x0000000086900000| PB 0x0000000086900000| Complete |  0
|  78|0x0000000086a00000, 0x0000000086b00000, 0x0000000086b00000|100%|HC|  |TAMS 0x0000000086a00000| PB 0x0000000086a00000| Complete |  0
|  79|0x0000000086b00000, 0x0000000086c00000, 0x0000000086c00000|100%|HC|  |TAMS 0x0000000086b00000| PB 0x0000000086b00000| Complete |  0
|  80|0x0000000086c00000, 0x0000000086d00000, 0x0000000086d00000|100%|HC|  |TAMS 0x0000000086c00000| PB 0x0000000086c00000| Complete |  0
|  81|0x0000000086d00000, 0x0000000086e00000, 0x0000000086e00000|100%|HC|  |TAMS 0x0000000086d00000| PB 0x0000000086d00000| Complete |  0
|  82|0x0000000086e00000, 0x0000000086f00000, 0x0000000086f00000|100%|HC|  |TAMS 0x0000000086e00000| PB 0x0000000086e00000| Complete |  0
|  83|0x0000000086f00000, 0x0000000087000000, 0x0000000087000000|100%|HC|  |TAMS 0x0000000086f00000| PB 0x0000000086f00000| Complete |  0
|  84|0x0000000087000000, 0x0000000087100000, 0x0000000087100000|100%| O|  |TAMS 0x0000000087000000| PB 0x0000000087000000| Untracked |  1
|  85|0x0000000087100000, 0x00000000871f4dc0, 0x0000000087200000| 95%| O|  |TAMS 0x0000000087100000| PB 0x0000000087100000| Untracked |  0
|  86|0x0000000087200000, 0x0000000087200000, 0x0000000087300000|  0%| F|  |TAMS 0x0000000087200000| PB 0x0000000087200000| Untracked |  0
|  87|0x0000000087300000, 0x0000000087300000, 0x0000000087400000|  0%| F|  |TAMS 0x0000000087300000| PB 0x0000000087300000| Untracked |  0
|  88|0x0000000087400000, 0x0000000087400000, 0x0000000087500000|  0%| F|  |TAMS 0x0000000087400000| PB 0x0000000087400000| Untracked |  0
|  89|0x0000000087500000, 0x0000000087500000, 0x0000000087600000|  0%| F|  |TAMS 0x0000000087500000| PB 0x0000000087500000| Untracked |  0
|  90|0x0000000087600000, 0x0000000087600000, 0x0000000087700000|  0%| F|  |TAMS 0x0000000087600000| PB 0x0000000087600000| Untracked |  0
|  91|0x0000000087700000, 0x0000000087700000, 0x0000000087800000|  0%| F|  |TAMS 0x0000000087700000| PB 0x0000000087700000| Untracked |  0
|  92|0x0000000087800000, 0x0000000087800000, 0x0000000087900000|  0%| F|  |TAMS 0x0000000087800000| PB 0x0000000087800000| Untracked |  0
|  93|0x0000000087900000, 0x0000000087900000, 0x0000000087a00000|  0%| F|  |TAMS 0x0000000087900000| PB 0x0000000087900000| Untracked |  0
|  94|0x0000000087a00000, 0x0000000087a00000, 0x0000000087b00000|  0%| F|  |TAMS 0x0000000087a00000| PB 0x0000000087a00000| Untracked |  0
|  95|0x0000000087b00000, 0x0000000087b00000, 0x0000000087c00000|  0%| F|  |TAMS 0x0000000087b00000| PB 0x0000000087b00000| Untracked |  0
|  96|0x0000000087c00000, 0x0000000087c00000, 0x0000000087d00000|  0%| F|  |TAMS 0x0000000087c00000| PB 0x0000000087c00000| Untracked |  0
|  97|0x0000000087d00000, 0x0000000087d00000, 0x0000000087e00000|  0%| F|  |TAMS 0x0000000087d00000| PB 0x0000000087d00000| Untracked |  0
|  98|0x0000000087e00000, 0x0000000087e00000, 0x0000000087f00000|  0%| F|  |TAMS 0x0000000087e00000| PB 0x0000000087e00000| Untracked |  0
|  99|0x0000000087f00000, 0x0000000087f00000, 0x0000000088000000|  0%| F|  |TAMS 0x0000000087f00000| PB 0x0000000087f00000| Untracked |  0
| 100|0x0000000088000000, 0x0000000088000000, 0x0000000088100000|  0%| F|  |TAMS 0x0000000088000000| PB 0x0000000088000000| Untracked |  0
| 101|0x0000000088100000, 0x0000000088100000, 0x0000000088200000|  0%| F|  |TAMS 0x0000000088100000| PB 0x0000000088100000| Untracked |  0
| 102|0x0000000088200000, 0x0000000088200000, 0x0000000088300000|  0%| F|  |TAMS 0x0000000088200000| PB 0x0000000088200000| Untracked |  0
| 103|0x0000000088300000, 0x0000000088300000, 0x0000000088400000|  0%| F|  |TAMS 0x0000000088300000| PB 0x0000000088300000| Untracked |  0
| 104|0x0000000088400000, 0x0000000088400000, 0x0000000088500000|  0%| F|  |TAMS 0x0000000088400000| PB 0x0000000088400000| Untracked |  0
| 105|0x0000000088500000, 0x0000000088500000, 0x0000000088600000|  0%| F|  |TAMS 0x0000000088500000| PB 0x0000000088500000| Untracked |  0
| 106|0x0000000088600000, 0x0000000088600000, 0x0000000088700000|  0%| F|  |TAMS 0x0000000088600000| PB 0x0000000088600000| Untracked |  0
| 107|0x0000000088700000, 0x0000000088700000, 0x0000000088800000|  0%| F|  |TAMS 0x0000000088700000| PB 0x0000000088700000| Untracked |  0
| 108|0x0000000088800000, 0x0000000088800000, 0x0000000088900000|  0%| F|  |TAMS 0x0000000088800000| PB 0x0000000088800000| Untracked |  0
| 109|0x0000000088900000, 0x0000000088900000, 0x0000000088a00000|  0%| F|  |TAMS 0x0000000088900000| PB 0x0000000088900000| Untracked |  0
| 110|0x0000000088a00000, 0x0000000088a00000, 0x0000000088b00000|  0%| F|  |TAMS 0x0000000088a00000| PB 0x0000000088a00000| Untracked |  0
| 111|0x0000000088b00000, 0x0000000088b00000, 0x0000000088c00000|  0%| F|  |TAMS 0x0000000088b00000| PB 0x0000000088b00000| Untracked |  0
| 112|0x0000000088c00000, 0x0000000088c00000, 0x0000000088d00000|  0%| F|  |TAMS 0x0000000088c00000| PB 0x0000000088c00000| Untracked |  0
| 113|0x0000000088d00000, 0x0000000088d3fd08, 0x0000000088e00000| 24%| S|CS|TAMS 0x0000000088d00000| PB 0x0000000088d00000| Complete |  0
| 114|0x0000000088e00000, 0x0000000088e00000, 0x0000000088f00000|  0%| F|  |TAMS 0x0000000088e00000| PB 0x0000000088e00000| Untracked |  0
| 115|0x0000000088f00000, 0x0000000088f00000, 0x0000000089000000|  0%| F|  |TAMS 0x0000000088f00000| PB 0x0000000088f00000| Untracked |  0
| 116|0x0000000089000000, 0x0000000089000000, 0x0000000089100000|  0%| F|  |TAMS 0x0000000089000000| PB 0x0000000089000000| Untracked |  0
| 117|0x0000000089100000, 0x0000000089100000, 0x0000000089200000|  0%| F|  |TAMS 0x0000000089100000| PB 0x0000000089100000| Untracked |  0
| 118|0x0000000089200000, 0x0000000089200000, 0x0000000089300000|  0%| F|  |TAMS 0x0000000089200000| PB 0x0000000089200000| Untracked |  0
| 119|0x0000000089300000, 0x0000000089300000, 0x0000000089400000|  0%| F|  |TAMS 0x0000000089300000| PB 0x0000000089300000| Untracked |  0
| 120|0x0000000089400000, 0x0000000089400000, 0x0000000089500000|  0%| F|  |TAMS 0x0000000089400000| PB 0x0000000089400000| Untracked |  0
| 121|0x0000000089500000, 0x0000000089500000, 0x0000000089600000|  0%| F|  |TAMS 0x0000000089500000| PB 0x0000000089500000| Untracked |  0
| 122|0x0000000089600000, 0x000000008967d648, 0x0000000089700000| 48%| E|  |TAMS 0x0000000089600000| PB 0x0000000089600000| Complete |  0
| 123|0x0000000089700000, 0x0000000089800000, 0x0000000089800000|100%| E|CS|TAMS 0x0000000089700000| PB 0x0000000089700000| Complete |  0
| 124|0x0000000089800000, 0x0000000089900000, 0x0000000089900000|100%| E|CS|TAMS 0x0000000089800000| PB 0x0000000089800000| Complete |  0
| 125|0x0000000089900000, 0x00000000899fca00, 0x0000000089a00000| 98%| E|  |TAMS 0x0000000089900000| PB 0x0000000089900000| Complete |  0
| 126|0x0000000089a00000, 0x0000000089b00000, 0x0000000089b00000|100%| E|CS|TAMS 0x0000000089a00000| PB 0x0000000089a00000| Complete |  0
| 127|0x0000000089b00000, 0x0000000089c00000, 0x0000000089c00000|100%| E|CS|TAMS 0x0000000089b00000| PB 0x0000000089b00000| Complete |  0

Card table byte_map: [0x000002527f000000,0x000002527f400000] _byte_map_base: 0x000002527ebf2000

Marking Bits: (CMBitMap*) 0x0000025267516020
 Bits: [0x0000025200000000, 0x0000025201f90000)

Polling page: 0x00000252653b0000

Metaspace:

Usage:
  Non-class:      5.39 MB used.
      Class:    719.53 KB used.
       Both:      6.09 MB used.

Virtual space:
  Non-class space:       64.00 MB reserved,       5.50 MB (  9%) committed,  1 nodes.
      Class space:        1.00 GB reserved,     832.00 KB ( <1%) committed,  1 nodes.
             Both:        1.06 GB reserved,       6.31 MB ( <1%) committed. 

Chunk freelists:
   Non-Class:  10.34 MB
       Class:  15.22 MB
        Both:  25.56 MB

MaxMetaspaceSize: unlimited
CompressedClassSpaceSize: 1.00 GB
Initial GC threshold: 21.00 MB
Current GC threshold: 21.00 MB
CDS: on
 - commit_granule_bytes: 65536.
 - commit_granule_words: 8192.
 - virtual_space_node_default_size: 8388608.
 - enlarge_chunks_in_place: 1.
 - use_allocation_guard: 0.


Internal statistics:

num_allocs_failed_limit: 0.
num_arena_births: 134.
num_arena_deaths: 0.
num_vsnodes_births: 2.
num_vsnodes_deaths: 0.
num_space_committed: 101.
num_space_uncommitted: 0.
num_chunks_returned_to_freelist: 0.
num_chunks_taken_from_freelist: 165.
num_chunk_merges: 0.
num_chunk_splits: 100.
num_chunks_enlarged: 45.
num_inconsistent_stats: 0.

CodeHeap 'non-profiled nmethods': size=120064Kb used=231Kb max_used=231Kb free=119832Kb
 bounds [0x00000252776c0000, 0x0000025277930000, 0x000002527ec00000]
CodeHeap 'profiled nmethods': size=120000Kb used=812Kb max_used=812Kb free=119188Kb
 bounds [0x000002526fc00000, 0x000002526fe70000, 0x0000025277130000]
CodeHeap 'non-nmethods': size=5696Kb used=1461Kb max_used=1487Kb free=4234Kb
 bounds [0x0000025277130000, 0x00000252773a0000, 0x00000252776c0000]
CodeCache: size=245760Kb, used=2504Kb, max_used=2530Kb, free=243254Kb
 total_blobs=1283, nmethods=725, adapters=464, full_count=0
Compilation: enabled, stopped_count=0, restarted_count=0

Compilation events (20 events):
Event: 1.146 Thread 0x000002527fa05310  716       3       sun.awt.image.ImageWatched$WeakLink$$Lambda/0x00000252050f2010::run (32 bytes)
Event: 1.146 Thread 0x000002527fa05310 nmethod 716 0x000002526fcc4608 code [0x000002526fcc4720, 0x000002526fcc4888]
Event: 1.146 Thread 0x000002527fa05310  717       3       sun.awt.image.ImageWatched$WeakLink::lambda$update$0 (19 bytes)
Event: 1.147 Thread 0x000002527fa05310 nmethod 717 0x000002526fcc4908 code [0x000002526fcc4a40, 0x000002526fcc4cd0]
Event: 1.147 Thread 0x000002527fa05310  718       3       java.awt.ImageMediaEntry::imageUpdate (51 bytes)
Event: 1.147 Thread 0x000002527fa05310 nmethod 718 0x000002526fcc4d08 code [0x000002526fcc4e80, 0x000002526fcc5658]
Event: 1.148 Thread 0x000002527fa05310  719       3       sun.awt.image.ImageWatched$WeakLink::update (39 bytes)
Event: 1.149 Thread 0x000002527fa05310 nmethod 719 0x000002526fcc5708 code [0x000002526fcc5920, 0x000002526fcc6590]
Event: 1.149 Thread 0x000002527fa05310  721       3       sun.awt.image.IntegerInterleavedRaster::setDataElements (134 bytes)
Event: 1.149 Thread 0x000002527fa05310 nmethod 721 0x000002526fcc6688 code [0x000002526fcc6800, 0x000002526fcc6e40]
Event: 1.149 Thread 0x000002527fa05310  720   !   3       sun.awt.image.ImageRepresentation::setPixels (527 bytes)
Event: 1.152 Thread 0x000002527fa05310 nmethod 720 0x000002526fcc6e88 code [0x000002526fcc71a0, 0x000002526fcc9128]
Event: 1.152 Thread 0x000002527fa05310  722       3       sun.awt.image.SunWritableRaster::markDirty (8 bytes)
Event: 1.153 Thread 0x000002527fa05310 nmethod 722 0x000002526fcc9188 code [0x000002526fcc92a0, 0x000002526fcc9438]
Event: 1.153 Thread 0x000002527fa05310  723       3       sun.java2d.StateTrackableDelegate::markDirty (6 bytes)
Event: 1.153 Thread 0x000002527fa05310 nmethod 723 0x000002526fcc9488 code [0x000002526fcc95a0, 0x000002526fcc96d0]
Event: 1.210 Thread 0x000002527fa05310  724 %     3       sun.awt.image.PNGImageDecoder::update_crc @ 3 (41 bytes)
Event: 1.210 Thread 0x000002527fa05310 nmethod 724% 0x000002526fcc9788 code [0x000002526fcc98c0, 0x000002526fcc9b48]
Event: 1.230 Thread 0x000002527fa05310  725       3       sun.awt.image.PNGImageDecoder::update_crc (41 bytes)
Event: 1.231 Thread 0x000002527fa05310 nmethod 725 0x000002526fcc9b88 code [0x000002526fcc9ca0, 0x000002526fcc9e78]

GC Heap History (2 events):
Event: 0.710 GC heap before
{Heap before GC invocations=0 (full 0):
 garbage-first heap   total reserved 2068480K, committed 131072K, used 6144K [0x0000000081c00000, 0x0000000100000000)
  region size 1024K, 7 young (7168K), 0 survivors (0K)
 Metaspace       used 6081K, committed 6336K, reserved 1114112K
  class space    used 713K, committed 832K, reserved 1048576K
}
Event: 0.716 GC heap after
{Heap after GC invocations=1 (full 0):
 garbage-first heap   total reserved 2068480K, committed 131072K, used 2048K [0x0000000081c00000, 0x0000000100000000)
  region size 1024K, 2 young (2048K), 2 survivors (2048K)
 Metaspace       used 6081K, committed 6336K, reserved 1114112K
  class space    used 713K, committed 832K, reserved 1048576K
}

Dll operation events (12 events):
Event: 0.023 Loaded shared library C:\Program Files\Java\jdk-23\bin\java.dll
Event: 0.091 Loaded shared library C:\Program Files\Java\jdk-23\bin\jsvml.dll
Event: 0.187 Loaded shared library C:\Program Files\Java\jdk-23\bin\zip.dll
Event: 0.192 Loaded shared library C:\Program Files\Java\jdk-23\bin\instrument.dll
Event: 0.202 Loaded shared library C:\Program Files\Java\jdk-23\bin\net.dll
Event: 0.206 Loaded shared library C:\Program Files\Java\jdk-23\bin\nio.dll
Event: 0.211 Loaded shared library C:\Program Files\Java\jdk-23\bin\zip.dll
Event: 0.265 Loaded shared library E:\Downloads\ideaIC-2024.3.1.win\bin\breakgen64.dll
Event: 0.286 Loaded shared library C:\Program Files\Java\jdk-23\bin\extnet.dll
Event: 0.292 Loaded shared library C:\Program Files\Java\jdk-23\bin\jimage.dll
Event: 0.332 Loaded shared library C:\Program Files\Java\jdk-23\bin\awt.dll
Event: 0.685 Loaded shared library C:\Program Files\Java\jdk-23\bin\javajpeg.dll

Deoptimization events (20 events):
Event: 1.200 Thread 0x00000252490b1f40 DEOPT PACKING pc=0x000002526fcbe534 sp=0x000000c43f1ff220
Event: 1.200 Thread 0x00000252490b1f40 DEOPT UNPACKING pc=0x0000025277184b22 sp=0x000000c43f1fe690 mode 0
Event: 1.200 Thread 0x00000252490b1f40 DEOPT PACKING pc=0x000002526fcbe534 sp=0x000000c43f1ff220
Event: 1.200 Thread 0x00000252490b1f40 DEOPT UNPACKING pc=0x0000025277184b22 sp=0x000000c43f1fe690 mode 0
Event: 1.202 Thread 0x00000252490b1f40 DEOPT PACKING pc=0x000002526fcbe534 sp=0x000000c43f1ff220
Event: 1.202 Thread 0x00000252490b1f40 DEOPT UNPACKING pc=0x0000025277184b22 sp=0x000000c43f1fe690 mode 0
Event: 1.206 Thread 0x00000252490b1f40 DEOPT PACKING pc=0x000002526fcbe534 sp=0x000000c43f1ff220
Event: 1.206 Thread 0x00000252490b1f40 DEOPT UNPACKING pc=0x0000025277184b22 sp=0x000000c43f1fe690 mode 0
Event: 1.207 Thread 0x00000252490b1f40 DEOPT PACKING pc=0x000002526fcbe534 sp=0x000000c43f1ff220
Event: 1.207 Thread 0x00000252490b1f40 DEOPT UNPACKING pc=0x0000025277184b22 sp=0x000000c43f1fe690 mode 0
Event: 1.207 Thread 0x00000252490b1f40 DEOPT PACKING pc=0x000002526fcbe534 sp=0x000000c43f1ff220
Event: 1.207 Thread 0x00000252490b1f40 DEOPT UNPACKING pc=0x0000025277184b22 sp=0x000000c43f1fe690 mode 0
Event: 1.212 Thread 0x00000252490b1f40 DEOPT PACKING pc=0x000002526fcbe534 sp=0x000000c43f1ff220
Event: 1.212 Thread 0x00000252490b1f40 DEOPT UNPACKING pc=0x0000025277184b22 sp=0x000000c43f1fe690 mode 0
Event: 1.218 Thread 0x00000252490b1f40 DEOPT PACKING pc=0x000002526fcbe534 sp=0x000000c43f1ff220
Event: 1.218 Thread 0x00000252490b1f40 DEOPT UNPACKING pc=0x0000025277184b22 sp=0x000000c43f1fe690 mode 0
Event: 1.219 Thread 0x00000252490b1f40 DEOPT PACKING pc=0x000002526fcbe534 sp=0x000000c43f1ff220
Event: 1.219 Thread 0x00000252490b1f40 DEOPT UNPACKING pc=0x0000025277184b22 sp=0x000000c43f1fe690 mode 0
Event: 1.219 Thread 0x00000252490b1f40 DEOPT PACKING pc=0x000002526fcbe534 sp=0x000000c43f1ff220
Event: 1.219 Thread 0x00000252490b1f40 DEOPT UNPACKING pc=0x0000025277184b22 sp=0x000000c43f1fe690 mode 0

Classes loaded (20 events):
Event: 0.709 Loading class sun/awt/image/SunWritableRaster
Event: 0.710 Loading class java/awt/image/WritableRaster
Event: 0.710 Loading class java/awt/image/WritableRaster done
Event: 0.710 Loading class sun/awt/image/SunWritableRaster done
Event: 0.819 Loading class java/awt/image/SinglePixelPackedSampleModel
Event: 0.820 Loading class java/awt/image/SampleModel
Event: 0.820 Loading class java/awt/image/SampleModel done
Event: 0.820 Loading class java/awt/image/SinglePixelPackedSampleModel done
Event: 0.821 Loading class sun/awt/image/IntegerInterleavedRaster
Event: 0.821 Loading class sun/awt/image/IntegerComponentRaster
Event: 0.822 Loading class sun/awt/image/IntegerComponentRaster done
Event: 0.822 Loading class sun/awt/image/IntegerInterleavedRaster done
Event: 0.823 Loading class java/awt/image/BufferedImage
Event: 0.824 Loading class java/awt/image/WritableRenderedImage
Event: 0.824 Loading class java/awt/image/RenderedImage
Event: 0.824 Loading class java/awt/image/RenderedImage done
Event: 0.824 Loading class java/awt/image/WritableRenderedImage done
Event: 0.824 Loading class java/awt/image/BufferedImage done
Event: 0.824 Loading class java/awt/image/BufferedImage$1
Event: 0.824 Loading class java/awt/image/BufferedImage$1 done

Classes unloaded (0 events):
No events

Classes redefined (0 events):
No events

Internal exceptions (13 events):
Event: 0.258 Thread 0x0000025265191e60 Exception <a 'java/lang/NoSuchMethodError'{0x00000000899908c0}: 'java.lang.Object java.lang.invoke.Invokers$Holder.invokeExact_MT(java.lang.Object, java.lang.Object, java.lang.Object, java.lang.Object, java.lang.Object)'> (0x00000000899908c0) 
thrown [s\open\src\hotspot\share\interpreter\linkResolver.cpp, line 796]
Event: 0.302 Thread 0x00000252490b1220 Exception <a 'java/lang/NoSuchMethodError'{0x00000000899e06b0}: 'void java.lang.invoke.DirectMethodHandle$Holder.invokeStatic(java.lang.Object, java.lang.Object)'> (0x00000000899e06b0) 
thrown [s\open\src\hotspot\share\interpreter\linkResolver.cpp, line 796]
Event: 0.313 Thread 0x0000025265191e60 Exception <a 'java/lang/ClassNotFoundException'{0x00000000899b49a0}: sun/awt/resources/spi/awtProvider> (0x00000000899b49a0) 
thrown [s\open\src\hotspot\share\classfile\systemDictionary.cpp, line 313]
Event: 0.354 Thread 0x0000025265191e60 Exception <a 'java/io/FileNotFoundException'{0x000000008982e388}> (0x000000008982e388) 
thrown [s\open\src\hotspot\share\prims\jni.cpp, line 520]
Event: 0.368 Thread 0x0000025265191e60 Exception <a 'java/io/FileNotFoundException'{0x000000008985c728}> (0x000000008985c728) 
thrown [s\open\src\hotspot\share\prims\jni.cpp, line 520]
Event: 0.509 Thread 0x0000025265191e60 Exception <a 'java/lang/NoSuchMethodError'{0x000000008975c8e8}: 'void java.lang.invoke.DirectMethodHandle$Holder.invokeSpecial(java.lang.Object, java.lang.Object, java.lang.Object)'> (0x000000008975c8e8) 
thrown [s\open\src\hotspot\share\interpreter\linkResolver.cpp, line 796]
Event: 0.534 Thread 0x0000025265191e60 Exception <a 'java/lang/NoSuchMethodError'{0x00000000897abf50}: 'java.lang.Object java.lang.invoke.DirectMethodHandle$Holder.invokeStatic(java.lang.Object, int, java.lang.Object)'> (0x00000000897abf50) 
thrown [s\open\src\hotspot\share\interpreter\linkResolver.cpp, line 796]
Event: 0.580 Thread 0x0000025265191e60 Exception <a 'java/lang/ClassNotFoundException'{0x0000000089652c70}: com/sun/swing/internal/plaf/metal/resources/spi/metalProvider> (0x0000000089652c70) 
thrown [s\open\src\hotspot\share\classfile\systemDictionary.cpp, line 313]
Event: 0.583 Thread 0x0000025265191e60 Exception <a 'java/lang/ClassNotFoundException'{0x0000000089656c30}: com/sun/swing/internal/plaf/basic/resources/spi/basicProvider> (0x0000000089656c30) 
thrown [s\open\src\hotspot\share\classfile\systemDictionary.cpp, line 313]
Event: 0.602 Thread 0x0000025265191e60 Exception <a 'java/lang/NoSuchMethodError'{0x0000000089673428}: 'int java.lang.invoke.Invokers$Holder.invokeExact_MT(java.lang.Object, java.lang.Object)'> (0x0000000089673428) 
thrown [s\open\src\hotspot\share\interpreter\linkResolver.cpp, line 796]
Event: 0.688 Thread 0x00000252490b1f40 Exception <a 'java/lang/NoSuchMethodError'{0x00000000896e2640}: 'java.lang.Object java.lang.invoke.DirectMethodHandle$Holder.newInvokeSpecial(java.lang.Object, java.lang.Object, java.lang.Object, int, int, int, int, int)'> (0x00000000896e2640) 
thrown [s\open\src\hotspot\share\interpreter\linkResolver.cpp, line 796]
Event: 0.698 Thread 0x00000252490b1f40 Exception <a 'sun/awt/image/ImageFormatException'{0x00000000896f0930}: Insufficient memory (case 4)> (0x00000000896f0930) 
thrown [s\open\src\hotspot\share\prims\jni.cpp, line 539]
Event: 0.702 Thread 0x00000252490b1f40 Exception <a 'sun/awt/image/ImageFormatException'{0x00000000896f9e98}: Insufficient memory (case 4)> (0x00000000896f9e98) 
thrown [s\open\src\hotspot\share\prims\jni.cpp, line 539]

VM Operations (6 events):
Event: 0.387 Executing VM operation: HandshakeAllThreads (Deoptimize)
Event: 0.387 Executing VM operation: HandshakeAllThreads (Deoptimize) done
Event: 0.645 Executing VM operation: HandshakeAllThreads (Deoptimize)
Event: 0.645 Executing VM operation: HandshakeAllThreads (Deoptimize) done
Event: 0.710 Executing VM operation: G1TryInitiateConcMark (G1 Humongous Allocation)
Event: 0.716 Executing VM operation: G1TryInitiateConcMark (G1 Humongous Allocation) done

Memory protections (0 events):
No events

Nmethod flushes (0 events):
No events

Events (16 events):
Event: 0.057 Thread 0x0000025265191e60 Thread added: 0x0000025265191e60
Event: 0.085 Thread 0x0000025265191e60 Thread added: 0x000002527f9ced80
Event: 0.086 Thread 0x0000025265191e60 Thread added: 0x000002527f9d0d00
Event: 0.087 Thread 0x0000025265191e60 Thread added: 0x000002527f9d2cd0
Event: 0.087 Thread 0x0000025265191e60 Thread added: 0x000002527f9d5740
Event: 0.087 Thread 0x0000025265191e60 Thread added: 0x000002527f9d61a0
Event: 0.087 Thread 0x0000025265191e60 Thread added: 0x000002527f9d7f70
Event: 0.088 Thread 0x0000025265191e60 Thread added: 0x000002527f9f94b0
Event: 0.088 Thread 0x0000025265191e60 Thread added: 0x000002527fa05310
Event: 0.144 Thread 0x0000025265191e60 Thread added: 0x00000252490b3980
Event: 0.266 Thread 0x0000025265191e60 Thread added: 0x00000252490b1220
Event: 0.266 Thread 0x0000025265191e60 Thread added: 0x00000252490b32f0
Event: 0.454 Thread 0x0000025265191e60 Thread added: 0x00000252490b18b0
Event: 0.457 Thread 0x0000025265191e60 Thread added: 0x00000252490b4010
Event: 0.459 Thread 0x0000025265191e60 Thread added: 0x00000252490b46a0
Event: 0.682 Thread 0x0000025265191e60 Thread added: 0x00000252490b1f40


Dynamic libraries:
0x00007ff783ff0000 - 0x00007ff784000000 	C:\Program Files\Java\jdk-23\bin\java.exe
0x00007fffcf750000 - 0x00007fffcf948000 	C:\WINDOWS\SYSTEM32\ntdll.dll
0x00007fffcdba0000 - 0x00007fffcdc62000 	C:\WINDOWS\System32\KERNEL32.DLL
0x00007fffccf50000 - 0x00007fffcd24e000 	C:\WINDOWS\System32\KERNELBASE.dll
0x00007fffcd4a0000 - 0x00007fffcd5a0000 	C:\WINDOWS\System32\ucrtbase.dll
0x00007fffb68e0000 - 0x00007fffb68f7000 	C:\Program Files\Java\jdk-23\bin\jli.dll
0x00007fffce0e0000 - 0x00007fffce27d000 	C:\WINDOWS\System32\USER32.dll
0x00007fffcce90000 - 0x00007fffcceb2000 	C:\WINDOWS\System32\win32u.dll
0x00007fffcdb70000 - 0x00007fffcdb9b000 	C:\WINDOWS\System32\GDI32.dll
0x00007fffcd5a0000 - 0x00007fffcd6b7000 	C:\WINDOWS\System32\gdi32full.dll
0x00007fffcd250000 - 0x00007fffcd2ed000 	C:\WINDOWS\System32\msvcp_win.dll
0x00007fffc8450000 - 0x00007fffc846b000 	C:\Program Files\Java\jdk-23\bin\VCRUNTIME140.dll
0x00007fffb8c80000 - 0x00007fffb8f1a000 	C:\WINDOWS\WinSxS\amd64_microsoft.windows.common-controls_6595b64144ccf1df_6.0.19041.4355_none_60b8b9eb71f62e16\COMCTL32.dll
0x00007fffcd900000 - 0x00007fffcd99e000 	C:\WINDOWS\System32\msvcrt.dll
0x00007fffcf1d0000 - 0x00007fffcf1ff000 	C:\WINDOWS\System32\IMM32.DLL
0x00007fffca320000 - 0x00007fffca32c000 	C:\Program Files\Java\jdk-23\bin\vcruntime140_1.dll
0x00007fffae780000 - 0x00007fffae80e000 	C:\Program Files\Java\jdk-23\bin\msvcp140.dll
0x00007fff850d0000 - 0x00007fff85e1f000 	C:\Program Files\Java\jdk-23\bin\server\jvm.dll
0x00007fffcdd90000 - 0x00007fffcde41000 	C:\WINDOWS\System32\ADVAPI32.dll
0x00007fffcf670000 - 0x00007fffcf70f000 	C:\WINDOWS\System32\sechost.dll
0x00007fffcde50000 - 0x00007fffcdf73000 	C:\WINDOWS\System32\RPCRT4.dll
0x00007fffccdf0000 - 0x00007fffcce17000 	C:\WINDOWS\System32\bcrypt.dll
0x00007fffcdfe0000 - 0x00007fffce04b000 	C:\WINDOWS\System32\WS2_32.dll
0x00007fffccc40000 - 0x00007fffccc8b000 	C:\WINDOWS\SYSTEM32\POWRPROF.dll
0x00007fffbc050000 - 0x00007fffbc077000 	C:\WINDOWS\SYSTEM32\WINMM.dll
0x00007fffc3fb0000 - 0x00007fffc3fba000 	C:\WINDOWS\SYSTEM32\VERSION.dll
0x00007fffccc20000 - 0x00007fffccc32000 	C:\WINDOWS\SYSTEM32\UMPDC.dll
0x00007fffcac30000 - 0x00007fffcac42000 	C:\WINDOWS\SYSTEM32\kernel.appcore.dll
0x00007fffc8520000 - 0x00007fffc852a000 	C:\Program Files\Java\jdk-23\bin\jimage.dll
0x00007fffc4c50000 - 0x00007fffc4e34000 	C:\WINDOWS\SYSTEM32\DBGHELP.DLL
0x00007fffbb730000 - 0x00007fffbb764000 	C:\WINDOWS\SYSTEM32\dbgcore.DLL
0x00007fffccec0000 - 0x00007fffccf42000 	C:\WINDOWS\System32\bcryptPrimitives.dll
0x00007fffc4560000 - 0x00007fffc456f000 	C:\Program Files\Java\jdk-23\bin\instrument.dll
0x00007fffb68a0000 - 0x00007fffb68be000 	C:\Program Files\Java\jdk-23\bin\java.dll
0x00007fffcd7d0000 - 0x00007fffcd8fb000 	C:\WINDOWS\System32\ole32.dll
0x00007fffceb00000 - 0x00007fffcee53000 	C:\WINDOWS\System32\combase.dll
0x00007fffce330000 - 0x00007fffcea9d000 	C:\WINDOWS\System32\SHELL32.dll
0x00007fffcae30000 - 0x00007fffcb5d4000 	C:\WINDOWS\SYSTEM32\windows.storage.dll
0x00007fffcc670000 - 0x00007fffcc69e000 	C:\WINDOWS\SYSTEM32\Wldp.dll
0x00007fffcd9c0000 - 0x00007fffcda8d000 	C:\WINDOWS\System32\OLEAUT32.dll
0x00007fffcf120000 - 0x00007fffcf1cd000 	C:\WINDOWS\System32\SHCORE.dll
0x00007fffcd770000 - 0x00007fffcd7c5000 	C:\WINDOWS\System32\shlwapi.dll
0x00007fffccd20000 - 0x00007fffccd44000 	C:\WINDOWS\SYSTEM32\profapi.dll
0x00007fff93ac0000 - 0x00007fff93b97000 	C:\Program Files\Java\jdk-23\bin\jsvml.dll
0x00007fffb6880000 - 0x00007fffb6897000 	C:\Program Files\Java\jdk-23\bin\zip.dll
0x00007fffbc0b0000 - 0x00007fffbc0c0000 	C:\Program Files\Java\jdk-23\bin\net.dll
0x00007fffcc450000 - 0x00007fffcc4ba000 	C:\WINDOWS\system32\mswsock.dll
0x00007fffb6820000 - 0x00007fffb6836000 	C:\Program Files\Java\jdk-23\bin\nio.dll
0x00007fffa7130000 - 0x00007fffa714a000 	E:\Downloads\ideaIC-2024.3.1.win\bin\breakgen64.dll
0x00007fffbae40000 - 0x00007fffbae49000 	C:\Program Files\Java\jdk-23\bin\extnet.dll
0x00007fff82c30000 - 0x00007fff82dbe000 	C:\Program Files\Java\jdk-23\bin\awt.dll
0x00007fffca390000 - 0x00007fffca424000 	C:\WINDOWS\SYSTEM32\apphelp.dll
0x00007fffca930000 - 0x00007fffca95f000 	C:\WINDOWS\system32\DWMAPI.DLL
0x00007fffca740000 - 0x00007fffca7de000 	C:\WINDOWS\system32\uxtheme.dll
0x00007fffb80c0000 - 0x00007fffb81e8000 	C:\WINDOWS\system32\opengl32.dll
0x00007fffb8090000 - 0x00007fffb80bc000 	C:\WINDOWS\SYSTEM32\GLU32.dll
0x00007fffcdc70000 - 0x00007fffcdd85000 	C:\WINDOWS\System32\MSCTF.dll
0x00007fff9e7e0000 - 0x00007fff9e80e000 	C:\Program Files\Java\jdk-23\bin\javajpeg.dll

dbghelp: loaded successfully - version: 4.0.5 - missing functions: none
symbol engine: initialized successfully - sym options: 0x614 - pdb path: .;C:\Program Files\Java\jdk-23\bin;C:\WINDOWS\SYSTEM32;C:\WINDOWS\WinSxS\amd64_microsoft.windows.common-controls_6595b64144ccf1df_6.0.19041.4355_none_60b8b9eb71f62e16;C:\Program Files\Java\jdk-23\bin\server;E:\Downloads\ideaIC-2024.3.1.win\bin

VM Arguments:
jvm_args: -javaagent:E:\Downloads\ideaIC-2024.3.1.win\lib\idea_rt.jar=51247:E:\Downloads\ideaIC-2024.3.1.win\bin -Dfile.encoding=UTF-8 -Dsun.stdout.encoding=UTF-8 -Dsun.stderr.encoding=UTF-8 
java_command: Views.SignUP
java_class_path (initial): E:\users\Desktop\care_plant\out\production\care_plant;E:\users\Desktop\java libs\jbcrypt-0.4 (1).jar;E:\users\Desktop\java libs\junit-4.12.jar;E:\users\Desktop\java libs\mysql-connector-j-9.1.0\mysql-connector-j-9.1.0\mysql-connector-j-9.1.0.jar;C:\Users\pc\.m2\repository\org\junit\jupiter\junit-jupiter\5.8.1\junit-jupiter-5.8.1.jar;C:\Users\pc\.m2\repository\org\junit\jupiter\junit-jupiter-api\5.8.1\junit-jupiter-api-5.8.1.jar;C:\Users\pc\.m2\repository\org\opentest4j\opentest4j\1.2.0\opentest4j-1.2.0.jar;C:\Users\pc\.m2\repository\org\junit\platform\junit-platform-commons\1.8.1\junit-platform-commons-1.8.1.jar;C:\Users\pc\.m2\repository\org\apiguardian\apiguardian-api\1.1.2\apiguardian-api-1.1.2.jar;C:\Users\pc\.m2\repository\org\junit\jupiter\junit-jupiter-params\5.8.1\junit-jupiter-params-5.8.1.jar;C:\Users\pc\.m2\repository\org\junit\jupiter\junit-jupiter-engine\5.8.1\junit-jupiter-engine-5.8.1.jar;C:\Users\pc\.m2\repository\org\junit\platform\junit-platform-engine\1.8.1\junit-platform-engine-1.8.1.jar
Launcher Type: SUN_STANDARD

[Global flags]
     intx CICompilerCount                          = 3                                         {product} {ergonomic}
     uint ConcGCThreads                            = 1                                         {product} {ergonomic}
     uint G1ConcRefinementThreads                  = 4                                         {product} {ergonomic}
   size_t G1HeapRegionSize                         = 1048576                                   {product} {ergonomic}
   size_t InitialHeapSize                          = 134217728                                 {product} {ergonomic}
   size_t MarkStackSize                            = 4194304                                   {product} {ergonomic}
   size_t MarkStackSizeMax                         = 536870912                                 {product} {ergonomic}
   size_t MaxHeapSize                              = 2118123520                                {product} {ergonomic}
   size_t MaxNewSize                               = 1270874112                                {product} {ergonomic}
   size_t MinHeapDeltaBytes                        = 1048576                                   {product} {ergonomic}
   size_t MinHeapSize                              = 8388608                                   {product} {ergonomic}
    uintx NonNMethodCodeHeapSize                   = 5832704                                {pd product} {ergonomic}
    uintx NonProfiledCodeHeapSize                  = 122945536                              {pd product} {ergonomic}
    uintx ProfiledCodeHeapSize                     = 122880000                              {pd product} {ergonomic}
    uintx ReservedCodeCacheSize                    = 251658240                              {pd product} {ergonomic}
     bool SegmentedCodeCache                       = true                                      {product} {ergonomic}
   size_t SoftMaxHeapSize                          = 2118123520                             {manageable} {ergonomic}
     bool UseCompressedOops                        = true                           {product lp64_product} {ergonomic}
     bool UseG1GC                                  = true                                      {product} {ergonomic}
     bool UseLargePagesIndividualAllocation        = false                                  {pd product} {ergonomic}

Logging:
Log output configuration:
 #0: stdout all=warning uptime,level,tags foldmultilines=false
 #1: stderr all=off uptime,level,tags foldmultilines=false

Environment Variables:
PATH=C:\Program Files\Common Files\Oracle\Java\javapath;C:\WINDOWS\system32;C:\WINDOWS;C:\WINDOWS\System32\Wbem;C:\WINDOWS\System32\WindowsPowerShell\v1.0\;C:\WINDOWS\System32\OpenSSH\;C:\MinGW\bin;C:\Program Files\Git\cmd;C:\MinGW\bin;C:\Program Files\nodejs\;C:\flutter_windows_3.24.3-stable\flutter\bin;C:\Program Files\MongoDB\Server\8.0\bin;C:\Program Files\MySQL\MySQL Server 8.0\bin;C:\Program Files\CMake\bin;C:\Users\pc\AppData\Local\Programs\Python\Python312\Scripts\;C:\Users\pc\AppData\Local\Programs\Python\Python312\;C:\Users\pc\AppData\Local\Programs\Python\Launcher\;C:\Users\pc\AppData\Local\Microsoft\WindowsApps;C:\Program Files\JetBrains\PyCharm Community Edition 2023.2.3\bin;;C:\MinGW\bin;E:\web dev course\Microsoft VS Code\bin;C:\Users\pc\AppData\Roaming\npm;E:\IntelliJ IDEA 2024.2.3\bin;
USERNAME=pc
OS=Windows_NT
PROCESSOR_IDENTIFIER=Intel64 Family 6 Model 78 Stepping 3, GenuineIntel
TMP=C:\Users\pc\AppData\Local\Temp
TEMP=C:\Users\pc\AppData\Local\Temp




Periodic native trim disabled

---------------  S Y S T E M  ---------------

OS:
 Windows 10 , 64 bit Build 19041 (10.0.19041.5198)
OS uptime: 0 days 10:14 hours
Hyper-V role detected

CPU: total 4 (initial active 4) (2 cores per cpu, 2 threads per core) family 6 model 78 stepping 3 microcode 0xcc, cx8, cmov, fxsr, ht, mmx, 3dnowpref, sse, sse2, sse3, ssse3, sse4.1, sse4.2, popcnt, lzcnt, tsc, tscinvbit, avx, avx2, aes, erms, clmul, bmi1, bmi2, rtm, adx, fma, vzeroupper, clflush, clflushopt, hv, rdtscp, f16c
Processor Information for the first 4 processors :
  Max Mhz: 2304, Current Mhz: 2304, Mhz Limit: 2304

Memory: 4k page, system-wide physical 8072M (1175M free)
TotalPageFile size 10120M (AvailPageFile size 8M)
current process WorkingSet (physical memory assigned to process): 157M, peak: 157M
current process commit charge ("private bytes"): 219M, peak: 223M

vm_info: Java HotSpot(TM) 64-Bit Server VM (23+37-2369) for windows-amd64 JRE (23+37-2369), built on 2024-08-20T16:01:23Z with MS VC++ 17.6 (VS2022)

END.
