#
# There is insufficient memory for the Java Runtime Environment to continue.
# Native memory allocation (mmap) failed to map 65536 bytes. Error detail: Failed to commit metaspace.
# Possible reasons:
#   The system is out of physical RAM or swap space
#   This process is running with CompressedOops enabled, and the Java Heap may be blocking the growth of the native heap
# Possible solutions:
#   Reduce memory load on the system
#   Increase physical memory or swap space
#   Check if swap backing store is full
#   Decrease Java heap size (-Xmx/-Xms)
#   Decrease number of Java threads
#   Decrease Java thread stack sizes (-Xss)
#   Set larger code cache with -XX:ReservedCodeCacheSize=
#   JVM is running with Unscaled Compressed Oops mode in which the Java heap is
#     placed in the first 4GB address space. The Java Heap base address is the
#     maximum limit for the native heap growth. Please use -XX:HeapBaseMinAddress
#     to set the Java Heap base and to place the Java Heap above 4GB virtual address.
# This output file may be truncated or incomplete.
#
#  Out of Memory Error (virtualSpaceNode.cpp:113), pid=7844, tid=17260
#
# JRE version: Java(TM) SE Runtime Environment (23.0+37) (build 23+37-2369)
# Java VM: Java HotSpot(TM) 64-Bit Server VM (23+37-2369, mixed mode, sharing, tiered, compressed oops, compressed class ptrs, g1 gc, windows-amd64)
# No core dump will be written. Minidumps are not enabled by default on client versions of Windows
#

---------------  S U M M A R Y ------------

Command Line: -ea -Didea.test.cyclic.buffer.size=1048576 -javaagent:E:\Downloads\ideaIC-2024.3.1.win\lib\idea_rt.jar=64710:E:\Downloads\ideaIC-2024.3.1.win\bin -javaagent:E:\Downloads\ideaIC-2024.3.1.win\plugins\java\lib\rt\debugger-agent.jar -Dkotlinx.coroutines.debug.enable.creation.stack.trace=false -Ddebugger.agent.enable.coroutines=true -Dkotlinx.coroutines.debug.enable.flows.stack.trace=true -Dkotlinx.coroutines.debug.enable.mutable.state.flows.stack.trace=true -Dfile.encoding=UTF-8 -Dsun.stdout.encoding=UTF-8 -Dsun.stderr.encoding=UTF-8 com.intellij.rt.junit.JUnitStarter -ideVersion5 -junit5 Test.UserSeviceTest,registerUser

Host: Intel(R) Core(TM) i3-6100U CPU @ 2.30GHz, 4 cores, 7G,  Windows 10 , 64 bit Build 19041 (10.0.19041.5198)
Time: Mon Jan  6 02:40:07 2025 Morocco Summer Time elapsed time: 0.169614 seconds (0d 0h 0m 0s)

---------------  T H R E A D  ---------------

Current thread (0x000001dd0b2e4590):  JavaThread "main"             [_thread_in_vm, id=17260, stack(0x00000068a6f00000,0x00000068a7000000) (1024K)]

Stack: [0x00000068a6f00000,0x00000068a7000000]
Native frames: (J=compiled Java code, j=interpreted, Vv=VM code, C=native code)
V  [jvm.dll+0x6e08a9]  (no source info available)
V  [jvm.dll+0x87da63]  (no source info available)
V  [jvm.dll+0x87feee]  (no source info available)
V  [jvm.dll+0x8805c3]  (no source info available)
V  [jvm.dll+0x27aee6]  (no source info available)
V  [jvm.dll+0x87966e]  (no source info available)
V  [jvm.dll+0x682025]  (no source info available)
V  [jvm.dll+0x68208a]  (no source info available)
V  [jvm.dll+0x6848ca]  (no source info available)
V  [jvm.dll+0x2219dc]  (no source info available)
V  [jvm.dll+0x682a3e]  (no source info available)
V  [jvm.dll+0x69409a]  (no source info available)
V  [jvm.dll+0x68d0f2]  (no source info available)
V  [jvm.dll+0x240891]  (no source info available)
V  [jvm.dll+0x240a05]  (no source info available)
V  [jvm.dll+0x3d33cc]  (no source info available)
V  [jvm.dll+0x3d31bd]  (no source info available)
C  0x000001dd1d18c11d  (no source info available)

The last pc belongs to method entry point (kind = zerolocals) (printed below).
Java frames: (J=compiled Java code, j=interpreted, Vv=VM code)
j  jdk.internal.util.Preconditions.checkIndex(IILjava/util/function/BiFunction;)I+0 java.base
j  java.lang.String.checkIndex(II)V+5 java.base
j  java.lang.StringLatin1.charAt([BI)C+3 java.base
j  java.lang.String.charAt(I)C+12 java.base
j  java.net.URI.hashIgnoringCase(ILjava/lang/String;)I+29 java.base
j  java.net.URI.hashCode()I+14 java.base
j  java.util.Objects.hashCode(Ljava/lang/Object;)I+5 java.base
j  jdk.internal.module.ModuleReferenceImpl.hashCode()I+25 java.base
J 9 c1 java.util.ImmutableCollections$SetN.probe(Ljava/lang/Object;)I java.base (56 bytes) @ 0x000001dd15c51774 [0x000001dd15c51660+0x0000000000000114]
j  java.util.ImmutableCollections$SetN.<init>([Ljava/lang/Object;)V+35 java.base
J 25 c1 java.util.Set.of([Ljava/lang/Object;)Ljava/util/Set; java.base (68 bytes) @ 0x000001dd15c56554 [0x000001dd15c561c0+0x0000000000000394]
j  jdk.internal.module.SystemModuleFinders$SystemModuleFinder.<init>([Ljava/lang/module/ModuleReference;[Ljava/util/Map$Entry;)V+6 java.base
j  jdk.internal.module.SystemModuleFinders.of(Ljdk/internal/module/SystemModules;)Ljava/lang/module/ModuleFinder;+138 java.base
j  jdk.internal.module.ModuleBootstrap.boot2()Ljava/lang/ModuleLayer;+246 java.base
j  jdk.internal.module.ModuleBootstrap.boot()Ljava/lang/ModuleLayer;+64 java.base
j  java.lang.System.initPhase2(ZZ)I+0 java.base
v  ~StubRoutines::call_stub 0x000001dd1d180fcd
Lock stack of current Java thread (top to bottom):

method entry point (kind = zerolocals)  [0x000001dd1d18bdc0, 0x000001dd1d18c188]  968 bytes
[MachCode]
  0x000001dd1d18bdc0: 488b 5308 | 0fb7 4a2e | 0fb7 522c | 2bd1 81fa | f501 0000 | 0f86 2500 | 0000 488b | c248 c1e0 
  0x000001dd1d18bde0: 0348 83c0 | 5849 0387 | d004 0000 | 483b e00f | 870a 0000 | 0058 498b | e550 e9e1 | a7ff ff58 
  0x000001dd1d18be00: 4c8d 74cc | f885 d20f | 8e09 0000 | 0068 0000 | 0000 ffca | 7ff7 5055 | 488b ec41 | 5568 0000 
  0x000001dd1d18be20: 0000 4c8b | 6b08 4d8d | 6d38 5348 | 8b53 0848 | 8b52 0848 | 8b52 1848 | 8b52 7048 | 8b12 5248 
  0x000001dd1d18be40: 8b53 1048 | 85d2 0f84 | 0700 0000 | 4881 c210 | 0100 0052 | 488b 5308 | 488b 5208 | 488b 5210 
  0x000001dd1d18be60: 5249 8bc6 | 482b c548 | c1e8 0350 | 4155 68f7 | ffff ff41 | c687 7104 | 0000 0148 | 8b45 d848 
  0x000001dd1d18be80: 85c0 0f84 | 9100 0000 | 8b48 f485 | c90f 8886 | 0000 0048 | 03c1 488b | 4808 4883 | e902 488b 
  0x000001dd1d18bea0: 54c8 1048 | f7da 498b | 14d6 4885 | d275 10f6 | 44c8 1801 | 755d f048 | 834c c818 | 01eb 548b 
  0x000001dd1d18bec0: 5208 49ba | 0000 002a | dd01 0000 | 4903 d24c | 8bd2 4833 | 54c8 1848 | f7c2 fcff | ffff 7433 
  0x000001dd1d18bee0: f6c2 0275 | 2e48 837c | c818 0074 | 2148 837c | c818 0174 | 1949 8bd2 | 4833 54c8 | 1848 f7c2 
  0x000001dd1d18bf00: fcff ffff | 740d 4883 | 4cc8 1802 | eb05 4889 | 54c8 1848 | 83e9 0279 | 8548 8b43 | 1048 85c0 
  0x000001dd1d18bf20: 7420 8b88 | cc00 0000 | 83c1 0289 | 88cc 0000 | 0023 88e0 | 0000 000f | 8496 0100 | 00e9 cf00 
  0x000001dd1d18bf40: 0000 488b | 4318 4885 | c00f 85b0 | 0000 00e8 | 0500 0000 | e999 0000 | 0048 8bd3 | 488d 4424 
  0x000001dd1d18bf60: 084c 896d | c049 8bcf | c5f8 7749 | 89af b003 | 0000 4989 | 87a0 0300 | 0048 83ec | 2040 f6c4 
  0x000001dd1d18bf80: 0f0f 8419 | 0000 0048 | 83ec 0848 | b890 2648 | 47fa 7f00 | 00ff d048 | 83c4 08e9 | 0c00 0000 
  0x000001dd1d18bfa0: 48b8 9026 | 4847 fa7f | 0000 ffd0 | 4883 c420 | 49c7 87a0 | 0300 0000 | 0000 0049 | c787 b003 
  0x000001dd1d18bfc0: 0000 0000 | 0000 49c7 | 87a8 0300 | 0000 0000 | 00c5 f877 | 4983 7f08 | 000f 8405 | 0000 00e9 
  0x000001dd1d18bfe0: dc4e ffff | 4c8b 6dc0 | 4c8b 75c8 | 4e8d 74f5 | 00c3 488b | 4318 4885 | c00f 8412 | 0000 008b 
  0x000001dd1d18c000: 4808 83c1 | 0289 4808 | 2348 1c0f | 84c2 0000 | 0049 3ba7 | e804 0000 | 0f87 4800 | 0000 8984 
  0x000001dd1d18c020: 2400 f0ff | ff89 8424 | 00e0 ffff | 8984 2400 | d0ff ff89 | 8424 00c0 | ffff 8984 | 2400 b0ff 
  0x000001dd1d18c040: ff89 8424 | 00a0 ffff | 8984 2400 | 90ff ff89 | 8424 0080 | ffff 493b | a7e0 0400 | 0076 0749 
  0x000001dd1d18c060: 89a7 e804 | 0000 41c6 | 8771 0400 | 0000 49ba | 41ad cf47 | fa7f 0000 | 4180 3a00 | 0f84 3e00 
  0x000001dd1d18c080: 0000 488b | 55e8 498b | cf48 83ec | 2040 f6c4 | 0f0f 8419 | 0000 0048 | 83ec 0848 | b800 ee7f 
  0x000001dd1d18c0a0: 47fa 7f00 | 00ff d048 | 83c4 08e9 | 0c00 0000 | 48b8 00ee | 7f47 fa7f | 0000 ffd0 | 4883 c420 
  0x000001dd1d18c0c0: 410f b65d | 0049 ba50 | 7ed3 47fa | 7f00 0041 | ff24 daba | 0000 0000 | e805 0000 | 00e9 9600 
  0x000001dd1d18c0e0: 0000 488d | 4424 084c | 896d c049 | 8bcf c5f8 | 7749 89af | b003 0000 | 4989 87a0 | 0300 0048 
  0x000001dd1d18c100: 83ec 2040 | f6c4 0f0f | 8419 0000 | 0048 83ec | 0848 b8a0 | 3148 47fa | 7f00 00ff | d048 83c4 
  0x000001dd1d18c120: 08e9 0c00 | 0000 48b8 | a031 4847 | fa7f 0000 | ffd0 4883 | c420 49c7 | 87a0 0300 | 0000 0000 
  0x000001dd1d18c140: 0049 c787 | b003 0000 | 0000 0000 | 49c7 87a8 | 0300 0000 | 0000 00c5 | f877 4983 | 7f08 000f 
  0x000001dd1d18c160: 8405 0000 | 00e9 564d | ffff 4c8b | 6dc0 4c8b | 75c8 4e8d | 74f5 00c3 | 488b 5de8 | e990 feff 
  0x000001dd1d18c180: ff0f 1f80 | 0000 0000 
[/MachCode]

Compiled method (c1) 391    9       3       java.util.ImmutableCollections$SetN::probe (56 bytes)
 total in heap  [0x000001dd15c51508,0x000001dd15c51b88] = 1664
 relocation     [0x000001dd15c515e0,0x000001dd15c51660] = 128
 main code      [0x000001dd15c51660,0x000001dd15c51b20] = 1216
 stub code      [0x000001dd15c51b20,0x000001dd15c51b78] = 88
 metadata       [0x000001dd15c51b78,0x000001dd15c51b88] = 16
 immutable data [0x000001dd29a70760,0x000001dd29a70920] = 448
 dependencies   [0x000001dd29a70760,0x000001dd29a70768] = 8
 nul chk table  [0x000001dd29a70768,0x000001dd29a70798] = 48
 scopes pcs     [0x000001dd29a70798,0x000001dd29a70878] = 224
 scopes data    [0x000001dd29a70878,0x000001dd29a70920] = 168

[Constant Pool (empty)]

[MachCode]
[Instructions begin]
  0x000001dd15c51660: 6666 660f | 1f84 0000 | 0000 0066 | 6666 9066 | 6690 448b | 5208 443b 

  0x000001dd15c51678: ;   {runtime_call ic_miss_stub}
  0x000001dd15c51678: 5008 0f85 | 60ce 5707 
[Verified Entry Point]
  0x000001dd15c51680: 8984 2400 | 80ff ff55 | 4883 ec50 | 4181 7f20 | 0100 0000 

  0x000001dd15c51694: ;   {runtime_call StubRoutines (final stubs)}
  0x000001dd15c51694: 7405 e8a5 | 6056 0748 | 8954 2430 | 4c89 4424 

  0x000001dd15c516a4: ;   {metadata(method data for {method} {0x000001dd2a442660} 'probe' '(Ljava/lang/Object;)I' in 'java/util/ImmutableCollections$SetN')}
  0x000001dd15c516a4: 3848 bee0 | a200 6bdd | 0100 008b | becc 0000 | 0083 c702 | 89be cc00 | 0000 81e7 | fe07 0000 
  0x000001dd15c516c4: 85ff 0f84 | 7003 0000 

  0x000001dd15c516cc: ; implicit exception: dispatches to 0x000001dd15c51a5d
  0x000001dd15c516cc: 493b 0049 

  0x000001dd15c516d0: ;   {metadata(method data for {method} {0x000001dd2a442660} 'probe' '(Ljava/lang/Object;)I' in 'java/util/ImmutableCollections$SetN')}
  0x000001dd15c516d0: 8bf0 48bf | e0a2 006b | dd01 0000 | 8b76 0849 | ba00 0000 | 2add 0100 | 0049 03f2 | 483b b720 
  0x000001dd15c516f0: 0100 0075 | 0d48 8387 | 2801 0000 | 01e9 6000 | 0000 483b | b730 0100 | 0075 0d48 | 8387 3801 
  0x000001dd15c51710: 0000 01e9 | 4a00 0000 | 4883 bf20 | 0100 0000 | 7517 4889 | b720 0100 | 0048 c787 | 2801 0000 
  0x000001dd15c51730: 0100 0000 | e929 0000 | 0048 83bf | 3001 0000 | 0075 1748 | 89b7 3001 | 0000 48c7 | 8738 0100 
  0x000001dd15c51750: 0001 0000 | 00e9 0800 | 0000 4883 | 8718 0100 | 0001 498b | d048 b8a0 | 1d99 29dd 

  0x000001dd15c5176c: ;   {virtual_call}
  0x000001dd15c5176c: 0100 00e8 

  0x000001dd15c51770: ; ImmutableOopMap {[48]=Oop [56]=Oop }
                      ;*invokevirtual hashCode {reexecute=0 rethrow=0 return_oop=0}
                      ; - java.util.ImmutableCollections$SetN::probe@1 (line 1016)
  0x000001dd15c51770: dcdd 6407 

  0x000001dd15c51774: ;   {other}
  0x000001dd15c51774: 0f1f 8400 | 6c02 0000 | 4c8b c048 | 8b54 2430 | 8b42 108b 

  0x000001dd15c51788: ;   {metadata(method data for {method} {0x000001dd2a442660} 'probe' '(Ljava/lang/Object;)I' in 'java/util/ImmutableCollections$SetN')}
  0x000001dd15c51788: 700c 48b8 | e0a2 006b | dd01 0000 | 4883 8048 | 0100 0001 

  0x000001dd15c5179c: ;   {metadata(method data for {method} {0x000001dd2a46ea18} 'floorMod' '(II)I' in 'java/lang/Math')}
  0x000001dd15c5179c: 48b8 58a1 | 006b dd01 | 0000 8bb8 | cc00 0000 | 83c7 0289 | b8cc 0000 | 0081 e7fe | ff1f 0085 
  0x000001dd15c517bc: ff0f 84a4 | 0200 0049 | 8bc0 488b | fa3d 0000 | 0080 0f85 | 0b00 0000 | 33d2 83fe | ff0f 8403 
  0x000001dd15c517dc: 0000 0099 

  0x000001dd15c517e0: ; implicit exception: dispatches to 0x000001dd15c51a88
  0x000001dd15c517e0: f7fe 4c33 | c645 85c0 

  0x000001dd15c517e8: ;   {metadata(method data for {method} {0x000001dd2a46ea18} 'floorMod' '(II)I' in 'java/lang/Math')}
  0x000001dd15c517e8: 49b8 58a1 | 006b dd01 | 0000 bb18 | 0100 007d | 05bb 2801 | 0000 498b | 0418 488d | 4001 4989 
  0x000001dd15c51808: 0418 0f8d | 2c00 0000 

  0x000001dd15c51810: ;   {metadata(method data for {method} {0x000001dd2a46ea18} 'floorMod' '(II)I' in 'java/lang/Math')}
  0x000001dd15c51810: 85d2 49b8 | 58a1 006b | dd01 0000 | bb38 0100 | 0074 05bb | 4801 0000 | 498b 0418 | 488d 4001 
  0x000001dd15c51830: 4989 0418 | 0f84 0200 | 0000 03d6 | 4c8b 4424 | 380f 1f80 | 0000 0000 | 8b77 108b | 5e0c 3bda 
  0x000001dd15c51850: 0f86 3c02 | 0000 4863 | da8b 749e | 1048 85f6 

  0x000001dd15c51860: ;   {metadata(method data for {method} {0x000001dd2a442660} 'probe' '(Ljava/lang/Object;)I' in 'java/util/ImmutableCollections$SetN')}
  0x000001dd15c51860: 48bb e0a2 | 006b dd01 | 0000 b868 | 0100 0074 | 05b8 5801 | 0000 488b | 0c03 488d | 4901 4889 
  0x000001dd15c51880: 0c03 0f84 | 9401 0000 | 8954 2440 

  0x000001dd15c5188c: ;   {metadata(method data for {method} {0x000001dd2a442660} 'probe' '(Ljava/lang/Object;)I' in 'java/util/ImmutableCollections$SetN')}
  0x000001dd15c5188c: 498b d848 | b8e0 a200 | 6bdd 0100 | 008b 5b08 | 49ba 0000 | 002a dd01 | 0000 4903 | da48 3b98 
  0x000001dd15c518ac: 8001 0000 | 750d 4883 | 8088 0100 | 0001 e960 | 0000 0048 | 3b98 9001 | 0000 750d | 4883 8098 
  0x000001dd15c518cc: 0100 0001 | e94a 0000 | 0048 83b8 | 8001 0000 | 0075 1748 | 8998 8001 | 0000 48c7 | 8088 0100 
  0x000001dd15c518ec: 0001 0000 | 00e9 2900 | 0000 4883 | b890 0100 | 0000 7517 | 4889 9890 | 0100 0048 | c780 9801 
  0x000001dd15c5190c: 0000 0100 | 0000 e908 | 0000 0048 | 8380 7801 | 0000 0149 | 8bd8 4c8b | c648 8bd3 | 0f1f 4400 
  0x000001dd15c5192c: 0048 b8c8 | 1d99 29dd 

  0x000001dd15c51934: ;   {virtual_call}
  0x000001dd15c51934: 0100 00e8 

  0x000001dd15c51938: ; ImmutableOopMap {[48]=Oop [56]=Oop }
                      ;*invokevirtual equals {reexecute=0 rethrow=0 return_oop=0}
                      ; - java.util.ImmutableCollections$SetN::probe@31 (line 1021)
  0x000001dd15c51938: 64dc 6407 

  0x000001dd15c5193c: ;   {other}
  0x000001dd15c5193c: 0f1f 8400 | 3404 0001 

  0x000001dd15c51944: ;   {metadata(method data for {method} {0x000001dd2a442660} 'probe' '(Ljava/lang/Object;)I' in 'java/util/ImmutableCollections$SetN')}
  0x000001dd15c51944: 85c0 48b8 | e0a2 006b | dd01 0000 | beb8 0100 | 0075 05be | a801 0000 | 488b 3c30 | 488d 7f01 
  0x000001dd15c51964: 4889 3c30 | 0f85 9400 | 0000 488b | 5424 308b | 4424 40ff | c08b 7210 

  0x000001dd15c5197c: ; implicit exception: dispatches to 0x000001dd15c51aa0
  0x000001dd15c5197c: 8b76 0c3b 

  0x000001dd15c51980: ;   {metadata(method data for {method} {0x000001dd2a442660} 'probe' '(Ljava/lang/Object;)I' in 'java/util/ImmutableCollections$SetN')}
  0x000001dd15c51980: c648 bee0 | a200 6bdd | 0100 00bf | c801 0000 | 7505 bfd8 | 0100 0048 | 8b1c 3e48 | 8d5b 0148 
  0x000001dd15c519a0: 891c 3e0f | 8505 0000 | 00b8 0000 

  0x000001dd15c519ac: ;   {metadata(method data for {method} {0x000001dd2a442660} 'probe' '(Ljava/lang/Object;)I' in 'java/util/ImmutableCollections$SetN')}
  0x000001dd15c519ac: 0000 48be | e0a2 006b | dd01 0000 | 8bbe d000 | 0000 83c7 | 0289 bed0 | 0000 0081 | e7fe 3f00 
  0x000001dd15c519cc: 0085 ff0f | 84d0 0000 | 004d 8b97 

  0x000001dd15c519d8: ; ImmutableOopMap {rdx=Oop [48]=Oop [56]=Oop }
                      ;*goto {reexecute=1 rethrow=0 return_oop=0}
                      ; - (reexecute) java.util.ImmutableCollections$SetN::probe@53 (line 1026)
  0x000001dd15c519d8: 5004 0000 

  0x000001dd15c519dc: ;   {poll}
  0x000001dd15c519dc: 4185 0248 | bee0 a200 | 6bdd 0100 | 00ff 86e8 | 0100 0048 | 8bf0 4c8b | 4424 3848 | 8bfa 488b 
  0x000001dd15c519fc: d6e9 46fe | ffff 8b74 | 2440 488b | c648 83c4 

  0x000001dd15c51a0c: ;   {poll_return}
  0x000001dd15c51a0c: 505d 493b | a748 0400 | 000f 87ab | 0000 00c3 | 488b f248 | 8bd6 f7da | 488b c2ff | c848 83c4 
  0x000001dd15c51a2c: ;   {poll_return}
  0x000001dd15c51a2c: 505d 493b | a748 0400 | 000f 87a1 | 0000 00c3 

  0x000001dd15c51a3c: ;   {metadata({method} {0x000001dd2a442660} 'probe' '(Ljava/lang/Object;)I' in 'java/util/ImmutableCollections$SetN')}
  0x000001dd15c51a3c: 49ba 5826 | 442a dd01 | 0000 4c89 | 5424 0848 | c704 24ff 

  0x000001dd15c51a50: ;   {runtime_call counter_overflow Runtime1 stub}
  0x000001dd15c51a50: ffff ffe8 

  0x000001dd15c51a54: ; ImmutableOopMap {rdx=Oop r8=Oop [48]=Oop [56]=Oop }
                      ;*synchronization entry
                      ; - java.util.ImmutableCollections$SetN::probe@-1 (line 1016)
  0x000001dd15c51a54: 086a 6407 | e96f fcff 

  0x000001dd15c51a5c: ;   {runtime_call throw_null_pointer_exception Runtime1 stub}
  0x000001dd15c51a5c: ffe8 7e07 

  0x000001dd15c51a60: ; ImmutableOopMap {r8=Oop [48]=Oop [56]=Oop }
                      ;*invokevirtual hashCode {reexecute=0 rethrow=0 return_oop=0}
                      ; - java.util.ImmutableCollections$SetN::probe@1 (line 1016)
                      ;   {runtime_call throw_null_pointer_exception Runtime1 stub}
  0x000001dd15c51a60: 6407 e879 

  0x000001dd15c51a64: ; ImmutableOopMap {rdx=Oop [48]=Oop [56]=Oop }
                      ;*arraylength {reexecute=0 rethrow=0 return_oop=0}
                      ; - java.util.ImmutableCollections$SetN::probe@8 (line 1016)
                      ;   {metadata({method} {0x000001dd2a46ea18} 'floorMod' '(II)I' in 'java/lang/Math')}
  0x000001dd15c51a64: 0764 0749 | ba10 ea46 | 2add 0100 | 004c 8954 | 2408 48c7 | 0424 ffff 

  0x000001dd15c51a7c: ;   {runtime_call counter_overflow Runtime1 stub}
  0x000001dd15c51a7c: ffff e8dd 

  0x000001dd15c51a80: ; ImmutableOopMap {rdx=Oop [48]=Oop [56]=Oop }
                      ;*synchronization entry
                      ; - java.lang.Math::floorMod@-1 (line 1584)
                      ; - java.util.ImmutableCollections$SetN::probe@9 (line 1016)
  0x000001dd15c51a80: 6964 07e9 | 3bfd ffff 

  0x000001dd15c51a88: ;   {runtime_call throw_div0_exception Runtime1 stub}
  0x000001dd15c51a88: e853 0464 

  0x000001dd15c51a8c: ; ImmutableOopMap {rdi=Oop [48]=Oop [56]=Oop }
                      ;*irem {reexecute=0 rethrow=0 return_oop=0}
                      ; - java.lang.Math::floorMod@2 (line 1584)
                      ; - java.util.ImmutableCollections$SetN::probe@9 (line 1016)
                      ;   {runtime_call throw_null_pointer_exception Runtime1 stub}
  0x000001dd15c51a8c: 07e8 4e07 

  0x000001dd15c51a90: ; ImmutableOopMap {rdi=Oop r8=Oop rsi=Oop [48]=Oop [56]=Oop }
                      ;*aaload {reexecute=0 rethrow=0 return_oop=0}
                      ; - java.util.ImmutableCollections$SetN::probe@18 (line 1018)
  0x000001dd15c51a90: 6407 4889 | 1424 4889 

  0x000001dd15c51a98: ;   {runtime_call throw_range_check_failed Runtime1 stub}
  0x000001dd15c51a98: 7424 08e8 

  0x000001dd15c51a9c: ; ImmutableOopMap {rdi=Oop r8=Oop rsi=Oop [48]=Oop [56]=Oop }
                      ;*aaload {reexecute=0 rethrow=0 return_oop=0}
                      ; - java.util.ImmutableCollections$SetN::probe@18 (line 1018)
  0x000001dd15c51a9c: 40fe 6307 

  0x000001dd15c51aa0: ;   {runtime_call throw_null_pointer_exception Runtime1 stub}
  0x000001dd15c51aa0: e83b 0764 

  0x000001dd15c51aa4: ; ImmutableOopMap {rdx=Oop [48]=Oop [56]=Oop }
                      ;*arraylength {reexecute=0 rethrow=0 return_oop=0}
                      ; - java.util.ImmutableCollections$SetN::probe@47 (line 1023)
                      ;   {metadata({method} {0x000001dd2a442660} 'probe' '(Ljava/lang/Object;)I' in 'java/util/ImmutableCollections$SetN')}
  0x000001dd15c51aa4: 0749 ba58 | 2644 2add | 0100 004c | 8954 2408 | 48c7 0424 | 3500 0000 

  0x000001dd15c51abc: ;   {runtime_call counter_overflow Runtime1 stub}
  0x000001dd15c51abc: e89f 6964 

  0x000001dd15c51ac0: ; ImmutableOopMap {rdx=Oop [48]=Oop [56]=Oop }
                      ;*goto {reexecute=1 rethrow=0 return_oop=0}
                      ; - (reexecute) java.util.ImmutableCollections$SetN::probe@53 (line 1026)
  0x000001dd15c51ac0: 07e9 0fff 

  0x000001dd15c51ac4: ;   {internal_word}
  0x000001dd15c51ac4: ffff 49ba | 0e1a c515 | dd01 0000 | 4d89 9760 

  0x000001dd15c51ad4: ;   {runtime_call SafepointBlob}
  0x000001dd15c51ad4: 0400 00e9 | 0439 5807 

  0x000001dd15c51adc: ;   {internal_word}
  0x000001dd15c51adc: 49ba 2e1a | c515 dd01 | 0000 4d89 | 9760 0400 

  0x000001dd15c51aec: ;   {runtime_call SafepointBlob}
  0x000001dd15c51aec: 00e9 ee38 | 5807 498b | 8700 0500 | 0049 c787 | 0005 0000 | 0000 0000 | 49c7 8708 | 0500 0000 
  0x000001dd15c51b0c: 0000 0048 | 83c4 505d 

  0x000001dd15c51b14: ;   {runtime_call unwind_exception Runtime1 stub}
  0x000001dd15c51b14: e9c7 f763 | 07f4 f4f4 | f4f4 f4f4 
[Stub Code]
  0x000001dd15c51b20: ;   {no_reloc}
  0x000001dd15c51b20: 0f1f 4400 

  0x000001dd15c51b24: ;   {static_stub}
  0x000001dd15c51b24: 0048 bb00 | 0000 0000 

  0x000001dd15c51b2c: ;   {runtime_call nmethod}
  0x000001dd15c51b2c: 0000 00e9 | fbff ffff 

  0x000001dd15c51b34: ;   {static_stub}
  0x000001dd15c51b34: 9048 bb00 | 0000 0000 

  0x000001dd15c51b3c: ;   {runtime_call nmethod}
  0x000001dd15c51b3c: 0000 00e9 | fbff ffff 
[Exception Handler]
  0x000001dd15c51b44: ;   {runtime_call handle_exception_from_callee Runtime1 stub}
  0x000001dd15c51b44: e817 3364 

  0x000001dd15c51b48: ;   {external_word}
  0x000001dd15c51b48: 0748 b940 | d5a7 47fa | 7f00 0048 

  0x000001dd15c51b54: ;   {runtime_call}
  0x000001dd15c51b54: 83e4 f048 | b860 4a6e | 47fa 7f00 | 00ff d0f4 
[Deopt Handler Code]
  0x000001dd15c51b64: ;   {section_word}
  0x000001dd15c51b64: 49ba 641b | c515 dd01 | 0000 4152 

  0x000001dd15c51b70: ;   {runtime_call DeoptimizationBlob}
  0x000001dd15c51b70: e90b 2b58 | 07f4 f4f4 
[/MachCode]


Compiled method (c1) 423   25       3       java.util.Set::of (68 bytes)
 total in heap  [0x000001dd15c56008,0x000001dd15c569e8] = 2528
 relocation     [0x000001dd15c560e0,0x000001dd15c561b0] = 208
 main code      [0x000001dd15c561c0,0x000001dd15c56950] = 1936
 stub code      [0x000001dd15c56950,0x000001dd15c569b0] = 96
 metadata       [0x000001dd15c569b0,0x000001dd15c569e8] = 56
 immutable data [0x000001dd29ac96e0,0x000001dd29ac9928] = 584
 dependencies   [0x000001dd29ac96e0,0x000001dd29ac96f0] = 16
 nul chk table  [0x000001dd29ac96f0,0x000001dd29ac9700] = 16
 scopes pcs     [0x000001dd29ac9700,0x000001dd29ac9850] = 336
 scopes data    [0x000001dd29ac9850,0x000001dd29ac9928] = 216

[Constant Pool (empty)]

[MachCode]
[Verified Entry Point]
  # {method} {0x000001dd2a487bc0} 'of' '([Ljava/lang/Object;)Ljava/util/Set;' in 'java/util/Set'
  # parm0:    rdx:rdx   = '[Ljava/lang/Object;'
  #           [sp+0xc0]  (sp of caller)
  0x000001dd15c561c0: 8984 2400 | 80ff ff55 | 4881 ecb0 | 0000 0090 | 4181 7f20 | 0100 0000 

  0x000001dd15c561d8: ;   {runtime_call StubRoutines (final stubs)}
  0x000001dd15c561d8: 7405 e861 | 1556 0748 

  0x000001dd15c561e0: ;   {metadata(method data for {method} {0x000001dd2a487bc0} 'of' '([Ljava/lang/Object;)Ljava/util/Set;' in 'java/util/Set')}
  0x000001dd15c561e0: 8bda 48ba | a0e7 006b | dd01 0000 | 8bb2 cc00 | 0000 83c6 | 0289 b2cc | 0000 0081 | e6fe 0700 
  0x000001dd15c56200: 0085 f60f | 84f0 0400 | 008b 530c 

  0x000001dd15c5620c: ;   {metadata(method data for {method} {0x000001dd2a487bc0} 'of' '([Ljava/lang/Object;)Ljava/util/Set;' in 'java/util/Set')}
  0x000001dd15c5620c: 48be a0e7 | 006b dd01 | 0000 bf20 | 0100 0085 | d248 8bc7 | bf30 0100 | 0048 0f45 | f883 fa01 
  0x000001dd15c5622c: 488b c7bf | 4001 0000 | 480f 45f8 | 83fa 0248 | 8bc7 bf50 | 0100 0048 | 0f45 f848 | 8b04 3e41 
  0x000001dd15c5624c: ba01 0000 | 0049 03c2 | 4889 043e | 85d2 0f84 | d203 0000 | 83fa 010f | 840e 0000 | 0083 fa02 
  0x000001dd15c5626c: 0f84 0803 | 0000 e964 

  0x000001dd15c56274: ;   {metadata('java/util/ImmutableCollections$Set12')}
  0x000001dd15c56274: 0200 0048 | ba30 0e29 | 2add 0100 | 0049 8b87 | b801 0000 | 488d 7818 | 493b bfc8 | 0100 000f 
  0x000001dd15c56294: 8786 0400 | 0049 89bf | b801 0000 | 48c7 0001 | 0000 0048 | 8bca 49ba | 0000 002a | dd01 0000 
  0x000001dd15c562b4: 492b ca89 | 4808 4833 | c989 480c | 4833 c948 | 8948 1083 | 7b0c 000f | 865b 0400 | 008b 5310 
  0x000001dd15c562d4: ;   {metadata(method data for {method} {0x000001dd2a487bc0} 'of' '([Ljava/lang/Object;)Ljava/util/Set;' in 'java/util/Set')}
  0x000001dd15c562d4: 488b f048 | bfa0 e700 | 6bdd 0100 | 0048 8387 | 6801 0000 

  0x000001dd15c562e8: ;   {metadata(method data for {method} {0x000001dd2a291570} '<init>' '(Ljava/lang/Object;)V' in 'java/util/ImmutableCollections$Set12')}
  0x000001dd15c562e8: 0148 be70 | e900 6bdd | 0100 008b | becc 0000 | 0083 c702 | 89be cc00 | 0000 81e7 | feff 1f00 
  0x000001dd15c56308: 85ff 0f84 | 2e04 0000 

  0x000001dd15c56310: ;   {metadata(method data for {method} {0x000001dd2a291570} '<init>' '(Ljava/lang/Object;)V' in 'java/util/ImmutableCollections$Set12')}
  0x000001dd15c56310: 488b f048 | bf70 e900 | 6bdd 0100 | 0048 8387 | 1801 0000 

  0x000001dd15c56324: ;   {metadata(method data for {method} {0x000001dd2a442908} '<init>' '()V' in 'java/util/ImmutableCollections$AbstractImmutableSet')}
  0x000001dd15c56324: 0148 be28 | e600 6bdd | 0100 008b | becc 0000 | 0083 c702 | 89be cc00 | 0000 81e7 | feff 1f00 
  0x000001dd15c56344: 85ff 0f84 | 1304 0000 

  0x000001dd15c5634c: ;   {metadata(method data for {method} {0x000001dd2a442908} '<init>' '()V' in 'java/util/ImmutableCollections$AbstractImmutableSet')}
  0x000001dd15c5634c: 488b f048 | bf28 e600 | 6bdd 0100 | 0048 8387 | 1801 0000 

  0x000001dd15c56360: ;   {metadata(method data for {method} {0x000001dd2a443038} '<init>' '()V' in 'java/util/ImmutableCollections$AbstractImmutableCollection')}
  0x000001dd15c56360: 0148 bee0 | e400 6bdd | 0100 008b | becc 0000 | 0083 c702 | 89be cc00 | 0000 81e7 | feff 1f00 
  0x000001dd15c56380: 85ff 0f84 | f803 0000 

  0x000001dd15c56388: ;   {metadata(method data for {method} {0x000001dd2a443038} '<init>' '()V' in 'java/util/ImmutableCollections$AbstractImmutableCollection')}
  0x000001dd15c56388: 488b f048 | bfe0 e400 | 6bdd 0100 | 0048 8387 | 1801 0000 

  0x000001dd15c5639c: ;   {metadata(method data for {method} {0x000001dd2a1ebc78} '<init>' '()V' in 'java/util/AbstractCollection')}
  0x000001dd15c5639c: 0148 be98 | e300 6bdd | 0100 008b | becc 0000 | 0083 c702 | 89be cc00 | 0000 81e7 | feff 1f00 
  0x000001dd15c563bc: 85ff 0f84 | dd03 0000 

  0x000001dd15c563c4: ;   {metadata(method data for {method} {0x000001dd2a1ebc78} '<init>' '()V' in 'java/util/AbstractCollection')}
  0x000001dd15c563c4: 488b f048 | bf98 e300 | 6bdd 0100 | 0048 8387 | 1801 0000 

  0x000001dd15c563d8: ;   {metadata(method data for {method} {0x000001dd2a49d6f8} '<init>' '()V' in 'java/lang/Object')}
  0x000001dd15c563d8: 0148 be50 | 6600 6bdd | 0100 008b | becc 0000 | 0083 c702 | 89be cc00 | 0000 81e7 | feff 1f00 
  0x000001dd15c563f8: 85ff 0f84 | c203 0000 

  0x000001dd15c56400: ;   {metadata(method data for {method} {0x000001dd2a291570} '<init>' '(Ljava/lang/Object;)V' in 'java/util/ImmutableCollections$Set12')}
  0x000001dd15c56400: 48be 70e9 | 006b dd01 | 0000 4883 | 8628 0100 

  0x000001dd15c56410: ;   {metadata(method data for {method} {0x000001dd2a44a3d8} 'requireNonNull' '(Ljava/lang/Object;)Ljava/lang/Object;' in 'java/util/Objects')}
  0x000001dd15c56410: 0001 48be | c8e0 006b | dd01 0000 | 8bbe cc00 | 0000 83c7 | 0289 becc | 0000 0081 | e7fe ff1f 
  0x000001dd15c56430: 0085 ff0f | 84aa 0300 | 0048 85d2 

  0x000001dd15c5643c: ;   {metadata(method data for {method} {0x000001dd2a44a3d8} 'requireNonNull' '(Ljava/lang/Object;)Ljava/lang/Object;' in 'java/util/Objects')}
  0x000001dd15c5643c: 48be c8e0 | 006b dd01 | 0000 bf28 | 0100 0074 | 05bf 1801 | 0000 488b | 0c3e 488d | 4901 4889 
  0x000001dd15c5645c: 0c3e 0f84 | ee01 0000 | 410f be77 | 3885 f60f | 8593 0300 | 004c 8bd2 | 4489 500c | 488b f048 
  0x000001dd15c5647c: 33f2 48c1 | ee14 4883 | fe00 0f85 | 9303 0000 | 410f be57 | 3885 d20f | 859e 0300 

  0x000001dd15c56498: ;   {oop(a 'java/lang/Object'{0x0000000089b0aea0})}
  0x000001dd15c56498: 0049 baa0 | aeb0 8900 | 0000 0044 

  0x000001dd15c564a4: ;   {oop(a 'java/lang/Object'{0x0000000089b0aea0})}
  0x000001dd15c564a4: 8950 1048 | baa0 aeb0 | 8900 0000 | 0048 8bf0 | 4833 f248 | c1ee 1448 | 83fe 000f | 858d 0300 
  0x000001dd15c564c4: 0048 81c4 | b000 0000 

  0x000001dd15c564cc: ;   {poll_return}
  0x000001dd15c564cc: 5d49 3ba7 | 4804 0000 | 0f87 9003 

  0x000001dd15c564d8: ;   {metadata('java/util/ImmutableCollections$SetN')}
  0x000001dd15c564d8: 0000 c348 | ba38 cf24 | 2add 0100 | 0049 8b87 | b801 0000 | 488d 7818 | 493b bfc8 | 0100 000f 
  0x000001dd15c564f8: 8783 0300 | 0049 89bf | b801 0000 | 48c7 0001 | 0000 0048 | 8bca 49ba | 0000 002a | dd01 0000 
  0x000001dd15c56518: 492b ca89 | 4808 4833 | c989 480c | 4833 c948 | 8948 104c 

  0x000001dd15c5652c: ;   {metadata(method data for {method} {0x000001dd2a487bc0} 'of' '([Ljava/lang/Object;)Ljava/util/Set;' in 'java/util/Set')}
  0x000001dd15c5652c: 8bc0 48ba | a0e7 006b | dd01 0000 | 4883 8288 | 0100 0001 | 4c8b c348 | 8bd0 4889 | 8424 8000 
  0x000001dd15c5654c: ;   {optimized virtual_call}
  0x000001dd15c5654c: 0000 90e8 

  0x000001dd15c56550: ; ImmutableOopMap {[128]=Oop }
                      ;*invokespecial <init> {reexecute=0 rethrow=0 return_oop=0}
                      ; - java.util.Set::of@64 (line 706)
  0x000001dd15c56550: 1a04 0000 

  0x000001dd15c56554: ;   {other}
  0x000001dd15c56554: 0f1f 8400 | 4c05 0000 | 488b 8424 | 8000 0000 | 4881 c4b0 | 0000 005d 

  0x000001dd15c5656c: ;   {poll_return}
  0x000001dd15c5656c: 493b a748 | 0400 000f | 8714 0300 

  0x000001dd15c56578: ;   {metadata('java/util/ImmutableCollections$Set12')}
  0x000001dd15c56578: 00c3 48ba | 300e 292a | dd01 0000 | 498b 87b8 | 0100 0048 | 8d78 1849 | 3bbf c801 | 0000 0f87 
  0x000001dd15c56598: 0703 0000 | 4989 bfb8 | 0100 0048 | c700 0100 | 0000 488b | ca49 ba00 | 0000 2add | 0100 0049 
  0x000001dd15c565b8: 2bca 8948 | 0848 33c9 | 8948 0c48 | 33c9 4889 | 4810 837b | 0c00 0f86 | dc02 0000 | 448b 4310 
  0x000001dd15c565d8: 837b 0c01 | 0f86 e002 | 0000 448b | 4b14 488b 

  0x000001dd15c565e8: ;   {metadata(method data for {method} {0x000001dd2a487bc0} 'of' '([Ljava/lang/Object;)Ljava/util/Set;' in 'java/util/Set')}
  0x000001dd15c565e8: d048 bea0 | e700 6bdd | 0100 0048 | 8386 7801 | 0000 0148 | 8bd0 4889 | 8424 8800 

  0x000001dd15c56604: ;   {optimized virtual_call}
  0x000001dd15c56604: 0000 90e8 

  0x000001dd15c56608: ; ImmutableOopMap {[136]=Oop }
                      ;*invokespecial <init> {reexecute=0 rethrow=0 return_oop=0}
                      ; - java.util.Set::of@55 (line 704)
  0x000001dd15c56608: 5303 0000 

  0x000001dd15c5660c: ;   {other}
  0x000001dd15c5660c: 0f1f 8400 | 0406 0001 | 488b 8424 | 8800 0000 | 4881 c4b0 | 0000 005d 

  0x000001dd15c56624: ;   {poll_return}
  0x000001dd15c56624: 493b a748 | 0400 000f | 87a3 0200 

  0x000001dd15c56630: ;   {oop(a 'java/util/ImmutableCollections$SetN'{0x0000000089b0b0e8})}
  0x000001dd15c56630: 00c3 48b8 | e8b0 b089 | 0000 0000 | 4881 c4b0 | 0000 005d 

  0x000001dd15c56644: ;   {poll_return}
  0x000001dd15c56644: 493b a748 | 0400 000f | 8799 0200 | 00c3 4889 | 8424 9800 | 0000 660f | 1f44 0000 

  0x000001dd15c56660: ;   {no_reloc}
  0x000001dd15c56660: e9aa 0200 | 0000 0000 | 0000 498b | 87b8 0100 | 0048 8d78 | 3049 3bbf | c801 0000 | 0f87 9702 
  0x000001dd15c56680: 0000 4989 | bfb8 0100 | 0048 c700 | 0100 0000 | 488b ca49 | ba00 0000 | 2add 0100 | 0049 2bca 
  0x000001dd15c566a0: 8948 0848 | 33c9 8948 | 0c48 33c9 | 4889 4810 | 4889 4818 | 4889 4820 | 4889 4828 

  0x000001dd15c566bc: ;   {metadata(method data for {method} {0x000001dd2a44a3d8} 'requireNonNull' '(Ljava/lang/Object;)Ljava/lang/Object;' in 'java/util/Objects')}
  0x000001dd15c566bc: 488b d048 | bec8 e000 | 6bdd 0100 | 0048 8386 | 3801 0000 | 0148 8bd0 | 4889 8424 | 9000 0000 
  0x000001dd15c566dc: ;   {optimized virtual_call}
  0x000001dd15c566dc: 6666 90e8 

  0x000001dd15c566e0: ; ImmutableOopMap {[144]=Oop [152]=Oop }
                      ;*invokespecial <init> {reexecute=0 rethrow=0 return_oop=0}
                      ; - java.util.Objects::requireNonNull@8 (line 220)
                      ; - java.util.ImmutableCollections$Set12::<init>@6 (line 792)
                      ; - java.util.Set::of@41 (line 702)
  0x000001dd15c566e0: fc80 5707 

  0x000001dd15c566e4: ;   {other}
  0x000001dd15c566e4: 0f1f 8400 | dc06 0002 | 488b 8424 | 9000 0000 | e94a 0200 

  0x000001dd15c566f8: ;   {metadata({method} {0x000001dd2a487bc0} 'of' '([Ljava/lang/Object;)Ljava/util/Set;' in 'java/util/Set')}
  0x000001dd15c566f8: 0049 bab8 | 7b48 2add | 0100 004c | 8954 2408 | 48c7 0424 | ffff ffff 

  0x000001dd15c56710: ;   {runtime_call counter_overflow Runtime1 stub}
  0x000001dd15c56710: e84b 1d64 

  0x000001dd15c56714: ; ImmutableOopMap {rbx=Oop }
                      ;*synchronization entry
                      ; - java.util.Set::of@-1 (line 696)
  0x000001dd15c56714: 07e9 effa 

  0x000001dd15c56718: ;   {runtime_call throw_null_pointer_exception Runtime1 stub}
  0x000001dd15c56718: ffff e8c1 

  0x000001dd15c5671c: ; ImmutableOopMap {rbx=Oop }
                      ;*arraylength {reexecute=0 rethrow=0 return_oop=0}
                      ; - java.util.Set::of@1 (line 696)
  0x000001dd15c5671c: ba63 0748 

  0x000001dd15c56720: ;   {runtime_call fast_new_instance Runtime1 stub}
  0x000001dd15c56720: 8bd2 e839 

  0x000001dd15c56724: ; ImmutableOopMap {rbx=Oop }
                      ;*new {reexecute=0 rethrow=0 return_oop=0}
                      ; - java.util.Set::of@34 (line 702)
  0x000001dd15c56724: c863 07e9 | 9bfb ffff | 48c7 0424 | 0000 0000 | 4889 5c24 

  0x000001dd15c56738: ;   {runtime_call throw_range_check_failed Runtime1 stub}
  0x000001dd15c56738: 08e8 a2b1 

  0x000001dd15c5673c: ; ImmutableOopMap {rbx=Oop rax=Oop }
                      ;*aaload {reexecute=0 rethrow=0 return_oop=0}
                      ; - java.util.Set::of@40 (line 702)
                      ;   {metadata({method} {0x000001dd2a291570} '<init>' '(Ljava/lang/Object;)V' in 'java/util/ImmutableCollections$Set12')}
  0x000001dd15c5673c: 6307 49ba | 6815 292a | dd01 0000 | 4c89 5424 | 0848 c704 | 24ff ffff 

  0x000001dd15c56754: ;   {runtime_call counter_overflow Runtime1 stub}
  0x000001dd15c56754: ffe8 061d 

  0x000001dd15c56758: ; ImmutableOopMap {rax=Oop rdx=Oop }
                      ;*synchronization entry
                      ; - java.util.ImmutableCollections$Set12::<init>@-1 (line 791)
                      ; - java.util.Set::of@41 (line 702)
  0x000001dd15c56758: 6407 e9b1 

  0x000001dd15c5675c: ;   {metadata({method} {0x000001dd2a442908} '<init>' '()V' in 'java/util/ImmutableCollections$AbstractImmutableSet')}
  0x000001dd15c5675c: fbff ff49 | ba00 2944 | 2add 0100 | 004c 8954 | 2408 48c7 | 0424 ffff 

  0x000001dd15c56774: ;   {runtime_call counter_overflow Runtime1 stub}
  0x000001dd15c56774: ffff e8e5 

  0x000001dd15c56778: ; ImmutableOopMap {rax=Oop rdx=Oop }
                      ;*synchronization entry
                      ; - java.util.ImmutableCollections$AbstractImmutableSet::<init>@-1 (line 754)
                      ; - java.util.ImmutableCollections$Set12::<init>@1 (line 791)
                      ; - java.util.Set::of@41 (line 702)
  0x000001dd15c56778: 1c64 07e9 | ccfb ffff 

  0x000001dd15c56780: ;   {metadata({method} {0x000001dd2a443038} '<init>' '()V' in 'java/util/ImmutableCollections$AbstractImmutableCollection')}
  0x000001dd15c56780: 49ba 3030 | 442a dd01 | 0000 4c89 | 5424 0848 | c704 24ff 

  0x000001dd15c56794: ;   {runtime_call counter_overflow Runtime1 stub}
  0x000001dd15c56794: ffff ffe8 

  0x000001dd15c56798: ; ImmutableOopMap {rax=Oop rdx=Oop }
                      ;*synchronization entry
                      ; - java.util.ImmutableCollections$AbstractImmutableCollection::<init>@-1 (line 145)
                      ; - java.util.ImmutableCollections$AbstractImmutableSet::<init>@1 (line 754)
                      ; - java.util.ImmutableCollections$Set12::<init>@1 (line 791)
                      ; - java.util.Set::of@41 (line 702)
  0x000001dd15c56798: c41c 6407 | e9e7 fbff 

  0x000001dd15c567a0: ;   {metadata({method} {0x000001dd2a1ebc78} '<init>' '()V' in 'java/util/AbstractCollection')}
  0x000001dd15c567a0: ff49 ba70 | bc1e 2add | 0100 004c | 8954 2408 | 48c7 0424 | ffff ffff 

  0x000001dd15c567b8: ;   {runtime_call counter_overflow Runtime1 stub}
  0x000001dd15c567b8: e8a3 1c64 

  0x000001dd15c567bc: ; ImmutableOopMap {rax=Oop rdx=Oop }
                      ;*synchronization entry
                      ; - java.util.AbstractCollection::<init>@-1 (line 70)
                      ; - java.util.ImmutableCollections$AbstractImmutableCollection::<init>@1 (line 145)
                      ; - java.util.ImmutableCollections$AbstractImmutableSet::<init>@1 (line 754)
                      ; - java.util.ImmutableCollections$Set12::<init>@1 (line 791)
                      ; - java.util.Set::of@41 (line 702)
  0x000001dd15c567bc: 07e9 02fc 

  0x000001dd15c567c0: ;   {metadata({method} {0x000001dd2a49d6f8} '<init>' '()V' in 'java/lang/Object')}
  0x000001dd15c567c0: ffff 49ba | f0d6 492a | dd01 0000 | 4c89 5424 | 0848 c704 | 24ff ffff 

  0x000001dd15c567d8: ;   {runtime_call counter_overflow Runtime1 stub}
  0x000001dd15c567d8: ffe8 821c 

  0x000001dd15c567dc: ; ImmutableOopMap {rax=Oop rdx=Oop }
                      ;*synchronization entry
                      ; - java.lang.Object::<init>@-1 (line 45)
                      ; - java.util.AbstractCollection::<init>@1 (line 70)
                      ; - java.util.ImmutableCollections$AbstractImmutableCollection::<init>@1 (line 145)
                      ; - java.util.ImmutableCollections$AbstractImmutableSet::<init>@1 (line 754)
                      ; - java.util.ImmutableCollections$Set12::<init>@1 (line 791)
                      ; - java.util.Set::of@41 (line 702)
  0x000001dd15c567dc: 6407 e91d 

  0x000001dd15c567e0: ;   {metadata({method} {0x000001dd2a44a3d8} 'requireNonNull' '(Ljava/lang/Object;)Ljava/lang/Object;' in 'java/util/Objects')}
  0x000001dd15c567e0: fcff ff49 | bad0 a344 | 2add 0100 | 004c 8954 | 2408 48c7 | 0424 ffff 

  0x000001dd15c567f8: ;   {runtime_call counter_overflow Runtime1 stub}
  0x000001dd15c567f8: ffff e861 

  0x000001dd15c567fc: ; ImmutableOopMap {rax=Oop rdx=Oop }
                      ;*synchronization entry
                      ; - java.util.Objects::requireNonNull@-1 (line 219)
                      ; - java.util.ImmutableCollections$Set12::<init>@6 (line 792)
                      ; - java.util.Set::of@41 (line 702)
  0x000001dd15c567fc: 1c64 07e9 | 35fc ffff | 8b70 0c48 | 83fe 000f | 8460 fcff | ff48 8934 

  0x000001dd15c56814: ;   {runtime_call g1_pre_barrier_slow}
  0x000001dd15c56814: 24e8 4622 | 6407 e952 | fcff ff48 | 83fa 000f | 8463 fcff | ff48 8904 

  0x000001dd15c5682c: ;   {runtime_call g1_post_barrier_slow}
  0x000001dd15c5682c: 24e8 2e25 | 6407 e955 | fcff ff8b | 5010 4883 | fa00 0f84 | 55fc ffff | 4889 1424 

  0x000001dd15c56848: ;   {runtime_call g1_pre_barrier_slow}
  0x000001dd15c56848: e813 2264 | 07e9 47fc | ffff 4883 | fa00 0f84 | 69fc ffff | 4889 0424 

  0x000001dd15c56860: ;   {runtime_call g1_post_barrier_slow}
  0x000001dd15c56860: e8fb 2464 | 07e9 5bfc 

  0x000001dd15c56868: ;   {internal_word}
  0x000001dd15c56868: ffff 49ba | cd64 c515 | dd01 0000 | 4d89 9760 

  0x000001dd15c56878: ;   {runtime_call SafepointBlob}
  0x000001dd15c56878: 0400 00e9 | 60eb 5707 

  0x000001dd15c56880: ;   {runtime_call fast_new_instance Runtime1 stub}
  0x000001dd15c56880: 488b d2e8 

  0x000001dd15c56884: ; ImmutableOopMap {rbx=Oop }
                      ;*new {reexecute=0 rethrow=0 return_oop=0}
                      ; - java.util.Set::of@59 (line 706)
  0x000001dd15c56884: d8c6 6307 | e99e fcff 

  0x000001dd15c5688c: ;   {internal_word}
  0x000001dd15c5688c: ff49 ba6c | 65c5 15dd | 0100 004d | 8997 6004 

  0x000001dd15c5689c: ;   {runtime_call SafepointBlob}
  0x000001dd15c5689c: 0000 e93d | eb57 0748 

  0x000001dd15c568a4: ;   {runtime_call fast_new_instance Runtime1 stub}
  0x000001dd15c568a4: 8bd2 e8b5 

  0x000001dd15c568a8: ; ImmutableOopMap {rbx=Oop }
                      ;*new {reexecute=0 rethrow=0 return_oop=0}
                      ; - java.util.Set::of@45 (line 704)
  0x000001dd15c568a8: c663 07e9 | 1afd ffff | 48c7 0424 | 0000 0000 | 4889 5c24 

  0x000001dd15c568bc: ;   {runtime_call throw_range_check_failed Runtime1 stub}
  0x000001dd15c568bc: 08e8 1eb0 

  0x000001dd15c568c0: ; ImmutableOopMap {rbx=Oop rax=Oop }
                      ;*aaload {reexecute=0 rethrow=0 return_oop=0}
                      ; - java.util.Set::of@51 (line 704)
  0x000001dd15c568c0: 6307 48c7 | 0424 0100 | 0000 4889 

  0x000001dd15c568cc: ;   {runtime_call throw_range_check_failed Runtime1 stub}
  0x000001dd15c568cc: 5c24 08e8 

  0x000001dd15c568d0: ; ImmutableOopMap {rbx=Oop rax=Oop r8=Oop }
                      ;*aaload {reexecute=0 rethrow=0 return_oop=0}
                      ; - java.util.Set::of@54 (line 704)
  0x000001dd15c568d0: 0cb0 6307 

  0x000001dd15c568d4: ;   {internal_word}
  0x000001dd15c568d4: 49ba 2466 | c515 dd01 | 0000 4d89 | 9760 0400 

  0x000001dd15c568e4: ;   {runtime_call SafepointBlob}
  0x000001dd15c568e4: 00e9 f6ea 

  0x000001dd15c568e8: ;   {internal_word}
  0x000001dd15c568e8: 5707 49ba | 4466 c515 | dd01 0000 | 4d89 9760 

  0x000001dd15c568f8: ;   {runtime_call SafepointBlob}
  0x000001dd15c568f8: 0400 00e9 | e0ea 5707 

  0x000001dd15c56900: ;   {metadata(nullptr)}
  0x000001dd15c56900: 48ba 0000 | 0000 0000 | 0000 b800 

  0x000001dd15c5690c: ;   {runtime_call load_klass_patching Runtime1 stub}
  0x000001dd15c5690c: 0f05 0ae8 

  0x000001dd15c56910: ; ImmutableOopMap {[152]=Oop }
                      ;*new {reexecute=1 rethrow=0 return_oop=0}
                      ; - (reexecute) java.util.Objects::requireNonNull@4 (line 220)
                      ; - java.util.ImmutableCollections$Set12::<init>@6 (line 792)
                      ; - java.util.Set::of@41 (line 702)
  0x000001dd15c56910: cc07 6407 | e947 fdff | ff48 8bd2 

  0x000001dd15c5691c: ;   {runtime_call fast_new_instance Runtime1 stub}
  0x000001dd15c5691c: e83f c663 

  0x000001dd15c56920: ; ImmutableOopMap {[152]=Oop }
                      ;*new {reexecute=0 rethrow=0 return_oop=0}
                      ; - java.util.Objects::requireNonNull@4 (line 220)
                      ; - java.util.ImmutableCollections$Set12::<init>@6 (line 792)
                      ; - java.util.Set::of@41 (line 702)
  0x000001dd15c56920: 07e9 96fd | ffff 498b | 8700 0500 | 0049 c787 | 0005 0000 | 0000 0000 | 49c7 8708 | 0500 0000 
  0x000001dd15c56940: 0000 0048 | 81c4 b000 

  0x000001dd15c56948: ;   {runtime_call unwind_exception Runtime1 stub}
  0x000001dd15c56948: 0000 5de9 | 90a9 6307 
[Stub Code]
  0x000001dd15c56950: ;   {no_reloc}
  0x000001dd15c56950: 48bb 0000 | 0000 0000 

  0x000001dd15c56958: ;   {runtime_call nmethod}
  0x000001dd15c56958: 0000 e9fb 

  0x000001dd15c5695c: ;   {static_stub}
  0x000001dd15c5695c: ffff ff48 | bbc0 1529 | 2add 0100 

  0x000001dd15c56968: ;   {runtime_call I2C/C2I adapters}
  0x000001dd15c56968: 00e9 4c6a 

  0x000001dd15c5696c: ;   {static_stub}
  0x000001dd15c5696c: 5707 48bb | 6027 442a | dd01 0000 

  0x000001dd15c56978: ;   {runtime_call I2C/C2I adapters}
  0x000001dd15c56978: e9b9 d557 

  0x000001dd15c5697c: ;   {runtime_call handle_exception_from_callee Runtime1 stub}
  0x000001dd15c5697c: 07e8 dee4 

  0x000001dd15c56980: ;   {external_word}
  0x000001dd15c56980: 6307 48b9 | 40d5 a747 | fa7f 0000 | 4883 e4f0 

  0x000001dd15c56990: ;   {runtime_call}
  0x000001dd15c56990: 48b8 604a | 6e47 fa7f | 0000 ffd0 

  0x000001dd15c5699c: ;   {section_word}
  0x000001dd15c5699c: f449 ba9d | 69c5 15dd | 0100 0041 

  0x000001dd15c569a8: ;   {runtime_call DeoptimizationBlob}
  0x000001dd15c569a8: 52e9 d2dc | 5707 f4f4 
[/MachCode]


---------------  P R O C E S S  ---------------

Threads class SMR info:
_java_thread_list=0x000001dd299b30e0, length=9, elements={
0x000001dd0b2e4590, 0x000001dd299b6120, 0x000001dd299b8690, 0x000001dd299bbb20,
0x000001dd299bc580, 0x000001dd299bd780, 0x000001dd299be1e0, 0x000001dd299c7750,
0x000001dd299dcd50
}

Java Threads: ( => current thread )
=>0x000001dd0b2e4590 JavaThread "main"                              [_thread_in_vm, id=17260, stack(0x00000068a6f00000,0x00000068a7000000) (1024K)]
  0x000001dd299b6120 JavaThread "Reference Handler"          daemon [_thread_blocked, id=15220, stack(0x00000068a7700000,0x00000068a7800000) (1024K)]
  0x000001dd299b8690 JavaThread "Finalizer"                  daemon [_thread_blocked, id=14616, stack(0x00000068a7800000,0x00000068a7900000) (1024K)]
  0x000001dd299bbb20 JavaThread "Signal Dispatcher"          daemon [_thread_blocked, id=15460, stack(0x00000068a7900000,0x00000068a7a00000) (1024K)]
  0x000001dd299bc580 JavaThread "Attach Listener"            daemon [_thread_blocked, id=16632, stack(0x00000068a7a00000,0x00000068a7b00000) (1024K)]
  0x000001dd299bd780 JavaThread "Service Thread"             daemon [_thread_blocked, id=14188, stack(0x00000068a7b00000,0x00000068a7c00000) (1024K)]
  0x000001dd299be1e0 JavaThread "Monitor Deflation Thread"   daemon [_thread_blocked, id=7284, stack(0x00000068a7c00000,0x00000068a7d00000) (1024K)]
  0x000001dd299c7750 JavaThread "C2 CompilerThread0"         daemon [_thread_blocked, id=17732, stack(0x00000068a7d00000,0x00000068a7e00000) (1024K)]
  0x000001dd299dcd50 JavaThread "C1 CompilerThread0"         daemon [_thread_in_vm, id=5096, stack(0x00000068a7e00000,0x00000068a7f00000) (1024K)]
Total: 9

Other Threads:
  0x000001dd29999ce0 VMThread "VM Thread"                           [id=17124, stack(0x00000068a7600000,0x00000068a7700000) (1024K)]
  0x000001dd2998a4b0 WatcherThread "VM Periodic Task Thread"        [id=2684, stack(0x00000068a7500000,0x00000068a7600000) (1024K)]
  0x000001dd0d572d50 WorkerThread "GC Thread#0"                     [id=12648, stack(0x00000068a7000000,0x00000068a7100000) (1024K)]
  0x000001dd0b3adf00 ConcurrentGCThread "G1 Main Marker"            [id=16236, stack(0x00000068a7100000,0x00000068a7200000) (1024K)]
  0x000001dd0b3ae920 WorkerThread "G1 Conc#0"                       [id=17576, stack(0x00000068a7200000,0x00000068a7300000) (1024K)]
  0x000001dd0d5de3e0 ConcurrentGCThread "G1 Refine#0"               [id=18268, stack(0x00000068a7300000,0x00000068a7400000) (1024K)]
  0x000001dd29851150 ConcurrentGCThread "G1 Service"                [id=2492, stack(0x00000068a7400000,0x00000068a7500000) (1024K)]
Total: 7

Threads with active compile tasks:
C1 CompilerThread0  469   33       3       jdk.internal.util.Preconditions::checkIndex (18 bytes)
Total: 1

VM state: not at safepoint (normal execution)

VM Mutex/Monitor currently owned by a thread:  ([mutex/lock_event])
[0x00007ffa47d21890] Metaspace_lock - owner thread: 0x000001dd0b2e4590

Heap address: 0x0000000081c00000, size: 2020 MB, Compressed Oops mode: 32-bit

CDS archive(s) mapped at: [0x000001dd2a000000-0x000001dd2ad70000-0x000001dd2ad70000), size 14090240, SharedBaseAddress: 0x000001dd2a000000, ArchiveRelocationMode: 1.
Compressed class space mapped at: 0x000001dd2b000000-0x000001dd6b000000, reserved size: 1073741824
Narrow klass base: 0x000001dd2a000000, Narrow klass shift: 0, Narrow klass range: 0x41000000

GC Precious Log:
 CardTable entry size: 512
 Card Set container configuration: InlinePtr #cards 5 size 8 Array Of Cards #cards 10 size 36 Howl #buckets 4 coarsen threshold 1843 Howl Bitmap #cards 512 size 80 coarsen threshold 460 Card regions per heap region 1 cards per card region 2048
 CPUs: 4 total, 4 available
 Memory: 8072M
 Large Page Support: Disabled
 NUMA Support: Disabled
 Compressed Oops: Enabled (32-bit)
 Heap Region Size: 1M
 Heap Min Capacity: 8M
 Heap Initial Capacity: 128M
 Heap Max Capacity: 2020M
 Pre-touch: Disabled
 Parallel Workers: 4
 Concurrent Workers: 1
 Concurrent Refinement Workers: 4
 Periodic GC: Disabled

Heap:
 garbage-first heap   total reserved 2068480K, committed 131072K, used 0K [0x0000000081c00000, 0x0000000100000000)
  region size 1024K, 1 young (1024K), 0 survivors (0K)
 Metaspace       used 64K, committed 128K, reserved 1114112K
  class space    used 0K, committed 64K, reserved 1048576K

Heap Regions: E=young(eden), S=young(survivor), O=old, HS=humongous(starts), HC=humongous(continues), CS=collection set, F=free, TAMS=top-at-mark-start, PB=parsable bottom
|   0|0x0000000081c00000, 0x0000000081c00000, 0x0000000081d00000|  0%| F|  |TAMS 0x0000000081c00000| PB 0x0000000081c00000| Untracked |  0
|   1|0x0000000081d00000, 0x0000000081d00000, 0x0000000081e00000|  0%| F|  |TAMS 0x0000000081d00000| PB 0x0000000081d00000| Untracked |  0
|   2|0x0000000081e00000, 0x0000000081e00000, 0x0000000081f00000|  0%| F|  |TAMS 0x0000000081e00000| PB 0x0000000081e00000| Untracked |  0
|   3|0x0000000081f00000, 0x0000000081f00000, 0x0000000082000000|  0%| F|  |TAMS 0x0000000081f00000| PB 0x0000000081f00000| Untracked |  0
|   4|0x0000000082000000, 0x0000000082000000, 0x0000000082100000|  0%| F|  |TAMS 0x0000000082000000| PB 0x0000000082000000| Untracked |  0
|   5|0x0000000082100000, 0x0000000082100000, 0x0000000082200000|  0%| F|  |TAMS 0x0000000082100000| PB 0x0000000082100000| Untracked |  0
|   6|0x0000000082200000, 0x0000000082200000, 0x0000000082300000|  0%| F|  |TAMS 0x0000000082200000| PB 0x0000000082200000| Untracked |  0
|   7|0x0000000082300000, 0x0000000082300000, 0x0000000082400000|  0%| F|  |TAMS 0x0000000082300000| PB 0x0000000082300000| Untracked |  0
|   8|0x0000000082400000, 0x0000000082400000, 0x0000000082500000|  0%| F|  |TAMS 0x0000000082400000| PB 0x0000000082400000| Untracked |  0
|   9|0x0000000082500000, 0x0000000082500000, 0x0000000082600000|  0%| F|  |TAMS 0x0000000082500000| PB 0x0000000082500000| Untracked |  0
|  10|0x0000000082600000, 0x0000000082600000, 0x0000000082700000|  0%| F|  |TAMS 0x0000000082600000| PB 0x0000000082600000| Untracked |  0
|  11|0x0000000082700000, 0x0000000082700000, 0x0000000082800000|  0%| F|  |TAMS 0x0000000082700000| PB 0x0000000082700000| Untracked |  0
|  12|0x0000000082800000, 0x0000000082800000, 0x0000000082900000|  0%| F|  |TAMS 0x0000000082800000| PB 0x0000000082800000| Untracked |  0
|  13|0x0000000082900000, 0x0000000082900000, 0x0000000082a00000|  0%| F|  |TAMS 0x0000000082900000| PB 0x0000000082900000| Untracked |  0
|  14|0x0000000082a00000, 0x0000000082a00000, 0x0000000082b00000|  0%| F|  |TAMS 0x0000000082a00000| PB 0x0000000082a00000| Untracked |  0
|  15|0x0000000082b00000, 0x0000000082b00000, 0x0000000082c00000|  0%| F|  |TAMS 0x0000000082b00000| PB 0x0000000082b00000| Untracked |  0
|  16|0x0000000082c00000, 0x0000000082c00000, 0x0000000082d00000|  0%| F|  |TAMS 0x0000000082c00000| PB 0x0000000082c00000| Untracked |  0
|  17|0x0000000082d00000, 0x0000000082d00000, 0x0000000082e00000|  0%| F|  |TAMS 0x0000000082d00000| PB 0x0000000082d00000| Untracked |  0
|  18|0x0000000082e00000, 0x0000000082e00000, 0x0000000082f00000|  0%| F|  |TAMS 0x0000000082e00000| PB 0x0000000082e00000| Untracked |  0
|  19|0x0000000082f00000, 0x0000000082f00000, 0x0000000083000000|  0%| F|  |TAMS 0x0000000082f00000| PB 0x0000000082f00000| Untracked |  0
|  20|0x0000000083000000, 0x0000000083000000, 0x0000000083100000|  0%| F|  |TAMS 0x0000000083000000| PB 0x0000000083000000| Untracked |  0
|  21|0x0000000083100000, 0x0000000083100000, 0x0000000083200000|  0%| F|  |TAMS 0x0000000083100000| PB 0x0000000083100000| Untracked |  0
|  22|0x0000000083200000, 0x0000000083200000, 0x0000000083300000|  0%| F|  |TAMS 0x0000000083200000| PB 0x0000000083200000| Untracked |  0
|  23|0x0000000083300000, 0x0000000083300000, 0x0000000083400000|  0%| F|  |TAMS 0x0000000083300000| PB 0x0000000083300000| Untracked |  0
|  24|0x0000000083400000, 0x0000000083400000, 0x0000000083500000|  0%| F|  |TAMS 0x0000000083400000| PB 0x0000000083400000| Untracked |  0
|  25|0x0000000083500000, 0x0000000083500000, 0x0000000083600000|  0%| F|  |TAMS 0x0000000083500000| PB 0x0000000083500000| Untracked |  0
|  26|0x0000000083600000, 0x0000000083600000, 0x0000000083700000|  0%| F|  |TAMS 0x0000000083600000| PB 0x0000000083600000| Untracked |  0
|  27|0x0000000083700000, 0x0000000083700000, 0x0000000083800000|  0%| F|  |TAMS 0x0000000083700000| PB 0x0000000083700000| Untracked |  0
|  28|0x0000000083800000, 0x0000000083800000, 0x0000000083900000|  0%| F|  |TAMS 0x0000000083800000| PB 0x0000000083800000| Untracked |  0
|  29|0x0000000083900000, 0x0000000083900000, 0x0000000083a00000|  0%| F|  |TAMS 0x0000000083900000| PB 0x0000000083900000| Untracked |  0
|  30|0x0000000083a00000, 0x0000000083a00000, 0x0000000083b00000|  0%| F|  |TAMS 0x0000000083a00000| PB 0x0000000083a00000| Untracked |  0
|  31|0x0000000083b00000, 0x0000000083b00000, 0x0000000083c00000|  0%| F|  |TAMS 0x0000000083b00000| PB 0x0000000083b00000| Untracked |  0
|  32|0x0000000083c00000, 0x0000000083c00000, 0x0000000083d00000|  0%| F|  |TAMS 0x0000000083c00000| PB 0x0000000083c00000| Untracked |  0
|  33|0x0000000083d00000, 0x0000000083d00000, 0x0000000083e00000|  0%| F|  |TAMS 0x0000000083d00000| PB 0x0000000083d00000| Untracked |  0
|  34|0x0000000083e00000, 0x0000000083e00000, 0x0000000083f00000|  0%| F|  |TAMS 0x0000000083e00000| PB 0x0000000083e00000| Untracked |  0
|  35|0x0000000083f00000, 0x0000000083f00000, 0x0000000084000000|  0%| F|  |TAMS 0x0000000083f00000| PB 0x0000000083f00000| Untracked |  0
|  36|0x0000000084000000, 0x0000000084000000, 0x0000000084100000|  0%| F|  |TAMS 0x0000000084000000| PB 0x0000000084000000| Untracked |  0
|  37|0x0000000084100000, 0x0000000084100000, 0x0000000084200000|  0%| F|  |TAMS 0x0000000084100000| PB 0x0000000084100000| Untracked |  0
|  38|0x0000000084200000, 0x0000000084200000, 0x0000000084300000|  0%| F|  |TAMS 0x0000000084200000| PB 0x0000000084200000| Untracked |  0
|  39|0x0000000084300000, 0x0000000084300000, 0x0000000084400000|  0%| F|  |TAMS 0x0000000084300000| PB 0x0000000084300000| Untracked |  0
|  40|0x0000000084400000, 0x0000000084400000, 0x0000000084500000|  0%| F|  |TAMS 0x0000000084400000| PB 0x0000000084400000| Untracked |  0
|  41|0x0000000084500000, 0x0000000084500000, 0x0000000084600000|  0%| F|  |TAMS 0x0000000084500000| PB 0x0000000084500000| Untracked |  0
|  42|0x0000000084600000, 0x0000000084600000, 0x0000000084700000|  0%| F|  |TAMS 0x0000000084600000| PB 0x0000000084600000| Untracked |  0
|  43|0x0000000084700000, 0x0000000084700000, 0x0000000084800000|  0%| F|  |TAMS 0x0000000084700000| PB 0x0000000084700000| Untracked |  0
|  44|0x0000000084800000, 0x0000000084800000, 0x0000000084900000|  0%| F|  |TAMS 0x0000000084800000| PB 0x0000000084800000| Untracked |  0
|  45|0x0000000084900000, 0x0000000084900000, 0x0000000084a00000|  0%| F|  |TAMS 0x0000000084900000| PB 0x0000000084900000| Untracked |  0
|  46|0x0000000084a00000, 0x0000000084a00000, 0x0000000084b00000|  0%| F|  |TAMS 0x0000000084a00000| PB 0x0000000084a00000| Untracked |  0
|  47|0x0000000084b00000, 0x0000000084b00000, 0x0000000084c00000|  0%| F|  |TAMS 0x0000000084b00000| PB 0x0000000084b00000| Untracked |  0
|  48|0x0000000084c00000, 0x0000000084c00000, 0x0000000084d00000|  0%| F|  |TAMS 0x0000000084c00000| PB 0x0000000084c00000| Untracked |  0
|  49|0x0000000084d00000, 0x0000000084d00000, 0x0000000084e00000|  0%| F|  |TAMS 0x0000000084d00000| PB 0x0000000084d00000| Untracked |  0
|  50|0x0000000084e00000, 0x0000000084e00000, 0x0000000084f00000|  0%| F|  |TAMS 0x0000000084e00000| PB 0x0000000084e00000| Untracked |  0
|  51|0x0000000084f00000, 0x0000000084f00000, 0x0000000085000000|  0%| F|  |TAMS 0x0000000084f00000| PB 0x0000000084f00000| Untracked |  0
|  52|0x0000000085000000, 0x0000000085000000, 0x0000000085100000|  0%| F|  |TAMS 0x0000000085000000| PB 0x0000000085000000| Untracked |  0
|  53|0x0000000085100000, 0x0000000085100000, 0x0000000085200000|  0%| F|  |TAMS 0x0000000085100000| PB 0x0000000085100000| Untracked |  0
|  54|0x0000000085200000, 0x0000000085200000, 0x0000000085300000|  0%| F|  |TAMS 0x0000000085200000| PB 0x0000000085200000| Untracked |  0
|  55|0x0000000085300000, 0x0000000085300000, 0x0000000085400000|  0%| F|  |TAMS 0x0000000085300000| PB 0x0000000085300000| Untracked |  0
|  56|0x0000000085400000, 0x0000000085400000, 0x0000000085500000|  0%| F|  |TAMS 0x0000000085400000| PB 0x0000000085400000| Untracked |  0
|  57|0x0000000085500000, 0x0000000085500000, 0x0000000085600000|  0%| F|  |TAMS 0x0000000085500000| PB 0x0000000085500000| Untracked |  0
|  58|0x0000000085600000, 0x0000000085600000, 0x0000000085700000|  0%| F|  |TAMS 0x0000000085600000| PB 0x0000000085600000| Untracked |  0
|  59|0x0000000085700000, 0x0000000085700000, 0x0000000085800000|  0%| F|  |TAMS 0x0000000085700000| PB 0x0000000085700000| Untracked |  0
|  60|0x0000000085800000, 0x0000000085800000, 0x0000000085900000|  0%| F|  |TAMS 0x0000000085800000| PB 0x0000000085800000| Untracked |  0
|  61|0x0000000085900000, 0x0000000085900000, 0x0000000085a00000|  0%| F|  |TAMS 0x0000000085900000| PB 0x0000000085900000| Untracked |  0
|  62|0x0000000085a00000, 0x0000000085a00000, 0x0000000085b00000|  0%| F|  |TAMS 0x0000000085a00000| PB 0x0000000085a00000| Untracked |  0
|  63|0x0000000085b00000, 0x0000000085b00000, 0x0000000085c00000|  0%| F|  |TAMS 0x0000000085b00000| PB 0x0000000085b00000| Untracked |  0
|  64|0x0000000085c00000, 0x0000000085c00000, 0x0000000085d00000|  0%| F|  |TAMS 0x0000000085c00000| PB 0x0000000085c00000| Untracked |  0
|  65|0x0000000085d00000, 0x0000000085d00000, 0x0000000085e00000|  0%| F|  |TAMS 0x0000000085d00000| PB 0x0000000085d00000| Untracked |  0
|  66|0x0000000085e00000, 0x0000000085e00000, 0x0000000085f00000|  0%| F|  |TAMS 0x0000000085e00000| PB 0x0000000085e00000| Untracked |  0
|  67|0x0000000085f00000, 0x0000000085f00000, 0x0000000086000000|  0%| F|  |TAMS 0x0000000085f00000| PB 0x0000000085f00000| Untracked |  0
|  68|0x0000000086000000, 0x0000000086000000, 0x0000000086100000|  0%| F|  |TAMS 0x0000000086000000| PB 0x0000000086000000| Untracked |  0
|  69|0x0000000086100000, 0x0000000086100000, 0x0000000086200000|  0%| F|  |TAMS 0x0000000086100000| PB 0x0000000086100000| Untracked |  0
|  70|0x0000000086200000, 0x0000000086200000, 0x0000000086300000|  0%| F|  |TAMS 0x0000000086200000| PB 0x0000000086200000| Untracked |  0
|  71|0x0000000086300000, 0x0000000086300000, 0x0000000086400000|  0%| F|  |TAMS 0x0000000086300000| PB 0x0000000086300000| Untracked |  0
|  72|0x0000000086400000, 0x0000000086400000, 0x0000000086500000|  0%| F|  |TAMS 0x0000000086400000| PB 0x0000000086400000| Untracked |  0
|  73|0x0000000086500000, 0x0000000086500000, 0x0000000086600000|  0%| F|  |TAMS 0x0000000086500000| PB 0x0000000086500000| Untracked |  0
|  74|0x0000000086600000, 0x0000000086600000, 0x0000000086700000|  0%| F|  |TAMS 0x0000000086600000| PB 0x0000000086600000| Untracked |  0
|  75|0x0000000086700000, 0x0000000086700000, 0x0000000086800000|  0%| F|  |TAMS 0x0000000086700000| PB 0x0000000086700000| Untracked |  0
|  76|0x0000000086800000, 0x0000000086800000, 0x0000000086900000|  0%| F|  |TAMS 0x0000000086800000| PB 0x0000000086800000| Untracked |  0
|  77|0x0000000086900000, 0x0000000086900000, 0x0000000086a00000|  0%| F|  |TAMS 0x0000000086900000| PB 0x0000000086900000| Untracked |  0
|  78|0x0000000086a00000, 0x0000000086a00000, 0x0000000086b00000|  0%| F|  |TAMS 0x0000000086a00000| PB 0x0000000086a00000| Untracked |  0
|  79|0x0000000086b00000, 0x0000000086b00000, 0x0000000086c00000|  0%| F|  |TAMS 0x0000000086b00000| PB 0x0000000086b00000| Untracked |  0
|  80|0x0000000086c00000, 0x0000000086c00000, 0x0000000086d00000|  0%| F|  |TAMS 0x0000000086c00000| PB 0x0000000086c00000| Untracked |  0
|  81|0x0000000086d00000, 0x0000000086d00000, 0x0000000086e00000|  0%| F|  |TAMS 0x0000000086d00000| PB 0x0000000086d00000| Untracked |  0
|  82|0x0000000086e00000, 0x0000000086e00000, 0x0000000086f00000|  0%| F|  |TAMS 0x0000000086e00000| PB 0x0000000086e00000| Untracked |  0
|  83|0x0000000086f00000, 0x0000000086f00000, 0x0000000087000000|  0%| F|  |TAMS 0x0000000086f00000| PB 0x0000000086f00000| Untracked |  0
|  84|0x0000000087000000, 0x0000000087000000, 0x0000000087100000|  0%| F|  |TAMS 0x0000000087000000| PB 0x0000000087000000| Untracked |  0
|  85|0x0000000087100000, 0x0000000087100000, 0x0000000087200000|  0%| F|  |TAMS 0x0000000087100000| PB 0x0000000087100000| Untracked |  0
|  86|0x0000000087200000, 0x0000000087200000, 0x0000000087300000|  0%| F|  |TAMS 0x0000000087200000| PB 0x0000000087200000| Untracked |  0
|  87|0x0000000087300000, 0x0000000087300000, 0x0000000087400000|  0%| F|  |TAMS 0x0000000087300000| PB 0x0000000087300000| Untracked |  0
|  88|0x0000000087400000, 0x0000000087400000, 0x0000000087500000|  0%| F|  |TAMS 0x0000000087400000| PB 0x0000000087400000| Untracked |  0
|  89|0x0000000087500000, 0x0000000087500000, 0x0000000087600000|  0%| F|  |TAMS 0x0000000087500000| PB 0x0000000087500000| Untracked |  0
|  90|0x0000000087600000, 0x0000000087600000, 0x0000000087700000|  0%| F|  |TAMS 0x0000000087600000| PB 0x0000000087600000| Untracked |  0
|  91|0x0000000087700000, 0x0000000087700000, 0x0000000087800000|  0%| F|  |TAMS 0x0000000087700000| PB 0x0000000087700000| Untracked |  0
|  92|0x0000000087800000, 0x0000000087800000, 0x0000000087900000|  0%| F|  |TAMS 0x0000000087800000| PB 0x0000000087800000| Untracked |  0
|  93|0x0000000087900000, 0x0000000087900000, 0x0000000087a00000|  0%| F|  |TAMS 0x0000000087900000| PB 0x0000000087900000| Untracked |  0
|  94|0x0000000087a00000, 0x0000000087a00000, 0x0000000087b00000|  0%| F|  |TAMS 0x0000000087a00000| PB 0x0000000087a00000| Untracked |  0
|  95|0x0000000087b00000, 0x0000000087b00000, 0x0000000087c00000|  0%| F|  |TAMS 0x0000000087b00000| PB 0x0000000087b00000| Untracked |  0
|  96|0x0000000087c00000, 0x0000000087c00000, 0x0000000087d00000|  0%| F|  |TAMS 0x0000000087c00000| PB 0x0000000087c00000| Untracked |  0
|  97|0x0000000087d00000, 0x0000000087d00000, 0x0000000087e00000|  0%| F|  |TAMS 0x0000000087d00000| PB 0x0000000087d00000| Untracked |  0
|  98|0x0000000087e00000, 0x0000000087e00000, 0x0000000087f00000|  0%| F|  |TAMS 0x0000000087e00000| PB 0x0000000087e00000| Untracked |  0
|  99|0x0000000087f00000, 0x0000000087f00000, 0x0000000088000000|  0%| F|  |TAMS 0x0000000087f00000| PB 0x0000000087f00000| Untracked |  0
| 100|0x0000000088000000, 0x0000000088000000, 0x0000000088100000|  0%| F|  |TAMS 0x0000000088000000| PB 0x0000000088000000| Untracked |  0
| 101|0x0000000088100000, 0x0000000088100000, 0x0000000088200000|  0%| F|  |TAMS 0x0000000088100000| PB 0x0000000088100000| Untracked |  0
| 102|0x0000000088200000, 0x0000000088200000, 0x0000000088300000|  0%| F|  |TAMS 0x0000000088200000| PB 0x0000000088200000| Untracked |  0
| 103|0x0000000088300000, 0x0000000088300000, 0x0000000088400000|  0%| F|  |TAMS 0x0000000088300000| PB 0x0000000088300000| Untracked |  0
| 104|0x0000000088400000, 0x0000000088400000, 0x0000000088500000|  0%| F|  |TAMS 0x0000000088400000| PB 0x0000000088400000| Untracked |  0
| 105|0x0000000088500000, 0x0000000088500000, 0x0000000088600000|  0%| F|  |TAMS 0x0000000088500000| PB 0x0000000088500000| Untracked |  0
| 106|0x0000000088600000, 0x0000000088600000, 0x0000000088700000|  0%| F|  |TAMS 0x0000000088600000| PB 0x0000000088600000| Untracked |  0
| 107|0x0000000088700000, 0x0000000088700000, 0x0000000088800000|  0%| F|  |TAMS 0x0000000088700000| PB 0x0000000088700000| Untracked |  0
| 108|0x0000000088800000, 0x0000000088800000, 0x0000000088900000|  0%| F|  |TAMS 0x0000000088800000| PB 0x0000000088800000| Untracked |  0
| 109|0x0000000088900000, 0x0000000088900000, 0x0000000088a00000|  0%| F|  |TAMS 0x0000000088900000| PB 0x0000000088900000| Untracked |  0
| 110|0x0000000088a00000, 0x0000000088a00000, 0x0000000088b00000|  0%| F|  |TAMS 0x0000000088a00000| PB 0x0000000088a00000| Untracked |  0
| 111|0x0000000088b00000, 0x0000000088b00000, 0x0000000088c00000|  0%| F|  |TAMS 0x0000000088b00000| PB 0x0000000088b00000| Untracked |  0
| 112|0x0000000088c00000, 0x0000000088c00000, 0x0000000088d00000|  0%| F|  |TAMS 0x0000000088c00000| PB 0x0000000088c00000| Untracked |  0
| 113|0x0000000088d00000, 0x0000000088d00000, 0x0000000088e00000|  0%| F|  |TAMS 0x0000000088d00000| PB 0x0000000088d00000| Untracked |  0
| 114|0x0000000088e00000, 0x0000000088e00000, 0x0000000088f00000|  0%| F|  |TAMS 0x0000000088e00000| PB 0x0000000088e00000| Untracked |  0
| 115|0x0000000088f00000, 0x0000000088f00000, 0x0000000089000000|  0%| F|  |TAMS 0x0000000088f00000| PB 0x0000000088f00000| Untracked |  0
| 116|0x0000000089000000, 0x0000000089000000, 0x0000000089100000|  0%| F|  |TAMS 0x0000000089000000| PB 0x0000000089000000| Untracked |  0
| 117|0x0000000089100000, 0x0000000089100000, 0x0000000089200000|  0%| F|  |TAMS 0x0000000089100000| PB 0x0000000089100000| Untracked |  0
| 118|0x0000000089200000, 0x0000000089200000, 0x0000000089300000|  0%| F|  |TAMS 0x0000000089200000| PB 0x0000000089200000| Untracked |  0
| 119|0x0000000089300000, 0x0000000089300000, 0x0000000089400000|  0%| F|  |TAMS 0x0000000089300000| PB 0x0000000089300000| Untracked |  0
| 120|0x0000000089400000, 0x0000000089400000, 0x0000000089500000|  0%| F|  |TAMS 0x0000000089400000| PB 0x0000000089400000| Untracked |  0
| 121|0x0000000089500000, 0x0000000089500000, 0x0000000089600000|  0%| F|  |TAMS 0x0000000089500000| PB 0x0000000089500000| Untracked |  0
| 122|0x0000000089600000, 0x0000000089600000, 0x0000000089700000|  0%| F|  |TAMS 0x0000000089600000| PB 0x0000000089600000| Untracked |  0
| 123|0x0000000089700000, 0x0000000089700000, 0x0000000089800000|  0%| F|  |TAMS 0x0000000089700000| PB 0x0000000089700000| Untracked |  0
| 124|0x0000000089800000, 0x0000000089800000, 0x0000000089900000|  0%| F|  |TAMS 0x0000000089800000| PB 0x0000000089800000| Untracked |  0
| 125|0x0000000089900000, 0x0000000089900000, 0x0000000089a00000|  0%| F|  |TAMS 0x0000000089900000| PB 0x0000000089900000| Untracked |  0
| 126|0x0000000089a00000, 0x0000000089a00000, 0x0000000089b00000|  0%| F|  |TAMS 0x0000000089a00000| PB 0x0000000089a00000| Untracked |  0
| 127|0x0000000089b00000, 0x0000000089c00000, 0x0000000089c00000|100%| E|  |TAMS 0x0000000089b00000| PB 0x0000000089b00000| Complete |  0

Card table byte_map: [0x000001dd25050000,0x000001dd25450000] _byte_map_base: 0x000001dd24c42000

Marking Bits: (CMBitMap*) 0x000001dd0d573b80
 Bits: [0x000001dd25450000, 0x000001dd273e0000)

Polling page: 0x000001dd0b280000

Metaspace:

Usage:
  Non-class:     63.84 KB used.
      Class:   1008 bytes used.
       Both:     64.82 KB used.

Virtual space:
  Non-class space:       64.00 MB reserved,      64.00 KB ( <1%) committed,  1 nodes.
      Class space:        1.00 GB reserved,      64.00 KB ( <1%) committed,  1 nodes.
             Both:        1.06 GB reserved,     128.00 KB ( <1%) committed. 

Chunk freelists:
   Non-Class:  12.00 MB
       Class:  15.75 MB
        Both:  27.75 MB

MaxMetaspaceSize: unlimited
CompressedClassSpaceSize: 1.00 GB
Initial GC threshold: 21.00 MB
Current GC threshold: 21.00 MB
CDS: on
 - commit_granule_bytes: 65536.
 - commit_granule_words: 8192.
 - virtual_space_node_default_size: 8388608.
 - enlarge_chunks_in_place: 1.
 - use_allocation_guard: 0.


Internal statistics:

num_allocs_failed_limit: 0.
num_arena_births: 2.
num_arena_deaths: 0.
num_vsnodes_births: 2.
num_vsnodes_deaths: 0.
num_space_committed: 2.
num_space_uncommitted: 0.
num_chunks_returned_to_freelist: 0.
num_chunks_taken_from_freelist: 3.
num_chunk_merges: 0.
num_chunk_splits: 2.
num_chunks_enlarged: 0.
num_inconsistent_stats: 0.

CodeHeap 'non-profiled nmethods': size=120064Kb used=5Kb max_used=5Kb free=120058Kb
 bounds [0x000001dd1d710000, 0x000001dd1d980000, 0x000001dd24c50000]
CodeHeap 'profiled nmethods': size=120000Kb used=31Kb max_used=31Kb free=119969Kb
 bounds [0x000001dd15c50000, 0x000001dd15ec0000, 0x000001dd1d180000]
CodeHeap 'non-nmethods': size=5696Kb used=1148Kb max_used=1162Kb free=4547Kb
 bounds [0x000001dd1d180000, 0x000001dd1d3f0000, 0x000001dd1d710000]
CodeCache: size=245760Kb, used=1184Kb, max_used=1198Kb, free=244574Kb
 total_blobs=320, nmethods=32, adapters=194, full_count=0
Compilation: enabled, stopped_count=0, restarted_count=0

Compilation events (20 events):
Event: 0.158 Thread 0x000001dd299dcd50   20       3       java.lang.module.ModuleDescriptor$Exports::hashCode (36 bytes)
Event: 0.158 Thread 0x000001dd299dcd50 nmethod 20 0x000001dd15c54e08 code [0x000001dd15c54f60, 0x000001dd15c551e8]
Event: 0.158 Thread 0x000001dd299dcd50   21       3       java.util.Objects::requireNonNull (14 bytes)
Event: 0.159 Thread 0x000001dd299dcd50 nmethod 21 0x000001dd15c55208 code [0x000001dd15c55340, 0x000001dd15c55528]
Event: 0.159 Thread 0x000001dd299dcd50   22       3       java.util.AbstractCollection::<init> (5 bytes)
Event: 0.159 Thread 0x000001dd299dcd50 nmethod 22 0x000001dd15c55588 code [0x000001dd15c556a0, 0x000001dd15c55808]
Event: 0.159 Thread 0x000001dd299dcd50   23       3       java.util.ImmutableCollections$AbstractImmutableCollection::<init> (5 bytes)
Event: 0.160 Thread 0x000001dd299dcd50 nmethod 23 0x000001dd15c55888 code [0x000001dd15c559a0, 0x000001dd15c55b68]
Event: 0.160 Thread 0x000001dd299dcd50   24       3       java.util.ImmutableCollections$AbstractImmutableSet::<init> (5 bytes)
Event: 0.160 Thread 0x000001dd299dcd50 nmethod 24 0x000001dd15c55c08 code [0x000001dd15c55d40, 0x000001dd15c55f68]
Event: 0.161 Thread 0x000001dd299dcd50   25       3       java.util.Set::of (68 bytes)
Event: 0.163 Thread 0x000001dd299dcd50 nmethod 25 0x000001dd15c56008 code [0x000001dd15c561c0, 0x000001dd15c569b0]
Event: 0.163 Thread 0x000001dd299c7750 nmethod 19 0x000001dd1d710b88 code [0x000001dd1d710c80, 0x000001dd1d710e48]
Event: 0.165 Thread 0x000001dd299dcd50   26       3       java.lang.String::coder (15 bytes)
Event: 0.165 Thread 0x000001dd299dcd50 nmethod 26 0x000001dd15c56a08 code [0x000001dd15c56b20, 0x000001dd15c56c58]
Event: 0.165 Thread 0x000001dd299dcd50   27       3       java.lang.String::length (11 bytes)
Event: 0.166 Thread 0x000001dd299dcd50 nmethod 27 0x000001dd15c56d08 code [0x000001dd15c56e20, 0x000001dd15c56fc0]
Event: 0.166 Thread 0x000001dd299dcd50   28       1       java.lang.module.ModuleDescriptor::name (5 bytes)
Event: 0.166 Thread 0x000001dd299dcd50 nmethod 28 0x000001dd1d711208 code [0x000001dd1d711320, 0x000001dd1d7113e8]
Event: 0.166 Thread 0x000001dd299dcd50   30       3       java.lang.String::charAt (25 bytes)

GC Heap History (0 events):
No events

Dll operation events (3 events):
Event: 0.044 Loaded shared library C:\Program Files\Java\jdk-23\bin\java.dll
Event: 0.047 Loaded shared library C:\Program Files\Java\jdk-23\bin\zip.dll
Event: 0.136 Loaded shared library C:\Program Files\Java\jdk-23\bin\jsvml.dll

Deoptimization events (0 events):
No events

Classes loaded (0 events):
No events

Classes unloaded (0 events):
No events

Classes redefined (0 events):
No events

Internal exceptions (0 events):
No events

VM Operations (0 events):
No events

Memory protections (0 events):
No events

Nmethod flushes (0 events):
No events

Events (9 events):
Event: 0.096 Thread 0x000001dd0b2e4590 Thread added: 0x000001dd0b2e4590
Event: 0.130 Thread 0x000001dd0b2e4590 Thread added: 0x000001dd299b6120
Event: 0.130 Thread 0x000001dd0b2e4590 Thread added: 0x000001dd299b8690
Event: 0.131 Thread 0x000001dd0b2e4590 Thread added: 0x000001dd299bbb20
Event: 0.131 Thread 0x000001dd0b2e4590 Thread added: 0x000001dd299bc580
Event: 0.131 Thread 0x000001dd0b2e4590 Thread added: 0x000001dd299bd780
Event: 0.131 Thread 0x000001dd0b2e4590 Thread added: 0x000001dd299be1e0
Event: 0.132 Thread 0x000001dd0b2e4590 Thread added: 0x000001dd299c7750
Event: 0.133 Thread 0x000001dd0b2e4590 Thread added: 0x000001dd299dcd50


Dynamic libraries:
0x00007ff619390000 - 0x00007ff6193a0000 	C:\Program Files\Java\jdk-23\bin\java.exe
0x00007ffa9a350000 - 0x00007ffa9a548000 	C:\WINDOWS\SYSTEM32\ntdll.dll
0x00007ffa98630000 - 0x00007ffa986f2000 	C:\WINDOWS\System32\KERNEL32.DLL
0x00007ffa97e10000 - 0x00007ffa9810e000 	C:\WINDOWS\System32\KERNELBASE.dll
0x00007ffa98270000 - 0x00007ffa98370000 	C:\WINDOWS\System32\ucrtbase.dll
0x00007ffa820c0000 - 0x00007ffa820db000 	C:\Program Files\Java\jdk-23\bin\VCRUNTIME140.dll
0x00007ffa80250000 - 0x00007ffa80267000 	C:\Program Files\Java\jdk-23\bin\jli.dll
0x00007ffa99130000 - 0x00007ffa992cd000 	C:\WINDOWS\System32\USER32.dll
0x00007ffa98110000 - 0x00007ffa98132000 	C:\WINDOWS\System32\win32u.dll
0x00007ffa98600000 - 0x00007ffa9862b000 	C:\WINDOWS\System32\GDI32.dll
0x00007ffa97a40000 - 0x00007ffa97b57000 	C:\WINDOWS\System32\gdi32full.dll
0x00007ffa981d0000 - 0x00007ffa9826d000 	C:\WINDOWS\System32\msvcp_win.dll
0x00007ffa82440000 - 0x00007ffa826da000 	C:\WINDOWS\WinSxS\amd64_microsoft.windows.common-controls_6595b64144ccf1df_6.0.19041.4355_none_60b8b9eb71f62e16\COMCTL32.dll
0x00007ffa98560000 - 0x00007ffa985fe000 	C:\WINDOWS\System32\msvcrt.dll
0x00007ffa98700000 - 0x00007ffa9872f000 	C:\WINDOWS\System32\IMM32.DLL
0x00007ffa91aa0000 - 0x00007ffa91aac000 	C:\Program Files\Java\jdk-23\bin\vcruntime140_1.dll
0x00007ffa7fe80000 - 0x00007ffa7ff0e000 	C:\Program Files\Java\jdk-23\bin\msvcp140.dll
0x00007ffa470b0000 - 0x00007ffa47dff000 	C:\Program Files\Java\jdk-23\bin\server\jvm.dll
0x00007ffa98370000 - 0x00007ffa98421000 	C:\WINDOWS\System32\ADVAPI32.dll
0x00007ffa98a10000 - 0x00007ffa98aaf000 	C:\WINDOWS\System32\sechost.dll
0x00007ffa98430000 - 0x00007ffa98553000 	C:\WINDOWS\System32\RPCRT4.dll
0x00007ffa97bd0000 - 0x00007ffa97bf7000 	C:\WINDOWS\System32\bcrypt.dll
0x00007ffa98b10000 - 0x00007ffa98b7b000 	C:\WINDOWS\System32\WS2_32.dll
0x00007ffa97850000 - 0x00007ffa9789b000 	C:\WINDOWS\SYSTEM32\POWRPROF.dll
0x00007ffa7df20000 - 0x00007ffa7df47000 	C:\WINDOWS\SYSTEM32\WINMM.dll
0x00007ffa8e230000 - 0x00007ffa8e23a000 	C:\WINDOWS\SYSTEM32\VERSION.dll
0x00007ffa97830000 - 0x00007ffa97842000 	C:\WINDOWS\SYSTEM32\UMPDC.dll
0x00007ffa961d0000 - 0x00007ffa961e2000 	C:\WINDOWS\SYSTEM32\kernel.appcore.dll
0x00007ffa91060000 - 0x00007ffa9106a000 	C:\Program Files\Java\jdk-23\bin\jimage.dll
0x00007ffa926e0000 - 0x00007ffa928c4000 	C:\WINDOWS\SYSTEM32\DBGHELP.DLL
0x00007ffa7ddf0000 - 0x00007ffa7de24000 	C:\WINDOWS\SYSTEM32\dbgcore.DLL
0x00007ffa98140000 - 0x00007ffa981c2000 	C:\WINDOWS\System32\bcryptPrimitives.dll
0x00007ffa820b0000 - 0x00007ffa820bf000 	C:\Program Files\Java\jdk-23\bin\instrument.dll
0x00007ffa80150000 - 0x00007ffa8016e000 	C:\Program Files\Java\jdk-23\bin\java.dll
0x00007ffa98f90000 - 0x00007ffa990bb000 	C:\WINDOWS\System32\ole32.dll
0x00007ffa98c30000 - 0x00007ffa98f83000 	C:\WINDOWS\System32\combase.dll
0x00007ffa99460000 - 0x00007ffa99bcd000 	C:\WINDOWS\System32\SHELL32.dll
0x00007ffa80130000 - 0x00007ffa80147000 	C:\Program Files\Java\jdk-23\bin\zip.dll
0x00007ffa928d0000 - 0x00007ffa93074000 	C:\WINDOWS\SYSTEM32\windows.storage.dll
0x00007ffa972d0000 - 0x00007ffa972fe000 	C:\WINDOWS\SYSTEM32\Wldp.dll
0x00007ffa98730000 - 0x00007ffa987fd000 	C:\WINDOWS\System32\OLEAUT32.dll
0x00007ffa99be0000 - 0x00007ffa99c8d000 	C:\WINDOWS\System32\SHCORE.dll
0x00007ffa990d0000 - 0x00007ffa99125000 	C:\WINDOWS\System32\shlwapi.dll
0x00007ffa97920000 - 0x00007ffa97944000 	C:\WINDOWS\SYSTEM32\profapi.dll
0x00007ffa6dfa0000 - 0x00007ffa6e077000 	C:\Program Files\Java\jdk-23\bin\jsvml.dll

dbghelp: loaded successfully - version: 4.0.5 - missing functions: none
symbol engine: initialized successfully - sym options: 0x614 - pdb path: .;C:\Program Files\Java\jdk-23\bin;C:\WINDOWS\SYSTEM32;C:\WINDOWS\WinSxS\amd64_microsoft.windows.common-controls_6595b64144ccf1df_6.0.19041.4355_none_60b8b9eb71f62e16;C:\Program Files\Java\jdk-23\bin\server

VM Arguments:
jvm_args: -ea -Didea.test.cyclic.buffer.size=1048576 -javaagent:E:\Downloads\ideaIC-2024.3.1.win\lib\idea_rt.jar=64710:E:\Downloads\ideaIC-2024.3.1.win\bin -javaagent:E:\Downloads\ideaIC-2024.3.1.win\plugins\java\lib\rt\debugger-agent.jar -Dkotlinx.coroutines.debug.enable.creation.stack.trace=false -Ddebugger.agent.enable.coroutines=true -Dkotlinx.coroutines.debug.enable.flows.stack.trace=true -Dkotlinx.coroutines.debug.enable.mutable.state.flows.stack.trace=true -Dfile.encoding=UTF-8 -Dsun.stdout.encoding=UTF-8 -Dsun.stderr.encoding=UTF-8 
java_command: com.intellij.rt.junit.JUnitStarter -ideVersion5 -junit5 Test.UserSeviceTest,registerUser
java_class_path (initial): C:\Users\pc\.m2\repository\org\junit\platform\junit-platform-launcher\1.8.1\junit-platform-launcher-1.8.1.jar;C:\Users\pc\.m2\repository\org\junit\vintage\junit-vintage-engine\5.8.1\junit-vintage-engine-5.8.1.jar;E:\Downloads\ideaIC-2024.3.1.win\lib\idea_rt.jar;E:\Downloads\ideaIC-2024.3.1.win\plugins\junit\lib\junit5-rt.jar;E:\Downloads\ideaIC-2024.3.1.win\plugins\junit\lib\junit-rt.jar;E:\users\Desktop\care_plant\out\production\care_plant;E:\users\Desktop\java libs\mysql-connector-j-9.1.0\mysql-connector-j-9.1.0\mysql-connector-j-9.1.0.jar;E:\users\Desktop\java libs\jbcrypt-0.4 (1).jar;E:\users\Desktop\java libs\junit-4.12.jar;C:\Users\pc\.m2\repository\org\junit\jupiter\junit-jupiter\5.8.1\junit-jupiter-5.8.1.jar;C:\Users\pc\.m2\repository\org\junit\jupiter\junit-jupiter-api\5.8.1\junit-jupiter-api-5.8.1.jar;C:\Users\pc\.m2\repository\org\opentest4j\opentest4j\1.2.0\opentest4j-1.2.0.jar;C:\Users\pc\.m2\repository\org\junit\platform\junit-platform-commons\1.8.1\junit-platform-commons-1.8.1.jar;C:\Users\pc\.m2\repository\org\apiguardian\apiguardian-api\1.1.2\apiguardian-api-1.1.2.jar;C:\Users\pc\.m2\repository\org\junit\jupiter\junit-jupiter-params\5.8.1\junit-jupiter-params-5.8.1.jar;C:\Users\pc\.m2\repository\org\junit\jupiter\junit-jupiter-engine\5.8.1\junit-jupiter-engine-5.8.1.jar;C:\Users\pc\.m2\repository\org\junit\platform\junit-platform-engine\1.8.1\junit-platform-engine-1.8.1.jar
Launcher Type: SUN_STANDARD

[Global flags]
     intx CICompilerCount                          = 3                                         {product} {ergonomic}
     uint ConcGCThreads                            = 1                                         {product} {ergonomic}
     uint G1ConcRefinementThreads                  = 4                                         {product} {ergonomic}
   size_t G1HeapRegionSize                         = 1048576                                   {product} {ergonomic}
   size_t InitialHeapSize                          = 134217728                                 {product} {ergonomic}
   size_t MarkStackSize                            = 4194304                                   {product} {ergonomic}
   size_t MarkStackSizeMax                         = 536870912                                 {product} {ergonomic}
   size_t MaxHeapSize                              = 2118123520                                {product} {ergonomic}
   size_t MaxNewSize                               = 1270874112                                {product} {ergonomic}
   size_t MinHeapDeltaBytes                        = 1048576                                   {product} {ergonomic}
   size_t MinHeapSize                              = 8388608                                   {product} {ergonomic}
    uintx NonNMethodCodeHeapSize                   = 5832704                                {pd product} {ergonomic}
    uintx NonProfiledCodeHeapSize                  = 122945536                              {pd product} {ergonomic}
    uintx ProfiledCodeHeapSize                     = 122880000                              {pd product} {ergonomic}
    uintx ReservedCodeCacheSize                    = 251658240                              {pd product} {ergonomic}
     bool SegmentedCodeCache                       = true                                      {product} {ergonomic}
   size_t SoftMaxHeapSize                          = 2118123520                             {manageable} {ergonomic}
     bool UseCompressedOops                        = true                           {product lp64_product} {ergonomic}
     bool UseG1GC                                  = true                                      {product} {ergonomic}
     bool UseLargePagesIndividualAllocation        = false                                  {pd product} {ergonomic}

Logging:
Log output configuration:
 #0: stdout all=warning uptime,level,tags foldmultilines=false
 #1: stderr all=off uptime,level,tags foldmultilines=false

Environment Variables:
PATH=C:\Program Files\Common Files\Oracle\Java\javapath;C:\WINDOWS\system32;C:\WINDOWS;C:\WINDOWS\System32\Wbem;C:\WINDOWS\System32\WindowsPowerShell\v1.0\;C:\WINDOWS\System32\OpenSSH\;C:\MinGW\bin;C:\Program Files\Git\cmd;C:\MinGW\bin;C:\Program Files\nodejs\;C:\flutter_windows_3.24.3-stable\flutter\bin;C:\Program Files\MongoDB\Server\8.0\bin;C:\Program Files\MySQL\MySQL Server 8.0\bin;C:\Users\pc\AppData\Local\Programs\Python\Python312\Scripts\;C:\Users\pc\AppData\Local\Programs\Python\Python312\;C:\Users\pc\AppData\Local\Programs\Python\Launcher\;C:\Users\pc\AppData\Local\Microsoft\WindowsApps;C:\Program Files\JetBrains\PyCharm Community Edition 2023.2.3\bin;;C:\MinGW\bin;E:\web dev course\Microsoft VS Code\bin;C:\Users\pc\AppData\Roaming\npm;E:\IntelliJ IDEA 2024.2.3\bin;
USERNAME=pc
OS=Windows_NT
PROCESSOR_IDENTIFIER=Intel64 Family 6 Model 78 Stepping 3, GenuineIntel
TMP=C:\Users\pc\AppData\Local\Temp
TEMP=C:\Users\pc\AppData\Local\Temp




Periodic native trim disabled

---------------  S Y S T E M  ---------------

OS:
 Windows 10 , 64 bit Build 19041 (10.0.19041.5198)
OS uptime: 1 days 8:57 hours
Hyper-V role detected

CPU: total 4 (initial active 4) (2 cores per cpu, 2 threads per core) family 6 model 78 stepping 3 microcode 0xcc, cx8, cmov, fxsr, ht, mmx, 3dnowpref, sse, sse2, sse3, ssse3, sse4.1, sse4.2, popcnt, lzcnt, tsc, tscinvbit, avx, avx2, aes, erms, clmul, bmi1, bmi2, rtm, adx, fma, vzeroupper, clflush, clflushopt, hv, rdtscp, f16c
Processor Information for processor 0
  Max Mhz: 2304, Current Mhz: 1402, Mhz Limit: 2304
Processor Information for processor 1
  Max Mhz: 2304, Current Mhz: 1402, Mhz Limit: 2304
Processor Information for processor 2
  Max Mhz: 2304, Current Mhz: 1402, Mhz Limit: 2304
Processor Information for processor 3
  Max Mhz: 2304, Current Mhz: 2304, Mhz Limit: 2304

Memory: 4k page, system-wide physical 8072M (1028M free)
TotalPageFile size 10120M (AvailPageFile size 192M)
current process WorkingSet (physical memory assigned to process): 34M, peak: 34M
current process commit charge ("private bytes"): 200M, peak: 200M

vm_info: Java HotSpot(TM) 64-Bit Server VM (23+37-2369) for windows-amd64 JRE (23+37-2369), built on 2024-08-20T16:01:23Z with MS VC++ 17.6 (VS2022)

END.
