#
# There is insufficient memory for the Java Runtime Environment to continue.
# Native memory allocation (mmap) failed to map 58720256 bytes. Error detail: G1 virtual space
# Possible reasons:
#   The system is out of physical RAM or swap space
#   This process is running with CompressedOops enabled, and the Java Heap may be blocking the growth of the native heap
# Possible solutions:
#   Reduce memory load on the system
#   Increase physical memory or swap space
#   Check if swap backing store is full
#   Decrease Java heap size (-Xmx/-Xms)
#   Decrease number of Java threads
#   Decrease Java thread stack sizes (-Xss)
#   Set larger code cache with -XX:ReservedCodeCacheSize=
#   JVM is running with Unscaled Compressed Oops mode in which the Java heap is
#     placed in the first 4GB address space. The Java Heap base address is the
#     maximum limit for the native heap growth. Please use -XX:HeapBaseMinAddress
#     to set the Java Heap base and to place the Java Heap above 4GB virtual address.
# This output file may be truncated or incomplete.
#
#  Out of Memory Error (os_windows.cpp:3703), pid=1956, tid=12592
#
# JRE version: Java(TM) SE Runtime Environment (23.0+37) (build 23+37-2369)
# Java VM: Java HotSpot(TM) 64-Bit Server VM (23+37-2369, mixed mode, sharing, tiered, compressed oops, compressed class ptrs, g1 gc, windows-amd64)
# No core dump will be written. Minidumps are not enabled by default on client versions of Windows
#

---------------  S U M M A R Y ------------

Command Line: -javaagent:E:\Downloads\ideaIC-2024.3.1.win\lib\idea_rt.jar=57755:E:\Downloads\ideaIC-2024.3.1.win\bin -Dfile.encoding=UTF-8 -Dsun.stdout.encoding=UTF-8 -Dsun.stderr.encoding=UTF-8 Views.LoginSignUp

Host: Intel(R) Core(TM) i3-6100U CPU @ 2.30GHz, 4 cores, 7G,  Windows 10 , 64 bit Build 19041 (10.0.19041.5198)
Time: Fri Jan 10 22:58:46 2025 Morocco Summer Time elapsed time: 3.676793 seconds (0d 0h 0m 3s)

---------------  T H R E A D  ---------------

Current thread (0x000002355ad48350):  VMThread "VM Thread"          [id=12592, stack(0x0000007cbc200000,0x0000007cbc300000) (1024K)]

Stack: [0x0000007cbc200000,0x0000007cbc300000]
Native frames: (J=compiled Java code, j=interpreted, Vv=VM code, C=native code)
V  [jvm.dll+0x6e08a9]  (no source info available)
V  [jvm.dll+0x87da63]  (no source info available)
V  [jvm.dll+0x87feee]  (no source info available)
V  [jvm.dll+0x8805c3]  (no source info available)
V  [jvm.dll+0x27aee6]  (no source info available)
V  [jvm.dll+0x6dd1b5]  (no source info available)
V  [jvm.dll+0x6d103a]  (no source info available)
V  [jvm.dll+0x35b3ea]  (no source info available)
V  [jvm.dll+0x3637f6]  (no source info available)
V  [jvm.dll+0x34fd5e]  (no source info available)
V  [jvm.dll+0x34fff8]  (no source info available)
V  [jvm.dll+0x3289cc]  (no source info available)
V  [jvm.dll+0x32b3b9]  (no source info available)
V  [jvm.dll+0x335f74]  (no source info available)
V  [jvm.dll+0x372d55]  (no source info available)
V  [jvm.dll+0x886500]  (no source info available)
V  [jvm.dll+0x887827]  (no source info available)
V  [jvm.dll+0x887d58]  (no source info available)
V  [jvm.dll+0x887ff3]  (no source info available)
V  [jvm.dll+0x824f1b]  (no source info available)
V  [jvm.dll+0x6df055]  (no source info available)
C  [ucrtbase.dll+0x21bb2]  (no source info available)
C  [KERNEL32.DLL+0x17374]  (no source info available)
C  [ntdll.dll+0x4cc91]  (no source info available)

VM_Operation (0x0000007cbbdff7f0): G1PauseRemark, mode: safepoint, requested by thread 0x000002353e91b250


---------------  P R O C E S S  ---------------

Threads class SMR info:
_java_thread_list=0x00000235a1313570, length=15, elements={
0x000002353c5ffee0, 0x000002355ad628d0, 0x000002355ad63530, 0x000002355ad644e0,
0x000002355ad66f50, 0x000002355ad6f9c0, 0x000002355ad95940, 0x000002355ad98cf0,
0x000002355ad9b7b0, 0x00000235a00c3e40, 0x00000235a029a6b0, 0x00000235a029c290,
0x00000235a03c15f0, 0x00000235a03ced10, 0x00000235a1276340
}

Java Threads: ( => current thread )
  0x000002353c5ffee0 JavaThread "main"                              [_thread_blocked, id=16444, stack(0x0000007cbbb00000,0x0000007cbbc00000) (1024K)]
  0x000002355ad628d0 JavaThread "Reference Handler"          daemon [_thread_blocked, id=6708, stack(0x0000007cbc400000,0x0000007cbc500000) (1024K)]
  0x000002355ad63530 JavaThread "Finalizer"                  daemon [_thread_blocked, id=12368, stack(0x0000007cbc500000,0x0000007cbc600000) (1024K)]
  0x000002355ad644e0 JavaThread "Signal Dispatcher"          daemon [_thread_blocked, id=14464, stack(0x0000007cbc600000,0x0000007cbc700000) (1024K)]
  0x000002355ad66f50 JavaThread "Attach Listener"            daemon [_thread_blocked, id=15116, stack(0x0000007cbc700000,0x0000007cbc800000) (1024K)]
  0x000002355ad6f9c0 JavaThread "Service Thread"             daemon [_thread_blocked, id=12972, stack(0x0000007cbc800000,0x0000007cbc900000) (1024K)]
  0x000002355ad95940 JavaThread "Monitor Deflation Thread"   daemon [_thread_blocked, id=9888, stack(0x0000007cbc900000,0x0000007cbca00000) (1024K)]
  0x000002355ad98cf0 JavaThread "C2 CompilerThread0"         daemon [_thread_blocked, id=5500, stack(0x0000007cbca00000,0x0000007cbcb00000) (1024K)]
  0x000002355ad9b7b0 JavaThread "C1 CompilerThread0"         daemon [_thread_blocked, id=1404, stack(0x0000007cbcb00000,0x0000007cbcc00000) (1024K)]
  0x00000235a00c3e40 JavaThread "Common-Cleaner"             daemon [_thread_blocked, id=7576, stack(0x0000007cbcc00000,0x0000007cbcd00000) (1024K)]
  0x00000235a029a6b0 JavaThread "Monitor Ctrl-Break"         daemon [_thread_in_native, id=10456, stack(0x0000007cbcd00000,0x0000007cbce00000) (1024K)]
  0x00000235a029c290 JavaThread "Notification Thread"        daemon [_thread_blocked, id=2092, stack(0x0000007cbce00000,0x0000007cbcf00000) (1024K)]
  0x00000235a03c15f0 JavaThread "Java2D Disposer"            daemon [_thread_blocked, id=12752, stack(0x0000007cbcf00000,0x0000007cbd000000) (1024K)]
  0x00000235a03ced10 JavaThread "AWT-Windows"                daemon [_thread_in_native, id=4448, stack(0x0000007cbd100000,0x0000007cbd200000) (1024K)]
  0x00000235a1276340 JavaThread "Image Fetcher 0"            daemon [_thread_blocked, id=16468, stack(0x0000007cbd200000,0x0000007cbd300000) (1024K)]
Total: 15

Other Threads:
=>0x000002355ad48350 VMThread "VM Thread"                           [id=12592, stack(0x0000007cbc200000,0x0000007cbc300000) (1024K)]
  0x000002355ad37250 WatcherThread "VM Periodic Task Thread"        [id=3932, stack(0x0000007cbc100000,0x0000007cbc200000) (1024K)]
  0x000002353e905d10 WorkerThread "GC Thread#0"                     [id=4216, stack(0x0000007cbbc00000,0x0000007cbbd00000) (1024K)]
  0x00000235a1258180 WorkerThread "GC Thread#1"                     [id=1464, stack(0x0000007cbd300000,0x0000007cbd400000) (1024K)]
  0x00000235a1258530 WorkerThread "GC Thread#2"                     [id=7732, stack(0x0000007cbd400000,0x0000007cbd500000) (1024K)]
  0x00000235a12588e0 WorkerThread "GC Thread#3"                     [id=12532, stack(0x0000007cbd500000,0x0000007cbd600000) (1024K)]
  0x000002353e91b250 ConcurrentGCThread "G1 Main Marker"            [id=10712, stack(0x0000007cbbd00000,0x0000007cbbe00000) (1024K)]
  0x000002353e91bf10 WorkerThread "G1 Conc#0"                       [id=16532, stack(0x0000007cbbe00000,0x0000007cbbf00000) (1024K)]
  0x000002353e97eb40 ConcurrentGCThread "G1 Refine#0"               [id=10588, stack(0x0000007cbbf00000,0x0000007cbc000000) (1024K)]
  0x000002355abfda10 ConcurrentGCThread "G1 Service"                [id=15300, stack(0x0000007cbc000000,0x0000007cbc100000) (1024K)]
Total: 10

Threads with active compile tasks:
Total: 0

VM state: at safepoint (normal execution)

VM Mutex/Monitor currently owned by a thread:  ([mutex/lock_event])
[0x00007fff85d43910] Threads_lock - owner thread: 0x000002355ad48350
[0x00007fff85d43a10] Heap_lock - owner thread: 0x000002353e91b250

Heap address: 0x0000000081c00000, size: 2020 MB, Compressed Oops mode: 32-bit

CDS archive(s) mapped at: [0x000002355b000000-0x000002355bd70000-0x000002355bd70000), size 14090240, SharedBaseAddress: 0x000002355b000000, ArchiveRelocationMode: 1.
Compressed class space mapped at: 0x000002355c000000-0x000002359c000000, reserved size: 1073741824
Narrow klass base: 0x000002355b000000, Narrow klass shift: 0, Narrow klass range: 0x41000000

GC Precious Log:
 CardTable entry size: 512
 Card Set container configuration: InlinePtr #cards 5 size 8 Array Of Cards #cards 10 size 36 Howl #buckets 4 coarsen threshold 1843 Howl Bitmap #cards 512 size 80 coarsen threshold 460 Card regions per heap region 1 cards per card region 2048
 CPUs: 4 total, 4 available
 Memory: 8072M
 Large Page Support: Disabled
 NUMA Support: Disabled
 Compressed Oops: Enabled (32-bit)
 Heap Region Size: 1M
 Heap Min Capacity: 8M
 Heap Initial Capacity: 128M
 Heap Max Capacity: 2020M
 Pre-touch: Disabled
 Parallel Workers: 4
 Concurrent Workers: 1
 Concurrent Refinement Workers: 4
 Periodic GC: Disabled

Heap:
 garbage-first heap   total reserved 2068480K, committed 249856K, used 183299K [0x0000000081c00000, 0x0000000100000000)
  region size 1024K, 1 young (1024K), 1 survivors (1024K)
 Metaspace       used 6210K, committed 6464K, reserved 1114112K
  class space    used 718K, committed 832K, reserved 1048576K

Heap Regions: E=young(eden), S=young(survivor), O=old, HS=humongous(starts), HC=humongous(continues), CS=collection set, F=free, TAMS=top-at-mark-start, PB=parsable bottom
|   0|0x0000000081c00000, 0x0000000081d00000, 0x0000000081d00000|100%|HS|  |TAMS 0x0000000081d00000| PB 0x0000000081c00000| Complete |  0
|   1|0x0000000081d00000, 0x0000000081e00000, 0x0000000081e00000|100%|HC|  |TAMS 0x0000000081e00000| PB 0x0000000081d00000| Complete |  0
|   2|0x0000000081e00000, 0x0000000081f00000, 0x0000000081f00000|100%|HC|  |TAMS 0x0000000081f00000| PB 0x0000000081e00000| Complete |  0
|   3|0x0000000081f00000, 0x0000000082000000, 0x0000000082000000|100%|HC|  |TAMS 0x0000000082000000| PB 0x0000000081f00000| Complete |  0
|   4|0x0000000082000000, 0x0000000082100000, 0x0000000082100000|100%|HC|  |TAMS 0x0000000082100000| PB 0x0000000082000000| Complete |  0
|   5|0x0000000082100000, 0x0000000082200000, 0x0000000082200000|100%|HC|  |TAMS 0x0000000082200000| PB 0x0000000082100000| Complete |  0
|   6|0x0000000082200000, 0x0000000082300000, 0x0000000082300000|100%|HC|  |TAMS 0x0000000082300000| PB 0x0000000082200000| Complete |  0
|   7|0x0000000082300000, 0x0000000082400000, 0x0000000082400000|100%|HC|  |TAMS 0x0000000082400000| PB 0x0000000082300000| Complete |  0
|   8|0x0000000082400000, 0x0000000082500000, 0x0000000082500000|100%|HC|  |TAMS 0x0000000082500000| PB 0x0000000082400000| Complete |  0
|   9|0x0000000082500000, 0x0000000082600000, 0x0000000082600000|100%|HC|  |TAMS 0x0000000082600000| PB 0x0000000082500000| Complete |  0
|  10|0x0000000082600000, 0x0000000082700000, 0x0000000082700000|100%|HC|  |TAMS 0x0000000082700000| PB 0x0000000082600000| Complete |  0
|  11|0x0000000082700000, 0x0000000082800000, 0x0000000082800000|100%|HC|  |TAMS 0x0000000082800000| PB 0x0000000082700000| Complete |  0
|  12|0x0000000082800000, 0x0000000082900000, 0x0000000082900000|100%|HC|  |TAMS 0x0000000082900000| PB 0x0000000082800000| Complete |  0
|  13|0x0000000082900000, 0x0000000082a00000, 0x0000000082a00000|100%|HC|  |TAMS 0x0000000082a00000| PB 0x0000000082900000| Complete |  0
|  14|0x0000000082a00000, 0x0000000082b00000, 0x0000000082b00000|100%|HC|  |TAMS 0x0000000082b00000| PB 0x0000000082a00000| Complete |  0
|  15|0x0000000082b00000, 0x0000000082c00000, 0x0000000082c00000|100%|HC|  |TAMS 0x0000000082c00000| PB 0x0000000082b00000| Complete |  0
|  16|0x0000000082c00000, 0x0000000082d00000, 0x0000000082d00000|100%|HC|  |TAMS 0x0000000082d00000| PB 0x0000000082c00000| Complete |  0
|  17|0x0000000082d00000, 0x0000000082e00000, 0x0000000082e00000|100%|HC|  |TAMS 0x0000000082e00000| PB 0x0000000082d00000| Complete |  0
|  18|0x0000000082e00000, 0x0000000082f00000, 0x0000000082f00000|100%|HC|  |TAMS 0x0000000082f00000| PB 0x0000000082e00000| Complete |  0
|  19|0x0000000082f00000, 0x0000000083000000, 0x0000000083000000|100%|HC|  |TAMS 0x0000000083000000| PB 0x0000000082f00000| Complete |  0
|  20|0x0000000083000000, 0x0000000083100000, 0x0000000083100000|100%|HC|  |TAMS 0x0000000083100000| PB 0x0000000083000000| Complete |  0
|  21|0x0000000083100000, 0x0000000083200000, 0x0000000083200000|100%|HC|  |TAMS 0x0000000083200000| PB 0x0000000083100000| Complete |  0
|  22|0x0000000083200000, 0x0000000083300000, 0x0000000083300000|100%|HC|  |TAMS 0x0000000083300000| PB 0x0000000083200000| Complete |  0
|  23|0x0000000083300000, 0x0000000083400000, 0x0000000083400000|100%|HC|  |TAMS 0x0000000083400000| PB 0x0000000083300000| Complete |  0
|  24|0x0000000083400000, 0x0000000083500000, 0x0000000083500000|100%|HC|  |TAMS 0x0000000083500000| PB 0x0000000083400000| Complete |  0
|  25|0x0000000083500000, 0x0000000083600000, 0x0000000083600000|100%|HC|  |TAMS 0x0000000083600000| PB 0x0000000083500000| Complete |  0
|  26|0x0000000083600000, 0x0000000083700000, 0x0000000083700000|100%|HC|  |TAMS 0x0000000083700000| PB 0x0000000083600000| Complete |  0
|  27|0x0000000083700000, 0x0000000083800000, 0x0000000083800000|100%|HC|  |TAMS 0x0000000083800000| PB 0x0000000083700000| Complete |  0
|  28|0x0000000083800000, 0x0000000083900000, 0x0000000083900000|100%|HC|  |TAMS 0x0000000083900000| PB 0x0000000083800000| Complete |  0
|  29|0x0000000083900000, 0x0000000083a00000, 0x0000000083a00000|100%|HC|  |TAMS 0x0000000083a00000| PB 0x0000000083900000| Complete |  0
|  30|0x0000000083a00000, 0x0000000083b00000, 0x0000000083b00000|100%|HC|  |TAMS 0x0000000083b00000| PB 0x0000000083a00000| Complete |  0
|  31|0x0000000083b00000, 0x0000000083c00000, 0x0000000083c00000|100%|HC|  |TAMS 0x0000000083c00000| PB 0x0000000083b00000| Complete |  0
|  32|0x0000000083c00000, 0x0000000083d00000, 0x0000000083d00000|100%|HC|  |TAMS 0x0000000083d00000| PB 0x0000000083c00000| Complete |  0
|  33|0x0000000083d00000, 0x0000000083e00000, 0x0000000083e00000|100%|HC|  |TAMS 0x0000000083e00000| PB 0x0000000083d00000| Complete |  0
|  34|0x0000000083e00000, 0x0000000083f00000, 0x0000000083f00000|100%|HC|  |TAMS 0x0000000083f00000| PB 0x0000000083e00000| Complete |  0
|  35|0x0000000083f00000, 0x0000000084000000, 0x0000000084000000|100%|HC|  |TAMS 0x0000000084000000| PB 0x0000000083f00000| Complete |  0
|  36|0x0000000084000000, 0x0000000084100000, 0x0000000084100000|100%|HC|  |TAMS 0x0000000084100000| PB 0x0000000084000000| Complete |  0
|  37|0x0000000084100000, 0x0000000084200000, 0x0000000084200000|100%|HC|  |TAMS 0x0000000084200000| PB 0x0000000084100000| Complete |  0
|  38|0x0000000084200000, 0x0000000084300000, 0x0000000084300000|100%|HC|  |TAMS 0x0000000084300000| PB 0x0000000084200000| Complete |  0
|  39|0x0000000084300000, 0x0000000084400000, 0x0000000084400000|100%|HC|  |TAMS 0x0000000084400000| PB 0x0000000084300000| Complete |  0
|  40|0x0000000084400000, 0x0000000084500000, 0x0000000084500000|100%|HC|  |TAMS 0x0000000084500000| PB 0x0000000084400000| Complete |  0
|  41|0x0000000084500000, 0x0000000084600000, 0x0000000084600000|100%|HC|  |TAMS 0x0000000084600000| PB 0x0000000084500000| Complete |  0
|  42|0x0000000084600000, 0x0000000084700000, 0x0000000084700000|100%|HC|  |TAMS 0x0000000084700000| PB 0x0000000084600000| Complete |  0
|  43|0x0000000084700000, 0x0000000084800000, 0x0000000084800000|100%|HC|  |TAMS 0x0000000084800000| PB 0x0000000084700000| Complete |  0
|  44|0x0000000084800000, 0x0000000084900000, 0x0000000084900000|100%|HC|  |TAMS 0x0000000084900000| PB 0x0000000084800000| Complete |  0
|  45|0x0000000084900000, 0x0000000084a00000, 0x0000000084a00000|100%|HC|  |TAMS 0x0000000084a00000| PB 0x0000000084900000| Complete |  0
|  46|0x0000000084a00000, 0x0000000084b00000, 0x0000000084b00000|100%|HC|  |TAMS 0x0000000084b00000| PB 0x0000000084a00000| Complete |  0
|  47|0x0000000084b00000, 0x0000000084c00000, 0x0000000084c00000|100%|HC|  |TAMS 0x0000000084c00000| PB 0x0000000084b00000| Complete |  0
|  48|0x0000000084c00000, 0x0000000084d00000, 0x0000000084d00000|100%|HC|  |TAMS 0x0000000084d00000| PB 0x0000000084c00000| Complete |  0
|  49|0x0000000084d00000, 0x0000000084e00000, 0x0000000084e00000|100%|HC|  |TAMS 0x0000000084e00000| PB 0x0000000084d00000| Complete |  0
|  50|0x0000000084e00000, 0x0000000084f00000, 0x0000000084f00000|100%|HC|  |TAMS 0x0000000084f00000| PB 0x0000000084e00000| Complete |  0
|  51|0x0000000084f00000, 0x0000000085000000, 0x0000000085000000|100%|HC|  |TAMS 0x0000000085000000| PB 0x0000000084f00000| Complete |  0
|  52|0x0000000085000000, 0x0000000085100000, 0x0000000085100000|100%|HC|  |TAMS 0x0000000085100000| PB 0x0000000085000000| Complete |  0
|  53|0x0000000085100000, 0x0000000085200000, 0x0000000085200000|100%|HC|  |TAMS 0x0000000085200000| PB 0x0000000085100000| Complete |  0
|  54|0x0000000085200000, 0x0000000085300000, 0x0000000085300000|100%|HC|  |TAMS 0x0000000085300000| PB 0x0000000085200000| Complete |  0
|  55|0x0000000085300000, 0x0000000085400000, 0x0000000085400000|100%|HC|  |TAMS 0x0000000085400000| PB 0x0000000085300000| Complete |  0
|  56|0x0000000085400000, 0x0000000085500000, 0x0000000085500000|100%|HC|  |TAMS 0x0000000085500000| PB 0x0000000085400000| Complete |  0
|  57|0x0000000085500000, 0x0000000085600000, 0x0000000085600000|100%|HC|  |TAMS 0x0000000085600000| PB 0x0000000085500000| Complete |  0
|  58|0x0000000085600000, 0x0000000085700000, 0x0000000085700000|100%|HC|  |TAMS 0x0000000085700000| PB 0x0000000085600000| Complete |  0
|  59|0x0000000085700000, 0x0000000085800000, 0x0000000085800000|100%|HC|  |TAMS 0x0000000085800000| PB 0x0000000085700000| Complete |  0
|  60|0x0000000085800000, 0x0000000085900000, 0x0000000085900000|100%|HC|  |TAMS 0x0000000085900000| PB 0x0000000085800000| Complete |  0
|  61|0x0000000085900000, 0x0000000085a00000, 0x0000000085a00000|100%|HC|  |TAMS 0x0000000085a00000| PB 0x0000000085900000| Complete |  0
|  62|0x0000000085a00000, 0x0000000085b00000, 0x0000000085b00000|100%|HC|  |TAMS 0x0000000085b00000| PB 0x0000000085a00000| Complete |  0
|  63|0x0000000085b00000, 0x0000000085c00000, 0x0000000085c00000|100%|HC|  |TAMS 0x0000000085c00000| PB 0x0000000085b00000| Complete |  0
|  64|0x0000000085c00000, 0x0000000085d00000, 0x0000000085d00000|100%|HC|  |TAMS 0x0000000085d00000| PB 0x0000000085c00000| Complete |  0
|  65|0x0000000085d00000, 0x0000000085e00000, 0x0000000085e00000|100%|HC|  |TAMS 0x0000000085e00000| PB 0x0000000085d00000| Complete |  0
|  66|0x0000000085e00000, 0x0000000085f00000, 0x0000000085f00000|100%|HC|  |TAMS 0x0000000085f00000| PB 0x0000000085e00000| Complete |  0
|  67|0x0000000085f00000, 0x0000000086000000, 0x0000000086000000|100%|HC|  |TAMS 0x0000000086000000| PB 0x0000000085f00000| Complete |  0
|  68|0x0000000086000000, 0x0000000086100000, 0x0000000086100000|100%|HC|  |TAMS 0x0000000086100000| PB 0x0000000086000000| Complete |  0
|  69|0x0000000086100000, 0x0000000086200000, 0x0000000086200000|100%|HC|  |TAMS 0x0000000086200000| PB 0x0000000086100000| Complete |  0
|  70|0x0000000086200000, 0x0000000086300000, 0x0000000086300000|100%|HC|  |TAMS 0x0000000086300000| PB 0x0000000086200000| Complete |  0
|  71|0x0000000086300000, 0x0000000086400000, 0x0000000086400000|100%|HC|  |TAMS 0x0000000086400000| PB 0x0000000086300000| Complete |  0
|  72|0x0000000086400000, 0x0000000086500000, 0x0000000086500000|100%|HC|  |TAMS 0x0000000086500000| PB 0x0000000086400000| Complete |  0
|  73|0x0000000086500000, 0x0000000086600000, 0x0000000086600000|100%|HC|  |TAMS 0x0000000086600000| PB 0x0000000086500000| Complete |  0
|  74|0x0000000086600000, 0x0000000086700000, 0x0000000086700000|100%|HC|  |TAMS 0x0000000086700000| PB 0x0000000086600000| Complete |  0
|  75|0x0000000086700000, 0x0000000086800000, 0x0000000086800000|100%|HC|  |TAMS 0x0000000086800000| PB 0x0000000086700000| Complete |  0
|  76|0x0000000086800000, 0x0000000086900000, 0x0000000086900000|100%|HC|  |TAMS 0x0000000086900000| PB 0x0000000086800000| Complete |  0
|  77|0x0000000086900000, 0x0000000086a00000, 0x0000000086a00000|100%|HC|  |TAMS 0x0000000086a00000| PB 0x0000000086900000| Complete |  0
|  78|0x0000000086a00000, 0x0000000086b00000, 0x0000000086b00000|100%|HC|  |TAMS 0x0000000086b00000| PB 0x0000000086a00000| Complete |  0
|  79|0x0000000086b00000, 0x0000000086c00000, 0x0000000086c00000|100%|HC|  |TAMS 0x0000000086c00000| PB 0x0000000086b00000| Complete |  0
|  80|0x0000000086c00000, 0x0000000086d00000, 0x0000000086d00000|100%|HC|  |TAMS 0x0000000086d00000| PB 0x0000000086c00000| Complete |  0
|  81|0x0000000086d00000, 0x0000000086e00000, 0x0000000086e00000|100%|HC|  |TAMS 0x0000000086e00000| PB 0x0000000086d00000| Complete |  0
|  82|0x0000000086e00000, 0x0000000086f00000, 0x0000000086f00000|100%|HC|  |TAMS 0x0000000086f00000| PB 0x0000000086e00000| Complete |  0
|  83|0x0000000086f00000, 0x0000000087000000, 0x0000000087000000|100%|HC|  |TAMS 0x0000000087000000| PB 0x0000000086f00000| Complete |  0
|  84|0x0000000087000000, 0x0000000087100000, 0x0000000087100000|100%|HC|  |TAMS 0x0000000087100000| PB 0x0000000087000000| Complete |  0
|  85|0x0000000087100000, 0x0000000087200000, 0x0000000087200000|100%|HC|  |TAMS 0x0000000087200000| PB 0x0000000087100000| Complete |  0
|  86|0x0000000087200000, 0x0000000087300000, 0x0000000087300000|100%|HC|  |TAMS 0x0000000087300000| PB 0x0000000087200000| Complete |  0
|  87|0x0000000087300000, 0x0000000087400000, 0x0000000087400000|100%|HC|  |TAMS 0x0000000087400000| PB 0x0000000087300000| Complete |  0
|  88|0x0000000087400000, 0x0000000087500000, 0x0000000087500000|100%|HC|  |TAMS 0x0000000087500000| PB 0x0000000087400000| Complete |  0
|  89|0x0000000087500000, 0x0000000087600000, 0x0000000087600000|100%|HC|  |TAMS 0x0000000087600000| PB 0x0000000087500000| Complete |  0
|  90|0x0000000087600000, 0x0000000087700000, 0x0000000087700000|100%|HC|  |TAMS 0x0000000087700000| PB 0x0000000087600000| Complete |  0
|  91|0x0000000087700000, 0x0000000087800000, 0x0000000087800000|100%|HC|  |TAMS 0x0000000087800000| PB 0x0000000087700000| Complete |  0
|  92|0x0000000087800000, 0x0000000087900000, 0x0000000087900000|100%| O|  |TAMS 0x0000000087900000| PB 0x0000000087900000| Untracked |  0
|  93|0x0000000087900000, 0x00000000879eac90, 0x0000000087a00000| 91%| O|  |TAMS 0x00000000879eac90| PB 0x00000000879eac90| Untracked |  0
|  94|0x0000000087a00000, 0x0000000087a00000, 0x0000000087b00000|  0%| F|  |TAMS 0x0000000087a00000| PB 0x0000000087a00000| Untracked |  0
|  95|0x0000000087b00000, 0x0000000087c00000, 0x0000000087c00000|100%|HS|  |TAMS 0x0000000087c00000| PB 0x0000000087b00000| Complete |  0
|  96|0x0000000087c00000, 0x0000000087c00000, 0x0000000087d00000|  0%| F|  |TAMS 0x0000000087c00000| PB 0x0000000087c00000| Untracked |  0
|  97|0x0000000087d00000, 0x0000000087d00000, 0x0000000087e00000|  0%| F|  |TAMS 0x0000000087d00000| PB 0x0000000087d00000| Untracked |  0
|  98|0x0000000087e00000, 0x0000000087e00000, 0x0000000087f00000|  0%| F|  |TAMS 0x0000000087e00000| PB 0x0000000087e00000| Untracked |  0
|  99|0x0000000087f00000, 0x0000000087f00000, 0x0000000088000000|  0%| F|  |TAMS 0x0000000087f00000| PB 0x0000000087f00000| Untracked |  0
| 100|0x0000000088000000, 0x0000000088000000, 0x0000000088100000|  0%| F|  |TAMS 0x0000000088000000| PB 0x0000000088000000| Untracked |  0
| 101|0x0000000088100000, 0x0000000088100000, 0x0000000088200000|  0%| F|  |TAMS 0x0000000088100000| PB 0x0000000088100000| Untracked |  0
| 102|0x0000000088200000, 0x0000000088200000, 0x0000000088300000|  0%| F|  |TAMS 0x0000000088200000| PB 0x0000000088200000| Untracked |  0
| 103|0x0000000088300000, 0x0000000088300000, 0x0000000088400000|  0%| F|  |TAMS 0x0000000088300000| PB 0x0000000088300000| Untracked |  0
| 104|0x0000000088400000, 0x0000000088400000, 0x0000000088500000|  0%| F|  |TAMS 0x0000000088400000| PB 0x0000000088400000| Untracked |  0
| 105|0x0000000088500000, 0x0000000088500000, 0x0000000088600000|  0%| F|  |TAMS 0x0000000088500000| PB 0x0000000088500000| Untracked |  0
| 106|0x0000000088600000, 0x0000000088600000, 0x0000000088700000|  0%| F|  |TAMS 0x0000000088600000| PB 0x0000000088600000| Untracked |  0
| 107|0x0000000088700000, 0x0000000088700000, 0x0000000088800000|  0%| F|  |TAMS 0x0000000088700000| PB 0x0000000088700000| Untracked |  0
| 108|0x0000000088800000, 0x0000000088800000, 0x0000000088900000|  0%| F|  |TAMS 0x0000000088800000| PB 0x0000000088800000| Untracked |  0
| 109|0x0000000088900000, 0x0000000088900000, 0x0000000088a00000|  0%| F|  |TAMS 0x0000000088900000| PB 0x0000000088900000| Untracked |  0
| 110|0x0000000088a00000, 0x0000000088a00000, 0x0000000088b00000|  0%| F|  |TAMS 0x0000000088a00000| PB 0x0000000088a00000| Untracked |  0
| 111|0x0000000088b00000, 0x0000000088b00000, 0x0000000088c00000|  0%| F|  |TAMS 0x0000000088b00000| PB 0x0000000088b00000| Untracked |  0
| 112|0x0000000088c00000, 0x0000000088c00000, 0x0000000088d00000|  0%| F|  |TAMS 0x0000000088c00000| PB 0x0000000088c00000| Untracked |  0
| 113|0x0000000088d00000, 0x0000000088d00000, 0x0000000088e00000|  0%| F|  |TAMS 0x0000000088d00000| PB 0x0000000088d00000| Untracked |  0
| 114|0x0000000088e00000, 0x0000000088e00000, 0x0000000088f00000|  0%| F|  |TAMS 0x0000000088e00000| PB 0x0000000088e00000| Untracked |  0
| 115|0x0000000088f00000, 0x0000000088f00000, 0x0000000089000000|  0%| F|  |TAMS 0x0000000088f00000| PB 0x0000000088f00000| Untracked |  0
| 116|0x0000000089000000, 0x0000000089000000, 0x0000000089100000|  0%| F|  |TAMS 0x0000000089000000| PB 0x0000000089000000| Untracked |  0
| 117|0x0000000089100000, 0x0000000089100000, 0x0000000089200000|  0%| F|  |TAMS 0x0000000089100000| PB 0x0000000089100000| Untracked |  0
| 118|0x0000000089200000, 0x0000000089200000, 0x0000000089300000|  0%| F|  |TAMS 0x0000000089200000| PB 0x0000000089200000| Untracked |  0
| 119|0x0000000089300000, 0x0000000089300000, 0x0000000089400000|  0%| F|  |TAMS 0x0000000089300000| PB 0x0000000089300000| Untracked |  0
| 120|0x0000000089400000, 0x0000000089400000, 0x0000000089500000|  0%| F|  |TAMS 0x0000000089400000| PB 0x0000000089400000| Untracked |  0
| 121|0x0000000089500000, 0x0000000089500000, 0x0000000089600000|  0%| F|  |TAMS 0x0000000089500000| PB 0x0000000089500000| Untracked |  0
| 122|0x0000000089600000, 0x0000000089600000, 0x0000000089700000|  0%| F|  |TAMS 0x0000000089600000| PB 0x0000000089600000| Untracked |  0
| 123|0x0000000089700000, 0x0000000089700000, 0x0000000089800000|  0%| F|  |TAMS 0x0000000089700000| PB 0x0000000089700000| Untracked |  0
| 124|0x0000000089800000, 0x0000000089800000, 0x0000000089900000|  0%| F|  |TAMS 0x0000000089800000| PB 0x0000000089800000| Untracked |  0
| 125|0x0000000089900000, 0x0000000089900000, 0x0000000089a00000|  0%| F|  |TAMS 0x0000000089900000| PB 0x0000000089900000| Untracked |  0
| 126|0x0000000089a00000, 0x0000000089a00000, 0x0000000089b00000|  0%| F|  |TAMS 0x0000000089a00000| PB 0x0000000089a00000| Untracked |  0
| 127|0x0000000089b00000, 0x0000000089b00000, 0x0000000089c00000|  0%| F|  |TAMS 0x0000000089b00000| PB 0x0000000089b00000| Untracked |  0
| 128|0x0000000089c00000, 0x0000000089c00000, 0x0000000089d00000|  0%| F|  |TAMS 0x0000000089c00000| PB 0x0000000089c00000| Untracked |  0
| 129|0x0000000089d00000, 0x0000000089d00000, 0x0000000089e00000|  0%| F|  |TAMS 0x0000000089d00000| PB 0x0000000089d00000| Untracked |  0
| 130|0x0000000089e00000, 0x0000000089e00000, 0x0000000089f00000|  0%| F|  |TAMS 0x0000000089e00000| PB 0x0000000089e00000| Untracked |  0
| 131|0x0000000089f00000, 0x0000000089f00000, 0x000000008a000000|  0%| F|  |TAMS 0x0000000089f00000| PB 0x0000000089f00000| Untracked |  0
| 132|0x000000008a000000, 0x000000008a000000, 0x000000008a100000|  0%| F|  |TAMS 0x000000008a000000| PB 0x000000008a000000| Untracked |  0
| 133|0x000000008a100000, 0x000000008a100000, 0x000000008a200000|  0%| F|  |TAMS 0x000000008a100000| PB 0x000000008a100000| Untracked |  0
| 134|0x000000008a200000, 0x000000008a200000, 0x000000008a300000|  0%| F|  |TAMS 0x000000008a200000| PB 0x000000008a200000| Untracked |  0
| 135|0x000000008a300000, 0x000000008a300000, 0x000000008a400000|  0%| F|  |TAMS 0x000000008a300000| PB 0x000000008a300000| Untracked |  0
| 136|0x000000008a400000, 0x000000008a400000, 0x000000008a500000|  0%| F|  |TAMS 0x000000008a400000| PB 0x000000008a400000| Untracked |  0
| 137|0x000000008a500000, 0x000000008a500000, 0x000000008a600000|  0%| F|  |TAMS 0x000000008a500000| PB 0x000000008a500000| Untracked |  0
| 138|0x000000008a600000, 0x000000008a600000, 0x000000008a700000|  0%| F|  |TAMS 0x000000008a600000| PB 0x000000008a600000| Untracked |  0
| 139|0x000000008a700000, 0x000000008a700000, 0x000000008a800000|  0%| F|  |TAMS 0x000000008a700000| PB 0x000000008a700000| Untracked |  0
| 140|0x000000008a800000, 0x000000008a800000, 0x000000008a900000|  0%| F|  |TAMS 0x000000008a800000| PB 0x000000008a800000| Untracked |  0
| 141|0x000000008a900000, 0x000000008a900000, 0x000000008aa00000|  0%| F|  |TAMS 0x000000008a900000| PB 0x000000008a900000| Untracked |  0
| 142|0x000000008aa00000, 0x000000008aa00000, 0x000000008ab00000|  0%| F|  |TAMS 0x000000008aa00000| PB 0x000000008aa00000| Untracked |  0
| 143|0x000000008ab00000, 0x000000008ab00000, 0x000000008ac00000|  0%| F|  |TAMS 0x000000008ab00000| PB 0x000000008ab00000| Untracked |  0
| 144|0x000000008ac00000, 0x000000008ac00000, 0x000000008ad00000|  0%| F|  |TAMS 0x000000008ac00000| PB 0x000000008ac00000| Untracked |  0
| 145|0x000000008ad00000, 0x000000008ad00000, 0x000000008ae00000|  0%| F|  |TAMS 0x000000008ad00000| PB 0x000000008ad00000| Untracked |  0
| 146|0x000000008ae00000, 0x000000008ae00000, 0x000000008af00000|  0%| F|  |TAMS 0x000000008ae00000| PB 0x000000008ae00000| Untracked |  0
| 147|0x000000008af00000, 0x000000008af00000, 0x000000008b000000|  0%| F|  |TAMS 0x000000008af00000| PB 0x000000008af00000| Untracked |  0
| 148|0x000000008b000000, 0x000000008b000000, 0x000000008b100000|  0%| F|  |TAMS 0x000000008b000000| PB 0x000000008b000000| Untracked |  0
| 149|0x000000008b100000, 0x000000008b100000, 0x000000008b200000|  0%| F|  |TAMS 0x000000008b100000| PB 0x000000008b100000| Untracked |  0
| 150|0x000000008b200000, 0x000000008b200000, 0x000000008b300000|  0%| F|  |TAMS 0x000000008b200000| PB 0x000000008b200000| Untracked |  0
| 151|0x000000008b300000, 0x000000008b300000, 0x000000008b400000|  0%| F|  |TAMS 0x000000008b300000| PB 0x000000008b300000| Untracked |  0
| 152|0x000000008b400000, 0x000000008b400000, 0x000000008b500000|  0%| F|  |TAMS 0x000000008b400000| PB 0x000000008b400000| Untracked |  0
| 153|0x000000008b500000, 0x000000008b500000, 0x000000008b600000|  0%| F|  |TAMS 0x000000008b500000| PB 0x000000008b500000| Untracked |  0
| 154|0x000000008b600000, 0x000000008b600000, 0x000000008b700000|  0%| F|  |TAMS 0x000000008b600000| PB 0x000000008b600000| Untracked |  0
| 155|0x000000008b700000, 0x000000008b700000, 0x000000008b800000|  0%| F|  |TAMS 0x000000008b700000| PB 0x000000008b700000| Untracked |  0
| 156|0x000000008b800000, 0x000000008b800000, 0x000000008b900000|  0%| F|  |TAMS 0x000000008b800000| PB 0x000000008b800000| Untracked |  0
| 157|0x000000008b900000, 0x000000008b900000, 0x000000008ba00000|  0%| F|  |TAMS 0x000000008b900000| PB 0x000000008b900000| Untracked |  0
| 158|0x000000008ba00000, 0x000000008ba00000, 0x000000008bb00000|  0%| F|  |TAMS 0x000000008ba00000| PB 0x000000008ba00000| Untracked |  0
| 159|0x000000008bb00000, 0x000000008bb16158, 0x000000008bc00000|  8%| S|CS|TAMS 0x000000008bb00000| PB 0x000000008bb00000| Complete |  0
| 160|0x000000008bc00000, 0x000000008bd00000, 0x000000008bd00000|100%|HS|  |TAMS 0x000000008bc00000| PB 0x000000008bc00000| Complete |  0
| 161|0x000000008bd00000, 0x000000008be00000, 0x000000008be00000|100%|HC|  |TAMS 0x000000008bd00000| PB 0x000000008bd00000| Complete |  0
| 162|0x000000008be00000, 0x000000008bf00000, 0x000000008bf00000|100%|HC|  |TAMS 0x000000008be00000| PB 0x000000008be00000| Complete |  0
| 163|0x000000008bf00000, 0x000000008c000000, 0x000000008c000000|100%|HC|  |TAMS 0x000000008bf00000| PB 0x000000008bf00000| Complete |  0
| 164|0x000000008c000000, 0x000000008c100000, 0x000000008c100000|100%|HC|  |TAMS 0x000000008c000000| PB 0x000000008c000000| Complete |  0
| 165|0x000000008c100000, 0x000000008c200000, 0x000000008c200000|100%|HC|  |TAMS 0x000000008c100000| PB 0x000000008c100000| Complete |  0
| 166|0x000000008c200000, 0x000000008c300000, 0x000000008c300000|100%|HC|  |TAMS 0x000000008c200000| PB 0x000000008c200000| Complete |  0
| 167|0x000000008c300000, 0x000000008c400000, 0x000000008c400000|100%|HC|  |TAMS 0x000000008c300000| PB 0x000000008c300000| Complete |  0
| 168|0x000000008c400000, 0x000000008c500000, 0x000000008c500000|100%|HC|  |TAMS 0x000000008c400000| PB 0x000000008c400000| Complete |  0
| 169|0x000000008c500000, 0x000000008c600000, 0x000000008c600000|100%|HC|  |TAMS 0x000000008c500000| PB 0x000000008c500000| Complete |  0
| 170|0x000000008c600000, 0x000000008c700000, 0x000000008c700000|100%|HC|  |TAMS 0x000000008c600000| PB 0x000000008c600000| Complete |  0
| 171|0x000000008c700000, 0x000000008c800000, 0x000000008c800000|100%|HC|  |TAMS 0x000000008c700000| PB 0x000000008c700000| Complete |  0
| 172|0x000000008c800000, 0x000000008c900000, 0x000000008c900000|100%|HC|  |TAMS 0x000000008c800000| PB 0x000000008c800000| Complete |  0
| 173|0x000000008c900000, 0x000000008ca00000, 0x000000008ca00000|100%|HC|  |TAMS 0x000000008c900000| PB 0x000000008c900000| Complete |  0
| 174|0x000000008ca00000, 0x000000008cb00000, 0x000000008cb00000|100%|HC|  |TAMS 0x000000008ca00000| PB 0x000000008ca00000| Complete |  0
| 175|0x000000008cb00000, 0x000000008cc00000, 0x000000008cc00000|100%|HC|  |TAMS 0x000000008cb00000| PB 0x000000008cb00000| Complete |  0
| 176|0x000000008cc00000, 0x000000008cd00000, 0x000000008cd00000|100%|HC|  |TAMS 0x000000008cc00000| PB 0x000000008cc00000| Complete |  0
| 177|0x000000008cd00000, 0x000000008ce00000, 0x000000008ce00000|100%|HC|  |TAMS 0x000000008cd00000| PB 0x000000008cd00000| Complete |  0
| 178|0x000000008ce00000, 0x000000008cf00000, 0x000000008cf00000|100%|HC|  |TAMS 0x000000008ce00000| PB 0x000000008ce00000| Complete |  0
| 179|0x000000008cf00000, 0x000000008d000000, 0x000000008d000000|100%|HC|  |TAMS 0x000000008cf00000| PB 0x000000008cf00000| Complete |  0
| 180|0x000000008d000000, 0x000000008d100000, 0x000000008d100000|100%|HC|  |TAMS 0x000000008d000000| PB 0x000000008d000000| Complete |  0
| 181|0x000000008d100000, 0x000000008d200000, 0x000000008d200000|100%|HC|  |TAMS 0x000000008d100000| PB 0x000000008d100000| Complete |  0
| 182|0x000000008d200000, 0x000000008d300000, 0x000000008d300000|100%|HC|  |TAMS 0x000000008d200000| PB 0x000000008d200000| Complete |  0
| 183|0x000000008d300000, 0x000000008d400000, 0x000000008d400000|100%|HC|  |TAMS 0x000000008d300000| PB 0x000000008d300000| Complete |  0
| 184|0x000000008d400000, 0x000000008d500000, 0x000000008d500000|100%|HC|  |TAMS 0x000000008d400000| PB 0x000000008d400000| Complete |  0
| 185|0x000000008d500000, 0x000000008d600000, 0x000000008d600000|100%|HC|  |TAMS 0x000000008d500000| PB 0x000000008d500000| Complete |  0
| 186|0x000000008d600000, 0x000000008d700000, 0x000000008d700000|100%|HC|  |TAMS 0x000000008d600000| PB 0x000000008d600000| Complete |  0
| 187|0x000000008d700000, 0x000000008d800000, 0x000000008d800000|100%|HC|  |TAMS 0x000000008d700000| PB 0x000000008d700000| Complete |  0
| 188|0x000000008d800000, 0x000000008d900000, 0x000000008d900000|100%|HC|  |TAMS 0x000000008d800000| PB 0x000000008d800000| Complete |  0
| 189|0x000000008d900000, 0x000000008da00000, 0x000000008da00000|100%|HC|  |TAMS 0x000000008d900000| PB 0x000000008d900000| Complete |  0
| 190|0x000000008da00000, 0x000000008db00000, 0x000000008db00000|100%|HC|  |TAMS 0x000000008da00000| PB 0x000000008da00000| Complete |  0
| 191|0x000000008db00000, 0x000000008dc00000, 0x000000008dc00000|100%|HC|  |TAMS 0x000000008db00000| PB 0x000000008db00000| Complete |  0
| 192|0x000000008dc00000, 0x000000008dd00000, 0x000000008dd00000|100%|HC|  |TAMS 0x000000008dc00000| PB 0x000000008dc00000| Complete |  0
| 193|0x000000008dd00000, 0x000000008de00000, 0x000000008de00000|100%|HC|  |TAMS 0x000000008dd00000| PB 0x000000008dd00000| Complete |  0
| 194|0x000000008de00000, 0x000000008df00000, 0x000000008df00000|100%|HC|  |TAMS 0x000000008de00000| PB 0x000000008de00000| Complete |  0
| 195|0x000000008df00000, 0x000000008e000000, 0x000000008e000000|100%|HC|  |TAMS 0x000000008df00000| PB 0x000000008df00000| Complete |  0
| 196|0x000000008e000000, 0x000000008e100000, 0x000000008e100000|100%|HC|  |TAMS 0x000000008e000000| PB 0x000000008e000000| Complete |  0
| 197|0x000000008e100000, 0x000000008e200000, 0x000000008e200000|100%|HC|  |TAMS 0x000000008e100000| PB 0x000000008e100000| Complete |  0
| 198|0x000000008e200000, 0x000000008e300000, 0x000000008e300000|100%|HC|  |TAMS 0x000000008e200000| PB 0x000000008e200000| Complete |  0
| 199|0x000000008e300000, 0x000000008e400000, 0x000000008e400000|100%|HC|  |TAMS 0x000000008e300000| PB 0x000000008e300000| Complete |  0
| 200|0x000000008e400000, 0x000000008e500000, 0x000000008e500000|100%|HC|  |TAMS 0x000000008e400000| PB 0x000000008e400000| Complete |  0
| 201|0x000000008e500000, 0x000000008e600000, 0x000000008e600000|100%|HC|  |TAMS 0x000000008e500000| PB 0x000000008e500000| Complete |  0
| 202|0x000000008e600000, 0x000000008e700000, 0x000000008e700000|100%|HC|  |TAMS 0x000000008e600000| PB 0x000000008e600000| Complete |  0
| 203|0x000000008e700000, 0x000000008e800000, 0x000000008e800000|100%|HC|  |TAMS 0x000000008e700000| PB 0x000000008e700000| Complete |  0
| 204|0x000000008e800000, 0x000000008e900000, 0x000000008e900000|100%|HC|  |TAMS 0x000000008e800000| PB 0x000000008e800000| Complete |  0
| 205|0x000000008e900000, 0x000000008ea00000, 0x000000008ea00000|100%|HC|  |TAMS 0x000000008e900000| PB 0x000000008e900000| Complete |  0
| 206|0x000000008ea00000, 0x000000008eb00000, 0x000000008eb00000|100%|HC|  |TAMS 0x000000008ea00000| PB 0x000000008ea00000| Complete |  0
| 207|0x000000008eb00000, 0x000000008ec00000, 0x000000008ec00000|100%|HC|  |TAMS 0x000000008eb00000| PB 0x000000008eb00000| Complete |  0
| 208|0x000000008ec00000, 0x000000008ed00000, 0x000000008ed00000|100%|HC|  |TAMS 0x000000008ec00000| PB 0x000000008ec00000| Complete |  0
| 209|0x000000008ed00000, 0x000000008ee00000, 0x000000008ee00000|100%|HC|  |TAMS 0x000000008ed00000| PB 0x000000008ed00000| Complete |  0
| 210|0x000000008ee00000, 0x000000008ef00000, 0x000000008ef00000|100%|HC|  |TAMS 0x000000008ee00000| PB 0x000000008ee00000| Complete |  0
| 211|0x000000008ef00000, 0x000000008f000000, 0x000000008f000000|100%|HC|  |TAMS 0x000000008ef00000| PB 0x000000008ef00000| Complete |  0
| 212|0x000000008f000000, 0x000000008f100000, 0x000000008f100000|100%|HC|  |TAMS 0x000000008f000000| PB 0x000000008f000000| Complete |  0
| 213|0x000000008f100000, 0x000000008f200000, 0x000000008f200000|100%|HC|  |TAMS 0x000000008f100000| PB 0x000000008f100000| Complete |  0
| 214|0x000000008f200000, 0x000000008f300000, 0x000000008f300000|100%|HC|  |TAMS 0x000000008f200000| PB 0x000000008f200000| Complete |  0
| 215|0x000000008f300000, 0x000000008f400000, 0x000000008f400000|100%|HC|  |TAMS 0x000000008f300000| PB 0x000000008f300000| Complete |  0
| 216|0x000000008f400000, 0x000000008f500000, 0x000000008f500000|100%|HC|  |TAMS 0x000000008f400000| PB 0x000000008f400000| Complete |  0
| 217|0x000000008f500000, 0x000000008f600000, 0x000000008f600000|100%|HC|  |TAMS 0x000000008f500000| PB 0x000000008f500000| Complete |  0
| 218|0x000000008f600000, 0x000000008f700000, 0x000000008f700000|100%|HC|  |TAMS 0x000000008f600000| PB 0x000000008f600000| Complete |  0
| 219|0x000000008f700000, 0x000000008f800000, 0x000000008f800000|100%|HC|  |TAMS 0x000000008f700000| PB 0x000000008f700000| Complete |  0
| 220|0x000000008f800000, 0x000000008f900000, 0x000000008f900000|100%|HC|  |TAMS 0x000000008f800000| PB 0x000000008f800000| Complete |  0
| 221|0x000000008f900000, 0x000000008fa00000, 0x000000008fa00000|100%|HC|  |TAMS 0x000000008f900000| PB 0x000000008f900000| Complete |  0
| 222|0x000000008fa00000, 0x000000008fb00000, 0x000000008fb00000|100%|HC|  |TAMS 0x000000008fa00000| PB 0x000000008fa00000| Complete |  0
| 223|0x000000008fb00000, 0x000000008fc00000, 0x000000008fc00000|100%|HC|  |TAMS 0x000000008fb00000| PB 0x000000008fb00000| Complete |  0
| 224|0x000000008fc00000, 0x000000008fd00000, 0x000000008fd00000|100%|HC|  |TAMS 0x000000008fc00000| PB 0x000000008fc00000| Complete |  0
| 225|0x000000008fd00000, 0x000000008fe00000, 0x000000008fe00000|100%|HC|  |TAMS 0x000000008fd00000| PB 0x000000008fd00000| Complete |  0
| 226|0x000000008fe00000, 0x000000008ff00000, 0x000000008ff00000|100%|HC|  |TAMS 0x000000008fe00000| PB 0x000000008fe00000| Complete |  0
| 227|0x000000008ff00000, 0x0000000090000000, 0x0000000090000000|100%|HC|  |TAMS 0x000000008ff00000| PB 0x000000008ff00000| Complete |  0
| 228|0x0000000090000000, 0x0000000090100000, 0x0000000090100000|100%|HC|  |TAMS 0x0000000090000000| PB 0x0000000090000000| Complete |  0
| 229|0x0000000090100000, 0x0000000090200000, 0x0000000090200000|100%|HC|  |TAMS 0x0000000090100000| PB 0x0000000090100000| Complete |  0
| 230|0x0000000090200000, 0x0000000090300000, 0x0000000090300000|100%|HC|  |TAMS 0x0000000090200000| PB 0x0000000090200000| Complete |  0
| 231|0x0000000090300000, 0x0000000090400000, 0x0000000090400000|100%|HC|  |TAMS 0x0000000090300000| PB 0x0000000090300000| Complete |  0
| 232|0x0000000090400000, 0x0000000090500000, 0x0000000090500000|100%|HC|  |TAMS 0x0000000090400000| PB 0x0000000090400000| Complete |  0
| 233|0x0000000090500000, 0x0000000090600000, 0x0000000090600000|100%|HC|  |TAMS 0x0000000090500000| PB 0x0000000090500000| Complete |  0
| 234|0x0000000090600000, 0x0000000090700000, 0x0000000090700000|100%|HC|  |TAMS 0x0000000090600000| PB 0x0000000090600000| Complete |  0
| 235|0x0000000090700000, 0x0000000090800000, 0x0000000090800000|100%|HC|  |TAMS 0x0000000090700000| PB 0x0000000090700000| Complete |  0
| 236|0x0000000090800000, 0x0000000090900000, 0x0000000090900000|100%|HC|  |TAMS 0x0000000090800000| PB 0x0000000090800000| Complete |  0
| 237|0x0000000090900000, 0x0000000090a00000, 0x0000000090a00000|100%|HC|  |TAMS 0x0000000090900000| PB 0x0000000090900000| Complete |  0
| 238|0x0000000090a00000, 0x0000000090b00000, 0x0000000090b00000|100%|HC|  |TAMS 0x0000000090a00000| PB 0x0000000090a00000| Complete |  0
| 239|0x0000000090b00000, 0x0000000090c00000, 0x0000000090c00000|100%|HC|  |TAMS 0x0000000090b00000| PB 0x0000000090b00000| Complete |  0
| 240|0x0000000090c00000, 0x0000000090d00000, 0x0000000090d00000|100%|HC|  |TAMS 0x0000000090c00000| PB 0x0000000090c00000| Complete |  0
| 241|0x0000000090d00000, 0x0000000090e00000, 0x0000000090e00000|100%|HC|  |TAMS 0x0000000090d00000| PB 0x0000000090d00000| Complete |  0
| 242|0x0000000090e00000, 0x0000000090f00000, 0x0000000090f00000|100%|HC|  |TAMS 0x0000000090e00000| PB 0x0000000090e00000| Complete |  0
| 243|0x0000000090f00000, 0x0000000091000000, 0x0000000091000000|100%|HC|  |TAMS 0x0000000090f00000| PB 0x0000000090f00000| Complete |  0

Card table byte_map: [0x00000235563f0000,0x00000235567f0000] _byte_map_base: 0x0000023555fe2000

Marking Bits: (CMBitMap*) 0x000002353e906420
 Bits: [0x00000235567f0000, 0x0000023558780000)

Polling page: 0x000002353c6e0000

Metaspace:

Usage:
  Non-class:      5.36 MB used.
      Class:    718.14 KB used.
       Both:      6.07 MB used.

Virtual space:
  Non-class space:       64.00 MB reserved,       5.50 MB (  9%) committed,  1 nodes.
      Class space:        1.00 GB reserved,     832.00 KB ( <1%) committed,  1 nodes.
             Both:        1.06 GB reserved,       6.31 MB ( <1%) committed. 

Chunk freelists:
   Non-Class:  10.35 MB
       Class:  15.24 MB
        Both:  25.59 MB

MaxMetaspaceSize: unlimited
CompressedClassSpaceSize: 1.00 GB
Initial GC threshold: 21.00 MB
Current GC threshold: 21.00 MB
CDS: on
 - commit_granule_bytes: 65536.
 - commit_granule_words: 8192.
 - virtual_space_node_default_size: 8388608.
 - enlarge_chunks_in_place: 1.
 - use_allocation_guard: 0.


Internal statistics:

num_allocs_failed_limit: 0.
num_arena_births: 134.
num_arena_deaths: 0.
num_vsnodes_births: 2.
num_vsnodes_deaths: 0.
num_space_committed: 101.
num_space_uncommitted: 0.
num_chunks_returned_to_freelist: 0.
num_chunks_taken_from_freelist: 164.
num_chunk_merges: 0.
num_chunk_splits: 102.
num_chunks_enlarged: 47.
num_inconsistent_stats: 0.

CodeHeap 'non-profiled nmethods': size=120064Kb used=268Kb max_used=281Kb free=119796Kb
 bounds [0x000002354eab0000, 0x000002354ed20000, 0x0000023555ff0000]
CodeHeap 'profiled nmethods': size=120000Kb used=719Kb max_used=754Kb free=119280Kb
 bounds [0x0000023546ff0000, 0x0000023547260000, 0x000002354e520000]
CodeHeap 'non-nmethods': size=5696Kb used=1462Kb max_used=1481Kb free=4233Kb
 bounds [0x000002354e520000, 0x000002354e790000, 0x000002354eab0000]
CodeCache: size=245760Kb, used=2449Kb, max_used=2516Kb, free=243309Kb
 total_blobs=1262, nmethods=703, adapters=465, full_count=0
Compilation: enabled, stopped_count=0, restarted_count=0

Compilation events (20 events):
Event: 2.457 Thread 0x000002355ad9b7b0 nmethod 759 0x0000023547020b08 code [0x0000023547020c40, 0x0000023547020f18]
Event: 2.460 Thread 0x000002355ad98cf0 nmethod 760 0x000002354eaf2108 code [0x000002354eaf2200, 0x000002354eaf2490]
Event: 2.744 Thread 0x000002355ad9b7b0  761       3       java.awt.image.AreaAveragingScaleFilter::calcRow (250 bytes)
Event: 2.745 Thread 0x000002355ad9b7b0 nmethod 761 0x0000023547002a08 code [0x0000023547002be0, 0x00000235470034e8]
Event: 2.775 Thread 0x000002355ad98cf0  762 %     4       java.awt.image.AreaAveragingScaleFilter::calcRow @ 42 (250 bytes)
Event: 2.790 Thread 0x000002355ad98cf0 nmethod 762% 0x000002354eaf2508 code [0x000002354eaf2660, 0x000002354eaf3280]
Event: 2.842 Thread 0x000002355ad98cf0  763       4       java.awt.image.AreaAveragingScaleFilter::calcRow (250 bytes)
Event: 2.851 Thread 0x000002355ad98cf0 nmethod 763 0x000002354eaf3308 code [0x000002354eaf3440, 0x000002354eaf3998]
Event: 2.866 Thread 0x000002355ad9b7b0  764       3       java.awt.image.AreaAveragingScaleFilter::accumPixels (545 bytes)
Event: 2.868 Thread 0x000002355ad9b7b0 nmethod 764 0x0000023547000c08 code [0x0000023547000e20, 0x0000023547001e20]
Event: 2.871 Thread 0x000002355ad98cf0  765       4       java.awt.image.AreaAveragingScaleFilter::accumPixels (545 bytes)
Event: 2.920 Thread 0x000002355ad98cf0 nmethod 765 0x000002354eaf3a08 code [0x000002354eaf3be0, 0x000002354eaf4de8]
Event: 3.329 Thread 0x000002355ad98cf0  766       4       java.awt.image.AreaAveragingScaleFilter::setPixels (45 bytes)
Event: 3.330 Thread 0x000002355ad98cf0 nmethod 766 0x000002354eaf4e88 code [0x000002354eaf4fa0, 0x000002354eaf50b0]
Event: 3.356 Thread 0x000002355ad98cf0  767       4       sun.awt.image.JPEGImageDecoder::sendPixels (40 bytes)
Event: 3.368 Thread 0x000002355ad98cf0 nmethod 767 0x000002354eaf5188 code [0x000002354eaf5320, 0x000002354eaf6058]
Event: 3.566 Thread 0x000002355ad9b7b0  768 % !   3       sun.awt.image.ImageRepresentation::getOpaqueRGBImage @ 54 (164 bytes)
Event: 3.567 Thread 0x000002355ad9b7b0 nmethod 768% 0x00000235470af208 code [0x00000235470af3e0, 0x00000235470afe60]
Event: 3.567 Thread 0x000002355ad98cf0  769 % !   4       sun.awt.image.ImageRepresentation::getOpaqueRGBImage @ 54 (164 bytes)
Event: 3.576 Thread 0x000002355ad98cf0 nmethod 769% 0x000002354eaf6108 code [0x000002354eaf6220, 0x000002354eaf65d8]

GC Heap History (16 events):
Event: 0.861 GC heap before
{Heap before GC invocations=0 (full 0):
 garbage-first heap   total reserved 2068480K, committed 131072K, used 5120K [0x0000000081c00000, 0x0000000100000000)
  region size 1024K, 6 young (6144K), 0 survivors (0K)
 Metaspace       used 6046K, committed 6272K, reserved 1114112K
  class space    used 706K, committed 832K, reserved 1048576K
}
Event: 0.867 GC heap after
{Heap after GC invocations=1 (full 0):
 garbage-first heap   total reserved 2068480K, committed 131072K, used 2048K [0x0000000081c00000, 0x0000000100000000)
  region size 1024K, 2 young (2048K), 2 survivors (2048K)
 Metaspace       used 6046K, committed 6272K, reserved 1114112K
  class space    used 706K, committed 832K, reserved 1048576K
}
Event: 1.288 GC heap before
{Heap before GC invocations=1 (full 0):
 garbage-first heap   total reserved 2068480K, committed 131072K, used 106496K [0x0000000081c00000, 0x0000000100000000)
  region size 1024K, 13 young (13312K), 2 survivors (2048K)
 Metaspace       used 6164K, committed 6400K, reserved 1114112K
  class space    used 713K, committed 832K, reserved 1048576K
}
Event: 1.293 GC heap after
{Heap after GC invocations=2 (full 0):
 garbage-first heap   total reserved 2068480K, committed 131072K, used 96421K [0x0000000081c00000, 0x0000000100000000)
  region size 1024K, 1 young (1024K), 1 survivors (1024K)
 Metaspace       used 6164K, committed 6400K, reserved 1114112K
  class space    used 713K, committed 832K, reserved 1048576K
}
Event: 1.495 GC heap before
{Heap before GC invocations=2 (full 0):
 garbage-first heap   total reserved 2068480K, committed 131072K, used 111781K [0x0000000081c00000, 0x0000000100000000)
  region size 1024K, 17 young (17408K), 1 survivors (1024K)
 Metaspace       used 6165K, committed 6400K, reserved 1114112K
  class space    used 713K, committed 832K, reserved 1048576K
}
Event: 1.496 GC heap after
{Heap after GC invocations=3 (full 0):
 garbage-first heap   total reserved 2068480K, committed 131072K, used 96254K [0x0000000081c00000, 0x0000000100000000)
  region size 1024K, 1 young (1024K), 1 survivors (1024K)
 Metaspace       used 6165K, committed 6400K, reserved 1114112K
  class space    used 713K, committed 832K, reserved 1048576K
}
Event: 1.602 GC heap before
{Heap before GC invocations=4 (full 0):
 garbage-first heap   total reserved 2068480K, committed 162816K, used 113662K [0x0000000081c00000, 0x0000000100000000)
  region size 1024K, 19 young (19456K), 1 survivors (1024K)
 Metaspace       used 6166K, committed 6400K, reserved 1114112K
  class space    used 713K, committed 832K, reserved 1048576K
}
Event: 1.603 GC heap after
{Heap after GC invocations=5 (full 0):
 garbage-first heap   total reserved 2068480K, committed 162816K, used 96192K [0x0000000081c00000, 0x0000000100000000)
  region size 1024K, 1 young (1024K), 1 survivors (1024K)
 Metaspace       used 6166K, committed 6400K, reserved 1114112K
  class space    used 713K, committed 832K, reserved 1048576K
}
Event: 1.780 GC heap before
{Heap before GC invocations=5 (full 0):
 garbage-first heap   total reserved 2068480K, committed 162816K, used 129984K [0x0000000081c00000, 0x0000000100000000)
  region size 1024K, 35 young (35840K), 1 survivors (1024K)
 Metaspace       used 6166K, committed 6400K, reserved 1114112K
  class space    used 713K, committed 832K, reserved 1048576K
}
Event: 1.781 GC heap after
{Heap after GC invocations=6 (full 0):
 garbage-first heap   total reserved 2068480K, committed 162816K, used 96177K [0x0000000081c00000, 0x0000000100000000)
  region size 1024K, 1 young (1024K), 1 survivors (1024K)
 Metaspace       used 6166K, committed 6400K, reserved 1114112K
  class space    used 713K, committed 832K, reserved 1048576K
}
Event: 1.964 GC heap before
{Heap before GC invocations=7 (full 0):
 garbage-first heap   total reserved 2068480K, committed 162816K, used 132017K [0x0000000081c00000, 0x0000000100000000)
  region size 1024K, 37 young (37888K), 1 survivors (1024K)
 Metaspace       used 6166K, committed 6400K, reserved 1114112K
  class space    used 713K, committed 832K, reserved 1048576K
}
Event: 1.965 GC heap after
{Heap after GC invocations=8 (full 0):
 garbage-first heap   total reserved 2068480K, committed 162816K, used 96179K [0x0000000081c00000, 0x0000000100000000)
  region size 1024K, 1 young (1024K), 1 survivors (1024K)
 Metaspace       used 6166K, committed 6400K, reserved 1114112K
  class space    used 713K, committed 832K, reserved 1048576K
}
Event: 2.119 GC heap before
{Heap before GC invocations=8 (full 0):
 garbage-first heap   total reserved 2068480K, committed 162816K, used 96179K [0x0000000081c00000, 0x0000000100000000)
  region size 1024K, 3 young (3072K), 1 survivors (1024K)
 Metaspace       used 6178K, committed 6400K, reserved 1114112K
  class space    used 716K, committed 832K, reserved 1048576K
}
Event: 2.119 GC heap after
{Heap after GC invocations=9 (full 0):
 garbage-first heap   total reserved 2068480K, committed 162816K, used 96216K [0x0000000081c00000, 0x0000000100000000)
  region size 1024K, 1 young (1024K), 1 survivors (1024K)
 Metaspace       used 6178K, committed 6400K, reserved 1114112K
  class space    used 716K, committed 832K, reserved 1048576K
}
Event: 3.574 GC heap before
{Heap before GC invocations=10 (full 0):
 garbage-first heap   total reserved 2068480K, committed 165888K, used 100312K [0x0000000081c00000, 0x0000000100000000)
  region size 1024K, 4 young (4096K), 1 survivors (1024K)
 Metaspace       used 6210K, committed 6464K, reserved 1114112K
  class space    used 718K, committed 832K, reserved 1048576K
}
Event: 3.576 GC heap after
{Heap after GC invocations=11 (full 0):
 garbage-first heap   total reserved 2068480K, committed 165888K, used 97283K [0x0000000081c00000, 0x0000000100000000)
  region size 1024K, 1 young (1024K), 1 survivors (1024K)
 Metaspace       used 6210K, committed 6464K, reserved 1114112K
  class space    used 718K, committed 832K, reserved 1048576K
}

Dll operation events (12 events):
Event: 0.028 Loaded shared library C:\Program Files\Java\jdk-23\bin\java.dll
Event: 0.099 Loaded shared library C:\Program Files\Java\jdk-23\bin\jsvml.dll
Event: 0.200 Loaded shared library C:\Program Files\Java\jdk-23\bin\zip.dll
Event: 0.209 Loaded shared library C:\Program Files\Java\jdk-23\bin\instrument.dll
Event: 0.218 Loaded shared library C:\Program Files\Java\jdk-23\bin\net.dll
Event: 0.221 Loaded shared library C:\Program Files\Java\jdk-23\bin\nio.dll
Event: 0.226 Loaded shared library C:\Program Files\Java\jdk-23\bin\zip.dll
Event: 0.268 Loaded shared library E:\Downloads\ideaIC-2024.3.1.win\bin\breakgen64.dll
Event: 0.287 Loaded shared library C:\Program Files\Java\jdk-23\bin\extnet.dll
Event: 0.315 Loaded shared library C:\Program Files\Java\jdk-23\bin\jimage.dll
Event: 0.344 Loaded shared library C:\Program Files\Java\jdk-23\bin\awt.dll
Event: 0.737 Loaded shared library C:\Program Files\Java\jdk-23\bin\javajpeg.dll

Deoptimization events (20 events):
Event: 2.916 Thread 0x00000235a1276340 DEOPT PACKING pc=0x0000023547001d16 sp=0x0000007cbd2fe640
Event: 2.916 Thread 0x00000235a1276340 DEOPT UNPACKING pc=0x000002354e574b22 sp=0x0000007cbd2fdab8 mode 0
Event: 2.917 Thread 0x00000235a1276340 DEOPT PACKING pc=0x0000023547001d16 sp=0x0000007cbd2fe640
Event: 2.917 Thread 0x00000235a1276340 DEOPT UNPACKING pc=0x000002354e574b22 sp=0x0000007cbd2fdab8 mode 0
Event: 2.917 Thread 0x00000235a1276340 DEOPT PACKING pc=0x0000023547001d16 sp=0x0000007cbd2fe640
Event: 2.917 Thread 0x00000235a1276340 DEOPT UNPACKING pc=0x000002354e574b22 sp=0x0000007cbd2fdab8 mode 0
Event: 2.918 Thread 0x00000235a1276340 DEOPT PACKING pc=0x0000023547001d16 sp=0x0000007cbd2fe640
Event: 2.918 Thread 0x00000235a1276340 DEOPT UNPACKING pc=0x000002354e574b22 sp=0x0000007cbd2fdab8 mode 0
Event: 2.919 Thread 0x00000235a1276340 DEOPT PACKING pc=0x0000023547001d16 sp=0x0000007cbd2fe640
Event: 2.919 Thread 0x00000235a1276340 DEOPT UNPACKING pc=0x000002354e574b22 sp=0x0000007cbd2fdab8 mode 0
Event: 2.920 Thread 0x00000235a1276340 DEOPT PACKING pc=0x0000023547001d16 sp=0x0000007cbd2fe640
Event: 2.920 Thread 0x00000235a1276340 DEOPT UNPACKING pc=0x000002354e574b22 sp=0x0000007cbd2fdab8 mode 0
Event: 3.573 Thread 0x00000235a1276340 Uncommon trap: trap_request=0xffffffde fr.pc=0x000002354eae9244 relative=0x0000000000000884
Event: 3.573 Thread 0x00000235a1276340 Uncommon trap: reason=class_check action=maybe_recompile pc=0x000002354eae9244 method=java.io.BufferedInputStream.implRead([BII)I @ 100 c2
Event: 3.573 Thread 0x00000235a1276340 DEOPT PACKING pc=0x000002354eae9244 sp=0x0000007cbd2ff280
Event: 3.573 Thread 0x00000235a1276340 DEOPT UNPACKING pc=0x000002354e574402 sp=0x0000007cbd2ff238 mode 2
Event: 3.573 Thread 0x00000235a1276340 Uncommon trap: trap_request=0xffffff45 fr.pc=0x000002354eae58d4 relative=0x0000000000000214
Event: 3.573 Thread 0x00000235a1276340 Uncommon trap: reason=unstable_if action=reinterpret pc=0x000002354eae58d4 method=java.io.BufferedInputStream.read1([BII)I @ 34 c2
Event: 3.573 Thread 0x00000235a1276340 DEOPT PACKING pc=0x000002354eae58d4 sp=0x0000007cbd2ff1f0
Event: 3.573 Thread 0x00000235a1276340 DEOPT UNPACKING pc=0x000002354e574402 sp=0x0000007cbd2ff1a8 mode 2

Classes loaded (20 events):
Event: 0.970 Loading class java/awt/image/WritableRenderedImage done
Event: 0.970 Loading class java/awt/image/BufferedImage done
Event: 0.970 Loading class java/awt/image/BufferedImage$1
Event: 0.970 Loading class java/awt/image/BufferedImage$1 done
Event: 1.508 Loading class sun/awt/AppContext$PostShutdownEventRunnable
Event: 1.508 Loading class sun/awt/AppContext$PostShutdownEventRunnable done
Event: 1.508 Loading class sun/awt/AWTAutoShutdown$1
Event: 1.508 Loading class sun/awt/AWTAutoShutdown$1 done
Event: 1.980 Loading class java/awt/image/AreaAveragingScaleFilter
Event: 1.980 Loading class java/awt/image/ReplicateScaleFilter
Event: 1.980 Loading class java/awt/image/ImageFilter
Event: 1.980 Loading class java/awt/image/ImageFilter done
Event: 1.980 Loading class java/awt/image/ReplicateScaleFilter done
Event: 1.980 Loading class java/awt/image/AreaAveragingScaleFilter done
Event: 1.980 Loading class java/awt/image/FilteredImageSource
Event: 1.980 Loading class java/awt/image/FilteredImageSource done
Event: 3.569 Loading class sun/awt/image/PNGImageDecoder
Event: 3.569 Loading class sun/awt/image/PNGImageDecoder done
Event: 3.572 Loading class sun/awt/image/PNGFilterInputStream
Event: 3.572 Loading class sun/awt/image/PNGFilterInputStream done

Classes unloaded (0 events):
No events

Classes redefined (0 events):
No events

Internal exceptions (11 events):
Event: 0.261 Thread 0x000002353c5ffee0 Exception <a 'java/lang/NoSuchMethodError'{0x0000000089990890}: 'java.lang.Object java.lang.invoke.Invokers$Holder.invokeExact_MT(java.lang.Object, java.lang.Object, java.lang.Object, java.lang.Object, java.lang.Object)'> (0x0000000089990890) 
thrown [s\open\src\hotspot\share\interpreter\linkResolver.cpp, line 796]
Event: 0.297 Thread 0x00000235a029a6b0 Exception <a 'java/lang/NoSuchMethodError'{0x00000000899e04d0}: 'void java.lang.invoke.DirectMethodHandle$Holder.invokeStatic(java.lang.Object, java.lang.Object)'> (0x00000000899e04d0) 
thrown [s\open\src\hotspot\share\interpreter\linkResolver.cpp, line 796]
Event: 0.327 Thread 0x000002353c5ffee0 Exception <a 'java/lang/ClassNotFoundException'{0x00000000899b8c48}: sun/awt/resources/spi/awtProvider> (0x00000000899b8c48) 
thrown [s\open\src\hotspot\share\classfile\systemDictionary.cpp, line 313]
Event: 0.364 Thread 0x000002353c5ffee0 Exception <a 'java/io/FileNotFoundException'{0x00000000898328d0}> (0x00000000898328d0) 
thrown [s\open\src\hotspot\share\prims\jni.cpp, line 520]
Event: 0.379 Thread 0x000002353c5ffee0 Exception <a 'java/io/FileNotFoundException'{0x0000000089860c88}> (0x0000000089860c88) 
thrown [s\open\src\hotspot\share\prims\jni.cpp, line 520]
Event: 0.533 Thread 0x000002353c5ffee0 Exception <a 'java/lang/NoSuchMethodError'{0x0000000089760898}: 'void java.lang.invoke.DirectMethodHandle$Holder.invokeSpecial(java.lang.Object, java.lang.Object, java.lang.Object)'> (0x0000000089760898) 
thrown [s\open\src\hotspot\share\interpreter\linkResolver.cpp, line 796]
Event: 0.564 Thread 0x000002353c5ffee0 Exception <a 'java/lang/NoSuchMethodError'{0x00000000897afe10}: 'java.lang.Object java.lang.invoke.DirectMethodHandle$Holder.invokeStatic(java.lang.Object, int, java.lang.Object)'> (0x00000000897afe10) 
thrown [s\open\src\hotspot\share\interpreter\linkResolver.cpp, line 796]
Event: 0.621 Thread 0x000002353c5ffee0 Exception <a 'java/lang/ClassNotFoundException'{0x0000000089657018}: com/sun/swing/internal/plaf/metal/resources/spi/metalProvider> (0x0000000089657018) 
thrown [s\open\src\hotspot\share\classfile\systemDictionary.cpp, line 313]
Event: 0.623 Thread 0x000002353c5ffee0 Exception <a 'java/lang/ClassNotFoundException'{0x000000008965afd8}: com/sun/swing/internal/plaf/basic/resources/spi/basicProvider> (0x000000008965afd8) 
thrown [s\open\src\hotspot\share\classfile\systemDictionary.cpp, line 313]
Event: 0.643 Thread 0x000002353c5ffee0 Exception <a 'java/lang/NoSuchMethodError'{0x00000000896777d0}: 'int java.lang.invoke.Invokers$Holder.invokeExact_MT(java.lang.Object, java.lang.Object)'> (0x00000000896777d0) 
thrown [s\open\src\hotspot\share\interpreter\linkResolver.cpp, line 796]
Event: 0.740 Thread 0x00000235a1276340 Exception <a 'java/lang/NoSuchMethodError'{0x00000000896e2648}: 'java.lang.Object java.lang.invoke.DirectMethodHandle$Holder.newInvokeSpecial(java.lang.Object, java.lang.Object, java.lang.Object, int, int, int, int, int)'> (0x00000000896e2648) 
thrown [s\open\src\hotspot\share\interpreter\linkResolver.cpp, line 796]

VM Operations (20 events):
Event: 1.781 Executing VM operation: G1CollectForAllocation (G1 Evacuation Pause) done
Event: 1.789 Executing VM operation: G1PauseRemark
Event: 1.790 Executing VM operation: G1PauseRemark done
Event: 1.793 Executing VM operation: G1PauseCleanup
Event: 1.793 Executing VM operation: G1PauseCleanup done
Event: 1.964 Executing VM operation: G1CollectForAllocation (G1 Evacuation Pause)
Event: 1.965 Executing VM operation: G1CollectForAllocation (G1 Evacuation Pause) done
Event: 1.980 Executing VM operation: HandshakeAllThreads (Deoptimize)
Event: 1.980 Executing VM operation: HandshakeAllThreads (Deoptimize) done
Event: 2.118 Executing VM operation: G1TryInitiateConcMark (G1 Humongous Allocation)
Event: 2.120 Executing VM operation: G1TryInitiateConcMark (G1 Humongous Allocation) done
Event: 2.127 Executing VM operation: G1PauseRemark
Event: 2.128 Executing VM operation: G1PauseRemark done
Event: 2.130 Executing VM operation: G1PauseCleanup
Event: 2.130 Executing VM operation: G1PauseCleanup done
Event: 3.570 Executing VM operation: HandshakeAllThreads (Deoptimize)
Event: 3.570 Executing VM operation: HandshakeAllThreads (Deoptimize) done
Event: 3.574 Executing VM operation: G1TryInitiateConcMark (G1 Humongous Allocation)
Event: 3.576 Executing VM operation: G1TryInitiateConcMark (G1 Humongous Allocation) done
Event: 3.584 Executing VM operation: G1PauseRemark

Memory protections (0 events):
No events

Nmethod flushes (20 events):
Event: 3.668 Thread 0x000002355ad48350 flushing  nmethod 0x0000023546ff0988
Event: 3.668 Thread 0x000002355ad48350 flushing  nmethod 0x0000023546ff2e88
Event: 3.668 Thread 0x000002355ad48350 flushing  nmethod 0x00000235470a2d88
Event: 3.668 Thread 0x000002355ad48350 flushing  nmethod 0x00000235470a3988
Event: 3.668 Thread 0x000002355ad48350 flushing  nmethod 0x00000235470a4388
Event: 3.668 Thread 0x000002355ad48350 flushing  nmethod 0x00000235470a7188
Event: 3.668 Thread 0x000002355ad48350 flushing  nmethod 0x00000235470a9e08
Event: 3.668 Thread 0x000002355ad48350 flushing  nmethod 0x000002354eac5d08
Event: 3.668 Thread 0x000002355ad48350 flushing  nmethod 0x0000023546ff8388
Event: 3.668 Thread 0x000002355ad48350 flushing  nmethod 0x0000023546ff9308
Event: 3.668 Thread 0x000002355ad48350 flushing  nmethod 0x0000023547014c88
Event: 3.668 Thread 0x000002355ad48350 flushing  nmethod 0x0000023547015288
Event: 3.668 Thread 0x000002355ad48350 flushing  nmethod 0x000002354eae5288
Event: 3.668 Thread 0x000002355ad48350 flushing  nmethod 0x000002354eae6808
Event: 3.668 Thread 0x000002355ad48350 flushing  nmethod 0x000002354eae7b08
Event: 3.668 Thread 0x000002355ad48350 flushing  nmethod 0x000002354709cf08
Event: 3.668 Thread 0x000002355ad48350 flushing  nmethod 0x000002354709d808
Event: 3.668 Thread 0x000002355ad48350 flushing  nmethod 0x000002354709e788
Event: 3.668 Thread 0x000002355ad48350 flushing  nmethod 0x000002354709fa88
Event: 3.668 Thread 0x000002355ad48350 flushing  nmethod 0x00000235470a2088

Events (19 events):
Event: 0.068 Thread 0x000002353c5ffee0 Thread added: 0x000002353c5ffee0
Event: 0.094 Thread 0x000002353c5ffee0 Thread added: 0x000002355ad628d0
Event: 0.094 Thread 0x000002353c5ffee0 Thread added: 0x000002355ad63530
Event: 0.095 Thread 0x000002353c5ffee0 Thread added: 0x000002355ad644e0
Event: 0.095 Thread 0x000002353c5ffee0 Thread added: 0x000002355ad66f50
Event: 0.095 Thread 0x000002353c5ffee0 Thread added: 0x000002355ad6f9c0
Event: 0.095 Thread 0x000002353c5ffee0 Thread added: 0x000002355ad95940
Event: 0.096 Thread 0x000002353c5ffee0 Thread added: 0x000002355ad98cf0
Event: 0.096 Thread 0x000002353c5ffee0 Thread added: 0x000002355ad9b7b0
Event: 0.155 Thread 0x000002353c5ffee0 Thread added: 0x00000235a00c3e40
Event: 0.270 Thread 0x000002353c5ffee0 Thread added: 0x00000235a029a6b0
Event: 0.270 Thread 0x000002353c5ffee0 Thread added: 0x00000235a029c290
Event: 0.474 Thread 0x000002353c5ffee0 Thread added: 0x00000235a03c15f0
Event: 0.477 Thread 0x000002353c5ffee0 Thread added: 0x00000235a03c8fa0
Event: 0.479 Thread 0x000002353c5ffee0 Thread added: 0x00000235a03ced10
Event: 0.733 Thread 0x000002353c5ffee0 Thread added: 0x00000235a1276340
Event: 1.508 Thread 0x00000235a03c8fa0 Thread exited: 0x00000235a03c8fa0
Event: 2.102 Thread 0x000002355ad98cf0 Thread added: 0x00000235a12df8e0
Event: 2.744 Thread 0x00000235a12df8e0 Thread exited: 0x00000235a12df8e0


Dynamic libraries:
0x00007ff783ff0000 - 0x00007ff784000000 	C:\Program Files\Java\jdk-23\bin\java.exe
0x00007fffcf750000 - 0x00007fffcf948000 	C:\WINDOWS\SYSTEM32\ntdll.dll
0x00007fffcdba0000 - 0x00007fffcdc62000 	C:\WINDOWS\System32\KERNEL32.DLL
0x00007fffccf50000 - 0x00007fffcd24e000 	C:\WINDOWS\System32\KERNELBASE.dll
0x00007fffcd4a0000 - 0x00007fffcd5a0000 	C:\WINDOWS\System32\ucrtbase.dll
0x00007fffc8450000 - 0x00007fffc846b000 	C:\Program Files\Java\jdk-23\bin\VCRUNTIME140.dll
0x00007fffb68e0000 - 0x00007fffb68f7000 	C:\Program Files\Java\jdk-23\bin\jli.dll
0x00007fffce0e0000 - 0x00007fffce27d000 	C:\WINDOWS\System32\USER32.dll
0x00007fffcce90000 - 0x00007fffcceb2000 	C:\WINDOWS\System32\win32u.dll
0x00007fffcdb70000 - 0x00007fffcdb9b000 	C:\WINDOWS\System32\GDI32.dll
0x00007fffb8c80000 - 0x00007fffb8f1a000 	C:\WINDOWS\WinSxS\amd64_microsoft.windows.common-controls_6595b64144ccf1df_6.0.19041.4355_none_60b8b9eb71f62e16\COMCTL32.dll
0x00007fffcd5a0000 - 0x00007fffcd6b7000 	C:\WINDOWS\System32\gdi32full.dll
0x00007fffcd900000 - 0x00007fffcd99e000 	C:\WINDOWS\System32\msvcrt.dll
0x00007fffcd250000 - 0x00007fffcd2ed000 	C:\WINDOWS\System32\msvcp_win.dll
0x00007fffcf1d0000 - 0x00007fffcf1ff000 	C:\WINDOWS\System32\IMM32.DLL
0x00007fffca320000 - 0x00007fffca32c000 	C:\Program Files\Java\jdk-23\bin\vcruntime140_1.dll
0x00007fffae780000 - 0x00007fffae80e000 	C:\Program Files\Java\jdk-23\bin\msvcp140.dll
0x00007fff850d0000 - 0x00007fff85e1f000 	C:\Program Files\Java\jdk-23\bin\server\jvm.dll
0x00007fffcdd90000 - 0x00007fffcde41000 	C:\WINDOWS\System32\ADVAPI32.dll
0x00007fffcf670000 - 0x00007fffcf70f000 	C:\WINDOWS\System32\sechost.dll
0x00007fffcde50000 - 0x00007fffcdf73000 	C:\WINDOWS\System32\RPCRT4.dll
0x00007fffccdf0000 - 0x00007fffcce17000 	C:\WINDOWS\System32\bcrypt.dll
0x00007fffcdfe0000 - 0x00007fffce04b000 	C:\WINDOWS\System32\WS2_32.dll
0x00007fffbc050000 - 0x00007fffbc077000 	C:\WINDOWS\SYSTEM32\WINMM.dll
0x00007fffccc40000 - 0x00007fffccc8b000 	C:\WINDOWS\SYSTEM32\POWRPROF.dll
0x00007fffc3fb0000 - 0x00007fffc3fba000 	C:\WINDOWS\SYSTEM32\VERSION.dll
0x00007fffccc20000 - 0x00007fffccc32000 	C:\WINDOWS\SYSTEM32\UMPDC.dll
0x00007fffcac30000 - 0x00007fffcac42000 	C:\WINDOWS\SYSTEM32\kernel.appcore.dll
0x00007fffc8420000 - 0x00007fffc842a000 	C:\Program Files\Java\jdk-23\bin\jimage.dll
0x00007fffc4c50000 - 0x00007fffc4e34000 	C:\WINDOWS\SYSTEM32\DBGHELP.DLL
0x00007fffbb730000 - 0x00007fffbb764000 	C:\WINDOWS\SYSTEM32\dbgcore.DLL
0x00007fffccec0000 - 0x00007fffccf42000 	C:\WINDOWS\System32\bcryptPrimitives.dll
0x00007fffbae40000 - 0x00007fffbae4f000 	C:\Program Files\Java\jdk-23\bin\instrument.dll
0x00007fffb68a0000 - 0x00007fffb68be000 	C:\Program Files\Java\jdk-23\bin\java.dll
0x00007fffcd7d0000 - 0x00007fffcd8fb000 	C:\WINDOWS\System32\ole32.dll
0x00007fffceb00000 - 0x00007fffcee53000 	C:\WINDOWS\System32\combase.dll
0x00007fffce330000 - 0x00007fffcea9d000 	C:\WINDOWS\System32\SHELL32.dll
0x00007fffcae30000 - 0x00007fffcb5d4000 	C:\WINDOWS\SYSTEM32\windows.storage.dll
0x00007fffcc670000 - 0x00007fffcc69e000 	C:\WINDOWS\SYSTEM32\Wldp.dll
0x00007fffcd9c0000 - 0x00007fffcda8d000 	C:\WINDOWS\System32\OLEAUT32.dll
0x00007fffcf120000 - 0x00007fffcf1cd000 	C:\WINDOWS\System32\SHCORE.dll
0x00007fffcd770000 - 0x00007fffcd7c5000 	C:\WINDOWS\System32\shlwapi.dll
0x00007fffccd20000 - 0x00007fffccd44000 	C:\WINDOWS\SYSTEM32\profapi.dll
0x00007fffa25a0000 - 0x00007fffa2677000 	C:\Program Files\Java\jdk-23\bin\jsvml.dll
0x00007fffb6880000 - 0x00007fffb6897000 	C:\Program Files\Java\jdk-23\bin\zip.dll
0x00007fffb6830000 - 0x00007fffb6840000 	C:\Program Files\Java\jdk-23\bin\net.dll
0x00007fffcc450000 - 0x00007fffcc4ba000 	C:\WINDOWS\system32\mswsock.dll
0x00007fffb67f0000 - 0x00007fffb6806000 	C:\Program Files\Java\jdk-23\bin\nio.dll
0x00007fffafb40000 - 0x00007fffafb5a000 	E:\Downloads\ideaIC-2024.3.1.win\bin\breakgen64.dll
0x00007fffb6820000 - 0x00007fffb6829000 	C:\Program Files\Java\jdk-23\bin\extnet.dll
0x00007fff82ff0000 - 0x00007fff8317e000 	C:\Program Files\Java\jdk-23\bin\awt.dll
0x00007fffca390000 - 0x00007fffca424000 	C:\WINDOWS\SYSTEM32\apphelp.dll
0x00007fffca930000 - 0x00007fffca95f000 	C:\WINDOWS\system32\DWMAPI.DLL
0x00007fffca740000 - 0x00007fffca7de000 	C:\WINDOWS\system32\uxtheme.dll
0x00007fffb80c0000 - 0x00007fffb81e8000 	C:\WINDOWS\system32\opengl32.dll
0x00007fffb8090000 - 0x00007fffb80bc000 	C:\WINDOWS\SYSTEM32\GLU32.dll
0x00007fffcdc70000 - 0x00007fffcdd85000 	C:\WINDOWS\System32\MSCTF.dll
0x00007fffa8740000 - 0x00007fffa876e000 	C:\Program Files\Java\jdk-23\bin\javajpeg.dll

dbghelp: loaded successfully - version: 4.0.5 - missing functions: none
symbol engine: initialized successfully - sym options: 0x614 - pdb path: .;C:\Program Files\Java\jdk-23\bin;C:\WINDOWS\SYSTEM32;C:\WINDOWS\WinSxS\amd64_microsoft.windows.common-controls_6595b64144ccf1df_6.0.19041.4355_none_60b8b9eb71f62e16;C:\Program Files\Java\jdk-23\bin\server;E:\Downloads\ideaIC-2024.3.1.win\bin

VM Arguments:
jvm_args: -javaagent:E:\Downloads\ideaIC-2024.3.1.win\lib\idea_rt.jar=57755:E:\Downloads\ideaIC-2024.3.1.win\bin -Dfile.encoding=UTF-8 -Dsun.stdout.encoding=UTF-8 -Dsun.stderr.encoding=UTF-8 
java_command: Views.LoginSignUp
java_class_path (initial): E:\users\Desktop\care_plant\out\production\care_plant;E:\users\Desktop\java libs\jbcrypt-0.4 (1).jar;E:\users\Desktop\java libs\junit-4.12.jar;E:\users\Desktop\java libs\mysql-connector-j-9.1.0\mysql-connector-j-9.1.0\mysql-connector-j-9.1.0.jar;C:\Users\pc\.m2\repository\org\junit\jupiter\junit-jupiter\5.8.1\junit-jupiter-5.8.1.jar;C:\Users\pc\.m2\repository\org\junit\jupiter\junit-jupiter-api\5.8.1\junit-jupiter-api-5.8.1.jar;C:\Users\pc\.m2\repository\org\opentest4j\opentest4j\1.2.0\opentest4j-1.2.0.jar;C:\Users\pc\.m2\repository\org\junit\platform\junit-platform-commons\1.8.1\junit-platform-commons-1.8.1.jar;C:\Users\pc\.m2\repository\org\apiguardian\apiguardian-api\1.1.2\apiguardian-api-1.1.2.jar;C:\Users\pc\.m2\repository\org\junit\jupiter\junit-jupiter-params\5.8.1\junit-jupiter-params-5.8.1.jar;C:\Users\pc\.m2\repository\org\junit\jupiter\junit-jupiter-engine\5.8.1\junit-jupiter-engine-5.8.1.jar;C:\Users\pc\.m2\repository\org\junit\platform\junit-platform-engine\1.8.1\junit-platform-engine-1.8.1.jar
Launcher Type: SUN_STANDARD

[Global flags]
     intx CICompilerCount                          = 3                                         {product} {ergonomic}
     uint ConcGCThreads                            = 1                                         {product} {ergonomic}
     uint G1ConcRefinementThreads                  = 4                                         {product} {ergonomic}
   size_t G1HeapRegionSize                         = 1048576                                   {product} {ergonomic}
   size_t InitialHeapSize                          = 134217728                                 {product} {ergonomic}
   size_t MarkStackSize                            = 4194304                                   {product} {ergonomic}
   size_t MarkStackSizeMax                         = 536870912                                 {product} {ergonomic}
   size_t MaxHeapSize                              = 2118123520                                {product} {ergonomic}
   size_t MaxNewSize                               = 1270874112                                {product} {ergonomic}
   size_t MinHeapDeltaBytes                        = 1048576                                   {product} {ergonomic}
   size_t MinHeapSize                              = 8388608                                   {product} {ergonomic}
    uintx NonNMethodCodeHeapSize                   = 5832704                                {pd product} {ergonomic}
    uintx NonProfiledCodeHeapSize                  = 122945536                              {pd product} {ergonomic}
    uintx ProfiledCodeHeapSize                     = 122880000                              {pd product} {ergonomic}
    uintx ReservedCodeCacheSize                    = 251658240                              {pd product} {ergonomic}
     bool SegmentedCodeCache                       = true                                      {product} {ergonomic}
   size_t SoftMaxHeapSize                          = 2118123520                             {manageable} {ergonomic}
     bool UseCompressedOops                        = true                           {product lp64_product} {ergonomic}
     bool UseG1GC                                  = true                                      {product} {ergonomic}
     bool UseLargePagesIndividualAllocation        = false                                  {pd product} {ergonomic}

Logging:
Log output configuration:
 #0: stdout all=warning uptime,level,tags foldmultilines=false
 #1: stderr all=off uptime,level,tags foldmultilines=false

Environment Variables:
PATH=C:\Program Files\Common Files\Oracle\Java\javapath;C:\WINDOWS\system32;C:\WINDOWS;C:\WINDOWS\System32\Wbem;C:\WINDOWS\System32\WindowsPowerShell\v1.0\;C:\WINDOWS\System32\OpenSSH\;C:\MinGW\bin;C:\Program Files\Git\cmd;C:\MinGW\bin;C:\Program Files\nodejs\;C:\flutter_windows_3.24.3-stable\flutter\bin;C:\Program Files\MongoDB\Server\8.0\bin;C:\Program Files\MySQL\MySQL Server 8.0\bin;C:\Program Files\CMake\bin;C:\Users\pc\AppData\Local\Programs\Python\Python312\Scripts\;C:\Users\pc\AppData\Local\Programs\Python\Python312\;C:\Users\pc\AppData\Local\Programs\Python\Launcher\;C:\Users\pc\AppData\Local\Microsoft\WindowsApps;C:\Program Files\JetBrains\PyCharm Community Edition 2023.2.3\bin;;C:\MinGW\bin;E:\web dev course\Microsoft VS Code\bin;C:\Users\pc\AppData\Roaming\npm;E:\IntelliJ IDEA 2024.2.3\bin;
USERNAME=pc
OS=Windows_NT
PROCESSOR_IDENTIFIER=Intel64 Family 6 Model 78 Stepping 3, GenuineIntel
TMP=C:\Users\pc\AppData\Local\Temp
TEMP=C:\Users\pc\AppData\Local\Temp




Periodic native trim disabled

---------------  S Y S T E M  ---------------

OS:
 Windows 10 , 64 bit Build 19041 (10.0.19041.5198)
OS uptime: 0 days 5:58 hours
Hyper-V role detected

CPU: total 4 (initial active 4) (2 cores per cpu, 2 threads per core) family 6 model 78 stepping 3 microcode 0xcc, cx8, cmov, fxsr, ht, mmx, 3dnowpref, sse, sse2, sse3, ssse3, sse4.1, sse4.2, popcnt, lzcnt, tsc, tscinvbit, avx, avx2, aes, erms, clmul, bmi1, bmi2, rtm, adx, fma, vzeroupper, clflush, clflushopt, hv, rdtscp, f16c
Processor Information for the first 4 processors :
  Max Mhz: 2304, Current Mhz: 2304, Mhz Limit: 2304

Memory: 4k page, system-wide physical 8072M (860M free)
TotalPageFile size 10120M (AvailPageFile size 38M)
current process WorkingSet (physical memory assigned to process): 282M, peak: 282M
current process commit charge ("private bytes"): 333M, peak: 388M

vm_info: Java HotSpot(TM) 64-Bit Server VM (23+37-2369) for windows-amd64 JRE (23+37-2369), built on 2024-08-20T16:01:23Z with MS VC++ 17.6 (VS2022)

END.
