#
# A fatal error has been detected by the Java Runtime Environment:
#
#  EXCEPTION_ACCESS_VIOLATION (0xc0000005) at pc=0x00007ffebaa8b0fc, pid=2584, tid=18488
#
# JRE version: Java(TM) SE Runtime Environment (23.0+37) (build 23+37-2369)
# Java VM: Java HotSpot(TM) 64-Bit Server VM (23+37-2369, mixed mode, sharing, tiered, compressed oops, compressed class ptrs, g1 gc, windows-amd64)
# Problematic frame:
# C  [awt.dll+0xdb0fc]
#
# No core dump will be written. Minidumps are not enabled by default on client versions of Windows
#
# If you would like to submit a bug report, please visit:
#   https://bugreport.java.com/bugreport/crash.jsp
# The crash happened outside the Java Virtual Machine in native code.
# See problematic frame for where to report the bug.
#

---------------  S U M M A R Y ------------

Command Line: -javaagent:E:\Downloads\ideaIC-2024.3.1.win\lib\idea_rt.jar=57126:E:\Downloads\ideaIC-2024.3.1.win\bin -Dfile.encoding=UTF-8 -Dsun.stdout.encoding=UTF-8 -Dsun.stderr.encoding=UTF-8 Views.LoginSignUp

Host: Intel(R) Core(TM) i3-6100U CPU @ 2.30GHz, 4 cores, 7G,  Windows 10 , 64 bit Build 19041 (10.0.19041.5198)
Time: Fri Jan 10 16:19:49 2025 Morocco Summer Time elapsed time: 6.989858 seconds (0d 0h 0m 6s)

---------------  T H R E A D  ---------------

Current thread (0x0000029c8638e620):  JavaThread "AWT-Windows" daemon [_thread_in_native, id=18488, stack(0x000000f829200000,0x000000f829300000) (1024K)]

Stack: [0x000000f829200000,0x000000f829300000],  sp=0x000000f8292fe1d0,  free space=1016k
Native frames: (J=compiled Java code, j=interpreted, Vv=VM code, C=native code)
C  [awt.dll+0xdb0fc]  (no source info available)
C  [awt.dll+0x933af]  (no source info available)
C  [awt.dll+0x99236]  (no source info available)
C  [awt.dll+0x9a89a]  (no source info available)
C  0x0000029c344ad207  (no source info available)

The last pc belongs to native method entry point (kind = native) (printed below).
Java frames: (J=compiled Java code, j=interpreted, Vv=VM code)
j  sun.awt.windows.WComponentPeer._setBackground(I)V+0 java.desktop@23
j  sun.awt.windows.WComponentPeer.setBackground(Ljava/awt/Color;)V+10 java.desktop@23
j  sun.awt.windows.WWindowPeer.setBackground(Ljava/awt/Color;)V+2 java.desktop@23
v  ~StubRoutines::call_stub 0x0000029c344a0fcd
j  sun.awt.windows.WToolkit.eventLoop()V+0 java.desktop@23
j  sun.awt.windows.WToolkit.run()V+50 java.desktop@23
j  java.lang.Thread.runWith(Ljava/lang/Object;Ljava/lang/Runnable;)V+5 java.base@23
j  java.lang.Thread.run()V+19 java.base@23
v  ~StubRoutines::call_stub 0x0000029c344a0fcd

siginfo: EXCEPTION_ACCESS_VIOLATION (0xc0000005), reading address 0xffffffffffffffff


Registers:
RAX=0x0000029c872a8910, RBX=0x0000029c872aaa10, RCX=0x77612f6e75734c28, RDX=0x0000000000000000
RSP=0x000000f8292fe1d0, RBP=0x00000000ffffffee, RSI=0x0000029c872ab1b0, RDI=0x0000000000000000
R8 =0x0000000000000001, R9 =0x000000008bd81388, R10=0x00007ffea8258ec0, R11=0x000000f8292fe1e0
R12=0x0000000000000000, R13=0x0000029c82188a60, R14=0x0000029c8726b600, R15=0x0000029c8638e620
RIP=0x00007ffebaa8b0fc, EFLAGS=0x0000000000010246


Register to memory mapping:

RAX=0x0000029c872a8910 points into unknown readable memory: 0x005c003f003f005c | 5c 00 3f 00 3f 00 5c 00
RBX=0x0000029c872aaa10 points into unknown readable memory: 0x0000029c8729bc70 | 70 bc 29 87 9c 02 00 00
RCX=0x77612f6e75734c28 is an unknown value
RDX=0x0 is null
RSP=0x000000f8292fe1d0 is pointing into the stack for thread: 0x0000029c8638e620
RBP=0x00000000ffffffee is an unallocated location in the heap
RSI=0x0000029c872ab1b0 points into unknown readable memory: 0x0000029c40cb9c8a | 8a 9c cb 40 9c 02 00 00
RDI=0x0 is null
R8 =0x0000000000000001 is an unknown value
R9 =0x000000008bd81388 is an oop: sun.awt.windows.WFramePeer 
{0x000000008bd81388} - klass: 'sun/awt/windows/WFramePeer'
 - ---- fields (total size 19 words):
 - private volatile 'destroyed' 'Z' @12  false (0x00)
 - private volatile 'disposed' 'Z' @13  false (0x00)
 - volatile 'pData' 'J' @16  2871305614848 (0x0000029c8726b600)
 - volatile 'target' 'Ljava/lang/Object;' @24  a 'javax/swing/JFrame'{0x00000000878824e8} (0x878824e8)
 - volatile 'createError' 'Ljava/lang/Error;' @28  null (0x00000000)
 - private final 'stateLock' 'Ljava/lang/Object;' @32  a 'java/lang/Object'{0x000000008bd81420} (0x8bd81420)
 - private volatile 'childPeers' 'Ljava/util/Map;' @36  null (0x00000000)
 - 'isLayouting' 'Z' @14  false (0x00)
 - 'paintPending' 'Z' @15  false (0x00)
 - protected volatile 'hwnd' 'J' @40  1246312 (0x0000000000130468)
 - 'nativeDropTargetContext' 'J' @48  0 (0x0000000000000000)
 - 'oldWidth' 'I' @56  -1 (0xffffffff)
 - 'oldHeight' 'I' @60  -1 (0xffffffff)
 - private 'numBackBuffers' 'I' @64  0 (0x00000000)
 - 'nDropTargets' 'I' @68  0 (0x00000000)
 - public 'serialNum' 'I' @72  0 (0x00000000)
 - private 'updateX1' 'I' @76  0 (0x00000000)
 - private 'updateY1' 'I' @80  0 (0x00000000)
 - private 'updateX2' 'I' @84  0 (0x00000000)
 - private 'updateY2' 'I' @88  0 (0x00000000)
 - private volatile 'isAccelCapable' 'Z' @92  true (0x01)
 - 'surfaceData' 'Lsun/java2d/SurfaceData;' @96  null (0x00000000)
 - private 'paintArea' 'Lsun/awt/RepaintArea;' @100  a 'sun/awt/RepaintArea'{0x000000008bd814e8} (0x8bd814e8)
 - protected 'winGraphicsConfig' 'Lsun/awt/Win32GraphicsConfig;' @104  a 'sun/awt/Win32GraphicsConfig'{0x00000000878827b8} (0x878827b8)
 - private 'backBuffer' 'Ljava/awt/image/VolatileImage;' @108  null (0x00000000)
 - private 'backBufferCaps' 'Ljava/awt/BufferCapabilities;' @112  null (0x00000000)
 - private 'foreground' 'Ljava/awt/Color;' @116  null (0x00000000)
 - private 'background' 'Ljava/awt/Color;' @120  a 'javax/swing/plaf/ColorUIResource'{0x0000000087882688} (0x87882688)
 - private 'font' 'Ljava/awt/Font;' @124  null (0x00000000)
 - private 'eraseBackground' 'Z' @93  false (0x00)
 - 'insets_' 'Ljava/awt/Insets;' @128  null (0x00000000)
 - private 'isOpaque' 'Z' @94  false (0x00)
 - private 'opacity' 'F' @132  0.000000 (0x00000000)
 - private 'modalBlocker' 'Lsun/awt/windows/WWindowPeer;' @136  null (0x00000000)
 - private 'painter' 'Lsun/awt/windows/TranslucentWindowPainter;' @140  null (0x00000000)
 - private 'windowListener' 'Ljava/awt/event/WindowListener;' @144  null (0x00000000)
 - private volatile 'windowType' 'Ljava/awt/Window$Type;' @148  a 'java/awt/Window$Type'{0x0000000087883a98} (0x87883a98)
R10=0x00007ffea8258ec0 jvm.dll
R11=0x000000f8292fe1e0 is pointing into the stack for thread: 0x0000029c8638e620
R12=0x0 is null
R13={method} {0x0000029c82188a68} '_setBackground' '(I)V' in 'sun/awt/windows/WComponentPeer'
R14=0x0000029c8726b600 points into unknown readable memory: 0x00007ffebaabc860 | 60 c8 ab ba fe 7f 00 00
R15=0x0000029c8638e620 is a thread

Top of Stack: (sp=0x000000f8292fe1d0)
0x000000f8292fe1d0:   00007ffebaae9838 0000029c8726b600
0x000000f8292fe1e0:   0000029c8726b600 0000000002eeeeee
0x000000f8292fe1f0:   0000000002eeeeee 00007ffebaa433af
0x000000f8292fe200:   0000029c8726b600 0000029c872aaa10
0x000000f8292fe210:   0000029c872ab1b0 000000f8292f0000
0x000000f8292fe220:   0000029c40cb9c8a 00007ffebaa49236
0x000000f8292fe230:   0000029c8638e9e0 0000029c872ab1b0
0x000000f8292fe240:   0000029c40cb9c8a 0000029c8638e620
0x000000f8292fe250:   000000f8292fe330 00007ffebaa4a89a
0x000000f8292fe260:   000000f8292fe330 0000029c40cb9c8a
0x000000f8292fe270:   000000f8292fe308 00000000ffeeeeee
0x000000f8292fe280:   000000f8292fe748 0000029c344ad207
0x000000f8292fe290:   0000029c82188a60 000000f8292fe740
0x000000f8292fe2a0:   000000f8292fe748 00007ffea7c6d09f
0x000000f8292fe2b0:   3ff0000000000000 0000029c344ace9b
0x000000f8292fe2c0:   fffffffffffffff7 0000029c82188a60
0x000000f8292fe2d0:   0000000000000005 0000029c8218dd70
0x000000f8292fe2e0:   0000000000000000 000000008796d810
0x000000f8292fe2f0:   0000029c82188a60 0000000000000000
0x000000f8292fe300:   000000f8292fe328 000000f8292fe390
0x000000f8292fe310:   0000029c344a8700 0000000000000000
0x000000f8292fe320:   0000029c344aa5d7 00000000ffeeeeee
0x000000f8292fe330:   000000008bd81388 0000029c8638e620
0x000000f8292fe340:   000000008bd81388 fffffffffffffff5
0x000000f8292fe350:   0000029c82188862 0000000000000003
0x000000f8292fe360:   0000029c8218dd70 0000000000000000
0x000000f8292fe370:   000000008796d810 0000029c82188888
0x000000f8292fe380:   fffffffffffffff3 000000f8292fe3a0
0x000000f8292fe390:   000000f8292fe3f8 0000029c344a8700
0x000000f8292fe3a0:   0000000087882688 000000008bd81388
0x000000f8292fe3b0:   fffffffffffffff7 0000029c824d9c32
0x000000f8292fe3c0:   0000000000000005 0000029c824ddbf8 

Instructions: (pc=0x00007ffebaa8b0fc)
0x00007ffebaa8affc:   b9 08 00 00 00 4c 8d 05 b0 59 03 00 48 8d 15 81
0x00007ffebaa8b00c:   aa 02 00 48 8b cf e8 ea e6 00 00 eb 02 33 c0 48
0x00007ffebaa8b01c:   8b 8c 24 98 00 00 00 48 33 cc e8 e5 04 01 00 4c
0x00007ffebaa8b02c:   8d 9c 24 a0 00 00 00 49 8b 5b 40 49 8b 73 48 49
0x00007ffebaa8b03c:   8b e3 41 5f 41 5e 41 5d 41 5c 5f c3 cc cc cc cc
0x00007ffebaa8b04c:   cc cc cc cc 48 89 5c 24 08 48 89 6c 24 10 48 89
0x00007ffebaa8b05c:   74 24 18 57 48 83 ec 20 41 8b f8 0f b6 f2 48 8b
0x00007ffebaa8b06c:   e9 e8 2e cc f4 ff 48 8b d8 48 89 44 24 48 41 b8
0x00007ffebaa8b07c:   01 00 00 00 8b d7 48 8b c8 e8 96 cb f4 ff 48 8b
0x00007ffebaa8b08c:   c8 44 0f b6 c6 48 8b d5 e8 97 fa ff ff 48 8b f8
0x00007ffebaa8b09c:   48 8b cb e8 bc cd f4 ff 90 48 8b c7 48 8b 5c 24
0x00007ffebaa8b0ac:   30 48 8b 6c 24 38 48 8b 74 24 40 48 83 c4 20 5f
0x00007ffebaa8b0bc:   c3 cc cc cc 48 8b 49 28 e9 07 07 00 00 cc cc cc
0x00007ffebaa8b0cc:   cc cc cc cc 48 89 5c 24 08 57 48 83 ec 20 8b f9
0x00007ffebaa8b0dc:   e8 bf cb f4 ff 48 8b d8 48 89 44 24 38 41 b8 01
0x00007ffebaa8b0ec:   00 00 00 8b d7 48 8b c8 e8 27 cb f4 ff 48 8b 08
0x00007ffebaa8b0fc:   8b 39 48 8b cb e8 5a cd f4 ff 90 8b c7 48 8b 5c
0x00007ffebaa8b10c:   24 30 48 83 c4 20 5f c3 cc cc cc cc cc cc cc cc
0x00007ffebaa8b11c:   cc cc cc cc 48 89 5c 24 08 57 48 83 ec 20 8b f9
0x00007ffebaa8b12c:   e8 6f cb f4 ff 48 8b d8 48 89 44 24 38 41 b8 01
0x00007ffebaa8b13c:   00 00 00 8b d7 48 8b c8 e8 d7 ca f4 ff 48 8b 78
0x00007ffebaa8b14c:   28 48 8b cb e8 0b cd f4 ff 90 48 8b c7 48 8b 5c
0x00007ffebaa8b15c:   24 30 48 83 c4 20 5f c3 cc cc cc cc cc cc cc cc
0x00007ffebaa8b16c:   cc cc cc cc 48 89 5c 24 08 57 48 83 ec 20 8b f9
0x00007ffebaa8b17c:   e8 1f cb f4 ff 48 8b d8 48 89 44 24 38 41 b8 01
0x00007ffebaa8b18c:   00 00 00 8b d7 48 8b c8 e8 87 ca f4 ff 48 8b 78
0x00007ffebaa8b19c:   30 48 8b cb e8 bb cc f4 ff 90 48 8b c7 48 8b 5c
0x00007ffebaa8b1ac:   24 30 48 83 c4 20 5f c3 cc cc cc cc cc cc cc cc
0x00007ffebaa8b1bc:   cc cc cc cc 48 89 5c 24 08 57 48 83 ec 20 8b f9
0x00007ffebaa8b1cc:   e8 cf ca f4 ff 48 8b d8 48 89 44 24 38 41 b8 01
0x00007ffebaa8b1dc:   00 00 00 8b d7 48 8b c8 e8 37 ca f4 ff 48 8b 78
0x00007ffebaa8b1ec:   08 48 85 ff 74 07 48 8b bf 08 0c 00 00 48 8b cb 


Stack slot to memory mapping:

stack at sp + 0 slots: 0x00007ffebaae9838 awt.dll
stack at sp + 1 slots: 0x0000029c8726b600 points into unknown readable memory: 0x00007ffebaabc860 | 60 c8 ab ba fe 7f 00 00
stack at sp + 2 slots: 0x0000029c8726b600 points into unknown readable memory: 0x00007ffebaabc860 | 60 c8 ab ba fe 7f 00 00
stack at sp + 3 slots: 0x0000000002eeeeee is an unknown value
stack at sp + 4 slots: 0x0000000002eeeeee is an unknown value
stack at sp + 5 slots: 0x00007ffebaa433af awt.dll
stack at sp + 6 slots: 0x0000029c8726b600 points into unknown readable memory: 0x00007ffebaabc860 | 60 c8 ab ba fe 7f 00 00
stack at sp + 7 slots: 0x0000029c872aaa10 points into unknown readable memory: 0x0000029c8729bc70 | 70 bc 29 87 9c 02 00 00

Lock stack of current Java thread (top to bottom):
LockStack[0]: sun.awt.windows.WFramePeer 
{0x000000008bd81388} - klass: 'sun/awt/windows/WFramePeer'
 - ---- fields (total size 19 words):
 - private volatile 'destroyed' 'Z' @12  false (0x00)
 - private volatile 'disposed' 'Z' @13  false (0x00)
 - volatile 'pData' 'J' @16  2871305614848 (0x0000029c8726b600)
 - volatile 'target' 'Ljava/lang/Object;' @24  a 'javax/swing/JFrame'{0x00000000878824e8} (0x878824e8)
 - volatile 'createError' 'Ljava/lang/Error;' @28  null (0x00000000)
 - private final 'stateLock' 'Ljava/lang/Object;' @32  a 'java/lang/Object'{0x000000008bd81420} (0x8bd81420)
 - private volatile 'childPeers' 'Ljava/util/Map;' @36  null (0x00000000)
 - 'isLayouting' 'Z' @14  false (0x00)
 - 'paintPending' 'Z' @15  false (0x00)
 - protected volatile 'hwnd' 'J' @40  1246312 (0x0000000000130468)
 - 'nativeDropTargetContext' 'J' @48  0 (0x0000000000000000)
 - 'oldWidth' 'I' @56  -1 (0xffffffff)
 - 'oldHeight' 'I' @60  -1 (0xffffffff)
 - private 'numBackBuffers' 'I' @64  0 (0x00000000)
 - 'nDropTargets' 'I' @68  0 (0x00000000)
 - public 'serialNum' 'I' @72  0 (0x00000000)
 - private 'updateX1' 'I' @76  0 (0x00000000)
 - private 'updateY1' 'I' @80  0 (0x00000000)
 - private 'updateX2' 'I' @84  0 (0x00000000)
 - private 'updateY2' 'I' @88  0 (0x00000000)
 - private volatile 'isAccelCapable' 'Z' @92  true (0x01)
 - 'surfaceData' 'Lsun/java2d/SurfaceData;' @96  null (0x00000000)
 - private 'paintArea' 'Lsun/awt/RepaintArea;' @100  a 'sun/awt/RepaintArea'{0x000000008bd814e8} (0x8bd814e8)
 - protected 'winGraphicsConfig' 'Lsun/awt/Win32GraphicsConfig;' @104  a 'sun/awt/Win32GraphicsConfig'{0x00000000878827b8} (0x878827b8)
 - private 'backBuffer' 'Ljava/awt/image/VolatileImage;' @108  null (0x00000000)
 - private 'backBufferCaps' 'Ljava/awt/BufferCapabilities;' @112  null (0x00000000)
 - private 'foreground' 'Ljava/awt/Color;' @116  null (0x00000000)
 - private 'background' 'Ljava/awt/Color;' @120  a 'javax/swing/plaf/ColorUIResource'{0x0000000087882688} (0x87882688)
 - private 'font' 'Ljava/awt/Font;' @124  null (0x00000000)
 - private 'eraseBackground' 'Z' @93  false (0x00)
 - 'insets_' 'Ljava/awt/Insets;' @128  null (0x00000000)
 - private 'isOpaque' 'Z' @94  false (0x00)
 - private 'opacity' 'F' @132  0.000000 (0x00000000)
 - private 'modalBlocker' 'Lsun/awt/windows/WWindowPeer;' @136  null (0x00000000)
 - private 'painter' 'Lsun/awt/windows/TranslucentWindowPainter;' @140  null (0x00000000)
 - private 'windowListener' 'Ljava/awt/event/WindowListener;' @144  null (0x00000000)
 - private volatile 'windowType' 'Ljava/awt/Window$Type;' @148  a 'java/awt/Window$Type'{0x0000000087883a98} (0x87883a98)

native method entry point (kind = native)  [0x0000029c344acde0, 0x0000029c344ad938]  2904 bytes
[MachCode]
  0x0000029c344acde0: 488b 4b08 | 0fb7 492e | 584c 8d74 | ccf8 6800 | 0000 0068 | 0000 0000 | 5055 488b | ec41 5568 
  0x0000029c344ace00: 0000 0000 | 4c8b 6b08 | 4d8d 6d38 | 5348 8b53 | 0848 8b52 | 0848 8b52 | 1848 8b52 | 7048 8b12 
  0x0000029c344ace20: 5248 8b53 | 1048 85d2 | 0f84 0700 | 0000 4881 | c210 0100 | 0052 488b | 5308 488b | 5208 488b 
  0x0000029c344ace40: 5210 5249 | 8bc6 482b | c548 c1e8 | 0350 6800 | 0000 0068 | f7ff ffff | 41c6 8771 | 0400 0001 
  0x0000029c344ace60: 488b 4310 | 4885 c074 | 208b 88cc | 0000 0083 | c102 8988 | cc00 0000 | 2388 e000 | 0000 0f84 
  0x0000029c344ace80: 000a 0000 | e9cf 0000 | 0048 8b43 | 1848 85c0 | 0f85 b000 | 0000 e805 | 0000 00e9 | 9900 0000 
  0x0000029c344acea0: 488b d348 | 8d44 2408 | 4c89 6dc0 | 498b cfc5 | f877 4989 | afb0 0300 | 0049 8987 | a003 0000 
  0x0000029c344acec0: 4883 ec20 | 40f6 c40f | 0f84 1900 | 0000 4883 | ec08 48b8 | 9026 9ba7 | fe7f 0000 | ffd0 4883 
  0x0000029c344acee0: c408 e90c | 0000 0048 | b890 269b | a7fe 7f00 | 00ff d048 | 83c4 2049 | c787 a003 | 0000 0000 
  0x0000029c344acf00: 0000 49c7 | 87b0 0300 | 0000 0000 | 0049 c787 | a803 0000 | 0000 0000 | c5f8 7749 | 837f 0800 
  0x0000029c344acf20: 0f84 0500 | 0000 e995 | 3fff ff4c | 8b6d c04c | 8b75 c84e | 8d74 f500 | c348 8b43 | 1848 85c0 
  0x0000029c344acf40: 0f84 1200 | 0000 8b48 | 0883 c102 | 8948 0823 | 481c 0f84 | 2c09 0000 | 493b a7e8 | 0400 000f 
  0x0000029c344acf60: 8748 0000 | 0089 8424 | 00f0 ffff | 8984 2400 | e0ff ff89 | 8424 00d0 | ffff 8984 | 2400 c0ff 
  0x0000029c344acf80: ff89 8424 | 00b0 ffff | 8984 2400 | a0ff ff89 | 8424 0090 | ffff 8984 | 2400 80ff | ff49 3ba7 
  0x0000029c344acfa0: e004 0000 | 7607 4989 | a7e8 0400 | 0041 c687 | 7104 0000 | 0049 ba41 | ad22 a8fe | 7f00 0041 
  0x0000029c344acfc0: 803a 000f | 843e 0000 | 0048 8b55 | e849 8bcf | 4883 ec20 | 40f6 c40f | 0f84 1900 | 0000 4883 
  0x0000029c344acfe0: ec08 48b8 | 00ee d2a7 | fe7f 0000 | ffd0 4883 | c408 e90c | 0000 0048 | b800 eed2 | a7fe 7f00 
  0x0000029c344ad000: 00ff d048 | 83c4 2048 | 8b5d e84c | 8b5b 0845 | 0fb7 5b2e | 41c1 e303 | 492b e348 | 83ec 2048 
  0x0000029c344ad020: 83e4 f04c | 8b5b 604d | 85db 0f85 | ab00 0000 | e805 0000 | 00e9 9900 | 0000 488b | d348 8d44 
  0x0000029c344ad040: 2408 4c89 | 6dc0 498b | cfc5 f877 | 4989 afb0 | 0300 0049 | 8987 a003 | 0000 4883 | ec20 40f6 
  0x0000029c344ad060: c40f 0f84 | 1900 0000 | 4883 ec08 | 48b8 f04d | 9ba7 fe7f | 0000 ffd0 | 4883 c408 | e90c 0000 
  0x0000029c344ad080: 0048 b8f0 | 4d9b a7fe | 7f00 00ff | d048 83c4 | 2049 c787 | a003 0000 | 0000 0000 | 49c7 87b0 
  0x0000029c344ad0a0: 0300 0000 | 0000 0049 | c787 a803 | 0000 0000 | 0000 c5f8 | 7749 837f | 0800 0f84 | 0500 0000 
  0x0000029c344ad0c0: e9fb 3dff | ff4c 8b6d | c04c 8b75 | c84e 8d74 | f500 c348 | 8b5d e84c | 8b5b 6041 | ffd3 488b 
  0x0000029c344ad0e0: 5de8 4889 | 4518 448b | 5b28 41f6 | c308 0f84 | 1b00 0000 | 4c8b 5b08 | 4d8b 5b08 | 4d8b 5b18 
  0x0000029c344ad100: 4d8b 5b70 | 4d8b 1b4c | 895d 1048 | 8d55 1048 | 8b43 5849 | ba50 3cd3 | a7fe 7f00 | 0049 3bc2 
  0x0000029c344ad120: 0f85 ab00 | 0000 e805 | 0000 00e9 | 9900 0000 | 488b d348 | 8d44 2408 | 4c89 6dc0 | 498b cfc5 
  0x0000029c344ad140: f877 4989 | afb0 0300 | 0049 8987 | a003 0000 | 4883 ec20 | 40f6 c40f | 0f84 1900 | 0000 4883 
  0x0000029c344ad160: ec08 48b8 | f04d 9ba7 | fe7f 0000 | ffd0 4883 | c408 e90c | 0000 0048 | b8f0 4d9b | a7fe 7f00 
  0x0000029c344ad180: 00ff d048 | 83c4 2049 | c787 a003 | 0000 0000 | 0000 49c7 | 87b0 0300 | 0000 0000 | 0049 c787 
  0x0000029c344ad1a0: a803 0000 | 0000 0000 | c5f8 7749 | 837f 0800 | 0f84 0500 | 0000 e905 | 3dff ff4c | 8b6d c04c 
  0x0000029c344ad1c0: 8b75 c84e | 8d74 f500 | c348 8b5d | e848 8b43 | 5849 8d8f | c003 0000 | c5f8 7749 | 89af b003 
  0x0000029c344ad1e0: 0000 49ba | d8d1 4a34 | 9c02 0000 | 4d89 97a8 | 0300 0049 | 89a7 a003 | 0000 41c7 | 8744 0400 
  0x0000029c344ad200: 0004 0000 | 00ff d0c5 | f877 4883 | ec10 c5fb | 1104 2448 | 83ec 1048 | 8904 2448 | c744 2408 
  0x0000029c344ad220: 0000 0000 | 41c7 8744 | 0400 0005 | 0000 00f0 | 8344 24c0 | 0049 3baf | 4804 0000 | 0f87 0e00 
  0x0000029c344ad240: 0000 4183 | bf40 0400 | 0000 0f84 | 2000 0000 | 498b cf4c | 8be4 4883 | ec20 4883 | e4f0 48b8 
  0x0000029c344ad260: 90a9 9ca7 | fe7f 0000 | ffd0 498b | e44d 33e4 | 41c7 8744 | 0400 0008 | 0000 0049 | c787 a003 
  0x0000029c344ad280: 0000 0000 | 0000 49c7 | 87b0 0300 | 0000 0000 | 0049 c787 | a803 0000 | 0000 0000 | c5f8 774d 
  0x0000029c344ad2a0: 8b9f 3004 | 0000 41c7 | 8300 0100 | 0000 0000 | 0049 bbda | a54a 349c | 0200 004c | 3b5d 180f 
  0x0000029c344ad2c0: 8524 0200 | 0048 8b04 | 2448 83c4 | 1048 85c0 | 0f84 fe01 | 0000 a803 | 0f85 0800 | 0000 488b 
  0x0000029c344ad2e0: 00e9 ee01 | 0000 a801 | 0f85 0900 | 0000 488b | 40fe e9dd | 0100 0048 | 8b40 ff41 | 807f 3800 
  0x0000029c344ad300: 0f84 ce01 | 0000 4883 | f800 0f84 | c401 0000 | 4d8b 5f28 | 4983 fb00 | 0f84 1400 | 0000 4983 
  0x0000029c344ad320: eb08 4d89 | 5f28 4d03 | 5f30 4989 | 03e9 a201 | 0000 4881 | ecd0 0000 | 0048 8904 | 2448 894c 
  0x0000029c344ad340: 2408 4889 | 5424 1048 | 8974 2418 | 4889 7c24 | 204c 8944 | 2428 4c89 | 4c24 304c | 8954 2438 
  0x0000029c344ad360: 4c89 5c24 | 40c5 fb11 | 4424 50c5 | fb11 4c24 | 58c5 fb11 | 5424 60c5 | fb11 5c24 | 68c5 fb11 
  0x0000029c344ad380: 6424 70c5 | fb11 6c24 | 78c5 fb11 | b424 8000 | 0000 c5fb | 11bc 2488 | 0000 00c5 | 7b11 8424 
  0x0000029c344ad3a0: 9000 0000 | c57b 118c | 2498 0000 | 00c5 7b11 | 9424 a000 | 0000 c57b | 119c 24a8 | 0000 00c5 
  0x0000029c344ad3c0: 7b11 a424 | b000 0000 | c57b 11ac | 24b8 0000 | 00c5 7b11 | b424 c000 | 0000 c57b | 11bc 24c8 
  0x0000029c344ad3e0: 0000 0049 | 8bd7 488b | c848 83ec | 2040 f6c4 | 0f0f 8419 | 0000 0048 | 83ec 0848 | b8e0 0790 
  0x0000029c344ad400: a7fe 7f00 | 00ff d048 | 83c4 08e9 | 0c00 0000 | 48b8 e007 | 90a7 fe7f | 0000 ffd0 | 4883 c420 
  0x0000029c344ad420: c57b 10bc | 24c8 0000 | 00c5 7b10 | b424 c000 | 0000 c57b | 10ac 24b8 | 0000 00c5 | 7b10 a424 
  0x0000029c344ad440: b000 0000 | c57b 109c | 24a8 0000 | 00c5 7b10 | 9424 a000 | 0000 c57b | 108c 2498 | 0000 00c5 
  0x0000029c344ad460: 7b10 8424 | 9000 0000 | c5fb 10bc | 2488 0000 | 00c5 fb10 | b424 8000 | 0000 c5fb | 106c 2478 
  0x0000029c344ad480: c5fb 1064 | 2470 c5fb | 105c 2468 | c5fb 1054 | 2460 c5fb | 104c 2458 | c5fb 1044 | 2450 4c8b 
  0x0000029c344ad4a0: 5c24 404c | 8b54 2438 | 4c8b 4c24 | 304c 8b44 | 2428 488b | 7c24 2048 | 8b74 2418 | 488b 5424 
  0x0000029c344ad4c0: 1048 8b4c | 2408 488b | 0424 4881 | c4d0 0000 | 00c5 f877 | 4889 4510 | 4883 ec10 | 4889 0424 
  0x0000029c344ad4e0: 48c7 4424 | 0800 0000 | 0041 83bf | c804 0000 | 020f 85bf | 0000 0048 | 81ec 8000 | 0000 4889 
  0x0000029c344ad500: 4424 7848 | 894c 2470 | 4889 5424 | 6848 895c | 2460 4889 | 6c24 5048 | 8974 2448 | 4889 7c24 
  0x0000029c344ad520: 404c 8944 | 2438 4c89 | 4c24 304c | 8954 2428 | 4c89 5c24 | 204c 8964 | 2418 4c89 | 6c24 104c 
  0x0000029c344ad540: 8974 2408 | 4c89 3c24 | 4c8b e448 | 83ec 2048 | 83e4 f048 | b8b0 22d3 | a7fe 7f00 | 00ff d049 
  0x0000029c344ad560: 8be4 4c8b | 3c24 4c8b | 7424 084c | 8b6c 2410 | 4c8b 6424 | 184c 8b5c | 2420 4c8b | 5424 284c 
  0x0000029c344ad580: 8b4c 2430 | 4c8b 4424 | 3848 8b7c | 2440 488b | 7424 4848 | 8b6c 2450 | 488b 5c24 | 6048 8b54 
  0x0000029c344ad5a0: 2468 488b | 4c24 7048 | 8b44 2478 | 4881 c480 | 0000 004d | 33e4 488b | 5de8 4c8b | 6b08 4d8d 
  0x0000029c344ad5c0: 6d38 4983 | 7f08 000f | 84bb 0000 | 00e8 0500 | 0000 e996 | 0000 0048 | 8d44 2408 | 4c89 6dc0 
  0x0000029c344ad5e0: 498b cfc5 | f877 4989 | afb0 0300 | 0049 8987 | a003 0000 | 4883 ec20 | 40f6 c40f | 0f84 1900 
  0x0000029c344ad600: 0000 4883 | ec08 48b8 | 006c 9ba7 | fe7f 0000 | ffd0 4883 | c408 e90c | 0000 0048 | b800 6c9b 
  0x0000029c344ad620: a7fe 7f00 | 00ff d048 | 83c4 2049 | c787 a003 | 0000 0000 | 0000 49c7 | 87b0 0300 | 0000 0000 
  0x0000029c344ad640: 0049 c787 | a803 0000 | 0000 0000 | c5f8 7749 | 837f 0800 | 0f84 0500 | 0000 e961 | 38ff ff4c 
  0x0000029c344ad660: 8b6d c04c | 8b75 c84e | 8d74 f500 | c348 b940 | d5fa a7fe | 7f00 0048 | 83e4 f048 | b860 4ac1 
  0x0000029c344ad680: a7fe 7f00 | 00ff d0f4 | 448b 5b28 | 41f6 c320 | 0f84 7901 | 0000 488d | 55a8 4c8b | 5a08 4d85 
  0x0000029c344ad6a0: db0f 85bb | 0000 00e8 | 0500 0000 | e996 0000 | 0048 8d44 | 2408 4c89 | 6dc0 498b | cfc5 f877 
  0x0000029c344ad6c0: 4989 afb0 | 0300 0049 | 8987 a003 | 0000 4883 | ec20 40f6 | c40f 0f84 | 1900 0000 | 4883 ec08 
  0x0000029c344ad6e0: 48b8 306b | 9ba7 fe7f | 0000 ffd0 | 4883 c408 | e90c 0000 | 0048 b830 | 6b9b a7fe | 7f00 00ff 
  0x0000029c344ad700: d048 83c4 | 2049 c787 | a003 0000 | 0000 0000 | 49c7 87b0 | 0300 0000 | 0000 0049 | c787 a803 
  0x0000029c344ad720: 0000 0000 | 0000 c5f8 | 7749 837f | 0800 0f84 | 0500 0000 | e987 37ff | ff4c 8b6d | c04c 8b75 
  0x0000029c344ad740: c84e 8d74 | f500 c348 | b940 d5fa | a7fe 7f00 | 0048 83e4 | f048 b860 | 4ac1 a7fe | 7f00 00ff 
  0x0000029c344ad760: d0f4 4c89 | 6dc0 4c8b | 4a08 48c7 | 4208 0000 | 0000 458b | 8718 0600 | 004f 3b4c | 07f8 0f85 
  0x0000029c344ad780: 4900 0000 | 4183 af18 | 0600 0008 | 4f3b 4c07 | f00f 842a | 0000 0049 | 8b01 a802 | 0f85 1200 
  0x0000029c344ad7a0: 0000 4c8b | c049 83c8 | 01f0 4d0f | b101 0f84 | 0d00 0000 | 4183 8718 | 0600 0008 | e90c 0000 
  0x0000029c344ad7c0: 0049 ff8f | 5005 0000 | e93e 0000 | 004c 894a | 0848 8bca | 4883 ec20 | 40f6 c40f | 0f84 1900 
  0x0000029c344ad7e0: 0000 4883 | ec08 48b8 | f03d 9ba7 | fe7f 0000 | ffd0 4883 | c408 e90c | 0000 0048 | b8f0 3d9b 
  0x0000029c344ad800: a7fe 7f00 | 00ff d048 | 83c4 204c | 8b6d c049 | ba41 ad22 | a8fe 7f00 | 0041 803a | 000f 843e 
  0x0000029c344ad820: 0000 0048 | 8b55 e849 | 8bcf 4883 | ec20 40f6 | c40f 0f84 | 1900 0000 | 4883 ec08 | 48b8 00ee 
  0x0000029c344ad840: d2a7 fe7f | 0000 ffd0 | 4883 c408 | e90c 0000 | 0048 b800 | eed2 a7fe | 7f00 00ff | d048 83c4 
  0x0000029c344ad860: 2048 8b04 | 2448 83c4 | 10c5 fb10 | 0424 4883 | c410 4c8b | 5d18 41ff | d34c 8b5d | f8c9 5f49 
  0x0000029c344ad880: 8be3 ffe7 | ba00 0000 | 00e8 0500 | 0000 e996 | 0000 0048 | 8d44 2408 | 4c89 6dc0 | 498b cfc5 
  0x0000029c344ad8a0: f877 4989 | afb0 0300 | 0049 8987 | a003 0000 | 4883 ec20 | 40f6 c40f | 0f84 1900 | 0000 4883 
  0x0000029c344ad8c0: ec08 48b8 | a031 9ba7 | fe7f 0000 | ffd0 4883 | c408 e90c | 0000 0048 | b8a0 319b | a7fe 7f00 
  0x0000029c344ad8e0: 00ff d048 | 83c4 2049 | c787 a003 | 0000 0000 | 0000 49c7 | 87b0 0300 | 0000 0000 | 0049 c787 
  0x0000029c344ad900: a803 0000 | 0000 0000 | c5f8 7749 | 837f 0800 | 0f84 0500 | 0000 e9a5 | 35ff ff4c | 8b6d c04c 
  0x0000029c344ad920: 8b75 c84e | 8d74 f500 | c348 8b5d | e8e9 26f6 | ffff 660f | 1f44 0000 
[/MachCode]

---------------  P R O C E S S  ---------------

Threads class SMR info:
_java_thread_list=0x0000029c40d39e10, length=17, elements={
0x0000029c24833650, 0x0000029c40ccf700, 0x0000029c40cd0510, 0x0000029c40cd25b0,
0x0000029c40cd51d0, 0x0000029c40cd6580, 0x0000029c40cd7930, 0x0000029c40ce0380,
0x0000029c40ce4000, 0x0000029c86095360, 0x0000029c8632f3e0, 0x0000029c8632fa50,
0x0000029c863870f0, 0x0000029c8638e620, 0x0000029c87246700, 0x0000029c8728afc0,
0x0000029c40d39450
}

Java Threads: ( => current thread )
  0x0000029c24833650 JavaThread "main"                              [_thread_in_native, id=540, stack(0x000000f827d00000,0x000000f827e00000) (1024K)]
  0x0000029c40ccf700 JavaThread "Reference Handler"          daemon [_thread_blocked, id=15792, stack(0x000000f828500000,0x000000f828600000) (1024K)]
  0x0000029c40cd0510 JavaThread "Finalizer"                  daemon [_thread_blocked, id=17576, stack(0x000000f828600000,0x000000f828700000) (1024K)]
  0x0000029c40cd25b0 JavaThread "Signal Dispatcher"          daemon [_thread_blocked, id=8768, stack(0x000000f828700000,0x000000f828800000) (1024K)]
  0x0000029c40cd51d0 JavaThread "Attach Listener"            daemon [_thread_blocked, id=21728, stack(0x000000f828800000,0x000000f828900000) (1024K)]
  0x0000029c40cd6580 JavaThread "Service Thread"             daemon [_thread_blocked, id=9552, stack(0x000000f828900000,0x000000f828a00000) (1024K)]
  0x0000029c40cd7930 JavaThread "Monitor Deflation Thread"   daemon [_thread_blocked, id=14892, stack(0x000000f828a00000,0x000000f828b00000) (1024K)]
  0x0000029c40ce0380 JavaThread "C2 CompilerThread0"         daemon [_thread_blocked, id=17908, stack(0x000000f828b00000,0x000000f828c00000) (1024K)]
  0x0000029c40ce4000 JavaThread "C1 CompilerThread0"         daemon [_thread_blocked, id=7060, stack(0x000000f828c00000,0x000000f828d00000) (1024K)]
  0x0000029c86095360 JavaThread "Common-Cleaner"             daemon [_thread_blocked, id=18208, stack(0x000000f828d00000,0x000000f828e00000) (1024K)]
  0x0000029c8632f3e0 JavaThread "Monitor Ctrl-Break"         daemon [_thread_in_native, id=19908, stack(0x000000f828e00000,0x000000f828f00000) (1024K)]
  0x0000029c8632fa50 JavaThread "Notification Thread"        daemon [_thread_blocked, id=20244, stack(0x000000f828f00000,0x000000f829000000) (1024K)]
  0x0000029c863870f0 JavaThread "Java2D Disposer"            daemon [_thread_blocked, id=19700, stack(0x000000f829000000,0x000000f829100000) (1024K)]
=>0x0000029c8638e620 JavaThread "AWT-Windows"                daemon [_thread_in_native, id=18488, stack(0x000000f829200000,0x000000f829300000) (1024K)]
  0x0000029c87246700 JavaThread "Image Fetcher 0"            daemon [_thread_blocked, id=19128, stack(0x000000f829300000,0x000000f829400000) (1024K)]
  0x0000029c8728afc0 JavaThread "AWT-Shutdown"                      [_thread_blocked, id=7212, stack(0x000000f829100000,0x000000f829200000) (1024K)]
  0x0000029c40d39450 JavaThread "AWT-EventQueue-0"                  [_thread_blocked, id=21560, stack(0x000000f829700000,0x000000f829800000) (1024K)]
Total: 17

Other Threads:
  0x0000029c40cb3c50 VMThread "VM Thread"                           [id=8872, stack(0x000000f828400000,0x000000f828500000) (1024K)]
  0x0000029c40ca3510 WatcherThread "VM Periodic Task Thread"        [id=20264, stack(0x000000f828300000,0x000000f828400000) (1024K)]
  0x0000029c2488b8f0 WorkerThread "GC Thread#0"                     [id=11696, stack(0x000000f827e00000,0x000000f827f00000) (1024K)]
  0x0000029c87297d60 WorkerThread "GC Thread#1"                     [id=14268, stack(0x000000f829400000,0x000000f829500000) (1024K)]
  0x0000029c87298110 WorkerThread "GC Thread#2"                     [id=21020, stack(0x000000f829500000,0x000000f829600000) (1024K)]
  0x0000029c872984c0 WorkerThread "GC Thread#3"                     [id=12300, stack(0x000000f829600000,0x000000f829700000) (1024K)]
  0x0000029c2275ded0 ConcurrentGCThread "G1 Main Marker"            [id=19512, stack(0x000000f827f00000,0x000000f828000000) (1024K)]
  0x0000029c2489cb70 WorkerThread "G1 Conc#0"                       [id=11300, stack(0x000000f828000000,0x000000f828100000) (1024K)]
  0x0000029c40b680f0 ConcurrentGCThread "G1 Refine#0"               [id=19000, stack(0x000000f828100000,0x000000f828200000) (1024K)]
  0x0000029c40b69c40 ConcurrentGCThread "G1 Service"                [id=15692, stack(0x000000f828200000,0x000000f828300000) (1024K)]
Total: 10

Threads with active compile tasks:
Total: 0

VM state: not at safepoint (normal execution)

VM Mutex/Monitor currently owned by a thread: None

Heap address: 0x0000000081c00000, size: 2020 MB, Compressed Oops mode: 32-bit

CDS archive(s) mapped at: [0x0000029c41000000-0x0000029c41d70000-0x0000029c41d70000), size 14090240, SharedBaseAddress: 0x0000029c41000000, ArchiveRelocationMode: 1.
Compressed class space mapped at: 0x0000029c42000000-0x0000029c82000000, reserved size: 1073741824
Narrow klass base: 0x0000029c41000000, Narrow klass shift: 0, Narrow klass range: 0x41000000

GC Precious Log:
 CardTable entry size: 512
 Card Set container configuration: InlinePtr #cards 5 size 8 Array Of Cards #cards 10 size 36 Howl #buckets 4 coarsen threshold 1843 Howl Bitmap #cards 512 size 80 coarsen threshold 460 Card regions per heap region 1 cards per card region 2048
 CPUs: 4 total, 4 available
 Memory: 8072M
 Large Page Support: Disabled
 NUMA Support: Disabled
 Compressed Oops: Enabled (32-bit)
 Heap Region Size: 1M
 Heap Min Capacity: 8M
 Heap Initial Capacity: 128M
 Heap Max Capacity: 2020M
 Pre-touch: Disabled
 Parallel Workers: 4
 Concurrent Workers: 1
 Concurrent Refinement Workers: 4
 Periodic GC: Disabled

Heap:
 garbage-first heap   total reserved 2068480K, committed 165888K, used 100294K [0x0000000081c00000, 0x0000000100000000)
  region size 1024K, 4 young (4096K), 1 survivors (1024K)
 Metaspace       used 6454K, committed 6720K, reserved 1114112K
  class space    used 759K, committed 896K, reserved 1048576K

Heap Regions: E=young(eden), S=young(survivor), O=old, HS=humongous(starts), HC=humongous(continues), CS=collection set, F=free, TAMS=top-at-mark-start, PB=parsable bottom
|   0|0x0000000081c00000, 0x0000000081d00000, 0x0000000081d00000|100%|HS|  |TAMS 0x0000000081c00000| PB 0x0000000081c00000| Complete |  0
|   1|0x0000000081d00000, 0x0000000081e00000, 0x0000000081e00000|100%|HC|  |TAMS 0x0000000081d00000| PB 0x0000000081d00000| Complete |  0
|   2|0x0000000081e00000, 0x0000000081f00000, 0x0000000081f00000|100%|HC|  |TAMS 0x0000000081e00000| PB 0x0000000081e00000| Complete |  0
|   3|0x0000000081f00000, 0x0000000082000000, 0x0000000082000000|100%|HC|  |TAMS 0x0000000081f00000| PB 0x0000000081f00000| Complete |  0
|   4|0x0000000082000000, 0x0000000082100000, 0x0000000082100000|100%|HC|  |TAMS 0x0000000082000000| PB 0x0000000082000000| Complete |  0
|   5|0x0000000082100000, 0x0000000082200000, 0x0000000082200000|100%|HC|  |TAMS 0x0000000082100000| PB 0x0000000082100000| Complete |  0
|   6|0x0000000082200000, 0x0000000082300000, 0x0000000082300000|100%|HC|  |TAMS 0x0000000082200000| PB 0x0000000082200000| Complete |  0
|   7|0x0000000082300000, 0x0000000082400000, 0x0000000082400000|100%|HC|  |TAMS 0x0000000082300000| PB 0x0000000082300000| Complete |  0
|   8|0x0000000082400000, 0x0000000082500000, 0x0000000082500000|100%|HC|  |TAMS 0x0000000082400000| PB 0x0000000082400000| Complete |  0
|   9|0x0000000082500000, 0x0000000082600000, 0x0000000082600000|100%|HC|  |TAMS 0x0000000082500000| PB 0x0000000082500000| Complete |  0
|  10|0x0000000082600000, 0x0000000082700000, 0x0000000082700000|100%|HC|  |TAMS 0x0000000082600000| PB 0x0000000082600000| Complete |  0
|  11|0x0000000082700000, 0x0000000082800000, 0x0000000082800000|100%|HC|  |TAMS 0x0000000082700000| PB 0x0000000082700000| Complete |  0
|  12|0x0000000082800000, 0x0000000082900000, 0x0000000082900000|100%|HC|  |TAMS 0x0000000082800000| PB 0x0000000082800000| Complete |  0
|  13|0x0000000082900000, 0x0000000082a00000, 0x0000000082a00000|100%|HC|  |TAMS 0x0000000082900000| PB 0x0000000082900000| Complete |  0
|  14|0x0000000082a00000, 0x0000000082b00000, 0x0000000082b00000|100%|HC|  |TAMS 0x0000000082a00000| PB 0x0000000082a00000| Complete |  0
|  15|0x0000000082b00000, 0x0000000082c00000, 0x0000000082c00000|100%|HC|  |TAMS 0x0000000082b00000| PB 0x0000000082b00000| Complete |  0
|  16|0x0000000082c00000, 0x0000000082d00000, 0x0000000082d00000|100%|HC|  |TAMS 0x0000000082c00000| PB 0x0000000082c00000| Complete |  0
|  17|0x0000000082d00000, 0x0000000082e00000, 0x0000000082e00000|100%|HC|  |TAMS 0x0000000082d00000| PB 0x0000000082d00000| Complete |  0
|  18|0x0000000082e00000, 0x0000000082f00000, 0x0000000082f00000|100%|HC|  |TAMS 0x0000000082e00000| PB 0x0000000082e00000| Complete |  0
|  19|0x0000000082f00000, 0x0000000083000000, 0x0000000083000000|100%|HC|  |TAMS 0x0000000082f00000| PB 0x0000000082f00000| Complete |  0
|  20|0x0000000083000000, 0x0000000083100000, 0x0000000083100000|100%|HC|  |TAMS 0x0000000083000000| PB 0x0000000083000000| Complete |  0
|  21|0x0000000083100000, 0x0000000083200000, 0x0000000083200000|100%|HC|  |TAMS 0x0000000083100000| PB 0x0000000083100000| Complete |  0
|  22|0x0000000083200000, 0x0000000083300000, 0x0000000083300000|100%|HC|  |TAMS 0x0000000083200000| PB 0x0000000083200000| Complete |  0
|  23|0x0000000083300000, 0x0000000083400000, 0x0000000083400000|100%|HC|  |TAMS 0x0000000083300000| PB 0x0000000083300000| Complete |  0
|  24|0x0000000083400000, 0x0000000083500000, 0x0000000083500000|100%|HC|  |TAMS 0x0000000083400000| PB 0x0000000083400000| Complete |  0
|  25|0x0000000083500000, 0x0000000083600000, 0x0000000083600000|100%|HC|  |TAMS 0x0000000083500000| PB 0x0000000083500000| Complete |  0
|  26|0x0000000083600000, 0x0000000083700000, 0x0000000083700000|100%|HC|  |TAMS 0x0000000083600000| PB 0x0000000083600000| Complete |  0
|  27|0x0000000083700000, 0x0000000083800000, 0x0000000083800000|100%|HC|  |TAMS 0x0000000083700000| PB 0x0000000083700000| Complete |  0
|  28|0x0000000083800000, 0x0000000083900000, 0x0000000083900000|100%|HC|  |TAMS 0x0000000083800000| PB 0x0000000083800000| Complete |  0
|  29|0x0000000083900000, 0x0000000083a00000, 0x0000000083a00000|100%|HC|  |TAMS 0x0000000083900000| PB 0x0000000083900000| Complete |  0
|  30|0x0000000083a00000, 0x0000000083b00000, 0x0000000083b00000|100%|HC|  |TAMS 0x0000000083a00000| PB 0x0000000083a00000| Complete |  0
|  31|0x0000000083b00000, 0x0000000083c00000, 0x0000000083c00000|100%|HC|  |TAMS 0x0000000083b00000| PB 0x0000000083b00000| Complete |  0
|  32|0x0000000083c00000, 0x0000000083d00000, 0x0000000083d00000|100%|HC|  |TAMS 0x0000000083c00000| PB 0x0000000083c00000| Complete |  0
|  33|0x0000000083d00000, 0x0000000083e00000, 0x0000000083e00000|100%|HC|  |TAMS 0x0000000083d00000| PB 0x0000000083d00000| Complete |  0
|  34|0x0000000083e00000, 0x0000000083f00000, 0x0000000083f00000|100%|HC|  |TAMS 0x0000000083e00000| PB 0x0000000083e00000| Complete |  0
|  35|0x0000000083f00000, 0x0000000084000000, 0x0000000084000000|100%|HC|  |TAMS 0x0000000083f00000| PB 0x0000000083f00000| Complete |  0
|  36|0x0000000084000000, 0x0000000084100000, 0x0000000084100000|100%|HC|  |TAMS 0x0000000084000000| PB 0x0000000084000000| Complete |  0
|  37|0x0000000084100000, 0x0000000084200000, 0x0000000084200000|100%|HC|  |TAMS 0x0000000084100000| PB 0x0000000084100000| Complete |  0
|  38|0x0000000084200000, 0x0000000084300000, 0x0000000084300000|100%|HC|  |TAMS 0x0000000084200000| PB 0x0000000084200000| Complete |  0
|  39|0x0000000084300000, 0x0000000084400000, 0x0000000084400000|100%|HC|  |TAMS 0x0000000084300000| PB 0x0000000084300000| Complete |  0
|  40|0x0000000084400000, 0x0000000084500000, 0x0000000084500000|100%|HC|  |TAMS 0x0000000084400000| PB 0x0000000084400000| Complete |  0
|  41|0x0000000084500000, 0x0000000084600000, 0x0000000084600000|100%|HC|  |TAMS 0x0000000084500000| PB 0x0000000084500000| Complete |  0
|  42|0x0000000084600000, 0x0000000084700000, 0x0000000084700000|100%|HC|  |TAMS 0x0000000084600000| PB 0x0000000084600000| Complete |  0
|  43|0x0000000084700000, 0x0000000084800000, 0x0000000084800000|100%|HC|  |TAMS 0x0000000084700000| PB 0x0000000084700000| Complete |  0
|  44|0x0000000084800000, 0x0000000084900000, 0x0000000084900000|100%|HC|  |TAMS 0x0000000084800000| PB 0x0000000084800000| Complete |  0
|  45|0x0000000084900000, 0x0000000084a00000, 0x0000000084a00000|100%|HC|  |TAMS 0x0000000084900000| PB 0x0000000084900000| Complete |  0
|  46|0x0000000084a00000, 0x0000000084b00000, 0x0000000084b00000|100%|HC|  |TAMS 0x0000000084a00000| PB 0x0000000084a00000| Complete |  0
|  47|0x0000000084b00000, 0x0000000084c00000, 0x0000000084c00000|100%|HC|  |TAMS 0x0000000084b00000| PB 0x0000000084b00000| Complete |  0
|  48|0x0000000084c00000, 0x0000000084d00000, 0x0000000084d00000|100%|HC|  |TAMS 0x0000000084c00000| PB 0x0000000084c00000| Complete |  0
|  49|0x0000000084d00000, 0x0000000084e00000, 0x0000000084e00000|100%|HC|  |TAMS 0x0000000084d00000| PB 0x0000000084d00000| Complete |  0
|  50|0x0000000084e00000, 0x0000000084f00000, 0x0000000084f00000|100%|HC|  |TAMS 0x0000000084e00000| PB 0x0000000084e00000| Complete |  0
|  51|0x0000000084f00000, 0x0000000085000000, 0x0000000085000000|100%|HC|  |TAMS 0x0000000084f00000| PB 0x0000000084f00000| Complete |  0
|  52|0x0000000085000000, 0x0000000085100000, 0x0000000085100000|100%|HC|  |TAMS 0x0000000085000000| PB 0x0000000085000000| Complete |  0
|  53|0x0000000085100000, 0x0000000085200000, 0x0000000085200000|100%|HC|  |TAMS 0x0000000085100000| PB 0x0000000085100000| Complete |  0
|  54|0x0000000085200000, 0x0000000085300000, 0x0000000085300000|100%|HC|  |TAMS 0x0000000085200000| PB 0x0000000085200000| Complete |  0
|  55|0x0000000085300000, 0x0000000085400000, 0x0000000085400000|100%|HC|  |TAMS 0x0000000085300000| PB 0x0000000085300000| Complete |  0
|  56|0x0000000085400000, 0x0000000085500000, 0x0000000085500000|100%|HC|  |TAMS 0x0000000085400000| PB 0x0000000085400000| Complete |  0
|  57|0x0000000085500000, 0x0000000085600000, 0x0000000085600000|100%|HC|  |TAMS 0x0000000085500000| PB 0x0000000085500000| Complete |  0
|  58|0x0000000085600000, 0x0000000085700000, 0x0000000085700000|100%|HC|  |TAMS 0x0000000085600000| PB 0x0000000085600000| Complete |  0
|  59|0x0000000085700000, 0x0000000085800000, 0x0000000085800000|100%|HC|  |TAMS 0x0000000085700000| PB 0x0000000085700000| Complete |  0
|  60|0x0000000085800000, 0x0000000085900000, 0x0000000085900000|100%|HC|  |TAMS 0x0000000085800000| PB 0x0000000085800000| Complete |  0
|  61|0x0000000085900000, 0x0000000085a00000, 0x0000000085a00000|100%|HC|  |TAMS 0x0000000085900000| PB 0x0000000085900000| Complete |  0
|  62|0x0000000085a00000, 0x0000000085b00000, 0x0000000085b00000|100%|HC|  |TAMS 0x0000000085a00000| PB 0x0000000085a00000| Complete |  0
|  63|0x0000000085b00000, 0x0000000085c00000, 0x0000000085c00000|100%|HC|  |TAMS 0x0000000085b00000| PB 0x0000000085b00000| Complete |  0
|  64|0x0000000085c00000, 0x0000000085d00000, 0x0000000085d00000|100%|HC|  |TAMS 0x0000000085c00000| PB 0x0000000085c00000| Complete |  0
|  65|0x0000000085d00000, 0x0000000085e00000, 0x0000000085e00000|100%|HC|  |TAMS 0x0000000085d00000| PB 0x0000000085d00000| Complete |  0
|  66|0x0000000085e00000, 0x0000000085f00000, 0x0000000085f00000|100%|HC|  |TAMS 0x0000000085e00000| PB 0x0000000085e00000| Complete |  0
|  67|0x0000000085f00000, 0x0000000086000000, 0x0000000086000000|100%|HC|  |TAMS 0x0000000085f00000| PB 0x0000000085f00000| Complete |  0
|  68|0x0000000086000000, 0x0000000086100000, 0x0000000086100000|100%|HC|  |TAMS 0x0000000086000000| PB 0x0000000086000000| Complete |  0
|  69|0x0000000086100000, 0x0000000086200000, 0x0000000086200000|100%|HC|  |TAMS 0x0000000086100000| PB 0x0000000086100000| Complete |  0
|  70|0x0000000086200000, 0x0000000086300000, 0x0000000086300000|100%|HC|  |TAMS 0x0000000086200000| PB 0x0000000086200000| Complete |  0
|  71|0x0000000086300000, 0x0000000086400000, 0x0000000086400000|100%|HC|  |TAMS 0x0000000086300000| PB 0x0000000086300000| Complete |  0
|  72|0x0000000086400000, 0x0000000086500000, 0x0000000086500000|100%|HC|  |TAMS 0x0000000086400000| PB 0x0000000086400000| Complete |  0
|  73|0x0000000086500000, 0x0000000086600000, 0x0000000086600000|100%|HC|  |TAMS 0x0000000086500000| PB 0x0000000086500000| Complete |  0
|  74|0x0000000086600000, 0x0000000086700000, 0x0000000086700000|100%|HC|  |TAMS 0x0000000086600000| PB 0x0000000086600000| Complete |  0
|  75|0x0000000086700000, 0x0000000086800000, 0x0000000086800000|100%|HC|  |TAMS 0x0000000086700000| PB 0x0000000086700000| Complete |  0
|  76|0x0000000086800000, 0x0000000086900000, 0x0000000086900000|100%|HC|  |TAMS 0x0000000086800000| PB 0x0000000086800000| Complete |  0
|  77|0x0000000086900000, 0x0000000086a00000, 0x0000000086a00000|100%|HC|  |TAMS 0x0000000086900000| PB 0x0000000086900000| Complete |  0
|  78|0x0000000086a00000, 0x0000000086b00000, 0x0000000086b00000|100%|HC|  |TAMS 0x0000000086a00000| PB 0x0000000086a00000| Complete |  0
|  79|0x0000000086b00000, 0x0000000086c00000, 0x0000000086c00000|100%|HC|  |TAMS 0x0000000086b00000| PB 0x0000000086b00000| Complete |  0
|  80|0x0000000086c00000, 0x0000000086d00000, 0x0000000086d00000|100%|HC|  |TAMS 0x0000000086c00000| PB 0x0000000086c00000| Complete |  0
|  81|0x0000000086d00000, 0x0000000086e00000, 0x0000000086e00000|100%|HC|  |TAMS 0x0000000086d00000| PB 0x0000000086d00000| Complete |  0
|  82|0x0000000086e00000, 0x0000000086f00000, 0x0000000086f00000|100%|HC|  |TAMS 0x0000000086e00000| PB 0x0000000086e00000| Complete |  0
|  83|0x0000000086f00000, 0x0000000087000000, 0x0000000087000000|100%|HC|  |TAMS 0x0000000086f00000| PB 0x0000000086f00000| Complete |  0
|  84|0x0000000087000000, 0x0000000087100000, 0x0000000087100000|100%|HC|  |TAMS 0x0000000087000000| PB 0x0000000087000000| Complete |  0
|  85|0x0000000087100000, 0x0000000087200000, 0x0000000087200000|100%|HC|  |TAMS 0x0000000087100000| PB 0x0000000087100000| Complete |  0
|  86|0x0000000087200000, 0x0000000087300000, 0x0000000087300000|100%|HC|  |TAMS 0x0000000087200000| PB 0x0000000087200000| Complete |  0
|  87|0x0000000087300000, 0x0000000087400000, 0x0000000087400000|100%|HC|  |TAMS 0x0000000087300000| PB 0x0000000087300000| Complete |  0
|  88|0x0000000087400000, 0x0000000087500000, 0x0000000087500000|100%|HC|  |TAMS 0x0000000087400000| PB 0x0000000087400000| Complete |  0
|  89|0x0000000087500000, 0x0000000087600000, 0x0000000087600000|100%|HC|  |TAMS 0x0000000087500000| PB 0x0000000087500000| Complete |  0
|  90|0x0000000087600000, 0x0000000087700000, 0x0000000087700000|100%|HC|  |TAMS 0x0000000087600000| PB 0x0000000087600000| Complete |  0
|  91|0x0000000087700000, 0x0000000087800000, 0x0000000087800000|100%|HC|  |TAMS 0x0000000087700000| PB 0x0000000087700000| Complete |  0
|  92|0x0000000087800000, 0x0000000087900000, 0x0000000087900000|100%| O|  |TAMS 0x0000000087800000| PB 0x0000000087800000| Untracked |  0
|  93|0x0000000087900000, 0x00000000879e5840, 0x0000000087a00000| 89%| O|  |TAMS 0x0000000087900000| PB 0x0000000087900000| Untracked |  0
|  94|0x0000000087a00000, 0x0000000087b00000, 0x0000000087b00000|100%|HS|  |TAMS 0x0000000087a00000| PB 0x0000000087a00000| Complete |  0
|  95|0x0000000087b00000, 0x0000000087c00000, 0x0000000087c00000|100%|HS|  |TAMS 0x0000000087b00000| PB 0x0000000087b00000| Complete |  0
|  96|0x0000000087c00000, 0x0000000087c00000, 0x0000000087d00000|  0%| F|  |TAMS 0x0000000087c00000| PB 0x0000000087c00000| Untracked |  0
|  97|0x0000000087d00000, 0x0000000087d00000, 0x0000000087e00000|  0%| F|  |TAMS 0x0000000087d00000| PB 0x0000000087d00000| Untracked |  0
|  98|0x0000000087e00000, 0x0000000087e00000, 0x0000000087f00000|  0%| F|  |TAMS 0x0000000087e00000| PB 0x0000000087e00000| Untracked |  0
|  99|0x0000000087f00000, 0x0000000087f00000, 0x0000000088000000|  0%| F|  |TAMS 0x0000000087f00000| PB 0x0000000087f00000| Untracked |  0
| 100|0x0000000088000000, 0x0000000088000000, 0x0000000088100000|  0%| F|  |TAMS 0x0000000088000000| PB 0x0000000088000000| Untracked |  0
| 101|0x0000000088100000, 0x0000000088100000, 0x0000000088200000|  0%| F|  |TAMS 0x0000000088100000| PB 0x0000000088100000| Untracked |  0
| 102|0x0000000088200000, 0x0000000088200000, 0x0000000088300000|  0%| F|  |TAMS 0x0000000088200000| PB 0x0000000088200000| Untracked |  0
| 103|0x0000000088300000, 0x0000000088300000, 0x0000000088400000|  0%| F|  |TAMS 0x0000000088300000| PB 0x0000000088300000| Untracked |  0
| 104|0x0000000088400000, 0x0000000088400000, 0x0000000088500000|  0%| F|  |TAMS 0x0000000088400000| PB 0x0000000088400000| Untracked |  0
| 105|0x0000000088500000, 0x0000000088500000, 0x0000000088600000|  0%| F|  |TAMS 0x0000000088500000| PB 0x0000000088500000| Untracked |  0
| 106|0x0000000088600000, 0x0000000088600000, 0x0000000088700000|  0%| F|  |TAMS 0x0000000088600000| PB 0x0000000088600000| Untracked |  0
| 107|0x0000000088700000, 0x0000000088700000, 0x0000000088800000|  0%| F|  |TAMS 0x0000000088700000| PB 0x0000000088700000| Untracked |  0
| 108|0x0000000088800000, 0x0000000088800000, 0x0000000088900000|  0%| F|  |TAMS 0x0000000088800000| PB 0x0000000088800000| Untracked |  0
| 109|0x0000000088900000, 0x0000000088900000, 0x0000000088a00000|  0%| F|  |TAMS 0x0000000088900000| PB 0x0000000088900000| Untracked |  0
| 110|0x0000000088a00000, 0x0000000088a00000, 0x0000000088b00000|  0%| F|  |TAMS 0x0000000088a00000| PB 0x0000000088a00000| Untracked |  0
| 111|0x0000000088b00000, 0x0000000088b00000, 0x0000000088c00000|  0%| F|  |TAMS 0x0000000088b00000| PB 0x0000000088b00000| Untracked |  0
| 112|0x0000000088c00000, 0x0000000088c00000, 0x0000000088d00000|  0%| F|  |TAMS 0x0000000088c00000| PB 0x0000000088c00000| Untracked |  0
| 113|0x0000000088d00000, 0x0000000088d00000, 0x0000000088e00000|  0%| F|  |TAMS 0x0000000088d00000| PB 0x0000000088d00000| Untracked |  0
| 114|0x0000000088e00000, 0x0000000088e00000, 0x0000000088f00000|  0%| F|  |TAMS 0x0000000088e00000| PB 0x0000000088e00000| Untracked |  0
| 115|0x0000000088f00000, 0x0000000088f00000, 0x0000000089000000|  0%| F|  |TAMS 0x0000000088f00000| PB 0x0000000088f00000| Untracked |  0
| 116|0x0000000089000000, 0x0000000089000000, 0x0000000089100000|  0%| F|  |TAMS 0x0000000089000000| PB 0x0000000089000000| Untracked |  0
| 117|0x0000000089100000, 0x0000000089100000, 0x0000000089200000|  0%| F|  |TAMS 0x0000000089100000| PB 0x0000000089100000| Untracked |  0
| 118|0x0000000089200000, 0x0000000089200000, 0x0000000089300000|  0%| F|  |TAMS 0x0000000089200000| PB 0x0000000089200000| Untracked |  0
| 119|0x0000000089300000, 0x0000000089300000, 0x0000000089400000|  0%| F|  |TAMS 0x0000000089300000| PB 0x0000000089300000| Untracked |  0
| 120|0x0000000089400000, 0x0000000089400000, 0x0000000089500000|  0%| F|  |TAMS 0x0000000089400000| PB 0x0000000089400000| Untracked |  0
| 121|0x0000000089500000, 0x0000000089500000, 0x0000000089600000|  0%| F|  |TAMS 0x0000000089500000| PB 0x0000000089500000| Untracked |  0
| 122|0x0000000089600000, 0x0000000089600000, 0x0000000089700000|  0%| F|  |TAMS 0x0000000089600000| PB 0x0000000089600000| Untracked |  0
| 123|0x0000000089700000, 0x0000000089700000, 0x0000000089800000|  0%| F|  |TAMS 0x0000000089700000| PB 0x0000000089700000| Untracked |  0
| 124|0x0000000089800000, 0x0000000089800000, 0x0000000089900000|  0%| F|  |TAMS 0x0000000089800000| PB 0x0000000089800000| Untracked |  0
| 125|0x0000000089900000, 0x0000000089900000, 0x0000000089a00000|  0%| F|  |TAMS 0x0000000089900000| PB 0x0000000089900000| Untracked |  0
| 126|0x0000000089a00000, 0x0000000089a00000, 0x0000000089b00000|  0%| F|  |TAMS 0x0000000089a00000| PB 0x0000000089a00000| Untracked |  0
| 127|0x0000000089b00000, 0x0000000089b00000, 0x0000000089c00000|  0%| F|  |TAMS 0x0000000089b00000| PB 0x0000000089b00000| Untracked |  0
| 128|0x0000000089c00000, 0x0000000089c00000, 0x0000000089d00000|  0%| F|  |TAMS 0x0000000089c00000| PB 0x0000000089c00000| Untracked |  0
| 129|0x0000000089d00000, 0x0000000089d00000, 0x0000000089e00000|  0%| F|  |TAMS 0x0000000089d00000| PB 0x0000000089d00000| Untracked |  0
| 130|0x0000000089e00000, 0x0000000089e00000, 0x0000000089f00000|  0%| F|  |TAMS 0x0000000089e00000| PB 0x0000000089e00000| Untracked |  0
| 131|0x0000000089f00000, 0x0000000089f00000, 0x000000008a000000|  0%| F|  |TAMS 0x0000000089f00000| PB 0x0000000089f00000| Untracked |  0
| 132|0x000000008a000000, 0x000000008a000000, 0x000000008a100000|  0%| F|  |TAMS 0x000000008a000000| PB 0x000000008a000000| Untracked |  0
| 133|0x000000008a100000, 0x000000008a100000, 0x000000008a200000|  0%| F|  |TAMS 0x000000008a100000| PB 0x000000008a100000| Untracked |  0
| 134|0x000000008a200000, 0x000000008a200000, 0x000000008a300000|  0%| F|  |TAMS 0x000000008a200000| PB 0x000000008a200000| Untracked |  0
| 135|0x000000008a300000, 0x000000008a300000, 0x000000008a400000|  0%| F|  |TAMS 0x000000008a300000| PB 0x000000008a300000| Untracked |  0
| 136|0x000000008a400000, 0x000000008a400000, 0x000000008a500000|  0%| F|  |TAMS 0x000000008a400000| PB 0x000000008a400000| Untracked |  0
| 137|0x000000008a500000, 0x000000008a500000, 0x000000008a600000|  0%| F|  |TAMS 0x000000008a500000| PB 0x000000008a500000| Untracked |  0
| 138|0x000000008a600000, 0x000000008a600000, 0x000000008a700000|  0%| F|  |TAMS 0x000000008a600000| PB 0x000000008a600000| Untracked |  0
| 139|0x000000008a700000, 0x000000008a700000, 0x000000008a800000|  0%| F|  |TAMS 0x000000008a700000| PB 0x000000008a700000| Untracked |  0
| 140|0x000000008a800000, 0x000000008a800000, 0x000000008a900000|  0%| F|  |TAMS 0x000000008a800000| PB 0x000000008a800000| Untracked |  0
| 141|0x000000008a900000, 0x000000008a900000, 0x000000008aa00000|  0%| F|  |TAMS 0x000000008a900000| PB 0x000000008a900000| Untracked |  0
| 142|0x000000008aa00000, 0x000000008aa00000, 0x000000008ab00000|  0%| F|  |TAMS 0x000000008aa00000| PB 0x000000008aa00000| Untracked |  0
| 143|0x000000008ab00000, 0x000000008ab00000, 0x000000008ac00000|  0%| F|  |TAMS 0x000000008ab00000| PB 0x000000008ab00000| Untracked |  0
| 144|0x000000008ac00000, 0x000000008ac00000, 0x000000008ad00000|  0%| F|  |TAMS 0x000000008ac00000| PB 0x000000008ac00000| Untracked |  0
| 145|0x000000008ad00000, 0x000000008ad00000, 0x000000008ae00000|  0%| F|  |TAMS 0x000000008ad00000| PB 0x000000008ad00000| Untracked |  0
| 146|0x000000008ae00000, 0x000000008ae00000, 0x000000008af00000|  0%| F|  |TAMS 0x000000008ae00000| PB 0x000000008ae00000| Untracked |  0
| 147|0x000000008af00000, 0x000000008af00000, 0x000000008b000000|  0%| F|  |TAMS 0x000000008af00000| PB 0x000000008af00000| Untracked |  0
| 148|0x000000008b000000, 0x000000008b000000, 0x000000008b100000|  0%| F|  |TAMS 0x000000008b000000| PB 0x000000008b000000| Untracked |  0
| 149|0x000000008b100000, 0x000000008b100000, 0x000000008b200000|  0%| F|  |TAMS 0x000000008b100000| PB 0x000000008b100000| Untracked |  0
| 150|0x000000008b200000, 0x000000008b200000, 0x000000008b300000|  0%| F|  |TAMS 0x000000008b200000| PB 0x000000008b200000| Untracked |  0
| 151|0x000000008b300000, 0x000000008b300000, 0x000000008b400000|  0%| F|  |TAMS 0x000000008b300000| PB 0x000000008b300000| Untracked |  0
| 152|0x000000008b400000, 0x000000008b400000, 0x000000008b500000|  0%| F|  |TAMS 0x000000008b400000| PB 0x000000008b400000| Untracked |  0
| 153|0x000000008b500000, 0x000000008b500000, 0x000000008b600000|  0%| F|  |TAMS 0x000000008b500000| PB 0x000000008b500000| Untracked |  0
| 154|0x000000008b600000, 0x000000008b600000, 0x000000008b700000|  0%| F|  |TAMS 0x000000008b600000| PB 0x000000008b600000| Untracked |  0
| 155|0x000000008b700000, 0x000000008b700000, 0x000000008b800000|  0%| F|  |TAMS 0x000000008b700000| PB 0x000000008b700000| Untracked |  0
| 156|0x000000008b800000, 0x000000008b80bfd0, 0x000000008b900000|  4%| S|CS|TAMS 0x000000008b800000| PB 0x000000008b800000| Complete |  0
| 157|0x000000008b900000, 0x000000008b900000, 0x000000008ba00000|  0%| F|  |TAMS 0x000000008b900000| PB 0x000000008b900000| Untracked |  0
| 158|0x000000008ba00000, 0x000000008bb00000, 0x000000008bb00000|100%| E|CS|TAMS 0x000000008ba00000| PB 0x000000008ba00000| Complete |  0
| 159|0x000000008bb00000, 0x000000008bb00000, 0x000000008bc00000|  0%| F|  |TAMS 0x000000008bb00000| PB 0x000000008bb00000| Untracked |  0
| 160|0x000000008bc00000, 0x000000008bcd70b8, 0x000000008bd00000| 84%| E|  |TAMS 0x000000008bc00000| PB 0x000000008bc00000| Complete |  0
| 161|0x000000008bd00000, 0x000000008be00000, 0x000000008be00000|100%| E|CS|TAMS 0x000000008bd00000| PB 0x000000008bd00000| Complete |  0

Card table byte_map: [0x0000029c3c370000,0x0000029c3c770000] _byte_map_base: 0x0000029c3bf62000

Marking Bits: (CMBitMap*) 0x0000029c2488c000
 Bits: [0x0000029c3c770000, 0x0000029c3e700000)

Polling page: 0x0000029c22610000

Metaspace:

Usage:
  Non-class:      5.56 MB used.
      Class:    759.23 KB used.
       Both:      6.30 MB used.

Virtual space:
  Non-class space:       64.00 MB reserved,       5.69 MB (  9%) committed,  1 nodes.
      Class space:        1.00 GB reserved,     896.00 KB ( <1%) committed,  1 nodes.
             Both:        1.06 GB reserved,       6.56 MB ( <1%) committed. 

Chunk freelists:
   Non-Class:  10.34 MB
       Class:  15.12 MB
        Both:  25.46 MB

MaxMetaspaceSize: unlimited
CompressedClassSpaceSize: 1.00 GB
Initial GC threshold: 21.00 MB
Current GC threshold: 21.00 MB
CDS: on
 - commit_granule_bytes: 65536.
 - commit_granule_words: 8192.
 - virtual_space_node_default_size: 8388608.
 - enlarge_chunks_in_place: 1.
 - use_allocation_guard: 0.


Internal statistics:

num_allocs_failed_limit: 0.
num_arena_births: 136.
num_arena_deaths: 0.
num_vsnodes_births: 2.
num_vsnodes_deaths: 0.
num_space_committed: 105.
num_space_uncommitted: 0.
num_chunks_returned_to_freelist: 0.
num_chunks_taken_from_freelist: 168.
num_chunk_merges: 0.
num_chunk_splits: 103.
num_chunks_enlarged: 46.
num_inconsistent_stats: 0.

CodeHeap 'non-profiled nmethods': size=120064Kb used=280Kb max_used=280Kb free=119783Kb
 bounds [0x0000029c34a30000, 0x0000029c34ca0000, 0x0000029c3bf70000]
CodeHeap 'profiled nmethods': size=120000Kb used=765Kb max_used=765Kb free=119234Kb
 bounds [0x0000029c2cf70000, 0x0000029c2d1e0000, 0x0000029c344a0000]
CodeHeap 'non-nmethods': size=5696Kb used=1466Kb max_used=1483Kb free=4229Kb
 bounds [0x0000029c344a0000, 0x0000029c34710000, 0x0000029c34a30000]
CodeCache: size=245760Kb, used=2511Kb, max_used=2528Kb, free=243246Kb
 total_blobs=1290, nmethods=729, adapters=467, full_count=0
Compilation: enabled, stopped_count=0, restarted_count=0

Compilation events (20 events):
Event: 6.955 Thread 0x0000029c40ce4000 nmethod 768 0x0000029c2cf70008 code [0x0000029c2cf70140, 0x0000029c2cf70468]
Event: 6.955 Thread 0x0000029c40ce4000  769       3       jdk.internal.logger.SimpleConsoleLogger::effectiveLevel (17 bytes)
Event: 6.955 Thread 0x0000029c40ce4000 nmethod 769 0x0000029c2cfb6e88 code [0x0000029c2cfb6fc0, 0x0000029c2cfb71e8]
Event: 6.955 Thread 0x0000029c40ce4000  770       3       jdk.internal.logger.SurrogateLogger::defaultPlatformLevel (4 bytes)
Event: 6.955 Thread 0x0000029c40ce4000 nmethod 770 0x0000029c2cf75488 code [0x0000029c2cf755a0, 0x0000029c2cf756b8]
Event: 6.955 Thread 0x0000029c40ce4000  771   !   3       jdk.internal.logger.LazyLoggers$LazyLoggerAccessor::platform (107 bytes)
Event: 6.956 Thread 0x0000029c40ce4000 nmethod 771 0x0000029c2d02d888 code [0x0000029c2d02da40, 0x0000029c2d02e7e0]
Event: 6.959 Thread 0x0000029c40ce4000  772       3       java.lang.Integer::valueOf (32 bytes)
Event: 6.960 Thread 0x0000029c40ce4000 nmethod 772 0x0000029c2cf81488 code [0x0000029c2cf815c0, 0x0000029c2cf818b8]
Event: 6.960 Thread 0x0000029c40ce4000  773       3       java.lang.Integer::<init> (10 bytes)
Event: 6.960 Thread 0x0000029c40ce4000 nmethod 773 0x0000029c2cf90f08 code [0x0000029c2cf91020, 0x0000029c2cf911e8]
Event: 6.960 Thread 0x0000029c40ce4000  775       3       java.lang.Integer::hashCode (2 bytes)
Event: 6.960 Thread 0x0000029c40ce4000 nmethod 775 0x0000029c2cf91708 code [0x0000029c2cf91820, 0x0000029c2cf91910]
Event: 6.960 Thread 0x0000029c40ce4000  774       3       java.lang.Integer::hashCode (8 bytes)
Event: 6.960 Thread 0x0000029c40ce4000 nmethod 774 0x0000029c2cf95088 code [0x0000029c2cf951a0, 0x0000029c2cf95308]
Event: 6.962 Thread 0x0000029c40ce0380 nmethod 767% 0x0000029c34a75908 code [0x0000029c34a75a20, 0x0000029c34a75dd8]
Event: 6.969 Thread 0x0000029c40ce4000  776   !   3       java.util.concurrent.ConcurrentHashMap::replaceNode (437 bytes)
Event: 6.972 Thread 0x0000029c40ce4000 nmethod 776 0x0000029c2d02e808 code [0x0000029c2d02eae0, 0x0000029c2d030278]
Event: 6.972 Thread 0x0000029c40ce4000  778       3       jdk.internal.org.objectweb.asm.Frame::setLocal (65 bytes)
Event: 6.972 Thread 0x0000029c40ce4000 nmethod 778 0x0000029c2d030308 code [0x0000029c2d030460, 0x0000029c2d030950]

GC Heap History (14 events):
Event: 1.148 GC heap before
{Heap before GC invocations=0 (full 0):
 garbage-first heap   total reserved 2068480K, committed 131072K, used 5120K [0x0000000081c00000, 0x0000000100000000)
  region size 1024K, 6 young (6144K), 0 survivors (0K)
 Metaspace       used 6030K, committed 6272K, reserved 1114112K
  class space    used 701K, committed 832K, reserved 1048576K
}
Event: 1.156 GC heap after
{Heap after GC invocations=1 (full 0):
 garbage-first heap   total reserved 2068480K, committed 131072K, used 2048K [0x0000000081c00000, 0x0000000100000000)
  region size 1024K, 2 young (2048K), 2 survivors (2048K)
 Metaspace       used 6030K, committed 6272K, reserved 1114112K
  class space    used 701K, committed 832K, reserved 1048576K
}
Event: 1.529 GC heap before
{Heap before GC invocations=1 (full 0):
 garbage-first heap   total reserved 2068480K, committed 131072K, used 106496K [0x0000000081c00000, 0x0000000100000000)
  region size 1024K, 13 young (13312K), 2 survivors (2048K)
 Metaspace       used 6147K, committed 6400K, reserved 1114112K
  class space    used 708K, committed 832K, reserved 1048576K
}
Event: 1.534 GC heap after
{Heap after GC invocations=2 (full 0):
 garbage-first heap   total reserved 2068480K, committed 131072K, used 96404K [0x0000000081c00000, 0x0000000100000000)
  region size 1024K, 1 young (1024K), 1 survivors (1024K)
 Metaspace       used 6147K, committed 6400K, reserved 1114112K
  class space    used 708K, committed 832K, reserved 1048576K
}
Event: 4.352 GC heap before
{Heap before GC invocations=2 (full 0):
 garbage-first heap   total reserved 2068480K, committed 131072K, used 111764K [0x0000000081c00000, 0x0000000100000000)
  region size 1024K, 17 young (17408K), 1 survivors (1024K)
 Metaspace       used 6254K, committed 6464K, reserved 1114112K
  class space    used 723K, committed 832K, reserved 1048576K
}
Event: 4.353 GC heap after
{Heap after GC invocations=3 (full 0):
 garbage-first heap   total reserved 2068480K, committed 131072K, used 96213K [0x0000000081c00000, 0x0000000100000000)
  region size 1024K, 1 young (1024K), 1 survivors (1024K)
 Metaspace       used 6254K, committed 6464K, reserved 1114112K
  class space    used 723K, committed 832K, reserved 1048576K
}
Event: 4.732 GC heap before
{Heap before GC invocations=4 (full 0):
 garbage-first heap   total reserved 2068480K, committed 162816K, used 113621K [0x0000000081c00000, 0x0000000100000000)
  region size 1024K, 19 young (19456K), 1 survivors (1024K)
 Metaspace       used 6254K, committed 6464K, reserved 1114112K
  class space    used 724K, committed 832K, reserved 1048576K
}
Event: 4.733 GC heap after
{Heap after GC invocations=5 (full 0):
 garbage-first heap   total reserved 2068480K, committed 162816K, used 96172K [0x0000000081c00000, 0x0000000100000000)
  region size 1024K, 1 young (1024K), 1 survivors (1024K)
 Metaspace       used 6254K, committed 6464K, reserved 1114112K
  class space    used 724K, committed 832K, reserved 1048576K
}
Event: 5.135 GC heap before
{Heap before GC invocations=5 (full 0):
 garbage-first heap   total reserved 2068480K, committed 162816K, used 129964K [0x0000000081c00000, 0x0000000100000000)
  region size 1024K, 35 young (35840K), 1 survivors (1024K)
 Metaspace       used 6254K, committed 6464K, reserved 1114112K
  class space    used 724K, committed 832K, reserved 1048576K
}
Event: 5.136 GC heap after
{Heap after GC invocations=6 (full 0):
 garbage-first heap   total reserved 2068480K, committed 162816K, used 96161K [0x0000000081c00000, 0x0000000100000000)
  region size 1024K, 1 young (1024K), 1 survivors (1024K)
 Metaspace       used 6254K, committed 6464K, reserved 1114112K
  class space    used 724K, committed 832K, reserved 1048576K
}
Event: 5.379 GC heap before
{Heap before GC invocations=7 (full 0):
 garbage-first heap   total reserved 2068480K, committed 162816K, used 132001K [0x0000000081c00000, 0x0000000100000000)
  region size 1024K, 37 young (37888K), 1 survivors (1024K)
 Metaspace       used 6254K, committed 6464K, reserved 1114112K
  class space    used 724K, committed 832K, reserved 1048576K
}
Event: 5.380 GC heap after
{Heap after GC invocations=8 (full 0):
 garbage-first heap   total reserved 2068480K, committed 162816K, used 96162K [0x0000000081c00000, 0x0000000100000000)
  region size 1024K, 1 young (1024K), 1 survivors (1024K)
 Metaspace       used 6254K, committed 6464K, reserved 1114112K
  class space    used 724K, committed 832K, reserved 1048576K
}
Event: 5.617 GC heap before
{Heap before GC invocations=8 (full 0):
 garbage-first heap   total reserved 2068480K, committed 162816K, used 96162K [0x0000000081c00000, 0x0000000100000000)
  region size 1024K, 3 young (3072K), 1 survivors (1024K)
 Metaspace       used 6267K, committed 6464K, reserved 1114112K
  class space    used 727K, committed 832K, reserved 1048576K
}
Event: 5.618 GC heap after
{Heap after GC invocations=9 (full 0):
 garbage-first heap   total reserved 2068480K, committed 162816K, used 96198K [0x0000000081c00000, 0x0000000100000000)
  region size 1024K, 1 young (1024K), 1 survivors (1024K)
 Metaspace       used 6267K, committed 6464K, reserved 1114112K
  class space    used 727K, committed 832K, reserved 1048576K
}

Dll operation events (12 events):
Event: 0.019 Loaded shared library C:\Program Files\Java\jdk-23\bin\java.dll
Event: 0.087 Loaded shared library C:\Program Files\Java\jdk-23\bin\jsvml.dll
Event: 0.217 Loaded shared library C:\Program Files\Java\jdk-23\bin\zip.dll
Event: 0.222 Loaded shared library C:\Program Files\Java\jdk-23\bin\instrument.dll
Event: 0.230 Loaded shared library C:\Program Files\Java\jdk-23\bin\net.dll
Event: 0.234 Loaded shared library C:\Program Files\Java\jdk-23\bin\nio.dll
Event: 0.248 Loaded shared library C:\Program Files\Java\jdk-23\bin\zip.dll
Event: 0.282 Loaded shared library E:\Downloads\ideaIC-2024.3.1.win\bin\breakgen64.dll
Event: 0.301 Loaded shared library C:\Program Files\Java\jdk-23\bin\extnet.dll
Event: 0.310 Loaded shared library C:\Program Files\Java\jdk-23\bin\jimage.dll
Event: 0.347 Loaded shared library C:\Program Files\Java\jdk-23\bin\awt.dll
Event: 0.756 Loaded shared library C:\Program Files\Java\jdk-23\bin\javajpeg.dll

Deoptimization events (20 events):
Event: 6.256 Thread 0x0000029c87246700 DEOPT PACKING pc=0x0000029c2cf82a16 sp=0x000000f8293fe840
Event: 6.256 Thread 0x0000029c87246700 DEOPT UNPACKING pc=0x0000029c344f4b22 sp=0x000000f8293fdcb8 mode 0
Event: 6.257 Thread 0x0000029c87246700 DEOPT PACKING pc=0x0000029c2cf82a16 sp=0x000000f8293fe840
Event: 6.257 Thread 0x0000029c87246700 DEOPT UNPACKING pc=0x0000029c344f4b22 sp=0x000000f8293fdcb8 mode 0
Event: 6.258 Thread 0x0000029c87246700 DEOPT PACKING pc=0x0000029c2cf82a16 sp=0x000000f8293fe840
Event: 6.258 Thread 0x0000029c87246700 DEOPT UNPACKING pc=0x0000029c344f4b22 sp=0x000000f8293fdcb8 mode 0
Event: 6.258 Thread 0x0000029c87246700 DEOPT PACKING pc=0x0000029c2cf82a16 sp=0x000000f8293fe840
Event: 6.258 Thread 0x0000029c87246700 DEOPT UNPACKING pc=0x0000029c344f4b22 sp=0x000000f8293fdcb8 mode 0
Event: 6.259 Thread 0x0000029c87246700 DEOPT PACKING pc=0x0000029c2cf82a16 sp=0x000000f8293fe840
Event: 6.259 Thread 0x0000029c87246700 DEOPT UNPACKING pc=0x0000029c344f4b22 sp=0x000000f8293fdcb8 mode 0
Event: 6.259 Thread 0x0000029c87246700 DEOPT PACKING pc=0x0000029c2cf82a16 sp=0x000000f8293fe840
Event: 6.259 Thread 0x0000029c87246700 DEOPT UNPACKING pc=0x0000029c344f4b22 sp=0x000000f8293fdcb8 mode 0
Event: 6.260 Thread 0x0000029c87246700 DEOPT PACKING pc=0x0000029c2cf82a16 sp=0x000000f8293fe840
Event: 6.260 Thread 0x0000029c87246700 DEOPT UNPACKING pc=0x0000029c344f4b22 sp=0x000000f8293fdcb8 mode 0
Event: 6.260 Thread 0x0000029c87246700 DEOPT PACKING pc=0x0000029c2cf82a16 sp=0x000000f8293fe840
Event: 6.260 Thread 0x0000029c87246700 DEOPT UNPACKING pc=0x0000029c344f4b22 sp=0x000000f8293fdcb8 mode 0
Event: 6.261 Thread 0x0000029c87246700 DEOPT PACKING pc=0x0000029c2cf82a16 sp=0x000000f8293fe840
Event: 6.261 Thread 0x0000029c87246700 DEOPT UNPACKING pc=0x0000029c344f4b22 sp=0x000000f8293fdcb8 mode 0
Event: 6.262 Thread 0x0000029c87246700 DEOPT PACKING pc=0x0000029c2cf82a16 sp=0x000000f8293fe840
Event: 6.262 Thread 0x0000029c87246700 DEOPT UNPACKING pc=0x0000029c344f4b22 sp=0x000000f8293fdcb8 mode 0

Classes loaded (20 events):
Event: 6.969 Loading class java/util/LinkedList$ListItr
Event: 6.969 Loading class java/util/LinkedList$ListItr done
Event: 6.969 Loading class javax/swing/RepaintManager$2$1
Event: 6.969 Loading class javax/swing/RepaintManager$2$1 done
Event: 6.971 Loading class java/awt/SequencedEvent
Event: 6.971 Loading class java/awt/SequencedEvent done
Event: 6.971 Loading class java/awt/SequencedEvent$1
Event: 6.971 Loading class sun/awt/AWTAccessor$SequencedEventAccessor
Event: 6.971 Loading class sun/awt/AWTAccessor$SequencedEventAccessor done
Event: 6.971 Loading class java/awt/SequencedEvent$1 done
Event: 6.971 Loading class java/awt/SequencedEvent$2
Event: 6.971 Loading class java/awt/SequencedEvent$2 done
Event: 6.972 Loading class java/lang/IllegalAccessException
Event: 6.972 Loading class java/lang/IllegalAccessException done
Event: 6.972 Loading class java/awt/event/WindowEvent
Event: 6.972 Loading class java/awt/event/WindowEvent done
Event: 6.972 Loading class java/awt/event/PaintEvent
Event: 6.973 Loading class java/awt/event/PaintEvent done
Event: 6.973 Loading class java/awt/event/MouseEvent
Event: 6.973 Loading class java/awt/event/MouseEvent done

Classes unloaded (0 events):
No events

Classes redefined (0 events):
No events

Internal exceptions (12 events):
Event: 0.276 Thread 0x0000029c24833650 Exception <a 'java/lang/NoSuchMethodError'{0x00000000899908a0}: 'java.lang.Object java.lang.invoke.Invokers$Holder.invokeExact_MT(java.lang.Object, java.lang.Object, java.lang.Object, java.lang.Object, java.lang.Object)'> (0x00000000899908a0) 
thrown [s\open\src\hotspot\share\interpreter\linkResolver.cpp, line 796]
Event: 0.304 Thread 0x0000029c8632f3e0 Exception <a 'java/lang/NoSuchMethodError'{0x00000000899e04e0}: 'void java.lang.invoke.DirectMethodHandle$Holder.invokeStatic(java.lang.Object, java.lang.Object)'> (0x00000000899e04e0) 
thrown [s\open\src\hotspot\share\interpreter\linkResolver.cpp, line 796]
Event: 0.327 Thread 0x0000029c24833650 Exception <a 'java/lang/ClassNotFoundException'{0x00000000899b6710}: sun/awt/resources/spi/awtProvider> (0x00000000899b6710) 
thrown [s\open\src\hotspot\share\classfile\systemDictionary.cpp, line 313]
Event: 0.370 Thread 0x0000029c24833650 Exception <a 'java/io/FileNotFoundException'{0x0000000089830258}> (0x0000000089830258) 
thrown [s\open\src\hotspot\share\prims\jni.cpp, line 520]
Event: 0.384 Thread 0x0000029c24833650 Exception <a 'java/io/FileNotFoundException'{0x000000008985e610}> (0x000000008985e610) 
thrown [s\open\src\hotspot\share\prims\jni.cpp, line 520]
Event: 0.528 Thread 0x0000029c24833650 Exception <a 'java/lang/NoSuchMethodError'{0x000000008975e508}: 'void java.lang.invoke.DirectMethodHandle$Holder.invokeSpecial(java.lang.Object, java.lang.Object, java.lang.Object)'> (0x000000008975e508) 
thrown [s\open\src\hotspot\share\interpreter\linkResolver.cpp, line 796]
Event: 0.552 Thread 0x0000029c24833650 Exception <a 'java/lang/NoSuchMethodError'{0x00000000897ada78}: 'java.lang.Object java.lang.invoke.DirectMethodHandle$Holder.invokeStatic(java.lang.Object, int, java.lang.Object)'> (0x00000000897ada78) 
thrown [s\open\src\hotspot\share\interpreter\linkResolver.cpp, line 796]
Event: 0.598 Thread 0x0000029c24833650 Exception <a 'java/lang/ClassNotFoundException'{0x0000000089654848}: com/sun/swing/internal/plaf/metal/resources/spi/metalProvider> (0x0000000089654848) 
thrown [s\open\src\hotspot\share\classfile\systemDictionary.cpp, line 313]
Event: 0.601 Thread 0x0000029c24833650 Exception <a 'java/lang/ClassNotFoundException'{0x0000000089658808}: com/sun/swing/internal/plaf/basic/resources/spi/basicProvider> (0x0000000089658808) 
thrown [s\open\src\hotspot\share\classfile\systemDictionary.cpp, line 313]
Event: 0.630 Thread 0x0000029c24833650 Exception <a 'java/lang/NoSuchMethodError'{0x0000000089675000}: 'int java.lang.invoke.Invokers$Holder.invokeExact_MT(java.lang.Object, java.lang.Object)'> (0x0000000089675000) 
thrown [s\open\src\hotspot\share\interpreter\linkResolver.cpp, line 796]
Event: 0.760 Thread 0x0000029c87246700 Exception <a 'java/lang/NoSuchMethodError'{0x00000000896e29b8}: 'java.lang.Object java.lang.invoke.DirectMethodHandle$Holder.newInvokeSpecial(java.lang.Object, java.lang.Object, java.lang.Object, int, int, int, int, int)'> (0x00000000896e29b8) 
thrown [s\open\src\hotspot\share\interpreter\linkResolver.cpp, line 796]
Event: 6.969 Thread 0x0000029c8638e620 Exception <a 'java/lang/NoSuchMethodError'{0x000000008bc085d8}: 'void java.lang.invoke.DirectMethodHandle$Holder.invokeVirtual(java.lang.Object, java.lang.Object)'> (0x000000008bc085d8) 
thrown [s\open\src\hotspot\share\interpreter\linkResolver.cpp, line 796]

VM Operations (20 events):
Event: 4.368 Executing VM operation: G1PauseCleanup
Event: 4.368 Executing VM operation: G1PauseCleanup done
Event: 4.732 Executing VM operation: G1CollectForAllocation (G1 Evacuation Pause)
Event: 4.733 Executing VM operation: G1CollectForAllocation (G1 Evacuation Pause) done
Event: 5.135 Executing VM operation: G1CollectForAllocation (G1 Evacuation Pause)
Event: 5.136 Executing VM operation: G1CollectForAllocation (G1 Evacuation Pause) done
Event: 5.145 Executing VM operation: G1PauseRemark
Event: 5.146 Executing VM operation: G1PauseRemark done
Event: 5.148 Executing VM operation: G1PauseCleanup
Event: 5.148 Executing VM operation: G1PauseCleanup done
Event: 5.379 Executing VM operation: G1CollectForAllocation (G1 Evacuation Pause)
Event: 5.380 Executing VM operation: G1CollectForAllocation (G1 Evacuation Pause) done
Event: 5.399 Executing VM operation: HandshakeAllThreads (Deoptimize)
Event: 5.399 Executing VM operation: HandshakeAllThreads (Deoptimize) done
Event: 5.617 Executing VM operation: G1TryInitiateConcMark (G1 Humongous Allocation)
Event: 5.618 Executing VM operation: G1TryInitiateConcMark (G1 Humongous Allocation) done
Event: 5.627 Executing VM operation: G1PauseRemark
Event: 5.628 Executing VM operation: G1PauseRemark done
Event: 5.630 Executing VM operation: G1PauseCleanup
Event: 5.630 Executing VM operation: G1PauseCleanup done

Memory protections (0 events):
No events

Nmethod flushes (20 events):
Event: 5.146 Thread 0x0000029c40cb3c50 flushing  nmethod 0x0000029c2cf82a88
Event: 5.146 Thread 0x0000029c40cb3c50 flushing  nmethod 0x0000029c2cf86208
Event: 5.146 Thread 0x0000029c40cb3c50 flushing  nmethod 0x0000029c2cf86508
Event: 5.146 Thread 0x0000029c40cb3c50 flushing  nmethod 0x0000029c2cf90f08
Event: 5.146 Thread 0x0000029c40cb3c50 flushing  nmethod 0x0000029c2cf91708
Event: 5.146 Thread 0x0000029c40cb3c50 flushing  nmethod 0x0000029c2cf93b88
Event: 5.146 Thread 0x0000029c40cb3c50 flushing  nmethod 0x0000029c2cf9e108
Event: 5.146 Thread 0x0000029c40cb3c50 flushing  nmethod 0x0000029c2cf9ff88
Event: 5.146 Thread 0x0000029c40cb3c50 flushing  nmethod 0x0000029c2cfa0988
Event: 5.146 Thread 0x0000029c40cb3c50 flushing  nmethod 0x0000029c2cfa1288
Event: 5.146 Thread 0x0000029c40cb3c50 flushing  nmethod 0x0000029c2cfa2788
Event: 5.146 Thread 0x0000029c40cb3c50 flushing  nmethod 0x0000029c2cfa2b88
Event: 5.628 Thread 0x0000029c40cb3c50 flushing  nmethod 0x0000029c34a65908
Event: 5.628 Thread 0x0000029c40cb3c50 flushing  nmethod 0x0000029c2d017888
Event: 5.628 Thread 0x0000029c40cb3c50 flushing  nmethod 0x0000029c2d018108
Event: 5.628 Thread 0x0000029c40cb3c50 flushing  nmethod 0x0000029c2d018708
Event: 5.628 Thread 0x0000029c40cb3c50 flushing  nmethod 0x0000029c2d018b88
Event: 5.628 Thread 0x0000029c40cb3c50 flushing  nmethod 0x0000029c2d019388
Event: 5.628 Thread 0x0000029c40cb3c50 flushing  nmethod 0x0000029c2d019d08
Event: 5.628 Thread 0x0000029c40cb3c50 flushing  nmethod 0x0000029c2d01ea88

Events (20 events):
Event: 0.082 Thread 0x0000029c24833650 Thread added: 0x0000029c40ccf700
Event: 0.082 Thread 0x0000029c24833650 Thread added: 0x0000029c40cd0510
Event: 0.082 Thread 0x0000029c24833650 Thread added: 0x0000029c40cd25b0
Event: 0.083 Thread 0x0000029c24833650 Thread added: 0x0000029c40cd51d0
Event: 0.083 Thread 0x0000029c24833650 Thread added: 0x0000029c40cd6580
Event: 0.083 Thread 0x0000029c24833650 Thread added: 0x0000029c40cd7930
Event: 0.083 Thread 0x0000029c24833650 Thread added: 0x0000029c40ce0380
Event: 0.083 Thread 0x0000029c24833650 Thread added: 0x0000029c40ce4000
Event: 0.173 Thread 0x0000029c24833650 Thread added: 0x0000029c86095360
Event: 0.284 Thread 0x0000029c24833650 Thread added: 0x0000029c8632f3e0
Event: 0.284 Thread 0x0000029c24833650 Thread added: 0x0000029c8632fa50
Event: 0.473 Thread 0x0000029c24833650 Thread added: 0x0000029c863870f0
Event: 0.476 Thread 0x0000029c24833650 Thread added: 0x0000029c8638aa90
Event: 0.478 Thread 0x0000029c24833650 Thread added: 0x0000029c8638e620
Event: 0.753 Thread 0x0000029c24833650 Thread added: 0x0000029c87246700
Event: 2.043 Thread 0x0000029c8638e620 Thread added: 0x0000029c872c0710
Event: 4.708 Thread 0x0000029c8638aa90 Thread exited: 0x0000029c8638aa90
Event: 4.708 Thread 0x0000029c872c0710 Thread exited: 0x0000029c872c0710
Event: 6.958 Thread 0x0000029c8638e620 Thread added: 0x0000029c8728afc0
Event: 6.968 Thread 0x0000029c8638e620 Thread added: 0x0000029c40d39450


Dynamic libraries:
0x00007ff717770000 - 0x00007ff717780000 	C:\Program Files\Java\jdk-23\bin\java.exe
0x00007ffef4b90000 - 0x00007ffef4d88000 	C:\WINDOWS\SYSTEM32\ntdll.dll
0x00007ffef3c90000 - 0x00007ffef3d52000 	C:\WINDOWS\System32\KERNEL32.DLL
0x00007ffef2230000 - 0x00007ffef252e000 	C:\WINDOWS\System32\KERNELBASE.dll
0x00007ffef2780000 - 0x00007ffef2880000 	C:\WINDOWS\System32\ucrtbase.dll
0x00007ffeefb50000 - 0x00007ffeefb6b000 	C:\Program Files\Java\jdk-23\bin\VCRUNTIME140.dll
0x00007ffeefae0000 - 0x00007ffeefaf7000 	C:\Program Files\Java\jdk-23\bin\jli.dll
0x00007ffef45f0000 - 0x00007ffef478d000 	C:\WINDOWS\System32\USER32.dll
0x00007ffef2880000 - 0x00007ffef28a2000 	C:\WINDOWS\System32\win32u.dll
0x00007ffef48c0000 - 0x00007ffef48eb000 	C:\WINDOWS\System32\GDI32.dll
0x00007ffef2660000 - 0x00007ffef2777000 	C:\WINDOWS\System32\gdi32full.dll
0x00007ffef2b10000 - 0x00007ffef2bad000 	C:\WINDOWS\System32\msvcp_win.dll
0x00007ffed9570000 - 0x00007ffed980a000 	C:\WINDOWS\WinSxS\amd64_microsoft.windows.common-controls_6595b64144ccf1df_6.0.19041.4355_none_60b8b9eb71f62e16\COMCTL32.dll
0x00007ffef4a00000 - 0x00007ffef4a9e000 	C:\WINDOWS\System32\msvcrt.dll
0x00007ffef4410000 - 0x00007ffef443f000 	C:\WINDOWS\System32\IMM32.DLL
0x00007ffeefd30000 - 0x00007ffeefd3c000 	C:\Program Files\Java\jdk-23\bin\vcruntime140_1.dll
0x00007ffed8b60000 - 0x00007ffed8bee000 	C:\Program Files\Java\jdk-23\bin\msvcp140.dll
0x00007ffea75e0000 - 0x00007ffea832f000 	C:\Program Files\Java\jdk-23\bin\server\jvm.dll
0x00007ffef44a0000 - 0x00007ffef4551000 	C:\WINDOWS\System32\ADVAPI32.dll
0x00007ffef37c0000 - 0x00007ffef385f000 	C:\WINDOWS\System32\sechost.dll
0x00007ffef4790000 - 0x00007ffef48b3000 	C:\WINDOWS\System32\RPCRT4.dll
0x00007ffef2630000 - 0x00007ffef2657000 	C:\WINDOWS\System32\bcrypt.dll
0x00007ffef43a0000 - 0x00007ffef440b000 	C:\WINDOWS\System32\WS2_32.dll
0x00007ffef2090000 - 0x00007ffef20db000 	C:\WINDOWS\SYSTEM32\POWRPROF.dll
0x00007ffed9810000 - 0x00007ffed9837000 	C:\WINDOWS\SYSTEM32\WINMM.dll
0x00007ffeefb90000 - 0x00007ffeefb9a000 	C:\WINDOWS\SYSTEM32\VERSION.dll
0x00007ffef2070000 - 0x00007ffef2082000 	C:\WINDOWS\SYSTEM32\UMPDC.dll
0x00007ffef0a00000 - 0x00007ffef0a12000 	C:\WINDOWS\SYSTEM32\kernel.appcore.dll
0x00007ffeefd00000 - 0x00007ffeefd0a000 	C:\Program Files\Java\jdk-23\bin\jimage.dll
0x00007ffeec1d0000 - 0x00007ffeec3b4000 	C:\WINDOWS\SYSTEM32\DBGHELP.DLL
0x00007ffed9450000 - 0x00007ffed9484000 	C:\WINDOWS\SYSTEM32\dbgcore.DLL
0x00007ffef2530000 - 0x00007ffef25b2000 	C:\WINDOWS\System32\bcryptPrimitives.dll
0x00007ffeefad0000 - 0x00007ffeefadf000 	C:\Program Files\Java\jdk-23\bin\instrument.dll
0x00007ffeea0b0000 - 0x00007ffeea0ce000 	C:\Program Files\Java\jdk-23\bin\java.dll
0x00007ffef2c40000 - 0x00007ffef2d6b000 	C:\WINDOWS\System32\ole32.dll
0x00007ffef3930000 - 0x00007ffef3c83000 	C:\WINDOWS\System32\combase.dll
0x00007ffef2d70000 - 0x00007ffef34dd000 	C:\WINDOWS\System32\SHELL32.dll
0x00007ffef0250000 - 0x00007ffef09f4000 	C:\WINDOWS\SYSTEM32\windows.storage.dll
0x00007ffef1ab0000 - 0x00007ffef1ade000 	C:\WINDOWS\SYSTEM32\Wldp.dll
0x00007ffef3860000 - 0x00007ffef392d000 	C:\WINDOWS\System32\OLEAUT32.dll
0x00007ffef48f0000 - 0x00007ffef499d000 	C:\WINDOWS\System32\SHCORE.dll
0x00007ffef49a0000 - 0x00007ffef49f5000 	C:\WINDOWS\System32\shlwapi.dll
0x00007ffef2160000 - 0x00007ffef2184000 	C:\WINDOWS\SYSTEM32\profapi.dll
0x00007ffebe9f0000 - 0x00007ffebeac7000 	C:\Program Files\Java\jdk-23\bin\jsvml.dll
0x00007ffee78b0000 - 0x00007ffee78c7000 	C:\Program Files\Java\jdk-23\bin\zip.dll
0x00007ffeec040000 - 0x00007ffeec050000 	C:\Program Files\Java\jdk-23\bin\net.dll
0x00007ffef1890000 - 0x00007ffef18fa000 	C:\WINDOWS\system32\mswsock.dll
0x00007ffee7890000 - 0x00007ffee78a6000 	C:\Program Files\Java\jdk-23\bin\nio.dll
0x00007ffee72e0000 - 0x00007ffee72fa000 	E:\Downloads\ideaIC-2024.3.1.win\bin\breakgen64.dll
0x00007ffeebf70000 - 0x00007ffeebf79000 	C:\Program Files\Java\jdk-23\bin\extnet.dll
0x00007ffeba9b0000 - 0x00007ffebab3e000 	C:\Program Files\Java\jdk-23\bin\awt.dll
0x00007ffeec050000 - 0x00007ffeec0e4000 	C:\WINDOWS\SYSTEM32\apphelp.dll
0x00007ffeefda0000 - 0x00007ffeefdcf000 	C:\WINDOWS\system32\DWMAPI.DLL
0x00007ffeef9e0000 - 0x00007ffeefa7e000 	C:\WINDOWS\system32\uxtheme.dll
0x00007ffecc340000 - 0x00007ffecc468000 	C:\WINDOWS\system32\opengl32.dll
0x00007ffecc2d0000 - 0x00007ffecc2fc000 	C:\WINDOWS\SYSTEM32\GLU32.dll
0x00007ffef34e0000 - 0x00007ffef35f5000 	C:\WINDOWS\System32\MSCTF.dll
0x00007ffed8b00000 - 0x00007ffed8b2e000 	C:\Program Files\Java\jdk-23\bin\javajpeg.dll
0x00007ffedb610000 - 0x00007ffedb6be000 	C:\WINDOWS\SYSTEM32\TextShaping.dll

dbghelp: loaded successfully - version: 4.0.5 - missing functions: none
symbol engine: initialized successfully - sym options: 0x614 - pdb path: .;C:\Program Files\Java\jdk-23\bin;C:\WINDOWS\SYSTEM32;C:\WINDOWS\WinSxS\amd64_microsoft.windows.common-controls_6595b64144ccf1df_6.0.19041.4355_none_60b8b9eb71f62e16;C:\Program Files\Java\jdk-23\bin\server;E:\Downloads\ideaIC-2024.3.1.win\bin

VM Arguments:
jvm_args: -javaagent:E:\Downloads\ideaIC-2024.3.1.win\lib\idea_rt.jar=57126:E:\Downloads\ideaIC-2024.3.1.win\bin -Dfile.encoding=UTF-8 -Dsun.stdout.encoding=UTF-8 -Dsun.stderr.encoding=UTF-8 
java_command: Views.LoginSignUp
java_class_path (initial): E:\users\Desktop\care_plant\out\production\care_plant;E:\users\Desktop\java libs\mysql-connector-j-9.1.0\mysql-connector-j-9.1.0\mysql-connector-j-9.1.0.jar;E:\users\Desktop\java libs\jbcrypt-0.4 (1).jar;E:\users\Desktop\java libs\junit-4.12.jar;C:\Users\pc\.m2\repository\org\junit\jupiter\junit-jupiter\5.8.1\junit-jupiter-5.8.1.jar;C:\Users\pc\.m2\repository\org\junit\jupiter\junit-jupiter-api\5.8.1\junit-jupiter-api-5.8.1.jar;C:\Users\pc\.m2\repository\org\opentest4j\opentest4j\1.2.0\opentest4j-1.2.0.jar;C:\Users\pc\.m2\repository\org\junit\platform\junit-platform-commons\1.8.1\junit-platform-commons-1.8.1.jar;C:\Users\pc\.m2\repository\org\apiguardian\apiguardian-api\1.1.2\apiguardian-api-1.1.2.jar;C:\Users\pc\.m2\repository\org\junit\jupiter\junit-jupiter-params\5.8.1\junit-jupiter-params-5.8.1.jar;C:\Users\pc\.m2\repository\org\junit\jupiter\junit-jupiter-engine\5.8.1\junit-jupiter-engine-5.8.1.jar;C:\Users\pc\.m2\repository\org\junit\platform\junit-platform-engine\1.8.1\junit-platform-engine-1.8.1.jar
Launcher Type: SUN_STANDARD

[Global flags]
     intx CICompilerCount                          = 3                                         {product} {ergonomic}
     uint ConcGCThreads                            = 1                                         {product} {ergonomic}
     uint G1ConcRefinementThreads                  = 4                                         {product} {ergonomic}
   size_t G1HeapRegionSize                         = 1048576                                   {product} {ergonomic}
   size_t InitialHeapSize                          = 134217728                                 {product} {ergonomic}
   size_t MarkStackSize                            = 4194304                                   {product} {ergonomic}
   size_t MarkStackSizeMax                         = 536870912                                 {product} {ergonomic}
   size_t MaxHeapSize                              = 2118123520                                {product} {ergonomic}
   size_t MaxNewSize                               = 1270874112                                {product} {ergonomic}
   size_t MinHeapDeltaBytes                        = 1048576                                   {product} {ergonomic}
   size_t MinHeapSize                              = 8388608                                   {product} {ergonomic}
    uintx NonNMethodCodeHeapSize                   = 5832704                                {pd product} {ergonomic}
    uintx NonProfiledCodeHeapSize                  = 122945536                              {pd product} {ergonomic}
    uintx ProfiledCodeHeapSize                     = 122880000                              {pd product} {ergonomic}
    uintx ReservedCodeCacheSize                    = 251658240                              {pd product} {ergonomic}
     bool SegmentedCodeCache                       = true                                      {product} {ergonomic}
   size_t SoftMaxHeapSize                          = 2118123520                             {manageable} {ergonomic}
     bool UseCompressedOops                        = true                           {product lp64_product} {ergonomic}
     bool UseG1GC                                  = true                                      {product} {ergonomic}
     bool UseLargePagesIndividualAllocation        = false                                  {pd product} {ergonomic}

Logging:
Log output configuration:
 #0: stdout all=warning uptime,level,tags foldmultilines=false
 #1: stderr all=off uptime,level,tags foldmultilines=false

Environment Variables:
PATH=C:\Program Files\Common Files\Oracle\Java\javapath;C:\WINDOWS\system32;C:\WINDOWS;C:\WINDOWS\System32\Wbem;C:\WINDOWS\System32\WindowsPowerShell\v1.0\;C:\WINDOWS\System32\OpenSSH\;C:\MinGW\bin;C:\Program Files\Git\cmd;C:\MinGW\bin;C:\Program Files\nodejs\;C:\flutter_windows_3.24.3-stable\flutter\bin;C:\Program Files\MongoDB\Server\8.0\bin;C:\Program Files\MySQL\MySQL Server 8.0\bin;C:\Program Files\CMake\bin;C:\Users\pc\AppData\Local\Programs\Python\Python312\Scripts\;C:\Users\pc\AppData\Local\Programs\Python\Python312\;C:\Users\pc\AppData\Local\Programs\Python\Launcher\;C:\Users\pc\AppData\Local\Microsoft\WindowsApps;C:\Program Files\JetBrains\PyCharm Community Edition 2023.2.3\bin;;C:\MinGW\bin;E:\web dev course\Microsoft VS Code\bin;C:\Users\pc\AppData\Roaming\npm;E:\IntelliJ IDEA 2024.2.3\bin;
USERNAME=pc
OS=Windows_NT
PROCESSOR_IDENTIFIER=Intel64 Family 6 Model 78 Stepping 3, GenuineIntel
TMP=C:\Users\pc\AppData\Local\Temp
TEMP=C:\Users\pc\AppData\Local\Temp




Periodic native trim disabled

---------------  S Y S T E M  ---------------

OS:
 Windows 10 , 64 bit Build 19041 (10.0.19041.5198)
OS uptime: 3 days 14:53 hours
Hyper-V role detected

CPU: total 4 (initial active 4) (2 cores per cpu, 2 threads per core) family 6 model 78 stepping 3 microcode 0xcc, cx8, cmov, fxsr, ht, mmx, 3dnowpref, sse, sse2, sse3, ssse3, sse4.1, sse4.2, popcnt, lzcnt, tsc, tscinvbit, avx, avx2, aes, erms, clmul, bmi1, bmi2, rtm, adx, fma, vzeroupper, clflush, clflushopt, hv, rdtscp, f16c
Processor Information for the first 4 processors :
  Max Mhz: 2304, Current Mhz: 2304, Mhz Limit: 2304

Memory: 4k page, system-wide physical 8072M (1231M free)
TotalPageFile size 10120M (AvailPageFile size 594M)
current process WorkingSet (physical memory assigned to process): 199M, peak: 267M
current process commit charge ("private bytes"): 249M, peak: 318M

vm_info: Java HotSpot(TM) 64-Bit Server VM (23+37-2369) for windows-amd64 JRE (23+37-2369), built on 2024-08-20T16:01:23Z with MS VC++ 17.6 (VS2022)

END.
