#
# There is insufficient memory for the Java Runtime Environment to continue.
# Native memory allocation (mmap) failed to map 62914560 bytes. Error detail: G1 virtual space
# Possible reasons:
#   The system is out of physical RAM or swap space
#   This process is running with CompressedOops enabled, and the Java Heap may be blocking the growth of the native heap
# Possible solutions:
#   Reduce memory load on the system
#   Increase physical memory or swap space
#   Check if swap backing store is full
#   Decrease Java heap size (-Xmx/-Xms)
#   Decrease number of Java threads
#   Decrease Java thread stack sizes (-Xss)
#   Set larger code cache with -XX:ReservedCodeCacheSize=
#   JVM is running with Unscaled Compressed Oops mode in which the Java heap is
#     placed in the first 4GB address space. The Java Heap base address is the
#     maximum limit for the native heap growth. Please use -XX:HeapBaseMinAddress
#     to set the Java Heap base and to place the Java Heap above 4GB virtual address.
# This output file may be truncated or incomplete.
#
#  Out of Memory Error (os_windows.cpp:3703), pid=2872, tid=4976
#
# JRE version: Java(TM) SE Runtime Environment (23.0+37) (build 23+37-2369)
# Java VM: Java HotSpot(TM) 64-Bit Server VM (23+37-2369, mixed mode, sharing, tiered, compressed oops, compressed class ptrs, g1 gc, windows-amd64)
# No core dump will be written. Minidumps are not enabled by default on client versions of Windows
#

---------------  S U M M A R Y ------------

Command Line: -javaagent:E:\Downloads\ideaIC-2024.3.1.win\lib\idea_rt.jar=50993:E:\Downloads\ideaIC-2024.3.1.win\bin -Dfile.encoding=UTF-8 -Dsun.stdout.encoding=UTF-8 -Dsun.stderr.encoding=UTF-8 Views.SignUP

Host: Intel(R) Core(TM) i3-6100U CPU @ 2.30GHz, 4 cores, 7G,  Windows 10 , 64 bit Build 19041 (10.0.19041.5198)
Time: Sat Jan 11 02:47:18 2025 Morocco Summer Time elapsed time: 14.668861 seconds (0d 0h 0m 14s)

---------------  T H R E A D  ---------------

Current thread (0x0000024033b63900):  VMThread "VM Thread"          [id=4976, stack(0x0000009435500000,0x0000009435600000) (1024K)]

Stack: [0x0000009435500000,0x0000009435600000]
Native frames: (J=compiled Java code, j=interpreted, Vv=VM code, C=native code)
V  [jvm.dll+0x6e08a9]  (no source info available)
V  [jvm.dll+0x87da63]  (no source info available)
V  [jvm.dll+0x87feee]  (no source info available)
V  [jvm.dll+0x8805c3]  (no source info available)
V  [jvm.dll+0x27aee6]  (no source info available)
V  [jvm.dll+0x6dd1b5]  (no source info available)
V  [jvm.dll+0x6d103a]  (no source info available)
V  [jvm.dll+0x35b3ea]  (no source info available)
V  [jvm.dll+0x3637f6]  (no source info available)
V  [jvm.dll+0x34fd5e]  (no source info available)
V  [jvm.dll+0x34fff8]  (no source info available)
V  [jvm.dll+0x3289cc]  (no source info available)
V  [jvm.dll+0x32b3b9]  (no source info available)
V  [jvm.dll+0x335f74]  (no source info available)
V  [jvm.dll+0x372d55]  (no source info available)
V  [jvm.dll+0x886500]  (no source info available)
V  [jvm.dll+0x887827]  (no source info available)
V  [jvm.dll+0x887d58]  (no source info available)
V  [jvm.dll+0x887ff3]  (no source info available)
V  [jvm.dll+0x824f1b]  (no source info available)
V  [jvm.dll+0x6df055]  (no source info available)
C  [ucrtbase.dll+0x21bb2]  (no source info available)
C  [KERNEL32.DLL+0x17374]  (no source info available)
C  [ntdll.dll+0x4cc91]  (no source info available)

VM_Operation (0x00000094350ff8f0): G1PauseRemark, mode: safepoint, requested by thread 0x000002401774ad60


---------------  P R O C E S S  ---------------

Threads class SMR info:
_java_thread_list=0x0000024033eab270, length=18, elements={
0x0000024033b7e500, 0x0000024033b80c20, 0x0000024033b82520, 0x0000024033b84f90,
0x0000024033b864f0, 0x0000024033b8df50, 0x0000024033bb4f10, 0x0000024033bb9b90,
0x0000024033b8cba0, 0x0000024033b8e5e0, 0x0000024033b8b160, 0x0000024033b8d230,
0x0000024033b8d8c0, 0x0000024033b8b7f0, 0x0000024033b8be80, 0x0000024033b8c510,
0x000002407a9ded40, 0x000002407a9de020
}

Java Threads: ( => current thread )
  0x0000024033b7e500 JavaThread "Reference Handler"          daemon [_thread_blocked, id=4760, stack(0x0000009435600000,0x0000009435700000) (1024K)]
  0x0000024033b80c20 JavaThread "Finalizer"                  daemon [_thread_blocked, id=10216, stack(0x0000009435700000,0x0000009435800000) (1024K)]
  0x0000024033b82520 JavaThread "Signal Dispatcher"          daemon [_thread_blocked, id=10548, stack(0x0000009435800000,0x0000009435900000) (1024K)]
  0x0000024033b84f90 JavaThread "Attach Listener"            daemon [_thread_blocked, id=6124, stack(0x0000009435900000,0x0000009435a00000) (1024K)]
  0x0000024033b864f0 JavaThread "Service Thread"             daemon [_thread_blocked, id=10668, stack(0x0000009435a00000,0x0000009435b00000) (1024K)]
  0x0000024033b8df50 JavaThread "Monitor Deflation Thread"   daemon [_thread_blocked, id=9112, stack(0x0000009435b00000,0x0000009435c00000) (1024K)]
  0x0000024033bb4f10 JavaThread "C2 CompilerThread0"         daemon [_thread_blocked, id=2104, stack(0x0000009435c00000,0x0000009435d00000) (1024K)]
  0x0000024033bb9b90 JavaThread "C1 CompilerThread0"         daemon [_thread_blocked, id=4684, stack(0x0000009435d00000,0x0000009435e00000) (1024K)]
  0x0000024033b8cba0 JavaThread "Common-Cleaner"             daemon [_thread_blocked, id=632, stack(0x0000009435e00000,0x0000009435f00000) (1024K)]
  0x0000024033b8e5e0 JavaThread "Monitor Ctrl-Break"         daemon [_thread_in_native, id=13284, stack(0x0000009435f00000,0x0000009436000000) (1024K)]
  0x0000024033b8b160 JavaThread "Notification Thread"        daemon [_thread_blocked, id=6952, stack(0x0000009436000000,0x0000009436100000) (1024K)]
  0x0000024033b8d230 JavaThread "Java2D Disposer"            daemon [_thread_blocked, id=2012, stack(0x0000009436100000,0x0000009436200000) (1024K)]
  0x0000024033b8d8c0 JavaThread "AWT-Windows"                daemon [_thread_in_native, id=14160, stack(0x0000009436300000,0x0000009436400000) (1024K)]
  0x0000024033b8b7f0 JavaThread "Image Fetcher 0"            daemon [_thread_blocked, id=6464, stack(0x0000009436400000,0x0000009436500000) (1024K)]
  0x0000024033b8be80 JavaThread "Image Fetcher 1"            daemon [_thread_blocked, id=9336, stack(0x0000009436200000,0x0000009436300000) (1024K)]
  0x0000024033b8c510 JavaThread "AWT-Shutdown"                      [_thread_blocked, id=14664, stack(0x0000009436800000,0x0000009436900000) (1024K)]
  0x000002407a9ded40 JavaThread "AWT-EventQueue-0"                  [_thread_blocked, id=8328, stack(0x0000009436900000,0x0000009436a00000) (1024K)]
  0x000002407a9de020 JavaThread "DestroyJavaVM"                     [_thread_blocked, id=14544, stack(0x0000009434e00000,0x0000009434f00000) (1024K)]
Total: 18

Other Threads:
=>0x0000024033b63900 VMThread "VM Thread"                           [id=4976, stack(0x0000009435500000,0x0000009435600000) (1024K)]
  0x0000024033b52d60 WatcherThread "VM Periodic Task Thread"        [id=14376, stack(0x0000009435400000,0x0000009435500000) (1024K)]
  0x0000024017736170 WorkerThread "GC Thread#0"                     [id=5484, stack(0x0000009434f00000,0x0000009435000000) (1024K)]
  0x000002407a023830 WorkerThread "GC Thread#1"                     [id=4136, stack(0x0000009436500000,0x0000009436600000) (1024K)]
  0x000002407a025ff0 WorkerThread "GC Thread#2"                     [id=12968, stack(0x0000009436600000,0x0000009436700000) (1024K)]
  0x000002407a0263a0 WorkerThread "GC Thread#3"                     [id=16792, stack(0x0000009436700000,0x0000009436800000) (1024K)]
  0x000002401774ad60 ConcurrentGCThread "G1 Main Marker"            [id=2796, stack(0x0000009435000000,0x0000009435100000) (1024K)]
  0x000002401774ba20 WorkerThread "G1 Conc#0"                       [id=16052, stack(0x0000009435100000,0x0000009435200000) (1024K)]
  0x00000240177ae700 ConcurrentGCThread "G1 Refine#0"               [id=8148, stack(0x0000009435200000,0x0000009435300000) (1024K)]
  0x0000024033a175f0 ConcurrentGCThread "G1 Service"                [id=14628, stack(0x0000009435300000,0x0000009435400000) (1024K)]
Total: 10

Threads with active compile tasks:
C2 CompilerThread0  14886 1540       4       sun.java2d.StateTrackableDelegate::markDirty (6 bytes)
Total: 1

VM state: at safepoint (normal execution)

VM Mutex/Monitor currently owned by a thread:  ([mutex/lock_event])
[0x00007fff85d43910] Threads_lock - owner thread: 0x0000024033b63900
[0x00007fff85d43a10] Heap_lock - owner thread: 0x000002401774ad60

Heap address: 0x0000000081c00000, size: 2020 MB, Compressed Oops mode: 32-bit

CDS archive(s) mapped at: [0x0000024034000000-0x0000024034d70000-0x0000024034d70000), size 14090240, SharedBaseAddress: 0x0000024034000000, ArchiveRelocationMode: 1.
Compressed class space mapped at: 0x0000024035000000-0x0000024075000000, reserved size: 1073741824
Narrow klass base: 0x0000024034000000, Narrow klass shift: 0, Narrow klass range: 0x41000000

GC Precious Log:
 CardTable entry size: 512
 Card Set container configuration: InlinePtr #cards 5 size 8 Array Of Cards #cards 10 size 36 Howl #buckets 4 coarsen threshold 1843 Howl Bitmap #cards 512 size 80 coarsen threshold 460 Card regions per heap region 1 cards per card region 2048
 CPUs: 4 total, 4 available
 Memory: 8072M
 Large Page Support: Disabled
 NUMA Support: Disabled
 Compressed Oops: Enabled (32-bit)
 Heap Region Size: 1M
 Heap Min Capacity: 8M
 Heap Initial Capacity: 128M
 Heap Max Capacity: 2020M
 Pre-touch: Disabled
 Parallel Workers: 4
 Concurrent Workers: 1
 Concurrent Refinement Workers: 4
 Periodic GC: Disabled

Heap:
 garbage-first heap   total reserved 2068480K, committed 307200K, used 221635K [0x0000000081c00000, 0x0000000100000000)
  region size 1024K, 4 young (4096K), 2 survivors (2048K)
 Metaspace       used 9485K, committed 9792K, reserved 1114112K
  class space    used 1060K, committed 1216K, reserved 1048576K

Heap Regions: E=young(eden), S=young(survivor), O=old, HS=humongous(starts), HC=humongous(continues), CS=collection set, F=free, TAMS=top-at-mark-start, PB=parsable bottom
|   0|0x0000000081c00000, 0x0000000081d00000, 0x0000000081d00000|100%|HS|  |TAMS 0x0000000081d00000| PB 0x0000000081c00000| Complete |  0
|   1|0x0000000081d00000, 0x0000000081e00000, 0x0000000081e00000|100%|HC|  |TAMS 0x0000000081e00000| PB 0x0000000081d00000| Complete |  0
|   2|0x0000000081e00000, 0x0000000081f00000, 0x0000000081f00000|100%|HC|  |TAMS 0x0000000081f00000| PB 0x0000000081e00000| Complete |  0
|   3|0x0000000081f00000, 0x0000000082000000, 0x0000000082000000|100%|HC|  |TAMS 0x0000000082000000| PB 0x0000000081f00000| Complete |  0
|   4|0x0000000082000000, 0x0000000082100000, 0x0000000082100000|100%|HC|  |TAMS 0x0000000082100000| PB 0x0000000082000000| Complete |  0
|   5|0x0000000082100000, 0x0000000082200000, 0x0000000082200000|100%|HC|  |TAMS 0x0000000082200000| PB 0x0000000082100000| Complete |  0
|   6|0x0000000082200000, 0x0000000082300000, 0x0000000082300000|100%|HC|  |TAMS 0x0000000082300000| PB 0x0000000082200000| Complete |  0
|   7|0x0000000082300000, 0x0000000082400000, 0x0000000082400000|100%|HC|  |TAMS 0x0000000082400000| PB 0x0000000082300000| Complete |  0
|   8|0x0000000082400000, 0x0000000082500000, 0x0000000082500000|100%|HC|  |TAMS 0x0000000082500000| PB 0x0000000082400000| Complete |  0
|   9|0x0000000082500000, 0x0000000082600000, 0x0000000082600000|100%|HC|  |TAMS 0x0000000082600000| PB 0x0000000082500000| Complete |  0
|  10|0x0000000082600000, 0x0000000082700000, 0x0000000082700000|100%|HC|  |TAMS 0x0000000082700000| PB 0x0000000082600000| Complete |  0
|  11|0x0000000082700000, 0x0000000082800000, 0x0000000082800000|100%|HC|  |TAMS 0x0000000082800000| PB 0x0000000082700000| Complete |  0
|  12|0x0000000082800000, 0x0000000082900000, 0x0000000082900000|100%|HC|  |TAMS 0x0000000082900000| PB 0x0000000082800000| Complete |  0
|  13|0x0000000082900000, 0x0000000082a00000, 0x0000000082a00000|100%|HC|  |TAMS 0x0000000082a00000| PB 0x0000000082900000| Complete |  0
|  14|0x0000000082a00000, 0x0000000082b00000, 0x0000000082b00000|100%|HC|  |TAMS 0x0000000082b00000| PB 0x0000000082a00000| Complete |  0
|  15|0x0000000082b00000, 0x0000000082c00000, 0x0000000082c00000|100%|HC|  |TAMS 0x0000000082c00000| PB 0x0000000082b00000| Complete |  0
|  16|0x0000000082c00000, 0x0000000082d00000, 0x0000000082d00000|100%|HC|  |TAMS 0x0000000082d00000| PB 0x0000000082c00000| Complete |  0
|  17|0x0000000082d00000, 0x0000000082e00000, 0x0000000082e00000|100%|HC|  |TAMS 0x0000000082e00000| PB 0x0000000082d00000| Complete |  0
|  18|0x0000000082e00000, 0x0000000082f00000, 0x0000000082f00000|100%|HC|  |TAMS 0x0000000082f00000| PB 0x0000000082e00000| Complete |  0
|  19|0x0000000082f00000, 0x0000000083000000, 0x0000000083000000|100%|HC|  |TAMS 0x0000000083000000| PB 0x0000000082f00000| Complete |  0
|  20|0x0000000083000000, 0x0000000083100000, 0x0000000083100000|100%|HC|  |TAMS 0x0000000083100000| PB 0x0000000083000000| Complete |  0
|  21|0x0000000083100000, 0x0000000083200000, 0x0000000083200000|100%|HC|  |TAMS 0x0000000083200000| PB 0x0000000083100000| Complete |  0
|  22|0x0000000083200000, 0x0000000083300000, 0x0000000083300000|100%|HC|  |TAMS 0x0000000083300000| PB 0x0000000083200000| Complete |  0
|  23|0x0000000083300000, 0x0000000083400000, 0x0000000083400000|100%|HC|  |TAMS 0x0000000083400000| PB 0x0000000083300000| Complete |  0
|  24|0x0000000083400000, 0x0000000083500000, 0x0000000083500000|100%|HC|  |TAMS 0x0000000083500000| PB 0x0000000083400000| Complete |  0
|  25|0x0000000083500000, 0x0000000083600000, 0x0000000083600000|100%|HC|  |TAMS 0x0000000083600000| PB 0x0000000083500000| Complete |  0
|  26|0x0000000083600000, 0x0000000083700000, 0x0000000083700000|100%|HC|  |TAMS 0x0000000083700000| PB 0x0000000083600000| Complete |  0
|  27|0x0000000083700000, 0x0000000083800000, 0x0000000083800000|100%|HC|  |TAMS 0x0000000083800000| PB 0x0000000083700000| Complete |  0
|  28|0x0000000083800000, 0x0000000083900000, 0x0000000083900000|100%|HC|  |TAMS 0x0000000083900000| PB 0x0000000083800000| Complete |  0
|  29|0x0000000083900000, 0x0000000083a00000, 0x0000000083a00000|100%|HC|  |TAMS 0x0000000083a00000| PB 0x0000000083900000| Complete |  0
|  30|0x0000000083a00000, 0x0000000083b00000, 0x0000000083b00000|100%|HC|  |TAMS 0x0000000083b00000| PB 0x0000000083a00000| Complete |  0
|  31|0x0000000083b00000, 0x0000000083c00000, 0x0000000083c00000|100%|HC|  |TAMS 0x0000000083c00000| PB 0x0000000083b00000| Complete |  0
|  32|0x0000000083c00000, 0x0000000083d00000, 0x0000000083d00000|100%|HC|  |TAMS 0x0000000083d00000| PB 0x0000000083c00000| Complete |  0
|  33|0x0000000083d00000, 0x0000000083e00000, 0x0000000083e00000|100%|HC|  |TAMS 0x0000000083e00000| PB 0x0000000083d00000| Complete |  0
|  34|0x0000000083e00000, 0x0000000083f00000, 0x0000000083f00000|100%|HC|  |TAMS 0x0000000083f00000| PB 0x0000000083e00000| Complete |  0
|  35|0x0000000083f00000, 0x0000000084000000, 0x0000000084000000|100%|HC|  |TAMS 0x0000000084000000| PB 0x0000000083f00000| Complete |  0
|  36|0x0000000084000000, 0x0000000084100000, 0x0000000084100000|100%|HC|  |TAMS 0x0000000084100000| PB 0x0000000084000000| Complete |  0
|  37|0x0000000084100000, 0x0000000084200000, 0x0000000084200000|100%|HC|  |TAMS 0x0000000084200000| PB 0x0000000084100000| Complete |  0
|  38|0x0000000084200000, 0x0000000084300000, 0x0000000084300000|100%|HC|  |TAMS 0x0000000084300000| PB 0x0000000084200000| Complete |  0
|  39|0x0000000084300000, 0x0000000084400000, 0x0000000084400000|100%|HC|  |TAMS 0x0000000084400000| PB 0x0000000084300000| Complete |  0
|  40|0x0000000084400000, 0x0000000084500000, 0x0000000084500000|100%|HC|  |TAMS 0x0000000084500000| PB 0x0000000084400000| Complete |  0
|  41|0x0000000084500000, 0x0000000084600000, 0x0000000084600000|100%|HC|  |TAMS 0x0000000084600000| PB 0x0000000084500000| Complete |  0
|  42|0x0000000084600000, 0x0000000084700000, 0x0000000084700000|100%|HC|  |TAMS 0x0000000084700000| PB 0x0000000084600000| Complete |  0
|  43|0x0000000084700000, 0x0000000084800000, 0x0000000084800000|100%|HC|  |TAMS 0x0000000084800000| PB 0x0000000084700000| Complete |  0
|  44|0x0000000084800000, 0x0000000084900000, 0x0000000084900000|100%|HC|  |TAMS 0x0000000084900000| PB 0x0000000084800000| Complete |  0
|  45|0x0000000084900000, 0x0000000084a00000, 0x0000000084a00000|100%|HC|  |TAMS 0x0000000084a00000| PB 0x0000000084900000| Complete |  0
|  46|0x0000000084a00000, 0x0000000084b00000, 0x0000000084b00000|100%|HC|  |TAMS 0x0000000084b00000| PB 0x0000000084a00000| Complete |  0
|  47|0x0000000084b00000, 0x0000000084c00000, 0x0000000084c00000|100%|HC|  |TAMS 0x0000000084c00000| PB 0x0000000084b00000| Complete |  0
|  48|0x0000000084c00000, 0x0000000084d00000, 0x0000000084d00000|100%|HC|  |TAMS 0x0000000084d00000| PB 0x0000000084c00000| Complete |  0
|  49|0x0000000084d00000, 0x0000000084e00000, 0x0000000084e00000|100%|HC|  |TAMS 0x0000000084e00000| PB 0x0000000084d00000| Complete |  0
|  50|0x0000000084e00000, 0x0000000084f00000, 0x0000000084f00000|100%|HC|  |TAMS 0x0000000084f00000| PB 0x0000000084e00000| Complete |  0
|  51|0x0000000084f00000, 0x0000000085000000, 0x0000000085000000|100%|HC|  |TAMS 0x0000000085000000| PB 0x0000000084f00000| Complete |  0
|  52|0x0000000085000000, 0x0000000085100000, 0x0000000085100000|100%|HC|  |TAMS 0x0000000085100000| PB 0x0000000085000000| Complete |  0
|  53|0x0000000085100000, 0x0000000085200000, 0x0000000085200000|100%|HC|  |TAMS 0x0000000085200000| PB 0x0000000085100000| Complete |  0
|  54|0x0000000085200000, 0x0000000085300000, 0x0000000085300000|100%|HC|  |TAMS 0x0000000085300000| PB 0x0000000085200000| Complete |  0
|  55|0x0000000085300000, 0x0000000085400000, 0x0000000085400000|100%|HC|  |TAMS 0x0000000085400000| PB 0x0000000085300000| Complete |  0
|  56|0x0000000085400000, 0x0000000085500000, 0x0000000085500000|100%|HC|  |TAMS 0x0000000085500000| PB 0x0000000085400000| Complete |  0
|  57|0x0000000085500000, 0x0000000085600000, 0x0000000085600000|100%|HC|  |TAMS 0x0000000085600000| PB 0x0000000085500000| Complete |  0
|  58|0x0000000085600000, 0x0000000085700000, 0x0000000085700000|100%|HC|  |TAMS 0x0000000085700000| PB 0x0000000085600000| Complete |  0
|  59|0x0000000085700000, 0x0000000085800000, 0x0000000085800000|100%|HC|  |TAMS 0x0000000085800000| PB 0x0000000085700000| Complete |  0
|  60|0x0000000085800000, 0x0000000085900000, 0x0000000085900000|100%|HC|  |TAMS 0x0000000085900000| PB 0x0000000085800000| Complete |  0
|  61|0x0000000085900000, 0x0000000085a00000, 0x0000000085a00000|100%|HC|  |TAMS 0x0000000085a00000| PB 0x0000000085900000| Complete |  0
|  62|0x0000000085a00000, 0x0000000085b00000, 0x0000000085b00000|100%|HC|  |TAMS 0x0000000085b00000| PB 0x0000000085a00000| Complete |  0
|  63|0x0000000085b00000, 0x0000000085c00000, 0x0000000085c00000|100%|HC|  |TAMS 0x0000000085c00000| PB 0x0000000085b00000| Complete |  0
|  64|0x0000000085c00000, 0x0000000085d00000, 0x0000000085d00000|100%|HC|  |TAMS 0x0000000085d00000| PB 0x0000000085c00000| Complete |  0
|  65|0x0000000085d00000, 0x0000000085e00000, 0x0000000085e00000|100%|HC|  |TAMS 0x0000000085e00000| PB 0x0000000085d00000| Complete |  0
|  66|0x0000000085e00000, 0x0000000085f00000, 0x0000000085f00000|100%|HC|  |TAMS 0x0000000085f00000| PB 0x0000000085e00000| Complete |  0
|  67|0x0000000085f00000, 0x0000000086000000, 0x0000000086000000|100%|HC|  |TAMS 0x0000000086000000| PB 0x0000000085f00000| Complete |  0
|  68|0x0000000086000000, 0x0000000086100000, 0x0000000086100000|100%|HC|  |TAMS 0x0000000086100000| PB 0x0000000086000000| Complete |  0
|  69|0x0000000086100000, 0x0000000086200000, 0x0000000086200000|100%|HC|  |TAMS 0x0000000086200000| PB 0x0000000086100000| Complete |  0
|  70|0x0000000086200000, 0x0000000086300000, 0x0000000086300000|100%|HC|  |TAMS 0x0000000086300000| PB 0x0000000086200000| Complete |  0
|  71|0x0000000086300000, 0x0000000086400000, 0x0000000086400000|100%|HC|  |TAMS 0x0000000086400000| PB 0x0000000086300000| Complete |  0
|  72|0x0000000086400000, 0x0000000086500000, 0x0000000086500000|100%|HC|  |TAMS 0x0000000086500000| PB 0x0000000086400000| Complete |  0
|  73|0x0000000086500000, 0x0000000086600000, 0x0000000086600000|100%|HC|  |TAMS 0x0000000086600000| PB 0x0000000086500000| Complete |  0
|  74|0x0000000086600000, 0x0000000086700000, 0x0000000086700000|100%|HC|  |TAMS 0x0000000086700000| PB 0x0000000086600000| Complete |  0
|  75|0x0000000086700000, 0x0000000086800000, 0x0000000086800000|100%|HC|  |TAMS 0x0000000086800000| PB 0x0000000086700000| Complete |  0
|  76|0x0000000086800000, 0x0000000086900000, 0x0000000086900000|100%|HC|  |TAMS 0x0000000086900000| PB 0x0000000086800000| Complete |  0
|  77|0x0000000086900000, 0x0000000086a00000, 0x0000000086a00000|100%|HC|  |TAMS 0x0000000086a00000| PB 0x0000000086900000| Complete |  0
|  78|0x0000000086a00000, 0x0000000086b00000, 0x0000000086b00000|100%|HC|  |TAMS 0x0000000086b00000| PB 0x0000000086a00000| Complete |  0
|  79|0x0000000086b00000, 0x0000000086c00000, 0x0000000086c00000|100%|HC|  |TAMS 0x0000000086c00000| PB 0x0000000086b00000| Complete |  0
|  80|0x0000000086c00000, 0x0000000086d00000, 0x0000000086d00000|100%|HC|  |TAMS 0x0000000086d00000| PB 0x0000000086c00000| Complete |  0
|  81|0x0000000086d00000, 0x0000000086e00000, 0x0000000086e00000|100%|HC|  |TAMS 0x0000000086e00000| PB 0x0000000086d00000| Complete |  0
|  82|0x0000000086e00000, 0x0000000086f00000, 0x0000000086f00000|100%|HC|  |TAMS 0x0000000086f00000| PB 0x0000000086e00000| Complete |  0
|  83|0x0000000086f00000, 0x0000000087000000, 0x0000000087000000|100%|HC|  |TAMS 0x0000000087000000| PB 0x0000000086f00000| Complete |  0
|  84|0x0000000087000000, 0x0000000087100000, 0x0000000087100000|100%|HC|  |TAMS 0x0000000087100000| PB 0x0000000087000000| Complete |  0
|  85|0x0000000087100000, 0x0000000087200000, 0x0000000087200000|100%|HC|  |TAMS 0x0000000087200000| PB 0x0000000087100000| Complete |  0
|  86|0x0000000087200000, 0x0000000087300000, 0x0000000087300000|100%|HC|  |TAMS 0x0000000087300000| PB 0x0000000087200000| Complete |  0
|  87|0x0000000087300000, 0x0000000087400000, 0x0000000087400000|100%|HC|  |TAMS 0x0000000087400000| PB 0x0000000087300000| Complete |  0
|  88|0x0000000087400000, 0x0000000087500000, 0x0000000087500000|100%|HC|  |TAMS 0x0000000087500000| PB 0x0000000087400000| Complete |  0
|  89|0x0000000087500000, 0x0000000087600000, 0x0000000087600000|100%|HC|  |TAMS 0x0000000087600000| PB 0x0000000087500000| Complete |  0
|  90|0x0000000087600000, 0x0000000087700000, 0x0000000087700000|100%|HC|  |TAMS 0x0000000087700000| PB 0x0000000087600000| Complete |  0
|  91|0x0000000087700000, 0x0000000087800000, 0x0000000087800000|100%|HC|  |TAMS 0x0000000087800000| PB 0x0000000087700000| Complete |  0
|  92|0x0000000087800000, 0x0000000087900000, 0x0000000087900000|100%| O|  |TAMS 0x0000000087900000| PB 0x0000000087900000| Untracked |  0
|  93|0x0000000087900000, 0x00000000879edca0, 0x0000000087a00000| 92%| O|  |TAMS 0x00000000879edca0| PB 0x00000000879edca0| Untracked |  0
|  94|0x0000000087a00000, 0x0000000087a00000, 0x0000000087b00000|  0%| F|  |TAMS 0x0000000087a00000| PB 0x0000000087a00000| Untracked |  0
|  95|0x0000000087b00000, 0x0000000087c00000, 0x0000000087c00000|100%|HS|  |TAMS 0x0000000087c00000| PB 0x0000000087b00000| Complete |  1
|  96|0x0000000087c00000, 0x0000000087d00000, 0x0000000087d00000|100%|HS|  |TAMS 0x0000000087d00000| PB 0x0000000087c00000| Complete |  0
|  97|0x0000000087d00000, 0x0000000087e00000, 0x0000000087e00000|100%|HC|  |TAMS 0x0000000087e00000| PB 0x0000000087d00000| Complete |  0
|  98|0x0000000087e00000, 0x0000000087f00000, 0x0000000087f00000|100%|HC|  |TAMS 0x0000000087f00000| PB 0x0000000087e00000| Complete |  0
|  99|0x0000000087f00000, 0x0000000088000000, 0x0000000088000000|100%|HC|  |TAMS 0x0000000088000000| PB 0x0000000087f00000| Complete |  0
| 100|0x0000000088000000, 0x0000000088100000, 0x0000000088100000|100%|HC|  |TAMS 0x0000000088100000| PB 0x0000000088000000| Complete |  0
| 101|0x0000000088100000, 0x0000000088200000, 0x0000000088200000|100%|HC|  |TAMS 0x0000000088200000| PB 0x0000000088100000| Complete |  0
| 102|0x0000000088200000, 0x0000000088300000, 0x0000000088300000|100%|HC|  |TAMS 0x0000000088300000| PB 0x0000000088200000| Complete |  0
| 103|0x0000000088300000, 0x0000000088400000, 0x0000000088400000|100%|HC|  |TAMS 0x0000000088400000| PB 0x0000000088300000| Complete |  0
| 104|0x0000000088400000, 0x0000000088500000, 0x0000000088500000|100%|HC|  |TAMS 0x0000000088500000| PB 0x0000000088400000| Complete |  0
| 105|0x0000000088500000, 0x0000000088600000, 0x0000000088600000|100%|HC|  |TAMS 0x0000000088600000| PB 0x0000000088500000| Complete |  0
| 106|0x0000000088600000, 0x0000000088700000, 0x0000000088700000|100%|HC|  |TAMS 0x0000000088700000| PB 0x0000000088600000| Complete |  0
| 107|0x0000000088700000, 0x0000000088800000, 0x0000000088800000|100%|HC|  |TAMS 0x0000000088800000| PB 0x0000000088700000| Complete |  0
| 108|0x0000000088800000, 0x0000000088900000, 0x0000000088900000|100%|HC|  |TAMS 0x0000000088900000| PB 0x0000000088800000| Complete |  0
| 109|0x0000000088900000, 0x0000000088a00000, 0x0000000088a00000|100%|HC|  |TAMS 0x0000000088a00000| PB 0x0000000088900000| Complete |  0
| 110|0x0000000088a00000, 0x0000000088b00000, 0x0000000088b00000|100%|HC|  |TAMS 0x0000000088b00000| PB 0x0000000088a00000| Complete |  0
| 111|0x0000000088b00000, 0x0000000088c00000, 0x0000000088c00000|100%|HC|  |TAMS 0x0000000088c00000| PB 0x0000000088b00000| Complete |  0
| 112|0x0000000088c00000, 0x0000000088d00000, 0x0000000088d00000|100%|HC|  |TAMS 0x0000000088d00000| PB 0x0000000088c00000| Complete |  0
| 113|0x0000000088d00000, 0x0000000088e00000, 0x0000000088e00000|100%|HC|  |TAMS 0x0000000088e00000| PB 0x0000000088d00000| Complete |  0
| 114|0x0000000088e00000, 0x0000000088f00000, 0x0000000088f00000|100%|HC|  |TAMS 0x0000000088f00000| PB 0x0000000088e00000| Complete |  0
| 115|0x0000000088f00000, 0x0000000089000000, 0x0000000089000000|100%|HC|  |TAMS 0x0000000089000000| PB 0x0000000088f00000| Complete |  0
| 116|0x0000000089000000, 0x0000000089100000, 0x0000000089100000|100%|HC|  |TAMS 0x0000000089100000| PB 0x0000000089000000| Complete |  0
| 117|0x0000000089100000, 0x0000000089200000, 0x0000000089200000|100%|HC|  |TAMS 0x0000000089200000| PB 0x0000000089100000| Complete |  0
| 118|0x0000000089200000, 0x0000000089300000, 0x0000000089300000|100%|HC|  |TAMS 0x0000000089300000| PB 0x0000000089200000| Complete |  0
| 119|0x0000000089300000, 0x0000000089400000, 0x0000000089400000|100%|HC|  |TAMS 0x0000000089400000| PB 0x0000000089300000| Complete |  0
| 120|0x0000000089400000, 0x0000000089500000, 0x0000000089500000|100%|HC|  |TAMS 0x0000000089500000| PB 0x0000000089400000| Complete |  0
| 121|0x0000000089500000, 0x0000000089600000, 0x0000000089600000|100%|HC|  |TAMS 0x0000000089600000| PB 0x0000000089500000| Complete |  0
| 122|0x0000000089600000, 0x0000000089700000, 0x0000000089700000|100%|HC|  |TAMS 0x0000000089700000| PB 0x0000000089600000| Complete |  0
| 123|0x0000000089700000, 0x0000000089800000, 0x0000000089800000|100%|HC|  |TAMS 0x0000000089800000| PB 0x0000000089700000| Complete |  0
| 124|0x0000000089800000, 0x0000000089900000, 0x0000000089900000|100%|HC|  |TAMS 0x0000000089900000| PB 0x0000000089800000| Complete |  0
| 125|0x0000000089900000, 0x0000000089a00000, 0x0000000089a00000|100%|HC|  |TAMS 0x0000000089a00000| PB 0x0000000089900000| Complete |  0
| 126|0x0000000089a00000, 0x0000000089b00000, 0x0000000089b00000|100%|HC|  |TAMS 0x0000000089b00000| PB 0x0000000089a00000| Complete |  0
| 127|0x0000000089b00000, 0x0000000089c00000, 0x0000000089c00000|100%|HC|  |TAMS 0x0000000089c00000| PB 0x0000000089b00000| Complete |  0
| 128|0x0000000089c00000, 0x0000000089d00000, 0x0000000089d00000|100%|HS|  |TAMS 0x0000000089c00000| PB 0x0000000089c00000| Complete |  0
| 129|0x0000000089d00000, 0x0000000089e00000, 0x0000000089e00000|100%|HC|  |TAMS 0x0000000089d00000| PB 0x0000000089d00000| Complete |  0
| 130|0x0000000089e00000, 0x0000000089f00000, 0x0000000089f00000|100%|HC|  |TAMS 0x0000000089e00000| PB 0x0000000089e00000| Complete |  0
| 131|0x0000000089f00000, 0x0000000089f00000, 0x000000008a000000|  0%| F|  |TAMS 0x0000000089f00000| PB 0x0000000089f00000| Untracked |  0
| 132|0x000000008a000000, 0x000000008a000000, 0x000000008a100000|  0%| F|  |TAMS 0x000000008a000000| PB 0x000000008a000000| Untracked |  0
| 133|0x000000008a100000, 0x000000008a100000, 0x000000008a200000|  0%| F|  |TAMS 0x000000008a100000| PB 0x000000008a100000| Untracked |  0
| 134|0x000000008a200000, 0x000000008a200000, 0x000000008a300000|  0%| F|  |TAMS 0x000000008a200000| PB 0x000000008a200000| Untracked |  0
| 135|0x000000008a300000, 0x000000008a300000, 0x000000008a400000|  0%| F|  |TAMS 0x000000008a300000| PB 0x000000008a300000| Untracked |  0
| 136|0x000000008a400000, 0x000000008a400000, 0x000000008a500000|  0%| F|  |TAMS 0x000000008a400000| PB 0x000000008a400000| Untracked |  0
| 137|0x000000008a500000, 0x000000008a500000, 0x000000008a600000|  0%| F|  |TAMS 0x000000008a500000| PB 0x000000008a500000| Untracked |  0
| 138|0x000000008a600000, 0x000000008a600000, 0x000000008a700000|  0%| F|  |TAMS 0x000000008a600000| PB 0x000000008a600000| Untracked |  0
| 139|0x000000008a700000, 0x000000008a700000, 0x000000008a800000|  0%| F|  |TAMS 0x000000008a700000| PB 0x000000008a700000| Untracked |  0
| 140|0x000000008a800000, 0x000000008a800000, 0x000000008a900000|  0%| F|  |TAMS 0x000000008a800000| PB 0x000000008a800000| Untracked |  0
| 141|0x000000008a900000, 0x000000008a900000, 0x000000008aa00000|  0%| F|  |TAMS 0x000000008a900000| PB 0x000000008a900000| Untracked |  0
| 142|0x000000008aa00000, 0x000000008aa00000, 0x000000008ab00000|  0%| F|  |TAMS 0x000000008aa00000| PB 0x000000008aa00000| Untracked |  0
| 143|0x000000008ab00000, 0x000000008ab00000, 0x000000008ac00000|  0%| F|  |TAMS 0x000000008ab00000| PB 0x000000008ab00000| Untracked |  0
| 144|0x000000008ac00000, 0x000000008ac00000, 0x000000008ad00000|  0%| F|  |TAMS 0x000000008ac00000| PB 0x000000008ac00000| Untracked |  0
| 145|0x000000008ad00000, 0x000000008ad00000, 0x000000008ae00000|  0%| F|  |TAMS 0x000000008ad00000| PB 0x000000008ad00000| Untracked |  0
| 146|0x000000008ae00000, 0x000000008ae00000, 0x000000008af00000|  0%| F|  |TAMS 0x000000008ae00000| PB 0x000000008ae00000| Untracked |  0
| 147|0x000000008af00000, 0x000000008af00000, 0x000000008b000000|  0%| F|  |TAMS 0x000000008af00000| PB 0x000000008af00000| Untracked |  0
| 148|0x000000008b000000, 0x000000008b000000, 0x000000008b100000|  0%| F|  |TAMS 0x000000008b000000| PB 0x000000008b000000| Untracked |  0
| 149|0x000000008b100000, 0x000000008b100000, 0x000000008b200000|  0%| F|  |TAMS 0x000000008b100000| PB 0x000000008b100000| Untracked |  0
| 150|0x000000008b200000, 0x000000008b200000, 0x000000008b300000|  0%| F|  |TAMS 0x000000008b200000| PB 0x000000008b200000| Untracked |  0
| 151|0x000000008b300000, 0x000000008b300000, 0x000000008b400000|  0%| F|  |TAMS 0x000000008b300000| PB 0x000000008b300000| Untracked |  0
| 152|0x000000008b400000, 0x000000008b400000, 0x000000008b500000|  0%| F|  |TAMS 0x000000008b400000| PB 0x000000008b400000| Untracked |  0
| 153|0x000000008b500000, 0x000000008b500000, 0x000000008b600000|  0%| F|  |TAMS 0x000000008b500000| PB 0x000000008b500000| Untracked |  0
| 154|0x000000008b600000, 0x000000008b600000, 0x000000008b700000|  0%| F|  |TAMS 0x000000008b600000| PB 0x000000008b600000| Untracked |  0
| 155|0x000000008b700000, 0x000000008b700000, 0x000000008b800000|  0%| F|  |TAMS 0x000000008b700000| PB 0x000000008b700000| Untracked |  0
| 156|0x000000008b800000, 0x000000008b800000, 0x000000008b900000|  0%| F|  |TAMS 0x000000008b800000| PB 0x000000008b800000| Untracked |  0
| 157|0x000000008b900000, 0x000000008b900000, 0x000000008ba00000|  0%| F|  |TAMS 0x000000008b900000| PB 0x000000008b900000| Untracked |  0
| 158|0x000000008ba00000, 0x000000008ba00000, 0x000000008bb00000|  0%| F|  |TAMS 0x000000008ba00000| PB 0x000000008ba00000| Untracked |  0
| 159|0x000000008bb00000, 0x000000008bb00000, 0x000000008bc00000|  0%| F|  |TAMS 0x000000008bb00000| PB 0x000000008bb00000| Untracked |  0
| 160|0x000000008bc00000, 0x000000008bd00000, 0x000000008bd00000|100%|HS|  |TAMS 0x000000008bd00000| PB 0x000000008bc00000| Complete |  0
| 161|0x000000008bd00000, 0x000000008be00000, 0x000000008be00000|100%|HC|  |TAMS 0x000000008be00000| PB 0x000000008bd00000| Complete |  0
| 162|0x000000008be00000, 0x000000008bf00000, 0x000000008bf00000|100%|HC|  |TAMS 0x000000008bf00000| PB 0x000000008be00000| Complete |  0
| 163|0x000000008bf00000, 0x000000008c000000, 0x000000008c000000|100%|HC|  |TAMS 0x000000008c000000| PB 0x000000008bf00000| Complete |  0
| 164|0x000000008c000000, 0x000000008c100000, 0x000000008c100000|100%|HC|  |TAMS 0x000000008c100000| PB 0x000000008c000000| Complete |  0
| 165|0x000000008c100000, 0x000000008c200000, 0x000000008c200000|100%|HC|  |TAMS 0x000000008c200000| PB 0x000000008c100000| Complete |  0
| 166|0x000000008c200000, 0x000000008c300000, 0x000000008c300000|100%|HC|  |TAMS 0x000000008c300000| PB 0x000000008c200000| Complete |  0
| 167|0x000000008c300000, 0x000000008c400000, 0x000000008c400000|100%|HC|  |TAMS 0x000000008c400000| PB 0x000000008c300000| Complete |  0
| 168|0x000000008c400000, 0x000000008c500000, 0x000000008c500000|100%|HC|  |TAMS 0x000000008c500000| PB 0x000000008c400000| Complete |  0
| 169|0x000000008c500000, 0x000000008c600000, 0x000000008c600000|100%|HC|  |TAMS 0x000000008c600000| PB 0x000000008c500000| Complete |  0
| 170|0x000000008c600000, 0x000000008c700000, 0x000000008c700000|100%|HC|  |TAMS 0x000000008c700000| PB 0x000000008c600000| Complete |  0
| 171|0x000000008c700000, 0x000000008c800000, 0x000000008c800000|100%|HC|  |TAMS 0x000000008c800000| PB 0x000000008c700000| Complete |  0
| 172|0x000000008c800000, 0x000000008c900000, 0x000000008c900000|100%|HC|  |TAMS 0x000000008c900000| PB 0x000000008c800000| Complete |  0
| 173|0x000000008c900000, 0x000000008ca00000, 0x000000008ca00000|100%|HC|  |TAMS 0x000000008ca00000| PB 0x000000008c900000| Complete |  0
| 174|0x000000008ca00000, 0x000000008cb00000, 0x000000008cb00000|100%|HC|  |TAMS 0x000000008cb00000| PB 0x000000008ca00000| Complete |  0
| 175|0x000000008cb00000, 0x000000008cc00000, 0x000000008cc00000|100%|HC|  |TAMS 0x000000008cc00000| PB 0x000000008cb00000| Complete |  0
| 176|0x000000008cc00000, 0x000000008cd00000, 0x000000008cd00000|100%|HC|  |TAMS 0x000000008cd00000| PB 0x000000008cc00000| Complete |  0
| 177|0x000000008cd00000, 0x000000008ce00000, 0x000000008ce00000|100%|HC|  |TAMS 0x000000008ce00000| PB 0x000000008cd00000| Complete |  0
| 178|0x000000008ce00000, 0x000000008cf00000, 0x000000008cf00000|100%|HC|  |TAMS 0x000000008cf00000| PB 0x000000008ce00000| Complete |  0
| 179|0x000000008cf00000, 0x000000008d000000, 0x000000008d000000|100%|HC|  |TAMS 0x000000008d000000| PB 0x000000008cf00000| Complete |  0
| 180|0x000000008d000000, 0x000000008d100000, 0x000000008d100000|100%|HC|  |TAMS 0x000000008d100000| PB 0x000000008d000000| Complete |  0
| 181|0x000000008d100000, 0x000000008d200000, 0x000000008d200000|100%|HC|  |TAMS 0x000000008d200000| PB 0x000000008d100000| Complete |  0
| 182|0x000000008d200000, 0x000000008d300000, 0x000000008d300000|100%|HC|  |TAMS 0x000000008d300000| PB 0x000000008d200000| Complete |  0
| 183|0x000000008d300000, 0x000000008d400000, 0x000000008d400000|100%|HC|  |TAMS 0x000000008d400000| PB 0x000000008d300000| Complete |  0
| 184|0x000000008d400000, 0x000000008d500000, 0x000000008d500000|100%|HC|  |TAMS 0x000000008d500000| PB 0x000000008d400000| Complete |  0
| 185|0x000000008d500000, 0x000000008d600000, 0x000000008d600000|100%|HC|  |TAMS 0x000000008d600000| PB 0x000000008d500000| Complete |  0
| 186|0x000000008d600000, 0x000000008d700000, 0x000000008d700000|100%|HC|  |TAMS 0x000000008d700000| PB 0x000000008d600000| Complete |  0
| 187|0x000000008d700000, 0x000000008d800000, 0x000000008d800000|100%|HC|  |TAMS 0x000000008d800000| PB 0x000000008d700000| Complete |  0
| 188|0x000000008d800000, 0x000000008d900000, 0x000000008d900000|100%|HC|  |TAMS 0x000000008d900000| PB 0x000000008d800000| Complete |  0
| 189|0x000000008d900000, 0x000000008da00000, 0x000000008da00000|100%|HC|  |TAMS 0x000000008da00000| PB 0x000000008d900000| Complete |  0
| 190|0x000000008da00000, 0x000000008db00000, 0x000000008db00000|100%|HC|  |TAMS 0x000000008db00000| PB 0x000000008da00000| Complete |  0
| 191|0x000000008db00000, 0x000000008dc00000, 0x000000008dc00000|100%|HC|  |TAMS 0x000000008dc00000| PB 0x000000008db00000| Complete |  0
| 192|0x000000008dc00000, 0x000000008dd00000, 0x000000008dd00000|100%|HC|  |TAMS 0x000000008dd00000| PB 0x000000008dc00000| Complete |  0
| 193|0x000000008dd00000, 0x000000008de00000, 0x000000008de00000|100%|HC|  |TAMS 0x000000008de00000| PB 0x000000008dd00000| Complete |  0
| 194|0x000000008de00000, 0x000000008df00000, 0x000000008df00000|100%|HC|  |TAMS 0x000000008df00000| PB 0x000000008de00000| Complete |  0
| 195|0x000000008df00000, 0x000000008e000000, 0x000000008e000000|100%|HC|  |TAMS 0x000000008e000000| PB 0x000000008df00000| Complete |  0
| 196|0x000000008e000000, 0x000000008e100000, 0x000000008e100000|100%|HC|  |TAMS 0x000000008e100000| PB 0x000000008e000000| Complete |  0
| 197|0x000000008e100000, 0x000000008e200000, 0x000000008e200000|100%|HC|  |TAMS 0x000000008e200000| PB 0x000000008e100000| Complete |  0
| 198|0x000000008e200000, 0x000000008e300000, 0x000000008e300000|100%|HC|  |TAMS 0x000000008e300000| PB 0x000000008e200000| Complete |  0
| 199|0x000000008e300000, 0x000000008e400000, 0x000000008e400000|100%|HC|  |TAMS 0x000000008e400000| PB 0x000000008e300000| Complete |  0
| 200|0x000000008e400000, 0x000000008e500000, 0x000000008e500000|100%|HC|  |TAMS 0x000000008e500000| PB 0x000000008e400000| Complete |  0
| 201|0x000000008e500000, 0x000000008e600000, 0x000000008e600000|100%|HC|  |TAMS 0x000000008e600000| PB 0x000000008e500000| Complete |  0
| 202|0x000000008e600000, 0x000000008e700000, 0x000000008e700000|100%|HC|  |TAMS 0x000000008e700000| PB 0x000000008e600000| Complete |  0
| 203|0x000000008e700000, 0x000000008e800000, 0x000000008e800000|100%|HC|  |TAMS 0x000000008e800000| PB 0x000000008e700000| Complete |  0
| 204|0x000000008e800000, 0x000000008e900000, 0x000000008e900000|100%|HC|  |TAMS 0x000000008e900000| PB 0x000000008e800000| Complete |  0
| 205|0x000000008e900000, 0x000000008ea00000, 0x000000008ea00000|100%|HC|  |TAMS 0x000000008ea00000| PB 0x000000008e900000| Complete |  0
| 206|0x000000008ea00000, 0x000000008eb00000, 0x000000008eb00000|100%|HC|  |TAMS 0x000000008eb00000| PB 0x000000008ea00000| Complete |  0
| 207|0x000000008eb00000, 0x000000008ec00000, 0x000000008ec00000|100%|HC|  |TAMS 0x000000008ec00000| PB 0x000000008eb00000| Complete |  0
| 208|0x000000008ec00000, 0x000000008ed00000, 0x000000008ed00000|100%|HC|  |TAMS 0x000000008ed00000| PB 0x000000008ec00000| Complete |  0
| 209|0x000000008ed00000, 0x000000008ee00000, 0x000000008ee00000|100%|HC|  |TAMS 0x000000008ee00000| PB 0x000000008ed00000| Complete |  0
| 210|0x000000008ee00000, 0x000000008ef00000, 0x000000008ef00000|100%|HC|  |TAMS 0x000000008ef00000| PB 0x000000008ee00000| Complete |  0
| 211|0x000000008ef00000, 0x000000008f000000, 0x000000008f000000|100%|HC|  |TAMS 0x000000008f000000| PB 0x000000008ef00000| Complete |  0
| 212|0x000000008f000000, 0x000000008f100000, 0x000000008f100000|100%|HC|  |TAMS 0x000000008f100000| PB 0x000000008f000000| Complete |  0
| 213|0x000000008f100000, 0x000000008f200000, 0x000000008f200000|100%|HC|  |TAMS 0x000000008f200000| PB 0x000000008f100000| Complete |  0
| 214|0x000000008f200000, 0x000000008f300000, 0x000000008f300000|100%|HC|  |TAMS 0x000000008f300000| PB 0x000000008f200000| Complete |  0
| 215|0x000000008f300000, 0x000000008f400000, 0x000000008f400000|100%|HC|  |TAMS 0x000000008f400000| PB 0x000000008f300000| Complete |  0
| 216|0x000000008f400000, 0x000000008f500000, 0x000000008f500000|100%|HC|  |TAMS 0x000000008f500000| PB 0x000000008f400000| Complete |  0
| 217|0x000000008f500000, 0x000000008f600000, 0x000000008f600000|100%|HC|  |TAMS 0x000000008f600000| PB 0x000000008f500000| Complete |  0
| 218|0x000000008f600000, 0x000000008f700000, 0x000000008f700000|100%|HC|  |TAMS 0x000000008f700000| PB 0x000000008f600000| Complete |  0
| 219|0x000000008f700000, 0x000000008f800000, 0x000000008f800000|100%|HC|  |TAMS 0x000000008f800000| PB 0x000000008f700000| Complete |  0
| 220|0x000000008f800000, 0x000000008f900000, 0x000000008f900000|100%|HC|  |TAMS 0x000000008f900000| PB 0x000000008f800000| Complete |  0
| 221|0x000000008f900000, 0x000000008fa00000, 0x000000008fa00000|100%|HC|  |TAMS 0x000000008fa00000| PB 0x000000008f900000| Complete |  0
| 222|0x000000008fa00000, 0x000000008fb00000, 0x000000008fb00000|100%|HC|  |TAMS 0x000000008fb00000| PB 0x000000008fa00000| Complete |  0
| 223|0x000000008fb00000, 0x000000008fc00000, 0x000000008fc00000|100%|HC|  |TAMS 0x000000008fc00000| PB 0x000000008fb00000| Complete |  0
| 224|0x000000008fc00000, 0x000000008fd00000, 0x000000008fd00000|100%|HC|  |TAMS 0x000000008fd00000| PB 0x000000008fc00000| Complete |  0
| 225|0x000000008fd00000, 0x000000008fe00000, 0x000000008fe00000|100%|HC|  |TAMS 0x000000008fe00000| PB 0x000000008fd00000| Complete |  0
| 226|0x000000008fe00000, 0x000000008ff00000, 0x000000008ff00000|100%|HC|  |TAMS 0x000000008ff00000| PB 0x000000008fe00000| Complete |  0
| 227|0x000000008ff00000, 0x0000000090000000, 0x0000000090000000|100%|HC|  |TAMS 0x0000000090000000| PB 0x000000008ff00000| Complete |  0
| 228|0x0000000090000000, 0x0000000090100000, 0x0000000090100000|100%|HC|  |TAMS 0x0000000090100000| PB 0x0000000090000000| Complete |  0
| 229|0x0000000090100000, 0x0000000090200000, 0x0000000090200000|100%|HC|  |TAMS 0x0000000090200000| PB 0x0000000090100000| Complete |  0
| 230|0x0000000090200000, 0x0000000090300000, 0x0000000090300000|100%|HC|  |TAMS 0x0000000090300000| PB 0x0000000090200000| Complete |  0
| 231|0x0000000090300000, 0x0000000090400000, 0x0000000090400000|100%|HC|  |TAMS 0x0000000090400000| PB 0x0000000090300000| Complete |  0
| 232|0x0000000090400000, 0x0000000090500000, 0x0000000090500000|100%|HC|  |TAMS 0x0000000090500000| PB 0x0000000090400000| Complete |  0
| 233|0x0000000090500000, 0x0000000090600000, 0x0000000090600000|100%|HC|  |TAMS 0x0000000090600000| PB 0x0000000090500000| Complete |  0
| 234|0x0000000090600000, 0x0000000090700000, 0x0000000090700000|100%|HC|  |TAMS 0x0000000090700000| PB 0x0000000090600000| Complete |  0
| 235|0x0000000090700000, 0x0000000090800000, 0x0000000090800000|100%|HC|  |TAMS 0x0000000090800000| PB 0x0000000090700000| Complete |  0
| 236|0x0000000090800000, 0x0000000090900000, 0x0000000090900000|100%|HC|  |TAMS 0x0000000090900000| PB 0x0000000090800000| Complete |  0
| 237|0x0000000090900000, 0x0000000090a00000, 0x0000000090a00000|100%|HC|  |TAMS 0x0000000090a00000| PB 0x0000000090900000| Complete |  0
| 238|0x0000000090a00000, 0x0000000090b00000, 0x0000000090b00000|100%|HC|  |TAMS 0x0000000090b00000| PB 0x0000000090a00000| Complete |  0
| 239|0x0000000090b00000, 0x0000000090c00000, 0x0000000090c00000|100%|HC|  |TAMS 0x0000000090c00000| PB 0x0000000090b00000| Complete |  0
| 240|0x0000000090c00000, 0x0000000090d00000, 0x0000000090d00000|100%|HC|  |TAMS 0x0000000090d00000| PB 0x0000000090c00000| Complete |  0
| 241|0x0000000090d00000, 0x0000000090e00000, 0x0000000090e00000|100%|HC|  |TAMS 0x0000000090e00000| PB 0x0000000090d00000| Complete |  0
| 242|0x0000000090e00000, 0x0000000090f00000, 0x0000000090f00000|100%|HC|  |TAMS 0x0000000090f00000| PB 0x0000000090e00000| Complete |  0
| 243|0x0000000090f00000, 0x0000000091000000, 0x0000000091000000|100%|HC|  |TAMS 0x0000000091000000| PB 0x0000000090f00000| Complete |  0
| 244|0x0000000091000000, 0x0000000091000000, 0x0000000091100000|  0%| F|  |TAMS 0x0000000091000000| PB 0x0000000091000000| Untracked |  0
| 245|0x0000000091100000, 0x0000000091100000, 0x0000000091200000|  0%| F|  |TAMS 0x0000000091100000| PB 0x0000000091100000| Untracked |  0
| 246|0x0000000091200000, 0x0000000091200000, 0x0000000091300000|  0%| F|  |TAMS 0x0000000091200000| PB 0x0000000091200000| Untracked |  0
| 247|0x0000000091300000, 0x0000000091300000, 0x0000000091400000|  0%| F|  |TAMS 0x0000000091300000| PB 0x0000000091300000| Untracked |  0
| 248|0x0000000091400000, 0x0000000091400000, 0x0000000091500000|  0%| F|  |TAMS 0x0000000091400000| PB 0x0000000091400000| Untracked |  0
| 249|0x0000000091500000, 0x0000000091500000, 0x0000000091600000|  0%| F|  |TAMS 0x0000000091500000| PB 0x0000000091500000| Untracked |  0
| 250|0x0000000091600000, 0x0000000091600000, 0x0000000091700000|  0%| F|  |TAMS 0x0000000091600000| PB 0x0000000091600000| Untracked |  0
| 251|0x0000000091700000, 0x0000000091700000, 0x0000000091800000|  0%| F|  |TAMS 0x0000000091700000| PB 0x0000000091700000| Untracked |  0
| 252|0x0000000091800000, 0x0000000091800000, 0x0000000091900000|  0%| F|  |TAMS 0x0000000091800000| PB 0x0000000091800000| Untracked |  0
| 253|0x0000000091900000, 0x0000000091983040, 0x0000000091a00000| 51%| S|CS|TAMS 0x0000000091900000| PB 0x0000000091900000| Complete |  0
| 254|0x0000000091a00000, 0x0000000091b00000, 0x0000000091b00000|100%| S|CS|TAMS 0x0000000091a00000| PB 0x0000000091a00000| Complete |  0
| 255|0x0000000091b00000, 0x0000000091b00000, 0x0000000091c00000|  0%| F|  |TAMS 0x0000000091b00000| PB 0x0000000091b00000| Untracked |  0
| 256|0x0000000091c00000, 0x0000000091c00000, 0x0000000091d00000|  0%| F|  |TAMS 0x0000000091c00000| PB 0x0000000091c00000| Untracked |  0
| 257|0x0000000091d00000, 0x0000000091d00000, 0x0000000091e00000|  0%| F|  |TAMS 0x0000000091d00000| PB 0x0000000091d00000| Untracked |  0
| 258|0x0000000091e00000, 0x0000000091e00000, 0x0000000091f00000|  0%| F|  |TAMS 0x0000000091e00000| PB 0x0000000091e00000| Untracked |  0
| 259|0x0000000091f00000, 0x0000000091f00000, 0x0000000092000000|  0%| F|  |TAMS 0x0000000091f00000| PB 0x0000000091f00000| Untracked |  0
| 260|0x0000000092000000, 0x0000000092000000, 0x0000000092100000|  0%| F|  |TAMS 0x0000000092000000| PB 0x0000000092000000| Untracked |  0
| 261|0x0000000092100000, 0x0000000092100000, 0x0000000092200000|  0%| F|  |TAMS 0x0000000092100000| PB 0x0000000092100000| Untracked |  0
| 262|0x0000000092200000, 0x0000000092200000, 0x0000000092300000|  0%| F|  |TAMS 0x0000000092200000| PB 0x0000000092200000| Untracked |  0
| 263|0x0000000092300000, 0x0000000092300000, 0x0000000092400000|  0%| F|  |TAMS 0x0000000092300000| PB 0x0000000092300000| Untracked |  0
| 264|0x0000000092400000, 0x0000000092400000, 0x0000000092500000|  0%| F|  |TAMS 0x0000000092400000| PB 0x0000000092400000| Untracked |  0
| 265|0x0000000092500000, 0x0000000092500000, 0x0000000092600000|  0%| F|  |TAMS 0x0000000092500000| PB 0x0000000092500000| Untracked |  0
| 266|0x0000000092600000, 0x0000000092600000, 0x0000000092700000|  0%| F|  |TAMS 0x0000000092600000| PB 0x0000000092600000| Untracked |  0
| 267|0x0000000092700000, 0x0000000092700000, 0x0000000092800000|  0%| F|  |TAMS 0x0000000092700000| PB 0x0000000092700000| Untracked |  0
| 268|0x0000000092800000, 0x0000000092800000, 0x0000000092900000|  0%| F|  |TAMS 0x0000000092800000| PB 0x0000000092800000| Untracked |  0
| 269|0x0000000092900000, 0x0000000092900000, 0x0000000092a00000|  0%| F|  |TAMS 0x0000000092900000| PB 0x0000000092900000| Untracked |  0
| 270|0x0000000092a00000, 0x0000000092a00000, 0x0000000092b00000|  0%| F|  |TAMS 0x0000000092a00000| PB 0x0000000092a00000| Untracked |  0
| 271|0x0000000092b00000, 0x0000000092b00000, 0x0000000092c00000|  0%| F|  |TAMS 0x0000000092b00000| PB 0x0000000092b00000| Untracked |  0
| 272|0x0000000092c00000, 0x0000000092c00000, 0x0000000092d00000|  0%| F|  |TAMS 0x0000000092c00000| PB 0x0000000092c00000| Untracked |  0
| 273|0x0000000092d00000, 0x0000000092d00000, 0x0000000092e00000|  0%| F|  |TAMS 0x0000000092d00000| PB 0x0000000092d00000| Untracked |  0
| 274|0x0000000092e00000, 0x0000000092e00000, 0x0000000092f00000|  0%| F|  |TAMS 0x0000000092e00000| PB 0x0000000092e00000| Untracked |  0
| 275|0x0000000092f00000, 0x0000000092f00000, 0x0000000093000000|  0%| F|  |TAMS 0x0000000092f00000| PB 0x0000000092f00000| Untracked |  0
| 276|0x0000000093000000, 0x0000000093000000, 0x0000000093100000|  0%| F|  |TAMS 0x0000000093000000| PB 0x0000000093000000| Untracked |  0
| 277|0x0000000093100000, 0x0000000093100000, 0x0000000093200000|  0%| F|  |TAMS 0x0000000093100000| PB 0x0000000093100000| Untracked |  0
| 278|0x0000000093200000, 0x0000000093200000, 0x0000000093300000|  0%| F|  |TAMS 0x0000000093200000| PB 0x0000000093200000| Untracked |  0
| 279|0x0000000093300000, 0x0000000093300000, 0x0000000093400000|  0%| F|  |TAMS 0x0000000093300000| PB 0x0000000093300000| Untracked |  0
| 280|0x0000000093400000, 0x0000000093400000, 0x0000000093500000|  0%| F|  |TAMS 0x0000000093400000| PB 0x0000000093400000| Untracked |  0
| 281|0x0000000093500000, 0x0000000093500000, 0x0000000093600000|  0%| F|  |TAMS 0x0000000093500000| PB 0x0000000093500000| Untracked |  0
| 282|0x0000000093600000, 0x0000000093600000, 0x0000000093700000|  0%| F|  |TAMS 0x0000000093600000| PB 0x0000000093600000| Untracked |  0
| 283|0x0000000093700000, 0x0000000093700000, 0x0000000093800000|  0%| F|  |TAMS 0x0000000093700000| PB 0x0000000093700000| Untracked |  0
| 284|0x0000000093800000, 0x0000000093800000, 0x0000000093900000|  0%| F|  |TAMS 0x0000000093800000| PB 0x0000000093800000| Untracked |  0
| 285|0x0000000093900000, 0x0000000093900000, 0x0000000093a00000|  0%| F|  |TAMS 0x0000000093900000| PB 0x0000000093900000| Untracked |  0
| 286|0x0000000093a00000, 0x0000000093a00000, 0x0000000093b00000|  0%| F|  |TAMS 0x0000000093a00000| PB 0x0000000093a00000| Untracked |  0
| 287|0x0000000093b00000, 0x0000000093b00000, 0x0000000093c00000|  0%| F|  |TAMS 0x0000000093b00000| PB 0x0000000093b00000| Untracked |  0
| 288|0x0000000093c00000, 0x0000000093c00000, 0x0000000093d00000|  0%| F|  |TAMS 0x0000000093c00000| PB 0x0000000093c00000| Untracked |  0
| 289|0x0000000093d00000, 0x0000000093d00000, 0x0000000093e00000|  0%| F|  |TAMS 0x0000000093d00000| PB 0x0000000093d00000| Untracked |  0
| 290|0x0000000093e00000, 0x0000000093e00000, 0x0000000093f00000|  0%| F|  |TAMS 0x0000000093e00000| PB 0x0000000093e00000| Untracked |  0
| 291|0x0000000093f00000, 0x0000000093f00000, 0x0000000094000000|  0%| F|  |TAMS 0x0000000093f00000| PB 0x0000000093f00000| Untracked |  0
| 292|0x0000000094000000, 0x0000000094000000, 0x0000000094100000|  0%| F|  |TAMS 0x0000000094000000| PB 0x0000000094000000| Untracked |  0
| 293|0x0000000094100000, 0x0000000094100000, 0x0000000094200000|  0%| F|  |TAMS 0x0000000094100000| PB 0x0000000094100000| Untracked |  0
| 294|0x0000000094200000, 0x0000000094200000, 0x0000000094300000|  0%| F|  |TAMS 0x0000000094200000| PB 0x0000000094200000| Untracked |  0
| 295|0x0000000094300000, 0x0000000094300000, 0x0000000094400000|  0%| F|  |TAMS 0x0000000094300000| PB 0x0000000094300000| Untracked |  0
| 296|0x0000000094400000, 0x0000000094400000, 0x0000000094500000|  0%| F|  |TAMS 0x0000000094400000| PB 0x0000000094400000| Untracked |  0
| 297|0x0000000094500000, 0x0000000094500000, 0x0000000094600000|  0%| F|  |TAMS 0x0000000094500000| PB 0x0000000094500000| Untracked |  0
| 298|0x0000000094600000, 0x00000000946bf398, 0x0000000094700000| 74%| E|  |TAMS 0x0000000094600000| PB 0x0000000094600000| Complete |  0
| 299|0x0000000094700000, 0x0000000094800000, 0x0000000094800000|100%| E|CS|TAMS 0x0000000094700000| PB 0x0000000094700000| Complete |  0

Card table byte_map: [0x000002402f220000,0x000002402f620000] _byte_map_base: 0x000002402ee12000

Marking Bits: (CMBitMap*) 0x0000024017736880
 Bits: [0x000002402f620000, 0x00000240315b0000)

Polling page: 0x0000024015690000

Metaspace:

Usage:
  Non-class:      8.23 MB used.
      Class:      1.04 MB used.
       Both:      9.26 MB used.

Virtual space:
  Non-class space:       64.00 MB reserved,       8.38 MB ( 13%) committed,  1 nodes.
      Class space:        1.00 GB reserved,       1.19 MB ( <1%) committed,  1 nodes.
             Both:        1.06 GB reserved,       9.56 MB ( <1%) committed. 

Chunk freelists:
   Non-Class:  6.98 MB
       Class:  14.74 MB
        Both:  21.71 MB

MaxMetaspaceSize: unlimited
CompressedClassSpaceSize: 1.00 GB
Initial GC threshold: 21.00 MB
Current GC threshold: 21.00 MB
CDS: on
 - commit_granule_bytes: 65536.
 - commit_granule_words: 8192.
 - virtual_space_node_default_size: 8388608.
 - enlarge_chunks_in_place: 1.
 - use_allocation_guard: 0.


Internal statistics:

num_allocs_failed_limit: 0.
num_arena_births: 182.
num_arena_deaths: 0.
num_vsnodes_births: 2.
num_vsnodes_deaths: 0.
num_space_committed: 153.
num_space_uncommitted: 0.
num_chunks_returned_to_freelist: 0.
num_chunks_taken_from_freelist: 255.
num_chunk_merges: 0.
num_chunk_splits: 141.
num_chunks_enlarged: 47.
num_inconsistent_stats: 0.

CodeHeap 'non-profiled nmethods': size=120064Kb used=521Kb max_used=559Kb free=119543Kb
 bounds [0x00000240278e0000, 0x0000024027b50000, 0x000002402ee20000]
CodeHeap 'profiled nmethods': size=120000Kb used=1700Kb max_used=1834Kb free=118299Kb
 bounds [0x000002401fe20000, 0x0000024020090000, 0x0000024027350000]
CodeHeap 'non-nmethods': size=5696Kb used=1571Kb max_used=1586Kb free=4124Kb
 bounds [0x0000024027350000, 0x00000240275c0000, 0x00000240278e0000]
CodeCache: size=245760Kb, used=3792Kb, max_used=3979Kb, free=241966Kb
 total_blobs=2063, nmethods=1413, adapters=556, full_count=0
Compilation: enabled, stopped_count=0, restarted_count=0

Compilation events (20 events):
Event: 14.636 Thread 0x0000024033bb9b90 nmethod 1530 0x000002401ffe8388 code [0x000002401ffe84a0, 0x000002401ffe8608]
Event: 14.650 Thread 0x0000024033bb9b90 1531       3       java.util.concurrent.locks.ReentrantLock::unlock (10 bytes)
Event: 14.650 Thread 0x0000024033bb4f10 1536       4       java.util.concurrent.locks.ReentrantLock::lock (8 bytes)
Event: 14.651 Thread 0x0000024033bb9b90 nmethod 1531 0x000002401ffe8688 code [0x000002401ffe87c0, 0x000002401ffe8a98]
Event: 14.651 Thread 0x0000024033bb9b90 1533       3       java.util.concurrent.locks.ReentrantLock$NonfairSync::initialTryLock (58 bytes)
Event: 14.652 Thread 0x0000024033bb9b90 nmethod 1533 0x000002401ffe8b08 code [0x000002401ffe8c60, 0x000002401ffe9030]
Event: 14.652 Thread 0x0000024033bb9b90 1537       3       java.lang.ref.ReferenceQueue::signal (10 bytes)
Event: 14.652 Thread 0x0000024033bb9b90 nmethod 1537 0x000002401ffe9088 code [0x000002401ffe91e0, 0x000002401ffe95d8]
Event: 14.652 Thread 0x0000024033bb9b90 1532       3       java.util.concurrent.locks.ReentrantLock$Sync::isHeldExclusively (16 bytes)
Event: 14.653 Thread 0x0000024033bb9b90 nmethod 1532 0x000002401ffe9608 code [0x000002401ffe9720, 0x000002401ffe98b0]
Event: 14.654 Thread 0x0000024033bb9b90 1534       3       java.util.concurrent.locks.AbstractQueuedSynchronizer$ConditionObject::signalAll (34 bytes)
Event: 14.654 Thread 0x0000024033bb9b90 nmethod 1534 0x000002401ffe9908 code [0x000002401ffe9a60, 0x000002401ffe9da8]
Event: 14.654 Thread 0x0000024033bb9b90 1535   !   3       java.lang.ref.ReferenceQueue::enqueue (32 bytes)
Event: 14.655 Thread 0x0000024033bb9b90 nmethod 1535 0x000002401ffe9e08 code [0x000002401ffe9fc0, 0x000002401ffea8f8]
Event: 14.655 Thread 0x0000024033bb9b90 1539       1       java.awt.Color::getRGB (5 bytes)
Event: 14.656 Thread 0x0000024033bb9b90 nmethod 1539 0x000002402796b308 code [0x000002402796b420, 0x000002402796b4e8]
Event: 14.658 Thread 0x0000024033bb4f10 nmethod 1536 0x000002402796b608 code [0x000002402796b740, 0x000002402796b9e0]
Event: 14.658 Thread 0x0000024033bb4f10 1538       4       sun.java2d.loops.GraphicsPrimitiveMgr$2::compare (24 bytes)
Event: 14.659 Thread 0x0000024033bb4f10 nmethod 1538 0x000002402796ba88 code [0x000002402796bba0, 0x000002402796bcd0]
Event: 14.660 Thread 0x0000024033bb4f10 1540       4       sun.java2d.StateTrackableDelegate::markDirty (6 bytes)

GC Heap History (20 events):
Event: 2.415 GC heap before
{Heap before GC invocations=1 (full 0):
 garbage-first heap   total reserved 2068480K, committed 131072K, used 106464K [0x0000000081c00000, 0x0000000100000000)
  region size 1024K, 13 young (13312K), 2 survivors (2048K)
 Metaspace       used 6172K, committed 6400K, reserved 1114112K
  class space    used 720K, committed 832K, reserved 1048576K
}
Event: 2.420 GC heap after
{Heap after GC invocations=2 (full 0):
 garbage-first heap   total reserved 2068480K, committed 131072K, used 96514K [0x0000000081c00000, 0x0000000100000000)
  region size 1024K, 1 young (1024K), 1 survivors (1024K)
 Metaspace       used 6172K, committed 6400K, reserved 1114112K
  class space    used 720K, committed 832K, reserved 1048576K
}
Event: 2.856 GC heap before
{Heap before GC invocations=2 (full 0):
 garbage-first heap   total reserved 2068480K, committed 131072K, used 111874K [0x0000000081c00000, 0x0000000100000000)
  region size 1024K, 17 young (17408K), 1 survivors (1024K)
 Metaspace       used 6173K, committed 6400K, reserved 1114112K
  class space    used 720K, committed 832K, reserved 1048576K
}
Event: 2.858 GC heap after
{Heap after GC invocations=3 (full 0):
 garbage-first heap   total reserved 2068480K, committed 131072K, used 96266K [0x0000000081c00000, 0x0000000100000000)
  region size 1024K, 1 young (1024K), 1 survivors (1024K)
 Metaspace       used 6173K, committed 6400K, reserved 1114112K
  class space    used 720K, committed 832K, reserved 1048576K
}
Event: 3.552 GC heap before
{Heap before GC invocations=4 (full 0):
 garbage-first heap   total reserved 2068480K, committed 162816K, used 113674K [0x0000000081c00000, 0x0000000100000000)
  region size 1024K, 19 young (19456K), 1 survivors (1024K)
 Metaspace       used 6173K, committed 6400K, reserved 1114112K
  class space    used 720K, committed 832K, reserved 1048576K
}
Event: 3.553 GC heap after
{Heap after GC invocations=5 (full 0):
 garbage-first heap   total reserved 2068480K, committed 162816K, used 96204K [0x0000000081c00000, 0x0000000100000000)
  region size 1024K, 1 young (1024K), 1 survivors (1024K)
 Metaspace       used 6173K, committed 6400K, reserved 1114112K
  class space    used 720K, committed 832K, reserved 1048576K
}
Event: 4.028 GC heap before
{Heap before GC invocations=5 (full 0):
 garbage-first heap   total reserved 2068480K, committed 162816K, used 129996K [0x0000000081c00000, 0x0000000100000000)
  region size 1024K, 35 young (35840K), 1 survivors (1024K)
 Metaspace       used 6173K, committed 6400K, reserved 1114112K
  class space    used 720K, committed 832K, reserved 1048576K
}
Event: 4.029 GC heap after
{Heap after GC invocations=6 (full 0):
 garbage-first heap   total reserved 2068480K, committed 162816K, used 96189K [0x0000000081c00000, 0x0000000100000000)
  region size 1024K, 1 young (1024K), 1 survivors (1024K)
 Metaspace       used 6173K, committed 6400K, reserved 1114112K
  class space    used 720K, committed 832K, reserved 1048576K
}
Event: 4.318 GC heap before
{Heap before GC invocations=7 (full 0):
 garbage-first heap   total reserved 2068480K, committed 162816K, used 132029K [0x0000000081c00000, 0x0000000100000000)
  region size 1024K, 37 young (37888K), 1 survivors (1024K)
 Metaspace       used 6173K, committed 6400K, reserved 1114112K
  class space    used 720K, committed 832K, reserved 1048576K
}
Event: 4.320 GC heap after
{Heap after GC invocations=8 (full 0):
 garbage-first heap   total reserved 2068480K, committed 162816K, used 96191K [0x0000000081c00000, 0x0000000100000000)
  region size 1024K, 1 young (1024K), 1 survivors (1024K)
 Metaspace       used 6173K, committed 6400K, reserved 1114112K
  class space    used 720K, committed 832K, reserved 1048576K
}
Event: 4.947 GC heap before
{Heap before GC invocations=8 (full 0):
 garbage-first heap   total reserved 2068480K, committed 162816K, used 96191K [0x0000000081c00000, 0x0000000100000000)
  region size 1024K, 3 young (3072K), 1 survivors (1024K)
 Metaspace       used 6184K, committed 6400K, reserved 1114112K
  class space    used 723K, committed 832K, reserved 1048576K
}
Event: 4.948 GC heap after
{Heap after GC invocations=9 (full 0):
 garbage-first heap   total reserved 2068480K, committed 162816K, used 96227K [0x0000000081c00000, 0x0000000100000000)
  region size 1024K, 1 young (1024K), 1 survivors (1024K)
 Metaspace       used 6184K, committed 6400K, reserved 1114112K
  class space    used 723K, committed 832K, reserved 1048576K
}
Event: 8.054 GC heap before
{Heap before GC invocations=10 (full 0):
 garbage-first heap   total reserved 2068480K, committed 165888K, used 100323K [0x0000000081c00000, 0x0000000100000000)
  region size 1024K, 4 young (4096K), 1 survivors (1024K)
 Metaspace       used 6214K, committed 6464K, reserved 1114112K
  class space    used 724K, committed 832K, reserved 1048576K
}
Event: 8.056 GC heap after
{Heap after GC invocations=11 (full 0):
 garbage-first heap   total reserved 2068480K, committed 165888K, used 97293K [0x0000000081c00000, 0x0000000100000000)
  region size 1024K, 1 young (1024K), 1 survivors (1024K)
 Metaspace       used 6214K, committed 6464K, reserved 1114112K
  class space    used 724K, committed 832K, reserved 1048576K
}
Event: 9.321 GC heap before
{Heap before GC invocations=12 (full 0):
 garbage-first heap   total reserved 2068480K, committed 307200K, used 231437K [0x0000000081c00000, 0x0000000100000000)
  region size 1024K, 49 young (50176K), 1 survivors (1024K)
 Metaspace       used 6242K, committed 6464K, reserved 1114112K
  class space    used 724K, committed 832K, reserved 1048576K
}
Event: 9.322 GC heap after
{Heap after GC invocations=13 (full 0):
 garbage-first heap   total reserved 2068480K, committed 307200K, used 183313K [0x0000000081c00000, 0x0000000100000000)
  region size 1024K, 1 young (1024K), 1 survivors (1024K)
 Metaspace       used 6242K, committed 6464K, reserved 1114112K
  class space    used 724K, committed 832K, reserved 1048576K
}
Event: 12.417 GC heap before
{Heap before GC invocations=13 (full 0):
 garbage-first heap   total reserved 2068480K, committed 307200K, used 220177K [0x0000000081c00000, 0x0000000100000000)
  region size 1024K, 39 young (39936K), 1 survivors (1024K)
 Metaspace       used 6244K, committed 6464K, reserved 1114112K
  class space    used 724K, committed 832K, reserved 1048576K
}
Event: 12.419 GC heap after
{Heap after GC invocations=14 (full 0):
 garbage-first heap   total reserved 2068480K, committed 307200K, used 183350K [0x0000000081c00000, 0x0000000100000000)
  region size 1024K, 1 young (1024K), 1 survivors (1024K)
 Metaspace       used 6244K, committed 6464K, reserved 1114112K
  class space    used 724K, committed 832K, reserved 1048576K
}
Event: 14.643 GC heap before
{Heap before GC invocations=15 (full 0):
 garbage-first heap   total reserved 2068480K, committed 307200K, used 260150K [0x0000000081c00000, 0x0000000100000000)
  region size 1024K, 45 young (46080K), 1 survivors (1024K)
 Metaspace       used 9450K, committed 9728K, reserved 1114112K
  class space    used 1055K, committed 1216K, reserved 1048576K
}
Event: 14.649 GC heap after
{Heap after GC invocations=16 (full 0):
 garbage-first heap   total reserved 2068480K, committed 307200K, used 217539K [0x0000000081c00000, 0x0000000100000000)
  region size 1024K, 2 young (2048K), 2 survivors (2048K)
 Metaspace       used 9450K, committed 9728K, reserved 1114112K
  class space    used 1055K, committed 1216K, reserved 1048576K
}

Dll operation events (14 events):
Event: 0.102 Loaded shared library C:\Program Files\Java\jdk-23\bin\java.dll
Event: 0.254 Loaded shared library C:\Program Files\Java\jdk-23\bin\jsvml.dll
Event: 0.429 Loaded shared library C:\Program Files\Java\jdk-23\bin\zip.dll
Event: 0.435 Loaded shared library C:\Program Files\Java\jdk-23\bin\instrument.dll
Event: 0.450 Loaded shared library C:\Program Files\Java\jdk-23\bin\net.dll
Event: 0.453 Loaded shared library C:\Program Files\Java\jdk-23\bin\nio.dll
Event: 0.459 Loaded shared library C:\Program Files\Java\jdk-23\bin\zip.dll
Event: 0.512 Loaded shared library E:\Downloads\ideaIC-2024.3.1.win\bin\breakgen64.dll
Event: 0.553 Loaded shared library C:\Program Files\Java\jdk-23\bin\extnet.dll
Event: 0.554 Loaded shared library C:\Program Files\Java\jdk-23\bin\jimage.dll
Event: 0.603 Loaded shared library C:\Program Files\Java\jdk-23\bin\awt.dll
Event: 1.353 Loaded shared library C:\Program Files\Java\jdk-23\bin\javajpeg.dll
Event: 13.683 Loaded shared library C:\Program Files\Java\jdk-23\bin\freetype.dll
Event: 13.685 Loaded shared library C:\Program Files\Java\jdk-23\bin\fontmanager.dll

Deoptimization events (20 events):
Event: 14.044 Thread 0x00000240153f03d0 DEOPT PACKING pc=0x00000240279526f8 sp=0x0000009434efe3e0
Event: 14.044 Thread 0x00000240153f03d0 DEOPT UNPACKING pc=0x00000240273a4402 sp=0x0000009434efe360 mode 2
Event: 14.073 Thread 0x00000240153f03d0 DEOPT PACKING pc=0x000002401ff83724 sp=0x0000009434efe390
Event: 14.073 Thread 0x00000240153f03d0 DEOPT UNPACKING pc=0x00000240273a4b22 sp=0x0000009434efd818 mode 0
Event: 14.523 Thread 0x0000024033b8d8c0 Uncommon trap: trap_request=0xffffff45 fr.pc=0x00000240279153fc relative=0x000000000000017c
Event: 14.523 Thread 0x0000024033b8d8c0 Uncommon trap: reason=unstable_if action=reinterpret pc=0x00000240279153fc method=java.util.concurrent.locks.ReentrantLock$NonfairSync.initialTryLock()Z @ 25 c2
Event: 14.523 Thread 0x0000024033b8d8c0 DEOPT PACKING pc=0x00000240279153fc sp=0x00000094363fdcf0
Event: 14.523 Thread 0x0000024033b8d8c0 DEOPT UNPACKING pc=0x00000240273a4402 sp=0x00000094363fdc90 mode 2
Event: 14.523 Thread 0x0000024033b8d8c0 Uncommon trap: trap_request=0xffffff45 fr.pc=0x0000024027944640 relative=0x0000000000000120
Event: 14.524 Thread 0x0000024033b8d8c0 Uncommon trap: reason=unstable_if action=reinterpret pc=0x0000024027944640 method=java.util.concurrent.locks.ReentrantLock$Sync.tryRelease(I)Z @ 26 c2
Event: 14.524 Thread 0x0000024033b8d8c0 DEOPT PACKING pc=0x0000024027944640 sp=0x00000094363fdd40
Event: 14.524 Thread 0x0000024033b8d8c0 DEOPT UNPACKING pc=0x00000240273a4402 sp=0x00000094363fdc20 mode 2
Event: 14.583 Thread 0x00000240153f03d0 Uncommon trap: trap_request=0xffffff76 fr.pc=0x0000024027959b0c relative=0x000000000000026c
Event: 14.583 Thread 0x00000240153f03d0 Uncommon trap: reason=predicate action=maybe_recompile pc=0x0000024027959b0c method=java.util.ArrayList.indexOfRange(Ljava/lang/Object;II)I @ 45 c2
Event: 14.583 Thread 0x00000240153f03d0 DEOPT PACKING pc=0x0000024027959b0c sp=0x0000009434efea00
Event: 14.584 Thread 0x00000240153f03d0 DEOPT UNPACKING pc=0x00000240273a4402 sp=0x0000009434efe978 mode 2
Event: 14.658 Thread 0x000002407a9ded40 Uncommon trap: trap_request=0xffffff45 fr.pc=0x000002402795165c relative=0x00000000000000bc
Event: 14.658 Thread 0x000002407a9ded40 Uncommon trap: reason=unstable_if action=reinterpret pc=0x000002402795165c method=java.awt.font.FontRenderContext.equals(Ljava/awt/font/FontRenderContext;)Z @ 35 c2
Event: 14.658 Thread 0x000002407a9ded40 DEOPT PACKING pc=0x000002402795165c sp=0x00000094369fd920
Event: 14.658 Thread 0x000002407a9ded40 DEOPT UNPACKING pc=0x00000240273a4402 sp=0x00000094369fd8b8 mode 2

Classes loaded (20 events):
Event: 14.642 Loading class sun/awt/image/BufferedImageGraphicsConfig
Event: 14.642 Loading class sun/awt/image/BufferedImageGraphicsConfig done
Event: 14.642 Loading class sun/print/PrinterGraphicsConfig
Event: 14.642 Loading class sun/print/PrinterGraphicsConfig done
Event: 14.642 Loading class sun/java2d/opengl/WGLGraphicsConfig
Event: 14.643 Loading class sun/java2d/opengl/OGLGraphicsConfig
Event: 14.643 Loading class sun/java2d/opengl/OGLGraphicsConfig done
Event: 14.643 Loading class sun/java2d/opengl/WGLGraphicsConfig done
Event: 14.643 Loading class sun/awt/image/BufImgVolatileSurfaceManager
Event: 14.643 Loading class sun/awt/image/BufImgVolatileSurfaceManager done
Event: 14.650 Loading class sun/awt/image/BufImgSurfaceData
Event: 14.650 Loading class sun/awt/image/BufImgSurfaceData done
Event: 14.651 Loading class sun/awt/image/BufImgSurfaceData$ICMColorData
Event: 14.651 Loading class sun/awt/image/BufImgSurfaceData$ICMColorData done
Event: 14.652 Loading class sun/awt/image/BufferedImageDevice
Event: 14.652 Loading class sun/awt/image/BufferedImageDevice done
Event: 14.658 Loading class sun/swing/SwingUtilities2$KeyPair
Event: 14.658 Loading class sun/swing/SwingUtilities2$KeyPair done
Event: 14.658 Loading class sun/awt/image/BufImgSurfaceManager
Event: 14.658 Loading class sun/awt/image/BufImgSurfaceManager done

Classes unloaded (0 events):
No events

Classes redefined (0 events):
No events

Internal exceptions (14 events):
Event: 0.505 Thread 0x00000240153f03d0 Exception <a 'java/lang/NoSuchMethodError'{0x00000000899908a0}: 'java.lang.Object java.lang.invoke.Invokers$Holder.invokeExact_MT(java.lang.Object, java.lang.Object, java.lang.Object, java.lang.Object, java.lang.Object)'> (0x00000000899908a0) 
thrown [s\open\src\hotspot\share\interpreter\linkResolver.cpp, line 796]
Event: 0.556 Thread 0x0000024033b8e5e0 Exception <a 'java/lang/NoSuchMethodError'{0x00000000899e04e0}: 'void java.lang.invoke.DirectMethodHandle$Holder.invokeStatic(java.lang.Object, java.lang.Object)'> (0x00000000899e04e0) 
thrown [s\open\src\hotspot\share\interpreter\linkResolver.cpp, line 796]
Event: 0.576 Thread 0x00000240153f03d0 Exception <a 'java/lang/ClassNotFoundException'{0x00000000899b4718}: sun/awt/resources/spi/awtProvider> (0x00000000899b4718) 
thrown [s\open\src\hotspot\share\classfile\systemDictionary.cpp, line 313]
Event: 0.643 Thread 0x00000240153f03d0 Exception <a 'java/io/FileNotFoundException'{0x000000008982e078}> (0x000000008982e078) 
thrown [s\open\src\hotspot\share\prims\jni.cpp, line 520]
Event: 0.667 Thread 0x00000240153f03d0 Exception <a 'java/io/FileNotFoundException'{0x000000008985c528}> (0x000000008985c528) 
thrown [s\open\src\hotspot\share\prims\jni.cpp, line 520]
Event: 0.884 Thread 0x00000240153f03d0 Exception <a 'java/lang/NoSuchMethodError'{0x000000008975c428}: 'void java.lang.invoke.DirectMethodHandle$Holder.invokeSpecial(java.lang.Object, java.lang.Object, java.lang.Object)'> (0x000000008975c428) 
thrown [s\open\src\hotspot\share\interpreter\linkResolver.cpp, line 796]
Event: 0.918 Thread 0x00000240153f03d0 Exception <a 'java/lang/NoSuchMethodError'{0x00000000897abc70}: 'java.lang.Object java.lang.invoke.DirectMethodHandle$Holder.invokeStatic(java.lang.Object, int, java.lang.Object)'> (0x00000000897abc70) 
thrown [s\open\src\hotspot\share\interpreter\linkResolver.cpp, line 796]
Event: 0.989 Thread 0x00000240153f03d0 Exception <a 'java/lang/ClassNotFoundException'{0x0000000089652e18}: com/sun/swing/internal/plaf/metal/resources/spi/metalProvider> (0x0000000089652e18) 
thrown [s\open\src\hotspot\share\classfile\systemDictionary.cpp, line 313]
Event: 0.993 Thread 0x00000240153f03d0 Exception <a 'java/lang/ClassNotFoundException'{0x0000000089656dd8}: com/sun/swing/internal/plaf/basic/resources/spi/basicProvider> (0x0000000089656dd8) 
thrown [s\open\src\hotspot\share\classfile\systemDictionary.cpp, line 313]
Event: 1.019 Thread 0x00000240153f03d0 Exception <a 'java/lang/NoSuchMethodError'{0x00000000896735d0}: 'int java.lang.invoke.Invokers$Holder.invokeExact_MT(java.lang.Object, java.lang.Object)'> (0x00000000896735d0) 
thrown [s\open\src\hotspot\share\interpreter\linkResolver.cpp, line 796]
Event: 1.357 Thread 0x0000024033b8b7f0 Exception <a 'java/lang/NoSuchMethodError'{0x00000000896e2dc0}: 'java.lang.Object java.lang.invoke.DirectMethodHandle$Holder.newInvokeSpecial(java.lang.Object, java.lang.Object, java.lang.Object, int, int, int, int, int)'> (0x00000000896e2dc0) 
thrown [s\open\src\hotspot\share\interpreter\linkResolver.cpp, line 796]
Event: 10.121 Thread 0x0000024033b8b7f0 Implicit null exception at 0x000002402792440e to 0x00000240279248c0
Event: 14.556 Thread 0x00000240153f03d0 Exception <a 'java/lang/NoSuchMethodError'{0x0000000091ddb860}: 'void java.lang.invoke.DirectMethodHandle$Holder.invokeStaticInit(java.lang.Object)'> (0x0000000091ddb860) 
thrown [s\open\src\hotspot\share\interpreter\linkResolver.cpp, line 796]
Event: 14.618 Thread 0x0000024033b8d8c0 Exception <a 'java/lang/NoSuchMethodError'{0x0000000091c09168}: 'void java.lang.invoke.DirectMethodHandle$Holder.invokeVirtual(java.lang.Object, java.lang.Object)'> (0x0000000091c09168) 
thrown [s\open\src\hotspot\share\interpreter\linkResolver.cpp, line 796]

VM Operations (20 events):
Event: 8.047 Executing VM operation: HandshakeAllThreads (Deoptimize) done
Event: 8.054 Executing VM operation: G1TryInitiateConcMark (G1 Humongous Allocation)
Event: 8.056 Executing VM operation: G1TryInitiateConcMark (G1 Humongous Allocation) done
Event: 8.065 Executing VM operation: G1PauseRemark
Event: 8.189 Executing VM operation: G1PauseRemark done
Event: 8.192 Executing VM operation: G1PauseCleanup
Event: 8.192 Executing VM operation: G1PauseCleanup done
Event: 9.321 Executing VM operation: G1CollectForAllocation (G1 Evacuation Pause)
Event: 9.322 Executing VM operation: G1CollectForAllocation (G1 Evacuation Pause) done
Event: 12.417 Executing VM operation: G1TryInitiateConcMark (G1 Humongous Allocation)
Event: 12.419 Executing VM operation: G1TryInitiateConcMark (G1 Humongous Allocation) done
Event: 12.433 Executing VM operation: G1PauseRemark
Event: 12.434 Executing VM operation: G1PauseRemark done
Event: 12.437 Executing VM operation: G1PauseCleanup
Event: 12.437 Executing VM operation: G1PauseCleanup done
Event: 14.528 Executing VM operation: HandshakeAllThreads (Deoptimize)
Event: 14.528 Executing VM operation: HandshakeAllThreads (Deoptimize) done
Event: 14.643 Executing VM operation: G1TryInitiateConcMark (G1 Humongous Allocation)
Event: 14.649 Executing VM operation: G1TryInitiateConcMark (G1 Humongous Allocation) done
Event: 14.661 Executing VM operation: G1PauseRemark

Memory protections (0 events):
No events

Nmethod flushes (20 events):
Event: 14.662 Thread 0x0000024033b63900 flushing  nmethod 0x000002401fed4b88
Event: 14.662 Thread 0x0000024033b63900 flushing  nmethod 0x000002401fed5308
Event: 14.662 Thread 0x0000024033b63900 flushing osr nmethod 0x000002401fed5708
Event: 14.662 Thread 0x0000024033b63900 flushing osr nmethod 0x0000024027923488
Event: 14.662 Thread 0x0000024033b63900 flushing  nmethod 0x0000024027924288
Event: 14.662 Thread 0x0000024033b63900 flushing  nmethod 0x0000024027924988
Event: 14.662 Thread 0x0000024033b63900 flushing  nmethod 0x000002401fe23688
Event: 14.662 Thread 0x0000024033b63900 flushing  nmethod 0x000002401fe26588
Event: 14.662 Thread 0x0000024033b63900 flushing  nmethod 0x000002401fe44e08
Event: 14.662 Thread 0x0000024033b63900 flushing  nmethod 0x000002401fe52d08
Event: 14.662 Thread 0x0000024033b63900 flushing  nmethod 0x000002401fecbb08
Event: 14.662 Thread 0x0000024033b63900 flushing  nmethod 0x000002401fecc088
Event: 14.662 Thread 0x0000024033b63900 flushing osr nmethod 0x000002401fecc608
Event: 14.662 Thread 0x0000024033b63900 flushing osr nmethod 0x000002401fed9308
Event: 14.662 Thread 0x0000024033b63900 flushing  nmethod 0x000002401feda688
Event: 14.662 Thread 0x0000024033b63900 flushing  nmethod 0x000002401fedc388
Event: 14.662 Thread 0x0000024033b63900 flushing  nmethod 0x000002401fedd108
Event: 14.662 Thread 0x0000024033b63900 flushing osr nmethod 0x000002401fee1f88
Event: 14.662 Thread 0x0000024033b63900 flushing  nmethod 0x000002401fee8d88
Event: 14.662 Thread 0x0000024033b63900 flushing  nmethod 0x000002401feee708

Events (20 events):
Event: 0.249 Thread 0x00000240153f03d0 Thread added: 0x0000024033b84f90
Event: 0.250 Thread 0x00000240153f03d0 Thread added: 0x0000024033b864f0
Event: 0.250 Thread 0x00000240153f03d0 Thread added: 0x0000024033b8df50
Event: 0.250 Thread 0x00000240153f03d0 Thread added: 0x0000024033bb4f10
Event: 0.251 Thread 0x00000240153f03d0 Thread added: 0x0000024033bb9b90
Event: 0.348 Thread 0x00000240153f03d0 Thread added: 0x0000024033b8cba0
Event: 0.513 Thread 0x00000240153f03d0 Thread added: 0x0000024033b8e5e0
Event: 0.513 Thread 0x00000240153f03d0 Thread added: 0x0000024033b8b160
Event: 0.804 Thread 0x00000240153f03d0 Thread added: 0x0000024033b8d230
Event: 0.807 Thread 0x00000240153f03d0 Thread added: 0x0000024033b8be80
Event: 0.811 Thread 0x00000240153f03d0 Thread added: 0x0000024033b8d8c0
Event: 1.342 Thread 0x00000240153f03d0 Thread added: 0x0000024033b8b7f0
Event: 1.846 Thread 0x0000024033b8be80 Thread exited: 0x0000024033b8be80
Event: 8.044 Thread 0x00000240153f03d0 Thread added: 0x0000024033b8be80
Event: 9.975 Thread 0x0000024033bb9b90 Thread added: 0x000002407a31e090
Event: 10.465 Thread 0x000002407a31e090 Thread exited: 0x000002407a31e090
Event: 14.507 Thread 0x0000024033b8d8c0 Thread added: 0x0000024033b8c510
Event: 14.523 Thread 0x0000024033b8d8c0 Thread added: 0x000002407a9ded40
Event: 14.626 Thread 0x00000240153f03d0 Thread exited: 0x00000240153f03d0
Event: 14.626 Thread 0x000002407a9de020 Thread added: 0x000002407a9de020


Dynamic libraries:
0x00007ff783ff0000 - 0x00007ff784000000 	C:\Program Files\Java\jdk-23\bin\java.exe
0x00007fffcf750000 - 0x00007fffcf948000 	C:\WINDOWS\SYSTEM32\ntdll.dll
0x00007fffcdba0000 - 0x00007fffcdc62000 	C:\WINDOWS\System32\KERNEL32.DLL
0x00007fffccf50000 - 0x00007fffcd24e000 	C:\WINDOWS\System32\KERNELBASE.dll
0x00007fffcd4a0000 - 0x00007fffcd5a0000 	C:\WINDOWS\System32\ucrtbase.dll
0x00007fffc8450000 - 0x00007fffc846b000 	C:\Program Files\Java\jdk-23\bin\VCRUNTIME140.dll
0x00007fffb68e0000 - 0x00007fffb68f7000 	C:\Program Files\Java\jdk-23\bin\jli.dll
0x00007fffce0e0000 - 0x00007fffce27d000 	C:\WINDOWS\System32\USER32.dll
0x00007fffcce90000 - 0x00007fffcceb2000 	C:\WINDOWS\System32\win32u.dll
0x00007fffcdb70000 - 0x00007fffcdb9b000 	C:\WINDOWS\System32\GDI32.dll
0x00007fffcd5a0000 - 0x00007fffcd6b7000 	C:\WINDOWS\System32\gdi32full.dll
0x00007fffb8c80000 - 0x00007fffb8f1a000 	C:\WINDOWS\WinSxS\amd64_microsoft.windows.common-controls_6595b64144ccf1df_6.0.19041.4355_none_60b8b9eb71f62e16\COMCTL32.dll
0x00007fffcd900000 - 0x00007fffcd99e000 	C:\WINDOWS\System32\msvcrt.dll
0x00007fffcd250000 - 0x00007fffcd2ed000 	C:\WINDOWS\System32\msvcp_win.dll
0x00007fffcf1d0000 - 0x00007fffcf1ff000 	C:\WINDOWS\System32\IMM32.DLL
0x00007fffca320000 - 0x00007fffca32c000 	C:\Program Files\Java\jdk-23\bin\vcruntime140_1.dll
0x00007fffae780000 - 0x00007fffae80e000 	C:\Program Files\Java\jdk-23\bin\msvcp140.dll
0x00007fff850d0000 - 0x00007fff85e1f000 	C:\Program Files\Java\jdk-23\bin\server\jvm.dll
0x00007fffcdd90000 - 0x00007fffcde41000 	C:\WINDOWS\System32\ADVAPI32.dll
0x00007fffcf670000 - 0x00007fffcf70f000 	C:\WINDOWS\System32\sechost.dll
0x00007fffcde50000 - 0x00007fffcdf73000 	C:\WINDOWS\System32\RPCRT4.dll
0x00007fffccdf0000 - 0x00007fffcce17000 	C:\WINDOWS\System32\bcrypt.dll
0x00007fffcdfe0000 - 0x00007fffce04b000 	C:\WINDOWS\System32\WS2_32.dll
0x00007fffccc40000 - 0x00007fffccc8b000 	C:\WINDOWS\SYSTEM32\POWRPROF.dll
0x00007fffbc050000 - 0x00007fffbc077000 	C:\WINDOWS\SYSTEM32\WINMM.dll
0x00007fffc3fb0000 - 0x00007fffc3fba000 	C:\WINDOWS\SYSTEM32\VERSION.dll
0x00007fffccc20000 - 0x00007fffccc32000 	C:\WINDOWS\SYSTEM32\UMPDC.dll
0x00007fffcac30000 - 0x00007fffcac42000 	C:\WINDOWS\SYSTEM32\kernel.appcore.dll
0x00007fffc8520000 - 0x00007fffc852a000 	C:\Program Files\Java\jdk-23\bin\jimage.dll
0x00007fffc4c50000 - 0x00007fffc4e34000 	C:\WINDOWS\SYSTEM32\DBGHELP.DLL
0x00007fffbb730000 - 0x00007fffbb764000 	C:\WINDOWS\SYSTEM32\dbgcore.DLL
0x00007fffccec0000 - 0x00007fffccf42000 	C:\WINDOWS\System32\bcryptPrimitives.dll
0x00007fffc4560000 - 0x00007fffc456f000 	C:\Program Files\Java\jdk-23\bin\instrument.dll
0x00007fffb6820000 - 0x00007fffb683e000 	C:\Program Files\Java\jdk-23\bin\java.dll
0x00007fffcd7d0000 - 0x00007fffcd8fb000 	C:\WINDOWS\System32\ole32.dll
0x00007fffceb00000 - 0x00007fffcee53000 	C:\WINDOWS\System32\combase.dll
0x00007fffce330000 - 0x00007fffcea9d000 	C:\WINDOWS\System32\SHELL32.dll
0x00007fffcae30000 - 0x00007fffcb5d4000 	C:\WINDOWS\SYSTEM32\windows.storage.dll
0x00007fffcc670000 - 0x00007fffcc69e000 	C:\WINDOWS\SYSTEM32\Wldp.dll
0x00007fffcd9c0000 - 0x00007fffcda8d000 	C:\WINDOWS\System32\OLEAUT32.dll
0x00007fffcf120000 - 0x00007fffcf1cd000 	C:\WINDOWS\System32\SHCORE.dll
0x00007fffcd770000 - 0x00007fffcd7c5000 	C:\WINDOWS\System32\shlwapi.dll
0x00007fffccd20000 - 0x00007fffccd44000 	C:\WINDOWS\SYSTEM32\profapi.dll
0x00007fff7f8f0000 - 0x00007fff7f9c7000 	C:\Program Files\Java\jdk-23\bin\jsvml.dll
0x00007fff9e990000 - 0x00007fff9e9a7000 	C:\Program Files\Java\jdk-23\bin\zip.dll
0x00007fffbae40000 - 0x00007fffbae50000 	C:\Program Files\Java\jdk-23\bin\net.dll
0x00007fffcc450000 - 0x00007fffcc4ba000 	C:\WINDOWS\system32\mswsock.dll
0x00007fff9e940000 - 0x00007fff9e956000 	C:\Program Files\Java\jdk-23\bin\nio.dll
0x00007fff9e660000 - 0x00007fff9e67a000 	E:\Downloads\ideaIC-2024.3.1.win\bin\breakgen64.dll
0x00007fffb67e0000 - 0x00007fffb67e9000 	C:\Program Files\Java\jdk-23\bin\extnet.dll
0x00007fff7b4c0000 - 0x00007fff7b64e000 	C:\Program Files\Java\jdk-23\bin\awt.dll
0x00007fffca390000 - 0x00007fffca424000 	C:\WINDOWS\SYSTEM32\apphelp.dll
0x00007fffca930000 - 0x00007fffca95f000 	C:\WINDOWS\system32\DWMAPI.DLL
0x00007fffca740000 - 0x00007fffca7de000 	C:\WINDOWS\system32\uxtheme.dll
0x00007fffb80c0000 - 0x00007fffb81e8000 	C:\WINDOWS\system32\opengl32.dll
0x00007fffb8090000 - 0x00007fffb80bc000 	C:\WINDOWS\SYSTEM32\GLU32.dll
0x00007fffcdc70000 - 0x00007fffcdd85000 	C:\WINDOWS\System32\MSCTF.dll
0x00007fff9aa40000 - 0x00007fff9aa6e000 	C:\Program Files\Java\jdk-23\bin\javajpeg.dll
0x00007fff8c960000 - 0x00007fff8c9e7000 	C:\Program Files\Java\jdk-23\bin\freetype.dll
0x00007fff6b650000 - 0x00007fff6b727000 	C:\Program Files\Java\jdk-23\bin\fontmanager.dll
0x00007fffb8ad0000 - 0x00007fffb8bc9000 	C:\WINDOWS\SYSTEM32\textinputframework.dll
0x00007fffc9df0000 - 0x00007fffc9ee2000 	C:\WINDOWS\System32\CoreMessaging.dll
0x00007fffc9500000 - 0x00007fffc985b000 	C:\WINDOWS\System32\CoreUIComponents.dll
0x00007fffcbfe0000 - 0x00007fffcc013000 	C:\WINDOWS\SYSTEM32\ntmarta.dll
0x00007fffc8230000 - 0x00007fffc8387000 	C:\WINDOWS\SYSTEM32\wintypes.dll

dbghelp: loaded successfully - version: 4.0.5 - missing functions: none
symbol engine: initialized successfully - sym options: 0x614 - pdb path: .;C:\Program Files\Java\jdk-23\bin;C:\WINDOWS\SYSTEM32;C:\WINDOWS\WinSxS\amd64_microsoft.windows.common-controls_6595b64144ccf1df_6.0.19041.4355_none_60b8b9eb71f62e16;C:\Program Files\Java\jdk-23\bin\server;E:\Downloads\ideaIC-2024.3.1.win\bin

VM Arguments:
jvm_args: -javaagent:E:\Downloads\ideaIC-2024.3.1.win\lib\idea_rt.jar=50993:E:\Downloads\ideaIC-2024.3.1.win\bin -Dfile.encoding=UTF-8 -Dsun.stdout.encoding=UTF-8 -Dsun.stderr.encoding=UTF-8 
java_command: Views.SignUP
java_class_path (initial): E:\users\Desktop\care_plant\out\production\care_plant;E:\users\Desktop\java libs\jbcrypt-0.4 (1).jar;E:\users\Desktop\java libs\junit-4.12.jar;E:\users\Desktop\java libs\mysql-connector-j-9.1.0\mysql-connector-j-9.1.0\mysql-connector-j-9.1.0.jar;C:\Users\pc\.m2\repository\org\junit\jupiter\junit-jupiter\5.8.1\junit-jupiter-5.8.1.jar;C:\Users\pc\.m2\repository\org\junit\jupiter\junit-jupiter-api\5.8.1\junit-jupiter-api-5.8.1.jar;C:\Users\pc\.m2\repository\org\opentest4j\opentest4j\1.2.0\opentest4j-1.2.0.jar;C:\Users\pc\.m2\repository\org\junit\platform\junit-platform-commons\1.8.1\junit-platform-commons-1.8.1.jar;C:\Users\pc\.m2\repository\org\apiguardian\apiguardian-api\1.1.2\apiguardian-api-1.1.2.jar;C:\Users\pc\.m2\repository\org\junit\jupiter\junit-jupiter-params\5.8.1\junit-jupiter-params-5.8.1.jar;C:\Users\pc\.m2\repository\org\junit\jupiter\junit-jupiter-engine\5.8.1\junit-jupiter-engine-5.8.1.jar;C:\Users\pc\.m2\repository\org\junit\platform\junit-platform-engine\1.8.1\junit-platform-engine-1.8.1.jar
Launcher Type: SUN_STANDARD

[Global flags]
     intx CICompilerCount                          = 3                                         {product} {ergonomic}
     uint ConcGCThreads                            = 1                                         {product} {ergonomic}
     uint G1ConcRefinementThreads                  = 4                                         {product} {ergonomic}
   size_t G1HeapRegionSize                         = 1048576                                   {product} {ergonomic}
   size_t InitialHeapSize                          = 134217728                                 {product} {ergonomic}
   size_t MarkStackSize                            = 4194304                                   {product} {ergonomic}
   size_t MarkStackSizeMax                         = 536870912                                 {product} {ergonomic}
   size_t MaxHeapSize                              = 2118123520                                {product} {ergonomic}
   size_t MaxNewSize                               = 1270874112                                {product} {ergonomic}
   size_t MinHeapDeltaBytes                        = 1048576                                   {product} {ergonomic}
   size_t MinHeapSize                              = 8388608                                   {product} {ergonomic}
    uintx NonNMethodCodeHeapSize                   = 5832704                                {pd product} {ergonomic}
    uintx NonProfiledCodeHeapSize                  = 122945536                              {pd product} {ergonomic}
    uintx ProfiledCodeHeapSize                     = 122880000                              {pd product} {ergonomic}
    uintx ReservedCodeCacheSize                    = 251658240                              {pd product} {ergonomic}
     bool SegmentedCodeCache                       = true                                      {product} {ergonomic}
   size_t SoftMaxHeapSize                          = 2118123520                             {manageable} {ergonomic}
     bool UseCompressedOops                        = true                           {product lp64_product} {ergonomic}
     bool UseG1GC                                  = true                                      {product} {ergonomic}
     bool UseLargePagesIndividualAllocation        = false                                  {pd product} {ergonomic}

Logging:
Log output configuration:
 #0: stdout all=warning uptime,level,tags foldmultilines=false
 #1: stderr all=off uptime,level,tags foldmultilines=false

Environment Variables:
PATH=C:\Program Files\Common Files\Oracle\Java\javapath;C:\WINDOWS\system32;C:\WINDOWS;C:\WINDOWS\System32\Wbem;C:\WINDOWS\System32\WindowsPowerShell\v1.0\;C:\WINDOWS\System32\OpenSSH\;C:\MinGW\bin;C:\Program Files\Git\cmd;C:\MinGW\bin;C:\Program Files\nodejs\;C:\flutter_windows_3.24.3-stable\flutter\bin;C:\Program Files\MongoDB\Server\8.0\bin;C:\Program Files\MySQL\MySQL Server 8.0\bin;C:\Program Files\CMake\bin;C:\Users\pc\AppData\Local\Programs\Python\Python312\Scripts\;C:\Users\pc\AppData\Local\Programs\Python\Python312\;C:\Users\pc\AppData\Local\Programs\Python\Launcher\;C:\Users\pc\AppData\Local\Microsoft\WindowsApps;C:\Program Files\JetBrains\PyCharm Community Edition 2023.2.3\bin;;C:\MinGW\bin;E:\web dev course\Microsoft VS Code\bin;C:\Users\pc\AppData\Roaming\npm;E:\IntelliJ IDEA 2024.2.3\bin;
USERNAME=pc
OS=Windows_NT
PROCESSOR_IDENTIFIER=Intel64 Family 6 Model 78 Stepping 3, GenuineIntel
TMP=C:\Users\pc\AppData\Local\Temp
TEMP=C:\Users\pc\AppData\Local\Temp




Periodic native trim disabled

---------------  S Y S T E M  ---------------

OS:
 Windows 10 , 64 bit Build 19041 (10.0.19041.5198)
OS uptime: 0 days 9:47 hours
Hyper-V role detected

CPU: total 4 (initial active 4) (2 cores per cpu, 2 threads per core) family 6 model 78 stepping 3 microcode 0xcc, cx8, cmov, fxsr, ht, mmx, 3dnowpref, sse, sse2, sse3, ssse3, sse4.1, sse4.2, popcnt, lzcnt, tsc, tscinvbit, avx, avx2, aes, erms, clmul, bmi1, bmi2, rtm, adx, fma, vzeroupper, clflush, clflushopt, hv, rdtscp, f16c
Processor Information for the first 4 processors :
  Max Mhz: 2304, Current Mhz: 2304, Mhz Limit: 2304

Memory: 4k page, system-wide physical 8072M (970M free)
TotalPageFile size 10120M (AvailPageFile size 44M)
current process WorkingSet (physical memory assigned to process): 362M, peak: 362M
current process commit charge ("private bytes"): 401M, peak: 460M

vm_info: Java HotSpot(TM) 64-Bit Server VM (23+37-2369) for windows-amd64 JRE (23+37-2369), built on 2024-08-20T16:01:23Z with MS VC++ 17.6 (VS2022)

END.
