#
# There is insufficient memory for the Java Runtime Environment to continue.
# Native memory allocation (mmap) failed to map 32505856 bytes. Error detail: G1 virtual space
# Possible reasons:
#   The system is out of physical RAM or swap space
#   This process is running with CompressedOops enabled, and the Java Heap may be blocking the growth of the native heap
# Possible solutions:
#   Reduce memory load on the system
#   Increase physical memory or swap space
#   Check if swap backing store is full
#   Decrease Java heap size (-Xmx/-Xms)
#   Decrease number of Java threads
#   Decrease Java thread stack sizes (-Xss)
#   Set larger code cache with -XX:ReservedCodeCacheSize=
#   JVM is running with Unscaled Compressed Oops mode in which the Java heap is
#     placed in the first 4GB address space. The Java Heap base address is the
#     maximum limit for the native heap growth. Please use -XX:HeapBaseMinAddress
#     to set the Java Heap base and to place the Java Heap above 4GB virtual address.
# This output file may be truncated or incomplete.
#
#  Out of Memory Error (os_windows.cpp:3703), pid=5428, tid=14032
#
# JRE version: Java(TM) SE Runtime Environment (23.0+37) (build 23+37-2369)
# Java VM: Java HotSpot(TM) 64-Bit Server VM (23+37-2369, mixed mode, sharing, tiered, compressed oops, compressed class ptrs, g1 gc, windows-amd64)
# No core dump will be written. Minidumps are not enabled by default on client versions of Windows
#

---------------  S U M M A R Y ------------

Command Line: -javaagent:E:\Downloads\ideaIC-2024.3.1.win\lib\idea_rt.jar=51769:E:\Downloads\ideaIC-2024.3.1.win\bin -Dfile.encoding=UTF-8 -Dsun.stdout.encoding=UTF-8 -Dsun.stderr.encoding=UTF-8 Views.LoginSignUp

Host: Intel(R) Core(TM) i3-6100U CPU @ 2.30GHz, 4 cores, 7G,  Windows 10 , 64 bit Build 19041 (10.0.19041.5198)
Time: Fri Jan 10 02:16:37 2025 Morocco Summer Time elapsed time: 1.606928 seconds (0d 0h 0m 1s)

---------------  T H R E A D  ---------------

Current thread (0x000001a3d5d56580):  VMThread "VM Thread"          [id=14032, stack(0x00000076d3b00000,0x00000076d3c00000) (1024K)]

Stack: [0x00000076d3b00000,0x00000076d3c00000]
Native frames: (J=compiled Java code, j=interpreted, Vv=VM code, C=native code)
V  [jvm.dll+0x6e08a9]  (no source info available)
V  [jvm.dll+0x87da63]  (no source info available)
V  [jvm.dll+0x87feee]  (no source info available)
V  [jvm.dll+0x8805c3]  (no source info available)
V  [jvm.dll+0x27aee6]  (no source info available)
V  [jvm.dll+0x6dd1b5]  (no source info available)
V  [jvm.dll+0x6d103a]  (no source info available)
V  [jvm.dll+0x35b3ea]  (no source info available)
V  [jvm.dll+0x3637f6]  (no source info available)
V  [jvm.dll+0x34fd5e]  (no source info available)
V  [jvm.dll+0x34fff8]  (no source info available)
V  [jvm.dll+0x3289cc]  (no source info available)
V  [jvm.dll+0x32b3b9]  (no source info available)
V  [jvm.dll+0x335f74]  (no source info available)
V  [jvm.dll+0x372d55]  (no source info available)
V  [jvm.dll+0x886500]  (no source info available)
V  [jvm.dll+0x887827]  (no source info available)
V  [jvm.dll+0x887d58]  (no source info available)
V  [jvm.dll+0x887ff3]  (no source info available)
V  [jvm.dll+0x824f1b]  (no source info available)
V  [jvm.dll+0x6df055]  (no source info available)
C  [ucrtbase.dll+0x21bb2]  (no source info available)
C  [KERNEL32.DLL+0x17374]  (no source info available)
C  [ntdll.dll+0x4cc91]  (no source info available)

VM_Operation (0x00000076d36ffae0): G1PauseRemark, mode: safepoint, requested by thread 0x000001a3b780dec0


---------------  P R O C E S S  ---------------

Threads class SMR info:
_java_thread_list=0x000001a41be6e1a0, length=15, elements={
0x000001a3b99e4510, 0x000001a3d5d704b0, 0x000001a3d5d712d0, 0x000001a3d5d733f0,
0x000001a3d5d75e60, 0x000001a3d5d768c0, 0x000001a3d5d7a820, 0x000001a3d5d855d0,
0x000001a3d5d8a0a0, 0x000001a41b093a70, 0x000001a41b0954b0, 0x000001a41b092d50,
0x000001a41b095b40, 0x000001a41b094790, 0x000001a41b0933e0
}

Java Threads: ( => current thread )
  0x000001a3b99e4510 JavaThread "main"                              [_thread_blocked, id=12040, stack(0x00000076d3400000,0x00000076d3500000) (1024K)]
  0x000001a3d5d704b0 JavaThread "Reference Handler"          daemon [_thread_blocked, id=17808, stack(0x00000076d3c00000,0x00000076d3d00000) (1024K)]
  0x000001a3d5d712d0 JavaThread "Finalizer"                  daemon [_thread_blocked, id=7332, stack(0x00000076d3d00000,0x00000076d3e00000) (1024K)]
  0x000001a3d5d733f0 JavaThread "Signal Dispatcher"          daemon [_thread_blocked, id=12588, stack(0x00000076d3e00000,0x00000076d3f00000) (1024K)]
  0x000001a3d5d75e60 JavaThread "Attach Listener"            daemon [_thread_blocked, id=14172, stack(0x00000076d3f00000,0x00000076d4000000) (1024K)]
  0x000001a3d5d768c0 JavaThread "Service Thread"             daemon [_thread_blocked, id=13320, stack(0x00000076d4000000,0x00000076d4100000) (1024K)]
  0x000001a3d5d7a820 JavaThread "Monitor Deflation Thread"   daemon [_thread_blocked, id=4108, stack(0x00000076d4100000,0x00000076d4200000) (1024K)]
  0x000001a3d5d855d0 JavaThread "C2 CompilerThread0"         daemon [_thread_blocked, id=12124, stack(0x00000076d4200000,0x00000076d4300000) (1024K)]
  0x000001a3d5d8a0a0 JavaThread "C1 CompilerThread0"         daemon [_thread_blocked, id=14960, stack(0x00000076d4300000,0x00000076d4400000) (1024K)]
  0x000001a41b093a70 JavaThread "Common-Cleaner"             daemon [_thread_blocked, id=11548, stack(0x00000076d4400000,0x00000076d4500000) (1024K)]
  0x000001a41b0954b0 JavaThread "Monitor Ctrl-Break"         daemon [_thread_in_native, id=14756, stack(0x00000076d4500000,0x00000076d4600000) (1024K)]
  0x000001a41b092d50 JavaThread "Notification Thread"        daemon [_thread_blocked, id=19252, stack(0x00000076d4600000,0x00000076d4700000) (1024K)]
  0x000001a41b095b40 JavaThread "Java2D Disposer"            daemon [_thread_blocked, id=5760, stack(0x00000076d4700000,0x00000076d4800000) (1024K)]
  0x000001a41b094790 JavaThread "AWT-Windows"                daemon [_thread_in_native, id=10268, stack(0x00000076d4900000,0x00000076d4a00000) (1024K)]
  0x000001a41b0933e0 JavaThread "Image Fetcher 0"            daemon [_thread_blocked, id=18764, stack(0x00000076d4a00000,0x00000076d4b00000) (1024K)]
Total: 15

Other Threads:
=>0x000001a3d5d56580 VMThread "VM Thread"                           [id=14032, stack(0x00000076d3b00000,0x00000076d3c00000) (1024K)]
  0x000001a3d5d46790 WatcherThread "VM Periodic Task Thread"        [id=9992, stack(0x00000076d3a00000,0x00000076d3b00000) (1024K)]
  0x000001a3b9a3a400 WorkerThread "GC Thread#0"                     [id=15232, stack(0x00000076d3500000,0x00000076d3600000) (1024K)]
  0x000001a41b3e98c0 WorkerThread "GC Thread#1"                     [id=3748, stack(0x00000076d4b00000,0x00000076d4c00000) (1024K)]
  0x000001a41b3e9c70 WorkerThread "GC Thread#2"                     [id=16452, stack(0x00000076d4c00000,0x00000076d4d00000) (1024K)]
  0x000001a41b3ea020 WorkerThread "GC Thread#3"                     [id=4500, stack(0x00000076d4d00000,0x00000076d4e00000) (1024K)]
  0x000001a3b780dec0 ConcurrentGCThread "G1 Main Marker"            [id=3780, stack(0x00000076d3600000,0x00000076d3700000) (1024K)]
  0x000001a3b780eb80 WorkerThread "G1 Conc#0"                       [id=15472, stack(0x00000076d3700000,0x00000076d3800000) (1024K)]
  0x000001a3b9aae110 ConcurrentGCThread "G1 Refine#0"               [id=15372, stack(0x00000076d3800000,0x00000076d3900000) (1024K)]
  0x000001a3d5c09260 ConcurrentGCThread "G1 Service"                [id=6376, stack(0x00000076d3900000,0x00000076d3a00000) (1024K)]
Total: 10

Threads with active compile tasks:
Total: 0

VM state: at safepoint (normal execution)

VM Mutex/Monitor currently owned by a thread:  ([mutex/lock_event])
[0x00007ffea7863910] Threads_lock - owner thread: 0x000001a3d5d56580
[0x00007ffea7863a10] Heap_lock - owner thread: 0x000001a3b780dec0

Heap address: 0x0000000081c00000, size: 2020 MB, Compressed Oops mode: 32-bit

CDS archive(s) mapped at: [0x000001a3d6000000-0x000001a3d6d70000-0x000001a3d6d70000), size 14090240, SharedBaseAddress: 0x000001a3d6000000, ArchiveRelocationMode: 1.
Compressed class space mapped at: 0x000001a3d7000000-0x000001a417000000, reserved size: 1073741824
Narrow klass base: 0x000001a3d6000000, Narrow klass shift: 0, Narrow klass range: 0x41000000

GC Precious Log:
 CardTable entry size: 512
 Card Set container configuration: InlinePtr #cards 5 size 8 Array Of Cards #cards 10 size 36 Howl #buckets 4 coarsen threshold 1843 Howl Bitmap #cards 512 size 80 coarsen threshold 460 Card regions per heap region 1 cards per card region 2048
 CPUs: 4 total, 4 available
 Memory: 8072M
 Large Page Support: Disabled
 NUMA Support: Disabled
 Compressed Oops: Enabled (32-bit)
 Heap Region Size: 1M
 Heap Min Capacity: 8M
 Heap Initial Capacity: 128M
 Heap Max Capacity: 2020M
 Pre-touch: Disabled
 Parallel Workers: 4
 Concurrent Workers: 1
 Concurrent Refinement Workers: 4
 Periodic GC: Disabled

Heap:
 garbage-first heap   total reserved 2068480K, committed 131072K, used 96235K [0x0000000081c00000, 0x0000000100000000)
  region size 1024K, 3 young (3072K), 1 survivors (1024K)
 Metaspace       used 6006K, committed 6272K, reserved 1114112K
  class space    used 678K, committed 832K, reserved 1048576K

Heap Regions: E=young(eden), S=young(survivor), O=old, HS=humongous(starts), HC=humongous(continues), CS=collection set, F=free, TAMS=top-at-mark-start, PB=parsable bottom
|   0|0x0000000081c00000, 0x0000000081d00000, 0x0000000081d00000|100%|HS|  |TAMS 0x0000000081d00000| PB 0x0000000081c00000| Complete |  0
|   1|0x0000000081d00000, 0x0000000081e00000, 0x0000000081e00000|100%|HC|  |TAMS 0x0000000081e00000| PB 0x0000000081d00000| Complete |  0
|   2|0x0000000081e00000, 0x0000000081f00000, 0x0000000081f00000|100%|HC|  |TAMS 0x0000000081f00000| PB 0x0000000081e00000| Complete |  0
|   3|0x0000000081f00000, 0x0000000082000000, 0x0000000082000000|100%|HC|  |TAMS 0x0000000082000000| PB 0x0000000081f00000| Complete |  0
|   4|0x0000000082000000, 0x0000000082100000, 0x0000000082100000|100%|HC|  |TAMS 0x0000000082100000| PB 0x0000000082000000| Complete |  0
|   5|0x0000000082100000, 0x0000000082200000, 0x0000000082200000|100%|HC|  |TAMS 0x0000000082200000| PB 0x0000000082100000| Complete |  0
|   6|0x0000000082200000, 0x0000000082300000, 0x0000000082300000|100%|HC|  |TAMS 0x0000000082300000| PB 0x0000000082200000| Complete |  0
|   7|0x0000000082300000, 0x0000000082400000, 0x0000000082400000|100%|HC|  |TAMS 0x0000000082400000| PB 0x0000000082300000| Complete |  0
|   8|0x0000000082400000, 0x0000000082500000, 0x0000000082500000|100%|HC|  |TAMS 0x0000000082500000| PB 0x0000000082400000| Complete |  0
|   9|0x0000000082500000, 0x0000000082600000, 0x0000000082600000|100%|HC|  |TAMS 0x0000000082600000| PB 0x0000000082500000| Complete |  0
|  10|0x0000000082600000, 0x0000000082700000, 0x0000000082700000|100%|HC|  |TAMS 0x0000000082700000| PB 0x0000000082600000| Complete |  0
|  11|0x0000000082700000, 0x0000000082800000, 0x0000000082800000|100%|HC|  |TAMS 0x0000000082800000| PB 0x0000000082700000| Complete |  0
|  12|0x0000000082800000, 0x0000000082900000, 0x0000000082900000|100%|HC|  |TAMS 0x0000000082900000| PB 0x0000000082800000| Complete |  0
|  13|0x0000000082900000, 0x0000000082a00000, 0x0000000082a00000|100%|HC|  |TAMS 0x0000000082a00000| PB 0x0000000082900000| Complete |  0
|  14|0x0000000082a00000, 0x0000000082b00000, 0x0000000082b00000|100%|HC|  |TAMS 0x0000000082b00000| PB 0x0000000082a00000| Complete |  0
|  15|0x0000000082b00000, 0x0000000082c00000, 0x0000000082c00000|100%|HC|  |TAMS 0x0000000082c00000| PB 0x0000000082b00000| Complete |  0
|  16|0x0000000082c00000, 0x0000000082d00000, 0x0000000082d00000|100%|HC|  |TAMS 0x0000000082d00000| PB 0x0000000082c00000| Complete |  0
|  17|0x0000000082d00000, 0x0000000082e00000, 0x0000000082e00000|100%|HC|  |TAMS 0x0000000082e00000| PB 0x0000000082d00000| Complete |  0
|  18|0x0000000082e00000, 0x0000000082f00000, 0x0000000082f00000|100%|HC|  |TAMS 0x0000000082f00000| PB 0x0000000082e00000| Complete |  0
|  19|0x0000000082f00000, 0x0000000083000000, 0x0000000083000000|100%|HC|  |TAMS 0x0000000083000000| PB 0x0000000082f00000| Complete |  0
|  20|0x0000000083000000, 0x0000000083100000, 0x0000000083100000|100%|HC|  |TAMS 0x0000000083100000| PB 0x0000000083000000| Complete |  0
|  21|0x0000000083100000, 0x0000000083200000, 0x0000000083200000|100%|HC|  |TAMS 0x0000000083200000| PB 0x0000000083100000| Complete |  0
|  22|0x0000000083200000, 0x0000000083300000, 0x0000000083300000|100%|HC|  |TAMS 0x0000000083300000| PB 0x0000000083200000| Complete |  0
|  23|0x0000000083300000, 0x0000000083400000, 0x0000000083400000|100%|HC|  |TAMS 0x0000000083400000| PB 0x0000000083300000| Complete |  0
|  24|0x0000000083400000, 0x0000000083500000, 0x0000000083500000|100%|HC|  |TAMS 0x0000000083500000| PB 0x0000000083400000| Complete |  0
|  25|0x0000000083500000, 0x0000000083600000, 0x0000000083600000|100%|HC|  |TAMS 0x0000000083600000| PB 0x0000000083500000| Complete |  0
|  26|0x0000000083600000, 0x0000000083700000, 0x0000000083700000|100%|HC|  |TAMS 0x0000000083700000| PB 0x0000000083600000| Complete |  0
|  27|0x0000000083700000, 0x0000000083800000, 0x0000000083800000|100%|HC|  |TAMS 0x0000000083800000| PB 0x0000000083700000| Complete |  0
|  28|0x0000000083800000, 0x0000000083900000, 0x0000000083900000|100%|HC|  |TAMS 0x0000000083900000| PB 0x0000000083800000| Complete |  0
|  29|0x0000000083900000, 0x0000000083a00000, 0x0000000083a00000|100%|HC|  |TAMS 0x0000000083a00000| PB 0x0000000083900000| Complete |  0
|  30|0x0000000083a00000, 0x0000000083b00000, 0x0000000083b00000|100%|HC|  |TAMS 0x0000000083b00000| PB 0x0000000083a00000| Complete |  0
|  31|0x0000000083b00000, 0x0000000083c00000, 0x0000000083c00000|100%|HC|  |TAMS 0x0000000083c00000| PB 0x0000000083b00000| Complete |  0
|  32|0x0000000083c00000, 0x0000000083d00000, 0x0000000083d00000|100%|HC|  |TAMS 0x0000000083d00000| PB 0x0000000083c00000| Complete |  0
|  33|0x0000000083d00000, 0x0000000083e00000, 0x0000000083e00000|100%|HC|  |TAMS 0x0000000083e00000| PB 0x0000000083d00000| Complete |  0
|  34|0x0000000083e00000, 0x0000000083f00000, 0x0000000083f00000|100%|HC|  |TAMS 0x0000000083f00000| PB 0x0000000083e00000| Complete |  0
|  35|0x0000000083f00000, 0x0000000084000000, 0x0000000084000000|100%|HC|  |TAMS 0x0000000084000000| PB 0x0000000083f00000| Complete |  0
|  36|0x0000000084000000, 0x0000000084100000, 0x0000000084100000|100%|HC|  |TAMS 0x0000000084100000| PB 0x0000000084000000| Complete |  0
|  37|0x0000000084100000, 0x0000000084200000, 0x0000000084200000|100%|HC|  |TAMS 0x0000000084200000| PB 0x0000000084100000| Complete |  0
|  38|0x0000000084200000, 0x0000000084300000, 0x0000000084300000|100%|HC|  |TAMS 0x0000000084300000| PB 0x0000000084200000| Complete |  0
|  39|0x0000000084300000, 0x0000000084400000, 0x0000000084400000|100%|HC|  |TAMS 0x0000000084400000| PB 0x0000000084300000| Complete |  0
|  40|0x0000000084400000, 0x0000000084500000, 0x0000000084500000|100%|HC|  |TAMS 0x0000000084500000| PB 0x0000000084400000| Complete |  0
|  41|0x0000000084500000, 0x0000000084600000, 0x0000000084600000|100%|HC|  |TAMS 0x0000000084600000| PB 0x0000000084500000| Complete |  0
|  42|0x0000000084600000, 0x0000000084700000, 0x0000000084700000|100%|HC|  |TAMS 0x0000000084700000| PB 0x0000000084600000| Complete |  0
|  43|0x0000000084700000, 0x0000000084800000, 0x0000000084800000|100%|HC|  |TAMS 0x0000000084800000| PB 0x0000000084700000| Complete |  0
|  44|0x0000000084800000, 0x0000000084900000, 0x0000000084900000|100%|HC|  |TAMS 0x0000000084900000| PB 0x0000000084800000| Complete |  0
|  45|0x0000000084900000, 0x0000000084a00000, 0x0000000084a00000|100%|HC|  |TAMS 0x0000000084a00000| PB 0x0000000084900000| Complete |  0
|  46|0x0000000084a00000, 0x0000000084b00000, 0x0000000084b00000|100%|HC|  |TAMS 0x0000000084b00000| PB 0x0000000084a00000| Complete |  0
|  47|0x0000000084b00000, 0x0000000084c00000, 0x0000000084c00000|100%|HC|  |TAMS 0x0000000084c00000| PB 0x0000000084b00000| Complete |  0
|  48|0x0000000084c00000, 0x0000000084d00000, 0x0000000084d00000|100%|HC|  |TAMS 0x0000000084d00000| PB 0x0000000084c00000| Complete |  0
|  49|0x0000000084d00000, 0x0000000084e00000, 0x0000000084e00000|100%|HC|  |TAMS 0x0000000084e00000| PB 0x0000000084d00000| Complete |  0
|  50|0x0000000084e00000, 0x0000000084f00000, 0x0000000084f00000|100%|HC|  |TAMS 0x0000000084f00000| PB 0x0000000084e00000| Complete |  0
|  51|0x0000000084f00000, 0x0000000085000000, 0x0000000085000000|100%|HC|  |TAMS 0x0000000085000000| PB 0x0000000084f00000| Complete |  0
|  52|0x0000000085000000, 0x0000000085100000, 0x0000000085100000|100%|HC|  |TAMS 0x0000000085100000| PB 0x0000000085000000| Complete |  0
|  53|0x0000000085100000, 0x0000000085200000, 0x0000000085200000|100%|HC|  |TAMS 0x0000000085200000| PB 0x0000000085100000| Complete |  0
|  54|0x0000000085200000, 0x0000000085300000, 0x0000000085300000|100%|HC|  |TAMS 0x0000000085300000| PB 0x0000000085200000| Complete |  0
|  55|0x0000000085300000, 0x0000000085400000, 0x0000000085400000|100%|HC|  |TAMS 0x0000000085400000| PB 0x0000000085300000| Complete |  0
|  56|0x0000000085400000, 0x0000000085500000, 0x0000000085500000|100%|HC|  |TAMS 0x0000000085500000| PB 0x0000000085400000| Complete |  0
|  57|0x0000000085500000, 0x0000000085600000, 0x0000000085600000|100%|HC|  |TAMS 0x0000000085600000| PB 0x0000000085500000| Complete |  0
|  58|0x0000000085600000, 0x0000000085700000, 0x0000000085700000|100%|HC|  |TAMS 0x0000000085700000| PB 0x0000000085600000| Complete |  0
|  59|0x0000000085700000, 0x0000000085800000, 0x0000000085800000|100%|HC|  |TAMS 0x0000000085800000| PB 0x0000000085700000| Complete |  0
|  60|0x0000000085800000, 0x0000000085900000, 0x0000000085900000|100%|HC|  |TAMS 0x0000000085900000| PB 0x0000000085800000| Complete |  0
|  61|0x0000000085900000, 0x0000000085a00000, 0x0000000085a00000|100%|HC|  |TAMS 0x0000000085a00000| PB 0x0000000085900000| Complete |  0
|  62|0x0000000085a00000, 0x0000000085b00000, 0x0000000085b00000|100%|HC|  |TAMS 0x0000000085b00000| PB 0x0000000085a00000| Complete |  0
|  63|0x0000000085b00000, 0x0000000085c00000, 0x0000000085c00000|100%|HC|  |TAMS 0x0000000085c00000| PB 0x0000000085b00000| Complete |  0
|  64|0x0000000085c00000, 0x0000000085d00000, 0x0000000085d00000|100%|HC|  |TAMS 0x0000000085d00000| PB 0x0000000085c00000| Complete |  0
|  65|0x0000000085d00000, 0x0000000085e00000, 0x0000000085e00000|100%|HC|  |TAMS 0x0000000085e00000| PB 0x0000000085d00000| Complete |  0
|  66|0x0000000085e00000, 0x0000000085f00000, 0x0000000085f00000|100%|HC|  |TAMS 0x0000000085f00000| PB 0x0000000085e00000| Complete |  0
|  67|0x0000000085f00000, 0x0000000086000000, 0x0000000086000000|100%|HC|  |TAMS 0x0000000086000000| PB 0x0000000085f00000| Complete |  0
|  68|0x0000000086000000, 0x0000000086100000, 0x0000000086100000|100%|HC|  |TAMS 0x0000000086100000| PB 0x0000000086000000| Complete |  0
|  69|0x0000000086100000, 0x0000000086200000, 0x0000000086200000|100%|HC|  |TAMS 0x0000000086200000| PB 0x0000000086100000| Complete |  0
|  70|0x0000000086200000, 0x0000000086300000, 0x0000000086300000|100%|HC|  |TAMS 0x0000000086300000| PB 0x0000000086200000| Complete |  0
|  71|0x0000000086300000, 0x0000000086400000, 0x0000000086400000|100%|HC|  |TAMS 0x0000000086400000| PB 0x0000000086300000| Complete |  0
|  72|0x0000000086400000, 0x0000000086500000, 0x0000000086500000|100%|HC|  |TAMS 0x0000000086500000| PB 0x0000000086400000| Complete |  0
|  73|0x0000000086500000, 0x0000000086600000, 0x0000000086600000|100%|HC|  |TAMS 0x0000000086600000| PB 0x0000000086500000| Complete |  0
|  74|0x0000000086600000, 0x0000000086700000, 0x0000000086700000|100%|HC|  |TAMS 0x0000000086700000| PB 0x0000000086600000| Complete |  0
|  75|0x0000000086700000, 0x0000000086800000, 0x0000000086800000|100%|HC|  |TAMS 0x0000000086800000| PB 0x0000000086700000| Complete |  0
|  76|0x0000000086800000, 0x0000000086900000, 0x0000000086900000|100%|HC|  |TAMS 0x0000000086900000| PB 0x0000000086800000| Complete |  0
|  77|0x0000000086900000, 0x0000000086a00000, 0x0000000086a00000|100%|HC|  |TAMS 0x0000000086a00000| PB 0x0000000086900000| Complete |  0
|  78|0x0000000086a00000, 0x0000000086b00000, 0x0000000086b00000|100%|HC|  |TAMS 0x0000000086b00000| PB 0x0000000086a00000| Complete |  0
|  79|0x0000000086b00000, 0x0000000086c00000, 0x0000000086c00000|100%|HC|  |TAMS 0x0000000086c00000| PB 0x0000000086b00000| Complete |  0
|  80|0x0000000086c00000, 0x0000000086d00000, 0x0000000086d00000|100%|HC|  |TAMS 0x0000000086d00000| PB 0x0000000086c00000| Complete |  0
|  81|0x0000000086d00000, 0x0000000086e00000, 0x0000000086e00000|100%|HC|  |TAMS 0x0000000086e00000| PB 0x0000000086d00000| Complete |  0
|  82|0x0000000086e00000, 0x0000000086f00000, 0x0000000086f00000|100%|HC|  |TAMS 0x0000000086f00000| PB 0x0000000086e00000| Complete |  0
|  83|0x0000000086f00000, 0x0000000087000000, 0x0000000087000000|100%|HC|  |TAMS 0x0000000087000000| PB 0x0000000086f00000| Complete |  0
|  84|0x0000000087000000, 0x0000000087100000, 0x0000000087100000|100%|HC|  |TAMS 0x0000000087100000| PB 0x0000000087000000| Complete |  0
|  85|0x0000000087100000, 0x0000000087200000, 0x0000000087200000|100%|HC|  |TAMS 0x0000000087200000| PB 0x0000000087100000| Complete |  0
|  86|0x0000000087200000, 0x0000000087300000, 0x0000000087300000|100%|HC|  |TAMS 0x0000000087300000| PB 0x0000000087200000| Complete |  0
|  87|0x0000000087300000, 0x0000000087400000, 0x0000000087400000|100%|HC|  |TAMS 0x0000000087400000| PB 0x0000000087300000| Complete |  0
|  88|0x0000000087400000, 0x0000000087500000, 0x0000000087500000|100%|HC|  |TAMS 0x0000000087500000| PB 0x0000000087400000| Complete |  0
|  89|0x0000000087500000, 0x0000000087600000, 0x0000000087600000|100%|HC|  |TAMS 0x0000000087600000| PB 0x0000000087500000| Complete |  0
|  90|0x0000000087600000, 0x0000000087700000, 0x0000000087700000|100%|HC|  |TAMS 0x0000000087700000| PB 0x0000000087600000| Complete |  0
|  91|0x0000000087700000, 0x0000000087800000, 0x0000000087800000|100%|HC|  |TAMS 0x0000000087800000| PB 0x0000000087700000| Complete |  0
|  92|0x0000000087800000, 0x0000000087900000, 0x0000000087900000|100%| O|  |TAMS 0x0000000087900000| PB 0x0000000087900000| Untracked |  0
|  93|0x0000000087900000, 0x00000000879e5c80, 0x0000000087a00000| 89%| O|  |TAMS 0x00000000879e5c80| PB 0x00000000879e5c80| Untracked |  0
|  94|0x0000000087a00000, 0x0000000087a00000, 0x0000000087b00000|  0%| F|  |TAMS 0x0000000087a00000| PB 0x0000000087a00000| Untracked |  0
|  95|0x0000000087b00000, 0x0000000087b00000, 0x0000000087c00000|  0%| F|  |TAMS 0x0000000087b00000| PB 0x0000000087b00000| Untracked |  0
|  96|0x0000000087c00000, 0x0000000087c00000, 0x0000000087d00000|  0%| F|  |TAMS 0x0000000087c00000| PB 0x0000000087c00000| Untracked |  0
|  97|0x0000000087d00000, 0x0000000087d00000, 0x0000000087e00000|  0%| F|  |TAMS 0x0000000087d00000| PB 0x0000000087d00000| Untracked |  0
|  98|0x0000000087e00000, 0x0000000087e00000, 0x0000000087f00000|  0%| F|  |TAMS 0x0000000087e00000| PB 0x0000000087e00000| Untracked |  0
|  99|0x0000000087f00000, 0x0000000087f00000, 0x0000000088000000|  0%| F|  |TAMS 0x0000000087f00000| PB 0x0000000087f00000| Untracked |  0
| 100|0x0000000088000000, 0x0000000088000000, 0x0000000088100000|  0%| F|  |TAMS 0x0000000088000000| PB 0x0000000088000000| Untracked |  0
| 101|0x0000000088100000, 0x0000000088100000, 0x0000000088200000|  0%| F|  |TAMS 0x0000000088100000| PB 0x0000000088100000| Untracked |  0
| 102|0x0000000088200000, 0x0000000088200000, 0x0000000088300000|  0%| F|  |TAMS 0x0000000088200000| PB 0x0000000088200000| Untracked |  0
| 103|0x0000000088300000, 0x0000000088300000, 0x0000000088400000|  0%| F|  |TAMS 0x0000000088300000| PB 0x0000000088300000| Untracked |  0
| 104|0x0000000088400000, 0x0000000088400000, 0x0000000088500000|  0%| F|  |TAMS 0x0000000088400000| PB 0x0000000088400000| Untracked |  0
| 105|0x0000000088500000, 0x0000000088500000, 0x0000000088600000|  0%| F|  |TAMS 0x0000000088500000| PB 0x0000000088500000| Untracked |  0
| 106|0x0000000088600000, 0x0000000088600000, 0x0000000088700000|  0%| F|  |TAMS 0x0000000088600000| PB 0x0000000088600000| Untracked |  0
| 107|0x0000000088700000, 0x0000000088700000, 0x0000000088800000|  0%| F|  |TAMS 0x0000000088700000| PB 0x0000000088700000| Untracked |  0
| 108|0x0000000088800000, 0x0000000088800000, 0x0000000088900000|  0%| F|  |TAMS 0x0000000088800000| PB 0x0000000088800000| Untracked |  0
| 109|0x0000000088900000, 0x0000000088900000, 0x0000000088a00000|  0%| F|  |TAMS 0x0000000088900000| PB 0x0000000088900000| Untracked |  0
| 110|0x0000000088a00000, 0x0000000088a14fd0, 0x0000000088b00000|  8%| S|CS|TAMS 0x0000000088a00000| PB 0x0000000088a00000| Complete |  0
| 111|0x0000000088b00000, 0x0000000088b00000, 0x0000000088c00000|  0%| F|  |TAMS 0x0000000088b00000| PB 0x0000000088b00000| Untracked |  0
| 112|0x0000000088c00000, 0x0000000088c00000, 0x0000000088d00000|  0%| F|  |TAMS 0x0000000088c00000| PB 0x0000000088c00000| Untracked |  0
| 113|0x0000000088d00000, 0x0000000088d00000, 0x0000000088e00000|  0%| F|  |TAMS 0x0000000088d00000| PB 0x0000000088d00000| Untracked |  0
| 114|0x0000000088e00000, 0x0000000088e00000, 0x0000000088f00000|  0%| F|  |TAMS 0x0000000088e00000| PB 0x0000000088e00000| Untracked |  0
| 115|0x0000000088f00000, 0x0000000088f00000, 0x0000000089000000|  0%| F|  |TAMS 0x0000000088f00000| PB 0x0000000088f00000| Untracked |  0
| 116|0x0000000089000000, 0x0000000089000000, 0x0000000089100000|  0%| F|  |TAMS 0x0000000089000000| PB 0x0000000089000000| Untracked |  0
| 117|0x0000000089100000, 0x0000000089100000, 0x0000000089200000|  0%| F|  |TAMS 0x0000000089100000| PB 0x0000000089100000| Untracked |  0
| 118|0x0000000089200000, 0x0000000089200000, 0x0000000089300000|  0%| F|  |TAMS 0x0000000089200000| PB 0x0000000089200000| Untracked |  0
| 119|0x0000000089300000, 0x0000000089300000, 0x0000000089400000|  0%| F|  |TAMS 0x0000000089300000| PB 0x0000000089300000| Untracked |  0
| 120|0x0000000089400000, 0x0000000089400000, 0x0000000089500000|  0%| F|  |TAMS 0x0000000089400000| PB 0x0000000089400000| Untracked |  0
| 121|0x0000000089500000, 0x0000000089500000, 0x0000000089600000|  0%| F|  |TAMS 0x0000000089500000| PB 0x0000000089500000| Untracked |  0
| 122|0x0000000089600000, 0x0000000089600000, 0x0000000089700000|  0%| F|  |TAMS 0x0000000089600000| PB 0x0000000089600000| Untracked |  0
| 123|0x0000000089700000, 0x0000000089700000, 0x0000000089800000|  0%| F|  |TAMS 0x0000000089700000| PB 0x0000000089700000| Untracked |  0
| 124|0x0000000089800000, 0x0000000089800000, 0x0000000089900000|  0%| F|  |TAMS 0x0000000089800000| PB 0x0000000089800000| Untracked |  0
| 125|0x0000000089900000, 0x0000000089900000, 0x0000000089a00000|  0%| F|  |TAMS 0x0000000089900000| PB 0x0000000089900000| Untracked |  0
| 126|0x0000000089a00000, 0x0000000089a61c10, 0x0000000089b00000| 38%| E|  |TAMS 0x0000000089a00000| PB 0x0000000089a00000| Complete |  0
| 127|0x0000000089b00000, 0x0000000089bfded0, 0x0000000089c00000| 99%| E|  |TAMS 0x0000000089b00000| PB 0x0000000089b00000| Complete |  0

Card table byte_map: [0x000001a3d1520000,0x000001a3d1920000] _byte_map_base: 0x000001a3d1112000

Marking Bits: (CMBitMap*) 0x000001a3b9a3ab10
 Bits: [0x000001a3d1920000, 0x000001a3d38b0000)

Polling page: 0x000001a3b76b0000

Metaspace:

Usage:
  Non-class:      5.20 MB used.
      Class:    678.91 KB used.
       Both:      5.87 MB used.

Virtual space:
  Non-class space:       64.00 MB reserved,       5.31 MB (  8%) committed,  1 nodes.
      Class space:        1.00 GB reserved,     832.00 KB ( <1%) committed,  1 nodes.
             Both:        1.06 GB reserved,       6.12 MB ( <1%) committed. 

Chunk freelists:
   Non-Class:  10.35 MB
       Class:  15.24 MB
        Both:  25.59 MB

MaxMetaspaceSize: unlimited
CompressedClassSpaceSize: 1.00 GB
Initial GC threshold: 21.00 MB
Current GC threshold: 21.00 MB
CDS: on
 - commit_granule_bytes: 65536.
 - commit_granule_words: 8192.
 - virtual_space_node_default_size: 8388608.
 - enlarge_chunks_in_place: 1.
 - use_allocation_guard: 0.


Internal statistics:

num_allocs_failed_limit: 0.
num_arena_births: 134.
num_arena_deaths: 0.
num_vsnodes_births: 2.
num_vsnodes_deaths: 0.
num_space_committed: 98.
num_space_uncommitted: 0.
num_chunks_returned_to_freelist: 0.
num_chunks_taken_from_freelist: 162.
num_chunk_merges: 0.
num_chunk_splits: 100.
num_chunks_enlarged: 45.
num_inconsistent_stats: 0.

CodeHeap 'non-profiled nmethods': size=120064Kb used=214Kb max_used=214Kb free=119849Kb
 bounds [0x000001a3c9be0000, 0x000001a3c9e50000, 0x000001a3d1120000]
CodeHeap 'profiled nmethods': size=120000Kb used=735Kb max_used=735Kb free=119265Kb
 bounds [0x000001a3c2120000, 0x000001a3c2390000, 0x000001a3c9650000]
CodeHeap 'non-nmethods': size=5696Kb used=1461Kb max_used=1476Kb free=4234Kb
 bounds [0x000001a3c9650000, 0x000001a3c98c0000, 0x000001a3c9be0000]
CodeCache: size=245760Kb, used=2410Kb, max_used=2425Kb, free=243348Kb
 total_blobs=1258, nmethods=700, adapters=464, full_count=0
Compilation: enabled, stopped_count=0, restarted_count=0

Compilation events (20 events):
Event: 1.302 Thread 0x000001a3d5d8a0a0  691       3       sun.awt.image.ImageWatched$WeakLink$$Lambda/0x000001a3d70ed688::<init> (44 bytes)
Event: 1.302 Thread 0x000001a3d5d8a0a0 nmethod 691 0x000001a3c21d2e08 code [0x000001a3c21d2f20, 0x000001a3c21d3160]
Event: 1.302 Thread 0x000001a3d5d8a0a0  692       3       java.awt.ImageMediaEntry::imageUpdate (51 bytes)
Event: 1.303 Thread 0x000001a3d5d8a0a0 nmethod 692 0x000001a3c21d3188 code [0x000001a3c21d3300, 0x000001a3c21d3ad8]
Event: 1.303 Thread 0x000001a3d5d8a0a0  693       3       sun.awt.image.ImageWatched$WeakLink::lambda$update$0 (19 bytes)
Event: 1.304 Thread 0x000001a3d5d8a0a0 nmethod 693 0x000001a3c21d3b88 code [0x000001a3c21d3cc0, 0x000001a3c21d3f50]
Event: 1.304 Thread 0x000001a3d5d8a0a0  694   !   3       sun.awt.image.ImageRepresentation::setPixels (527 bytes)
Event: 1.307 Thread 0x000001a3d5d8a0a0 nmethod 694 0x000001a3c21d3f88 code [0x000001a3c21d42a0, 0x000001a3c21d6228]
Event: 1.336 Thread 0x000001a3d5d8a0a0  695       3       sun.awt.image.IntegerInterleavedRaster::setDataElements (134 bytes)
Event: 1.336 Thread 0x000001a3d5d8a0a0 nmethod 695 0x000001a3c21d6288 code [0x000001a3c21d6400, 0x000001a3c21d6a40]
Event: 1.455 Thread 0x000001a3d5d8a0a0  696       3       java.io.FileInputStream::read (28 bytes)
Event: 1.455 Thread 0x000001a3d5d8a0a0 nmethod 696 0x000001a3c21d6a88 code [0x000001a3c21d6be0, 0x000001a3c21d6e40]
Event: 1.456 Thread 0x000001a3d5d855d0  697       4       java.io.BufferedInputStream::getBufIfOpen (61 bytes)
Event: 1.457 Thread 0x000001a3d5d855d0 nmethod 697 0x000001a3c9c14e08 code [0x000001a3c9c14f00, 0x000001a3c9c14fc8]
Event: 1.492 Thread 0x000001a3d5d8a0a0  698       3       java.io.BufferedInputStream::fill (204 bytes)
Event: 1.494 Thread 0x000001a3d5d8a0a0 nmethod 698 0x000001a3c21d6e88 code [0x000001a3c21d7060, 0x000001a3c21d7b48]
Event: 1.535 Thread 0x000001a3d5d855d0  699       4       java.io.BufferedInputStream::read1 (121 bytes)
Event: 1.539 Thread 0x000001a3d5d855d0 nmethod 699 0x000001a3c9c15108 code [0x000001a3c9c15240, 0x000001a3c9c15538]
Event: 1.539 Thread 0x000001a3d5d855d0  700       4       java.io.FileInputStream::available (5 bytes)
Event: 1.540 Thread 0x000001a3d5d855d0 nmethod 700 0x000001a3c9c15588 code [0x000001a3c9c156a0, 0x000001a3c9c15740]

GC Heap History (6 events):
Event: 0.918 GC heap before
{Heap before GC invocations=0 (full 0):
 garbage-first heap   total reserved 2068480K, committed 131072K, used 5120K [0x0000000081c00000, 0x0000000100000000)
  region size 1024K, 6 young (6144K), 0 survivors (0K)
 Metaspace       used 5884K, committed 6080K, reserved 1114112K
  class space    used 671K, committed 768K, reserved 1048576K
}
Event: 0.923 GC heap after
{Heap after GC invocations=1 (full 0):
 garbage-first heap   total reserved 2068480K, committed 131072K, used 2024K [0x0000000081c00000, 0x0000000100000000)
  region size 1024K, 2 young (2048K), 2 survivors (2048K)
 Metaspace       used 5884K, committed 6080K, reserved 1114112K
  class space    used 671K, committed 768K, reserved 1048576K
}
Event: 1.375 GC heap before
{Heap before GC invocations=1 (full 0):
 garbage-first heap   total reserved 2068480K, committed 131072K, used 106472K [0x0000000081c00000, 0x0000000100000000)
  region size 1024K, 13 young (13312K), 2 survivors (2048K)
 Metaspace       used 6001K, committed 6272K, reserved 1114112K
  class space    used 677K, committed 832K, reserved 1048576K
}
Event: 1.379 GC heap after
{Heap after GC invocations=2 (full 0):
 garbage-first heap   total reserved 2068480K, committed 131072K, used 96318K [0x0000000081c00000, 0x0000000100000000)
  region size 1024K, 1 young (1024K), 1 survivors (1024K)
 Metaspace       used 6001K, committed 6272K, reserved 1114112K
  class space    used 677K, committed 832K, reserved 1048576K
}
Event: 1.589 GC heap before
{Heap before GC invocations=2 (full 0):
 garbage-first heap   total reserved 2068480K, committed 131072K, used 111678K [0x0000000081c00000, 0x0000000100000000)
  region size 1024K, 17 young (17408K), 1 survivors (1024K)
 Metaspace       used 6006K, committed 6272K, reserved 1114112K
  class space    used 678K, committed 832K, reserved 1048576K
}
Event: 1.590 GC heap after
{Heap after GC invocations=3 (full 0):
 garbage-first heap   total reserved 2068480K, committed 131072K, used 96235K [0x0000000081c00000, 0x0000000100000000)
  region size 1024K, 1 young (1024K), 1 survivors (1024K)
 Metaspace       used 6006K, committed 6272K, reserved 1114112K
  class space    used 678K, committed 832K, reserved 1048576K
}

Dll operation events (12 events):
Event: 0.018 Loaded shared library C:\Program Files\Java\jdk-23\bin\java.dll
Event: 0.078 Loaded shared library C:\Program Files\Java\jdk-23\bin\jsvml.dll
Event: 0.172 Loaded shared library C:\Program Files\Java\jdk-23\bin\zip.dll
Event: 0.177 Loaded shared library C:\Program Files\Java\jdk-23\bin\instrument.dll
Event: 0.185 Loaded shared library C:\Program Files\Java\jdk-23\bin\net.dll
Event: 0.188 Loaded shared library C:\Program Files\Java\jdk-23\bin\nio.dll
Event: 0.198 Loaded shared library C:\Program Files\Java\jdk-23\bin\zip.dll
Event: 0.234 Loaded shared library E:\Downloads\ideaIC-2024.3.1.win\bin\breakgen64.dll
Event: 0.251 Loaded shared library C:\Program Files\Java\jdk-23\bin\extnet.dll
Event: 0.256 Loaded shared library C:\Program Files\Java\jdk-23\bin\jimage.dll
Event: 0.283 Loaded shared library C:\Program Files\Java\jdk-23\bin\awt.dll
Event: 0.758 Loaded shared library C:\Program Files\Java\jdk-23\bin\javajpeg.dll

Deoptimization events (20 events):
Event: 0.236 Thread 0x000001a3b99e4510 Uncommon trap: trap_request=0xffffff45 fr.pc=0x000001a3c9bf0b58 relative=0x00000000000000b8
Event: 0.237 Thread 0x000001a3b99e4510 Uncommon trap: reason=unstable_if action=reinterpret pc=0x000001a3c9bf0b58 method=java.lang.String.isLatin1()Z @ 10 c2
Event: 0.237 Thread 0x000001a3b99e4510 DEOPT PACKING pc=0x000001a3c9bf0b58 sp=0x00000076d34ff1d0
Event: 0.237 Thread 0x000001a3b99e4510 DEOPT UNPACKING pc=0x000001a3c96a4402 sp=0x00000076d34ff110 mode 2
Event: 0.575 Thread 0x000001a3b99e4510 Uncommon trap: trap_request=0xffffffc6 fr.pc=0x000001a3c9c04dc4 relative=0x0000000000000b84
Event: 0.575 Thread 0x000001a3b99e4510 Uncommon trap: reason=bimorphic_or_optimized_type_check action=maybe_recompile pc=0x000001a3c9c04dc4 method=java.util.HashMap.putVal(ILjava/lang/Object;Ljava/lang/Object;ZZ)Ljava/lang/Object; @ 56 c2
Event: 0.575 Thread 0x000001a3b99e4510 DEOPT PACKING pc=0x000001a3c9c04dc4 sp=0x00000076d34fede0
Event: 0.575 Thread 0x000001a3b99e4510 DEOPT UNPACKING pc=0x000001a3c96a4402 sp=0x00000076d34fed78 mode 2
Event: 0.575 Thread 0x000001a3b99e4510 Uncommon trap: trap_request=0xffffffc6 fr.pc=0x000001a3c9c04dc4 relative=0x0000000000000b84
Event: 0.575 Thread 0x000001a3b99e4510 Uncommon trap: reason=bimorphic_or_optimized_type_check action=maybe_recompile pc=0x000001a3c9c04dc4 method=java.util.HashMap.putVal(ILjava/lang/Object;Ljava/lang/Object;ZZ)Ljava/lang/Object; @ 56 c2
Event: 0.575 Thread 0x000001a3b99e4510 DEOPT PACKING pc=0x000001a3c9c04dc4 sp=0x00000076d34fede0
Event: 0.575 Thread 0x000001a3b99e4510 DEOPT UNPACKING pc=0x000001a3c96a4402 sp=0x00000076d34fed78 mode 2
Event: 0.576 Thread 0x000001a3b99e4510 Uncommon trap: trap_request=0xffffffc6 fr.pc=0x000001a3c9c04dc4 relative=0x0000000000000b84
Event: 0.576 Thread 0x000001a3b99e4510 Uncommon trap: reason=bimorphic_or_optimized_type_check action=maybe_recompile pc=0x000001a3c9c04dc4 method=java.util.HashMap.putVal(ILjava/lang/Object;Ljava/lang/Object;ZZ)Ljava/lang/Object; @ 56 c2
Event: 0.576 Thread 0x000001a3b99e4510 DEOPT PACKING pc=0x000001a3c9c04dc4 sp=0x00000076d34fede0
Event: 0.576 Thread 0x000001a3b99e4510 DEOPT UNPACKING pc=0x000001a3c96a4402 sp=0x00000076d34fed78 mode 2
Event: 0.576 Thread 0x000001a3b99e4510 Uncommon trap: trap_request=0xffffffc6 fr.pc=0x000001a3c9c04dc4 relative=0x0000000000000b84
Event: 0.576 Thread 0x000001a3b99e4510 Uncommon trap: reason=bimorphic_or_optimized_type_check action=maybe_recompile pc=0x000001a3c9c04dc4 method=java.util.HashMap.putVal(ILjava/lang/Object;Ljava/lang/Object;ZZ)Ljava/lang/Object; @ 56 c2
Event: 0.576 Thread 0x000001a3b99e4510 DEOPT PACKING pc=0x000001a3c9c04dc4 sp=0x00000076d34fede0
Event: 0.576 Thread 0x000001a3b99e4510 DEOPT UNPACKING pc=0x000001a3c96a4402 sp=0x00000076d34fed78 mode 2

Classes loaded (20 events):
Event: 1.075 Loading class java/awt/image/SinglePixelPackedSampleModel
Event: 1.075 Loading class java/awt/image/SampleModel
Event: 1.076 Loading class java/awt/image/SampleModel done
Event: 1.076 Loading class java/awt/image/SinglePixelPackedSampleModel done
Event: 1.077 Loading class sun/awt/image/IntegerInterleavedRaster
Event: 1.077 Loading class sun/awt/image/IntegerComponentRaster
Event: 1.077 Loading class sun/awt/image/IntegerComponentRaster done
Event: 1.077 Loading class sun/awt/image/IntegerInterleavedRaster done
Event: 1.079 Loading class java/awt/image/BufferedImage
Event: 1.080 Loading class java/awt/image/WritableRenderedImage
Event: 1.080 Loading class java/awt/image/RenderedImage
Event: 1.080 Loading class java/awt/image/RenderedImage done
Event: 1.080 Loading class java/awt/image/WritableRenderedImage done
Event: 1.080 Loading class java/awt/image/BufferedImage done
Event: 1.081 Loading class java/awt/image/BufferedImage$1
Event: 1.081 Loading class java/awt/image/BufferedImage$1 done
Event: 1.424 Loading class sun/awt/AppContext$PostShutdownEventRunnable
Event: 1.425 Loading class sun/awt/AppContext$PostShutdownEventRunnable done
Event: 1.425 Loading class sun/awt/AWTAutoShutdown$1
Event: 1.425 Loading class sun/awt/AWTAutoShutdown$1 done

Classes unloaded (0 events):
No events

Classes redefined (0 events):
No events

Internal exceptions (11 events):
Event: 0.228 Thread 0x000001a3b99e4510 Exception <a 'java/lang/NoSuchMethodError'{0x00000000899903b0}: 'java.lang.Object java.lang.invoke.Invokers$Holder.invokeExact_MT(java.lang.Object, java.lang.Object, java.lang.Object, java.lang.Object, java.lang.Object)'> (0x00000000899903b0) 
thrown [s\open\src\hotspot\share\interpreter\linkResolver.cpp, line 796]
Event: 0.253 Thread 0x000001a41b0954b0 Exception <a 'java/lang/NoSuchMethodError'{0x00000000899e0008}: 'void java.lang.invoke.DirectMethodHandle$Holder.invokeStatic(java.lang.Object, java.lang.Object)'> (0x00000000899e0008) 
thrown [s\open\src\hotspot\share\interpreter\linkResolver.cpp, line 796]
Event: 0.267 Thread 0x000001a3b99e4510 Exception <a 'java/lang/ClassNotFoundException'{0x00000000899b31d8}: sun/awt/resources/spi/awtProvider> (0x00000000899b31d8) 
thrown [s\open\src\hotspot\share\classfile\systemDictionary.cpp, line 313]
Event: 0.300 Thread 0x000001a3b99e4510 Exception <a 'java/io/FileNotFoundException'{0x000000008982d0f8}> (0x000000008982d0f8) 
thrown [s\open\src\hotspot\share\prims\jni.cpp, line 520]
Event: 0.321 Thread 0x000001a3b99e4510 Exception <a 'java/io/FileNotFoundException'{0x000000008985b4a0}> (0x000000008985b4a0) 
thrown [s\open\src\hotspot\share\prims\jni.cpp, line 520]
Event: 0.480 Thread 0x000001a3b99e4510 Exception <a 'java/lang/NoSuchMethodError'{0x000000008975b770}: 'void java.lang.invoke.DirectMethodHandle$Holder.invokeSpecial(java.lang.Object, java.lang.Object, java.lang.Object)'> (0x000000008975b770) 
thrown [s\open\src\hotspot\share\interpreter\linkResolver.cpp, line 796]
Event: 0.517 Thread 0x000001a3b99e4510 Exception <a 'java/lang/NoSuchMethodError'{0x00000000897aad68}: 'java.lang.Object java.lang.invoke.DirectMethodHandle$Holder.invokeStatic(java.lang.Object, int, java.lang.Object)'> (0x00000000897aad68) 
thrown [s\open\src\hotspot\share\interpreter\linkResolver.cpp, line 796]
Event: 0.573 Thread 0x000001a3b99e4510 Exception <a 'java/lang/ClassNotFoundException'{0x0000000089651bd8}: com/sun/swing/internal/plaf/metal/resources/spi/metalProvider> (0x0000000089651bd8) 
thrown [s\open\src\hotspot\share\classfile\systemDictionary.cpp, line 313]
Event: 0.576 Thread 0x000001a3b99e4510 Exception <a 'java/lang/ClassNotFoundException'{0x0000000089655b98}: com/sun/swing/internal/plaf/basic/resources/spi/basicProvider> (0x0000000089655b98) 
thrown [s\open\src\hotspot\share\classfile\systemDictionary.cpp, line 313]
Event: 0.602 Thread 0x000001a3b99e4510 Exception <a 'java/lang/NoSuchMethodError'{0x0000000089672390}: 'int java.lang.invoke.Invokers$Holder.invokeExact_MT(java.lang.Object, java.lang.Object)'> (0x0000000089672390) 
thrown [s\open\src\hotspot\share\interpreter\linkResolver.cpp, line 796]
Event: 0.761 Thread 0x000001a41b0933e0 Exception <a 'java/lang/NoSuchMethodError'{0x00000000896e2890}: 'java.lang.Object java.lang.invoke.DirectMethodHandle$Holder.newInvokeSpecial(java.lang.Object, java.lang.Object, java.lang.Object, int, int, int, int, int)'> (0x00000000896e2890) 
thrown [s\open\src\hotspot\share\interpreter\linkResolver.cpp, line 796]

VM Operations (13 events):
Event: 0.144 Executing VM operation: HandshakeAllThreads (Deoptimize)
Event: 0.145 Executing VM operation: HandshakeAllThreads (Deoptimize) done
Event: 0.339 Executing VM operation: HandshakeAllThreads (Deoptimize)
Event: 0.339 Executing VM operation: HandshakeAllThreads (Deoptimize) done
Event: 0.705 Executing VM operation: HandshakeAllThreads (Deoptimize)
Event: 0.705 Executing VM operation: HandshakeAllThreads (Deoptimize) done
Event: 0.918 Executing VM operation: G1TryInitiateConcMark (G1 Humongous Allocation)
Event: 0.923 Executing VM operation: G1TryInitiateConcMark (G1 Humongous Allocation) done
Event: 1.375 Executing VM operation: G1CollectForAllocation (G1 Evacuation Pause)
Event: 1.379 Executing VM operation: G1CollectForAllocation (G1 Evacuation Pause) done
Event: 1.589 Executing VM operation: G1CollectForAllocation (G1 Evacuation Pause)
Event: 1.590 Executing VM operation: G1CollectForAllocation (G1 Evacuation Pause) done
Event: 1.597 Executing VM operation: G1PauseRemark

Memory protections (0 events):
No events

Nmethod flushes (0 events):
No events

Events (17 events):
Event: 0.049 Thread 0x000001a3b99e4510 Thread added: 0x000001a3b99e4510
Event: 0.074 Thread 0x000001a3b99e4510 Thread added: 0x000001a3d5d704b0
Event: 0.074 Thread 0x000001a3b99e4510 Thread added: 0x000001a3d5d712d0
Event: 0.074 Thread 0x000001a3b99e4510 Thread added: 0x000001a3d5d733f0
Event: 0.075 Thread 0x000001a3b99e4510 Thread added: 0x000001a3d5d75e60
Event: 0.075 Thread 0x000001a3b99e4510 Thread added: 0x000001a3d5d768c0
Event: 0.075 Thread 0x000001a3b99e4510 Thread added: 0x000001a3d5d7a820
Event: 0.075 Thread 0x000001a3b99e4510 Thread added: 0x000001a3d5d855d0
Event: 0.075 Thread 0x000001a3b99e4510 Thread added: 0x000001a3d5d8a0a0
Event: 0.129 Thread 0x000001a3b99e4510 Thread added: 0x000001a41b093a70
Event: 0.235 Thread 0x000001a3b99e4510 Thread added: 0x000001a41b0954b0
Event: 0.235 Thread 0x000001a3b99e4510 Thread added: 0x000001a41b092d50
Event: 0.407 Thread 0x000001a3b99e4510 Thread added: 0x000001a41b095b40
Event: 0.409 Thread 0x000001a3b99e4510 Thread added: 0x000001a41b0926c0
Event: 0.412 Thread 0x000001a3b99e4510 Thread added: 0x000001a41b094790
Event: 0.753 Thread 0x000001a3b99e4510 Thread added: 0x000001a41b0933e0
Event: 1.425 Thread 0x000001a41b0926c0 Thread exited: 0x000001a41b0926c0


Dynamic libraries:
0x00007ff616000000 - 0x00007ff616010000 	C:\Program Files\Java\jdk-23\bin\java.exe
0x00007ffef4b90000 - 0x00007ffef4d88000 	C:\WINDOWS\SYSTEM32\ntdll.dll
0x00007ffef3c90000 - 0x00007ffef3d52000 	C:\WINDOWS\System32\KERNEL32.DLL
0x00007ffef2230000 - 0x00007ffef252e000 	C:\WINDOWS\System32\KERNELBASE.dll
0x00007ffef2780000 - 0x00007ffef2880000 	C:\WINDOWS\System32\ucrtbase.dll
0x00007ffeefb50000 - 0x00007ffeefb6b000 	C:\Program Files\Java\jdk-23\bin\VCRUNTIME140.dll
0x00007ffeefae0000 - 0x00007ffeefaf7000 	C:\Program Files\Java\jdk-23\bin\jli.dll
0x00007ffef45f0000 - 0x00007ffef478d000 	C:\WINDOWS\System32\USER32.dll
0x00007ffef2880000 - 0x00007ffef28a2000 	C:\WINDOWS\System32\win32u.dll
0x00007ffef48c0000 - 0x00007ffef48eb000 	C:\WINDOWS\System32\GDI32.dll
0x00007ffed9570000 - 0x00007ffed980a000 	C:\WINDOWS\WinSxS\amd64_microsoft.windows.common-controls_6595b64144ccf1df_6.0.19041.4355_none_60b8b9eb71f62e16\COMCTL32.dll
0x00007ffef2660000 - 0x00007ffef2777000 	C:\WINDOWS\System32\gdi32full.dll
0x00007ffef2b10000 - 0x00007ffef2bad000 	C:\WINDOWS\System32\msvcp_win.dll
0x00007ffef4a00000 - 0x00007ffef4a9e000 	C:\WINDOWS\System32\msvcrt.dll
0x00007ffef4410000 - 0x00007ffef443f000 	C:\WINDOWS\System32\IMM32.DLL
0x00007ffeefd00000 - 0x00007ffeefd0c000 	C:\Program Files\Java\jdk-23\bin\vcruntime140_1.dll
0x00007ffed8dd0000 - 0x00007ffed8e5e000 	C:\Program Files\Java\jdk-23\bin\msvcp140.dll
0x00007ffea6bf0000 - 0x00007ffea793f000 	C:\Program Files\Java\jdk-23\bin\server\jvm.dll
0x00007ffef44a0000 - 0x00007ffef4551000 	C:\WINDOWS\System32\ADVAPI32.dll
0x00007ffef37c0000 - 0x00007ffef385f000 	C:\WINDOWS\System32\sechost.dll
0x00007ffef4790000 - 0x00007ffef48b3000 	C:\WINDOWS\System32\RPCRT4.dll
0x00007ffef2630000 - 0x00007ffef2657000 	C:\WINDOWS\System32\bcrypt.dll
0x00007ffef43a0000 - 0x00007ffef440b000 	C:\WINDOWS\System32\WS2_32.dll
0x00007ffef2090000 - 0x00007ffef20db000 	C:\WINDOWS\SYSTEM32\POWRPROF.dll
0x00007ffed9810000 - 0x00007ffed9837000 	C:\WINDOWS\SYSTEM32\WINMM.dll
0x00007ffeefb90000 - 0x00007ffeefb9a000 	C:\WINDOWS\SYSTEM32\VERSION.dll
0x00007ffef2070000 - 0x00007ffef2082000 	C:\WINDOWS\SYSTEM32\UMPDC.dll
0x00007ffef0a00000 - 0x00007ffef0a12000 	C:\WINDOWS\SYSTEM32\kernel.appcore.dll
0x00007ffeefad0000 - 0x00007ffeefada000 	C:\Program Files\Java\jdk-23\bin\jimage.dll
0x00007ffeec1d0000 - 0x00007ffeec3b4000 	C:\WINDOWS\SYSTEM32\DBGHELP.DLL
0x00007ffed9450000 - 0x00007ffed9484000 	C:\WINDOWS\SYSTEM32\dbgcore.DLL
0x00007ffef2530000 - 0x00007ffef25b2000 	C:\WINDOWS\System32\bcryptPrimitives.dll
0x00007ffeec040000 - 0x00007ffeec04f000 	C:\Program Files\Java\jdk-23\bin\instrument.dll
0x00007ffeea3e0000 - 0x00007ffeea3fe000 	C:\Program Files\Java\jdk-23\bin\java.dll
0x00007ffef2c40000 - 0x00007ffef2d6b000 	C:\WINDOWS\System32\ole32.dll
0x00007ffef3930000 - 0x00007ffef3c83000 	C:\WINDOWS\System32\combase.dll
0x00007ffef2d70000 - 0x00007ffef34dd000 	C:\WINDOWS\System32\SHELL32.dll
0x00007ffef0250000 - 0x00007ffef09f4000 	C:\WINDOWS\SYSTEM32\windows.storage.dll
0x00007ffef1ab0000 - 0x00007ffef1ade000 	C:\WINDOWS\SYSTEM32\Wldp.dll
0x00007ffef3860000 - 0x00007ffef392d000 	C:\WINDOWS\System32\OLEAUT32.dll
0x00007ffef48f0000 - 0x00007ffef499d000 	C:\WINDOWS\System32\SHCORE.dll
0x00007ffef49a0000 - 0x00007ffef49f5000 	C:\WINDOWS\System32\shlwapi.dll
0x00007ffef2160000 - 0x00007ffef2184000 	C:\WINDOWS\SYSTEM32\profapi.dll
0x00007ffec3db0000 - 0x00007ffec3e87000 	C:\Program Files\Java\jdk-23\bin\jsvml.dll
0x00007ffeea070000 - 0x00007ffeea087000 	C:\Program Files\Java\jdk-23\bin\zip.dll
0x00007ffeebf70000 - 0x00007ffeebf80000 	C:\Program Files\Java\jdk-23\bin\net.dll
0x00007ffef1890000 - 0x00007ffef18fa000 	C:\WINDOWS\system32\mswsock.dll
0x00007ffee9740000 - 0x00007ffee9756000 	C:\Program Files\Java\jdk-23\bin\nio.dll
0x00007ffee78b0000 - 0x00007ffee78ca000 	E:\Downloads\ideaIC-2024.3.1.win\bin\breakgen64.dll
0x00007ffeeb4c0000 - 0x00007ffeeb4c9000 	C:\Program Files\Java\jdk-23\bin\extnet.dll
0x00007ffeb79e0000 - 0x00007ffeb7b6e000 	C:\Program Files\Java\jdk-23\bin\awt.dll
0x00007ffeec050000 - 0x00007ffeec0e4000 	C:\WINDOWS\SYSTEM32\apphelp.dll
0x00007ffeefda0000 - 0x00007ffeefdcf000 	C:\WINDOWS\system32\DWMAPI.DLL
0x00007ffeef9e0000 - 0x00007ffeefa7e000 	C:\WINDOWS\system32\uxtheme.dll
0x00007ffecc340000 - 0x00007ffecc468000 	C:\WINDOWS\system32\opengl32.dll
0x00007ffecc2d0000 - 0x00007ffecc2fc000 	C:\WINDOWS\SYSTEM32\GLU32.dll
0x00007ffef34e0000 - 0x00007ffef35f5000 	C:\WINDOWS\System32\MSCTF.dll
0x00007ffed8c20000 - 0x00007ffed8c4e000 	C:\Program Files\Java\jdk-23\bin\javajpeg.dll

dbghelp: loaded successfully - version: 4.0.5 - missing functions: none
symbol engine: initialized successfully - sym options: 0x614 - pdb path: .;C:\Program Files\Java\jdk-23\bin;C:\WINDOWS\SYSTEM32;C:\WINDOWS\WinSxS\amd64_microsoft.windows.common-controls_6595b64144ccf1df_6.0.19041.4355_none_60b8b9eb71f62e16;C:\Program Files\Java\jdk-23\bin\server;E:\Downloads\ideaIC-2024.3.1.win\bin

VM Arguments:
jvm_args: -javaagent:E:\Downloads\ideaIC-2024.3.1.win\lib\idea_rt.jar=51769:E:\Downloads\ideaIC-2024.3.1.win\bin -Dfile.encoding=UTF-8 -Dsun.stdout.encoding=UTF-8 -Dsun.stderr.encoding=UTF-8 
java_command: Views.LoginSignUp
java_class_path (initial): E:\users\Desktop\care_plant\out\production\care_plant;E:\users\Desktop\java libs\mysql-connector-j-9.1.0\mysql-connector-j-9.1.0\mysql-connector-j-9.1.0.jar;E:\users\Desktop\java libs\jbcrypt-0.4 (1).jar;E:\users\Desktop\java libs\junit-4.12.jar;C:\Users\pc\.m2\repository\org\junit\jupiter\junit-jupiter\5.8.1\junit-jupiter-5.8.1.jar;C:\Users\pc\.m2\repository\org\junit\jupiter\junit-jupiter-api\5.8.1\junit-jupiter-api-5.8.1.jar;C:\Users\pc\.m2\repository\org\opentest4j\opentest4j\1.2.0\opentest4j-1.2.0.jar;C:\Users\pc\.m2\repository\org\junit\platform\junit-platform-commons\1.8.1\junit-platform-commons-1.8.1.jar;C:\Users\pc\.m2\repository\org\apiguardian\apiguardian-api\1.1.2\apiguardian-api-1.1.2.jar;C:\Users\pc\.m2\repository\org\junit\jupiter\junit-jupiter-params\5.8.1\junit-jupiter-params-5.8.1.jar;C:\Users\pc\.m2\repository\org\junit\jupiter\junit-jupiter-engine\5.8.1\junit-jupiter-engine-5.8.1.jar;C:\Users\pc\.m2\repository\org\junit\platform\junit-platform-engine\1.8.1\junit-platform-engine-1.8.1.jar
Launcher Type: SUN_STANDARD

[Global flags]
     intx CICompilerCount                          = 3                                         {product} {ergonomic}
     uint ConcGCThreads                            = 1                                         {product} {ergonomic}
     uint G1ConcRefinementThreads                  = 4                                         {product} {ergonomic}
   size_t G1HeapRegionSize                         = 1048576                                   {product} {ergonomic}
   size_t InitialHeapSize                          = 134217728                                 {product} {ergonomic}
   size_t MarkStackSize                            = 4194304                                   {product} {ergonomic}
   size_t MarkStackSizeMax                         = 536870912                                 {product} {ergonomic}
   size_t MaxHeapSize                              = 2118123520                                {product} {ergonomic}
   size_t MaxNewSize                               = 1270874112                                {product} {ergonomic}
   size_t MinHeapDeltaBytes                        = 1048576                                   {product} {ergonomic}
   size_t MinHeapSize                              = 8388608                                   {product} {ergonomic}
    uintx NonNMethodCodeHeapSize                   = 5832704                                {pd product} {ergonomic}
    uintx NonProfiledCodeHeapSize                  = 122945536                              {pd product} {ergonomic}
    uintx ProfiledCodeHeapSize                     = 122880000                              {pd product} {ergonomic}
    uintx ReservedCodeCacheSize                    = 251658240                              {pd product} {ergonomic}
     bool SegmentedCodeCache                       = true                                      {product} {ergonomic}
   size_t SoftMaxHeapSize                          = 2118123520                             {manageable} {ergonomic}
     bool UseCompressedOops                        = true                           {product lp64_product} {ergonomic}
     bool UseG1GC                                  = true                                      {product} {ergonomic}
     bool UseLargePagesIndividualAllocation        = false                                  {pd product} {ergonomic}

Logging:
Log output configuration:
 #0: stdout all=warning uptime,level,tags foldmultilines=false
 #1: stderr all=off uptime,level,tags foldmultilines=false

Environment Variables:
PATH=C:\Program Files\Common Files\Oracle\Java\javapath;C:\WINDOWS\system32;C:\WINDOWS;C:\WINDOWS\System32\Wbem;C:\WINDOWS\System32\WindowsPowerShell\v1.0\;C:\WINDOWS\System32\OpenSSH\;C:\MinGW\bin;C:\Program Files\Git\cmd;C:\MinGW\bin;C:\Program Files\nodejs\;C:\flutter_windows_3.24.3-stable\flutter\bin;C:\Program Files\MongoDB\Server\8.0\bin;C:\Program Files\MySQL\MySQL Server 8.0\bin;C:\Program Files\CMake\bin;C:\Users\pc\AppData\Local\Programs\Python\Python312\Scripts\;C:\Users\pc\AppData\Local\Programs\Python\Python312\;C:\Users\pc\AppData\Local\Programs\Python\Launcher\;C:\Users\pc\AppData\Local\Microsoft\WindowsApps;C:\Program Files\JetBrains\PyCharm Community Edition 2023.2.3\bin;;C:\MinGW\bin;E:\web dev course\Microsoft VS Code\bin;C:\Users\pc\AppData\Roaming\npm;E:\IntelliJ IDEA 2024.2.3\bin;
USERNAME=pc
OS=Windows_NT
PROCESSOR_IDENTIFIER=Intel64 Family 6 Model 78 Stepping 3, GenuineIntel
TMP=C:\Users\pc\AppData\Local\Temp
TEMP=C:\Users\pc\AppData\Local\Temp




Periodic native trim disabled

---------------  S Y S T E M  ---------------

OS:
 Windows 10 , 64 bit Build 19041 (10.0.19041.5198)
OS uptime: 3 days 0:50 hours
Hyper-V role detected

CPU: total 4 (initial active 4) (2 cores per cpu, 2 threads per core) family 6 model 78 stepping 3 microcode 0xcc, cx8, cmov, fxsr, ht, mmx, 3dnowpref, sse, sse2, sse3, ssse3, sse4.1, sse4.2, popcnt, lzcnt, tsc, tscinvbit, avx, avx2, aes, erms, clmul, bmi1, bmi2, rtm, adx, fma, vzeroupper, clflush, clflushopt, hv, rdtscp, f16c
Processor Information for the first 4 processors :
  Max Mhz: 2304, Current Mhz: 2304, Mhz Limit: 2304

Memory: 4k page, system-wide physical 8072M (881M free)
TotalPageFile size 10120M (AvailPageFile size 5M)
current process WorkingSet (physical memory assigned to process): 229M, peak: 229M
current process commit charge ("private bytes"): 280M, peak: 311M

vm_info: Java HotSpot(TM) 64-Bit Server VM (23+37-2369) for windows-amd64 JRE (23+37-2369), built on 2024-08-20T16:01:23Z with MS VC++ 17.6 (VS2022)

END.
