#
# There is insufficient memory for the Java Runtime Environment to continue.
# Native memory allocation (mmap) failed to map 58720256 bytes. Error detail: G1 virtual space
# Possible reasons:
#   The system is out of physical RAM or swap space
#   This process is running with CompressedOops enabled, and the Java Heap may be blocking the growth of the native heap
# Possible solutions:
#   Reduce memory load on the system
#   Increase physical memory or swap space
#   Check if swap backing store is full
#   Decrease Java heap size (-Xmx/-Xms)
#   Decrease number of Java threads
#   Decrease Java thread stack sizes (-Xss)
#   Set larger code cache with -XX:ReservedCodeCacheSize=
#   JVM is running with Unscaled Compressed Oops mode in which the Java heap is
#     placed in the first 4GB address space. The Java Heap base address is the
#     maximum limit for the native heap growth. Please use -XX:HeapBaseMinAddress
#     to set the Java Heap base and to place the Java Heap above 4GB virtual address.
# This output file may be truncated or incomplete.
#
#  Out of Memory Error (os_windows.cpp:3703), pid=5668, tid=6976
#
# JRE version: Java(TM) SE Runtime Environment (23.0+37) (build 23+37-2369)
# Java VM: Java HotSpot(TM) 64-Bit Server VM (23+37-2369, mixed mode, sharing, tiered, compressed oops, compressed class ptrs, g1 gc, windows-amd64)
# No core dump will be written. Minidumps are not enabled by default on client versions of Windows
#

---------------  S U M M A R Y ------------

Command Line: -javaagent:E:\Downloads\ideaIC-2024.3.1.win\lib\idea_rt.jar=51001:E:\Downloads\ideaIC-2024.3.1.win\bin -Dfile.encoding=UTF-8 -Dsun.stdout.encoding=UTF-8 -Dsun.stderr.encoding=UTF-8 Views.SignUP

Host: Intel(R) Core(TM) i3-6100U CPU @ 2.30GHz, 4 cores, 7G,  Windows 10 , 64 bit Build 19041 (10.0.19041.5198)
Time: Sat Jan 11 02:47:26 2025 Morocco Summer Time elapsed time: 3.922073 seconds (0d 0h 0m 3s)

---------------  T H R E A D  ---------------

Current thread (0x000001fe45613c00):  VMThread "VM Thread"          [id=6976, stack(0x000000f7cc700000,0x000000f7cc800000) (1024K)]

Stack: [0x000000f7cc700000,0x000000f7cc800000]
Native frames: (J=compiled Java code, j=interpreted, Vv=VM code, C=native code)
V  [jvm.dll+0x6e08a9]  (no source info available)
V  [jvm.dll+0x87da63]  (no source info available)
V  [jvm.dll+0x87feee]  (no source info available)
V  [jvm.dll+0x8805c3]  (no source info available)
V  [jvm.dll+0x27aee6]  (no source info available)
V  [jvm.dll+0x6dd1b5]  (no source info available)
V  [jvm.dll+0x6d103a]  (no source info available)
V  [jvm.dll+0x35b3ea]  (no source info available)
V  [jvm.dll+0x3637f6]  (no source info available)
V  [jvm.dll+0x34fd5e]  (no source info available)
V  [jvm.dll+0x34fff8]  (no source info available)
V  [jvm.dll+0x3289cc]  (no source info available)
V  [jvm.dll+0x32b3b9]  (no source info available)
V  [jvm.dll+0x335f74]  (no source info available)
V  [jvm.dll+0x372d55]  (no source info available)
V  [jvm.dll+0x886500]  (no source info available)
V  [jvm.dll+0x887827]  (no source info available)
V  [jvm.dll+0x887d58]  (no source info available)
V  [jvm.dll+0x887ff3]  (no source info available)
V  [jvm.dll+0x824f1b]  (no source info available)
V  [jvm.dll+0x6df055]  (no source info available)
C  [ucrtbase.dll+0x21bb2]  (no source info available)
C  [KERNEL32.DLL+0x17374]  (no source info available)
C  [ntdll.dll+0x4cc91]  (no source info available)

VM_Operation (0x000000f7cc2ff5f0): G1PauseRemark, mode: safepoint, requested by thread 0x000001fe291fb8d0


---------------  P R O C E S S  ---------------

Threads class SMR info:
_java_thread_list=0x000001fe45904330, length=15, elements={
0x000001fe26e402c0, 0x000001fe4562ef20, 0x000001fe45630ea0, 0x000001fe45631cb0,
0x000001fe45634720, 0x000001fe45635180, 0x000001fe45635be0, 0x000001fe45636970,
0x000001fe4563c450, 0x000001fe4569e680, 0x000001fe458fcd90, 0x000001fe458fe980,
0x000001fe459f19b0, 0x000001fe459f8af0, 0x000001fe8ba160a0
}

Java Threads: ( => current thread )
  0x000001fe26e402c0 JavaThread "main"                              [_thread_blocked, id=14652, stack(0x000000f7cc000000,0x000000f7cc100000) (1024K)]
  0x000001fe4562ef20 JavaThread "Reference Handler"          daemon [_thread_blocked, id=6568, stack(0x000000f7cc800000,0x000000f7cc900000) (1024K)]
  0x000001fe45630ea0 JavaThread "Finalizer"                  daemon [_thread_blocked, id=12704, stack(0x000000f7cc900000,0x000000f7cca00000) (1024K)]
  0x000001fe45631cb0 JavaThread "Signal Dispatcher"          daemon [_thread_blocked, id=15872, stack(0x000000f7cca00000,0x000000f7ccb00000) (1024K)]
  0x000001fe45634720 JavaThread "Attach Listener"            daemon [_thread_blocked, id=15604, stack(0x000000f7ccb00000,0x000000f7ccc00000) (1024K)]
  0x000001fe45635180 JavaThread "Service Thread"             daemon [_thread_blocked, id=10008, stack(0x000000f7ccc00000,0x000000f7ccd00000) (1024K)]
  0x000001fe45635be0 JavaThread "Monitor Deflation Thread"   daemon [_thread_blocked, id=10656, stack(0x000000f7ccd00000,0x000000f7cce00000) (1024K)]
  0x000001fe45636970 JavaThread "C2 CompilerThread0"         daemon [_thread_blocked, id=14280, stack(0x000000f7cce00000,0x000000f7ccf00000) (1024K)]
  0x000001fe4563c450 JavaThread "C1 CompilerThread0"         daemon [_thread_blocked, id=7016, stack(0x000000f7ccf00000,0x000000f7cd000000) (1024K)]
  0x000001fe4569e680 JavaThread "Common-Cleaner"             daemon [_thread_blocked, id=7520, stack(0x000000f7cd000000,0x000000f7cd100000) (1024K)]
  0x000001fe458fcd90 JavaThread "Monitor Ctrl-Break"         daemon [_thread_in_native, id=5976, stack(0x000000f7cd100000,0x000000f7cd200000) (1024K)]
  0x000001fe458fe980 JavaThread "Notification Thread"        daemon [_thread_blocked, id=4004, stack(0x000000f7cd200000,0x000000f7cd300000) (1024K)]
  0x000001fe459f19b0 JavaThread "Java2D Disposer"            daemon [_thread_blocked, id=17160, stack(0x000000f7cd300000,0x000000f7cd400000) (1024K)]
  0x000001fe459f8af0 JavaThread "AWT-Windows"                daemon [_thread_in_native, id=16896, stack(0x000000f7cd500000,0x000000f7cd600000) (1024K)]
  0x000001fe8ba160a0 JavaThread "Image Fetcher 0"            daemon [_thread_blocked, id=3964, stack(0x000000f7cd600000,0x000000f7cd700000) (1024K)]
Total: 15

Other Threads:
=>0x000001fe45613c00 VMThread "VM Thread"                           [id=6976, stack(0x000000f7cc700000,0x000000f7cc800000) (1024K)]
  0x000001fe45603800 WatcherThread "VM Periodic Task Thread"        [id=3760, stack(0x000000f7cc600000,0x000000f7cc700000) (1024K)]
  0x000001fe291e6ce0 WorkerThread "GC Thread#0"                     [id=12056, stack(0x000000f7cc100000,0x000000f7cc200000) (1024K)]
  0x000001fe8ba399f0 WorkerThread "GC Thread#1"                     [id=6488, stack(0x000000f7cd700000,0x000000f7cd800000) (1024K)]
  0x000001fe8ba39da0 WorkerThread "GC Thread#2"                     [id=10444, stack(0x000000f7cd800000,0x000000f7cd900000) (1024K)]
  0x000001fe8ba3a150 WorkerThread "GC Thread#3"                     [id=16188, stack(0x000000f7cd900000,0x000000f7cda00000) (1024K)]
  0x000001fe291fb8d0 ConcurrentGCThread "G1 Main Marker"            [id=8104, stack(0x000000f7cc200000,0x000000f7cc300000) (1024K)]
  0x000001fe291fc3e0 WorkerThread "G1 Conc#0"                       [id=3696, stack(0x000000f7cc300000,0x000000f7cc400000) (1024K)]
  0x000001fe2925e1d0 ConcurrentGCThread "G1 Refine#0"               [id=4616, stack(0x000000f7cc400000,0x000000f7cc500000) (1024K)]
  0x000001fe454c8500 ConcurrentGCThread "G1 Service"                [id=7660, stack(0x000000f7cc500000,0x000000f7cc600000) (1024K)]
Total: 10

Threads with active compile tasks:
Total: 0

VM state: at safepoint (normal execution)

VM Mutex/Monitor currently owned by a thread:  ([mutex/lock_event])
[0x00007fff85d43910] Threads_lock - owner thread: 0x000001fe45613c00
[0x00007fff85d43a10] Heap_lock - owner thread: 0x000001fe291fb8d0

Heap address: 0x0000000081c00000, size: 2020 MB, Compressed Oops mode: 32-bit

CDS archive(s) mapped at: [0x000001fe46000000-0x000001fe46d70000-0x000001fe46d70000), size 14090240, SharedBaseAddress: 0x000001fe46000000, ArchiveRelocationMode: 1.
Compressed class space mapped at: 0x000001fe47000000-0x000001fe87000000, reserved size: 1073741824
Narrow klass base: 0x000001fe46000000, Narrow klass shift: 0, Narrow klass range: 0x41000000

GC Precious Log:
 CardTable entry size: 512
 Card Set container configuration: InlinePtr #cards 5 size 8 Array Of Cards #cards 10 size 36 Howl #buckets 4 coarsen threshold 1843 Howl Bitmap #cards 512 size 80 coarsen threshold 460 Card regions per heap region 1 cards per card region 2048
 CPUs: 4 total, 4 available
 Memory: 8072M
 Large Page Support: Disabled
 NUMA Support: Disabled
 Compressed Oops: Enabled (32-bit)
 Heap Region Size: 1M
 Heap Min Capacity: 8M
 Heap Initial Capacity: 128M
 Heap Max Capacity: 2020M
 Pre-touch: Disabled
 Parallel Workers: 4
 Concurrent Workers: 1
 Concurrent Refinement Workers: 4
 Periodic GC: Disabled

Heap:
 garbage-first heap   total reserved 2068480K, committed 249856K, used 183363K [0x0000000081c00000, 0x0000000100000000)
  region size 1024K, 1 young (1024K), 1 survivors (1024K)
 Metaspace       used 6217K, committed 6464K, reserved 1114112K
  class space    used 724K, committed 832K, reserved 1048576K

Heap Regions: E=young(eden), S=young(survivor), O=old, HS=humongous(starts), HC=humongous(continues), CS=collection set, F=free, TAMS=top-at-mark-start, PB=parsable bottom
|   0|0x0000000081c00000, 0x0000000081d00000, 0x0000000081d00000|100%|HS|  |TAMS 0x0000000081d00000| PB 0x0000000081c00000| Complete |  0
|   1|0x0000000081d00000, 0x0000000081e00000, 0x0000000081e00000|100%|HC|  |TAMS 0x0000000081e00000| PB 0x0000000081d00000| Complete |  0
|   2|0x0000000081e00000, 0x0000000081f00000, 0x0000000081f00000|100%|HC|  |TAMS 0x0000000081f00000| PB 0x0000000081e00000| Complete |  0
|   3|0x0000000081f00000, 0x0000000082000000, 0x0000000082000000|100%|HC|  |TAMS 0x0000000082000000| PB 0x0000000081f00000| Complete |  0
|   4|0x0000000082000000, 0x0000000082100000, 0x0000000082100000|100%|HC|  |TAMS 0x0000000082100000| PB 0x0000000082000000| Complete |  0
|   5|0x0000000082100000, 0x0000000082200000, 0x0000000082200000|100%|HC|  |TAMS 0x0000000082200000| PB 0x0000000082100000| Complete |  0
|   6|0x0000000082200000, 0x0000000082300000, 0x0000000082300000|100%|HC|  |TAMS 0x0000000082300000| PB 0x0000000082200000| Complete |  0
|   7|0x0000000082300000, 0x0000000082400000, 0x0000000082400000|100%|HC|  |TAMS 0x0000000082400000| PB 0x0000000082300000| Complete |  0
|   8|0x0000000082400000, 0x0000000082500000, 0x0000000082500000|100%|HC|  |TAMS 0x0000000082500000| PB 0x0000000082400000| Complete |  0
|   9|0x0000000082500000, 0x0000000082600000, 0x0000000082600000|100%|HC|  |TAMS 0x0000000082600000| PB 0x0000000082500000| Complete |  0
|  10|0x0000000082600000, 0x0000000082700000, 0x0000000082700000|100%|HC|  |TAMS 0x0000000082700000| PB 0x0000000082600000| Complete |  0
|  11|0x0000000082700000, 0x0000000082800000, 0x0000000082800000|100%|HC|  |TAMS 0x0000000082800000| PB 0x0000000082700000| Complete |  0
|  12|0x0000000082800000, 0x0000000082900000, 0x0000000082900000|100%|HC|  |TAMS 0x0000000082900000| PB 0x0000000082800000| Complete |  0
|  13|0x0000000082900000, 0x0000000082a00000, 0x0000000082a00000|100%|HC|  |TAMS 0x0000000082a00000| PB 0x0000000082900000| Complete |  0
|  14|0x0000000082a00000, 0x0000000082b00000, 0x0000000082b00000|100%|HC|  |TAMS 0x0000000082b00000| PB 0x0000000082a00000| Complete |  0
|  15|0x0000000082b00000, 0x0000000082c00000, 0x0000000082c00000|100%|HC|  |TAMS 0x0000000082c00000| PB 0x0000000082b00000| Complete |  0
|  16|0x0000000082c00000, 0x0000000082d00000, 0x0000000082d00000|100%|HC|  |TAMS 0x0000000082d00000| PB 0x0000000082c00000| Complete |  0
|  17|0x0000000082d00000, 0x0000000082e00000, 0x0000000082e00000|100%|HC|  |TAMS 0x0000000082e00000| PB 0x0000000082d00000| Complete |  0
|  18|0x0000000082e00000, 0x0000000082f00000, 0x0000000082f00000|100%|HC|  |TAMS 0x0000000082f00000| PB 0x0000000082e00000| Complete |  0
|  19|0x0000000082f00000, 0x0000000083000000, 0x0000000083000000|100%|HC|  |TAMS 0x0000000083000000| PB 0x0000000082f00000| Complete |  0
|  20|0x0000000083000000, 0x0000000083100000, 0x0000000083100000|100%|HC|  |TAMS 0x0000000083100000| PB 0x0000000083000000| Complete |  0
|  21|0x0000000083100000, 0x0000000083200000, 0x0000000083200000|100%|HC|  |TAMS 0x0000000083200000| PB 0x0000000083100000| Complete |  0
|  22|0x0000000083200000, 0x0000000083300000, 0x0000000083300000|100%|HC|  |TAMS 0x0000000083300000| PB 0x0000000083200000| Complete |  0
|  23|0x0000000083300000, 0x0000000083400000, 0x0000000083400000|100%|HC|  |TAMS 0x0000000083400000| PB 0x0000000083300000| Complete |  0
|  24|0x0000000083400000, 0x0000000083500000, 0x0000000083500000|100%|HC|  |TAMS 0x0000000083500000| PB 0x0000000083400000| Complete |  0
|  25|0x0000000083500000, 0x0000000083600000, 0x0000000083600000|100%|HC|  |TAMS 0x0000000083600000| PB 0x0000000083500000| Complete |  0
|  26|0x0000000083600000, 0x0000000083700000, 0x0000000083700000|100%|HC|  |TAMS 0x0000000083700000| PB 0x0000000083600000| Complete |  0
|  27|0x0000000083700000, 0x0000000083800000, 0x0000000083800000|100%|HC|  |TAMS 0x0000000083800000| PB 0x0000000083700000| Complete |  0
|  28|0x0000000083800000, 0x0000000083900000, 0x0000000083900000|100%|HC|  |TAMS 0x0000000083900000| PB 0x0000000083800000| Complete |  0
|  29|0x0000000083900000, 0x0000000083a00000, 0x0000000083a00000|100%|HC|  |TAMS 0x0000000083a00000| PB 0x0000000083900000| Complete |  0
|  30|0x0000000083a00000, 0x0000000083b00000, 0x0000000083b00000|100%|HC|  |TAMS 0x0000000083b00000| PB 0x0000000083a00000| Complete |  0
|  31|0x0000000083b00000, 0x0000000083c00000, 0x0000000083c00000|100%|HC|  |TAMS 0x0000000083c00000| PB 0x0000000083b00000| Complete |  0
|  32|0x0000000083c00000, 0x0000000083d00000, 0x0000000083d00000|100%|HC|  |TAMS 0x0000000083d00000| PB 0x0000000083c00000| Complete |  0
|  33|0x0000000083d00000, 0x0000000083e00000, 0x0000000083e00000|100%|HC|  |TAMS 0x0000000083e00000| PB 0x0000000083d00000| Complete |  0
|  34|0x0000000083e00000, 0x0000000083f00000, 0x0000000083f00000|100%|HC|  |TAMS 0x0000000083f00000| PB 0x0000000083e00000| Complete |  0
|  35|0x0000000083f00000, 0x0000000084000000, 0x0000000084000000|100%|HC|  |TAMS 0x0000000084000000| PB 0x0000000083f00000| Complete |  0
|  36|0x0000000084000000, 0x0000000084100000, 0x0000000084100000|100%|HC|  |TAMS 0x0000000084100000| PB 0x0000000084000000| Complete |  0
|  37|0x0000000084100000, 0x0000000084200000, 0x0000000084200000|100%|HC|  |TAMS 0x0000000084200000| PB 0x0000000084100000| Complete |  0
|  38|0x0000000084200000, 0x0000000084300000, 0x0000000084300000|100%|HC|  |TAMS 0x0000000084300000| PB 0x0000000084200000| Complete |  0
|  39|0x0000000084300000, 0x0000000084400000, 0x0000000084400000|100%|HC|  |TAMS 0x0000000084400000| PB 0x0000000084300000| Complete |  0
|  40|0x0000000084400000, 0x0000000084500000, 0x0000000084500000|100%|HC|  |TAMS 0x0000000084500000| PB 0x0000000084400000| Complete |  0
|  41|0x0000000084500000, 0x0000000084600000, 0x0000000084600000|100%|HC|  |TAMS 0x0000000084600000| PB 0x0000000084500000| Complete |  0
|  42|0x0000000084600000, 0x0000000084700000, 0x0000000084700000|100%|HC|  |TAMS 0x0000000084700000| PB 0x0000000084600000| Complete |  0
|  43|0x0000000084700000, 0x0000000084800000, 0x0000000084800000|100%|HC|  |TAMS 0x0000000084800000| PB 0x0000000084700000| Complete |  0
|  44|0x0000000084800000, 0x0000000084900000, 0x0000000084900000|100%|HC|  |TAMS 0x0000000084900000| PB 0x0000000084800000| Complete |  0
|  45|0x0000000084900000, 0x0000000084a00000, 0x0000000084a00000|100%|HC|  |TAMS 0x0000000084a00000| PB 0x0000000084900000| Complete |  0
|  46|0x0000000084a00000, 0x0000000084b00000, 0x0000000084b00000|100%|HC|  |TAMS 0x0000000084b00000| PB 0x0000000084a00000| Complete |  0
|  47|0x0000000084b00000, 0x0000000084c00000, 0x0000000084c00000|100%|HC|  |TAMS 0x0000000084c00000| PB 0x0000000084b00000| Complete |  0
|  48|0x0000000084c00000, 0x0000000084d00000, 0x0000000084d00000|100%|HC|  |TAMS 0x0000000084d00000| PB 0x0000000084c00000| Complete |  0
|  49|0x0000000084d00000, 0x0000000084e00000, 0x0000000084e00000|100%|HC|  |TAMS 0x0000000084e00000| PB 0x0000000084d00000| Complete |  0
|  50|0x0000000084e00000, 0x0000000084f00000, 0x0000000084f00000|100%|HC|  |TAMS 0x0000000084f00000| PB 0x0000000084e00000| Complete |  0
|  51|0x0000000084f00000, 0x0000000085000000, 0x0000000085000000|100%|HC|  |TAMS 0x0000000085000000| PB 0x0000000084f00000| Complete |  0
|  52|0x0000000085000000, 0x0000000085100000, 0x0000000085100000|100%|HC|  |TAMS 0x0000000085100000| PB 0x0000000085000000| Complete |  0
|  53|0x0000000085100000, 0x0000000085200000, 0x0000000085200000|100%|HC|  |TAMS 0x0000000085200000| PB 0x0000000085100000| Complete |  0
|  54|0x0000000085200000, 0x0000000085300000, 0x0000000085300000|100%|HC|  |TAMS 0x0000000085300000| PB 0x0000000085200000| Complete |  0
|  55|0x0000000085300000, 0x0000000085400000, 0x0000000085400000|100%|HC|  |TAMS 0x0000000085400000| PB 0x0000000085300000| Complete |  0
|  56|0x0000000085400000, 0x0000000085500000, 0x0000000085500000|100%|HC|  |TAMS 0x0000000085500000| PB 0x0000000085400000| Complete |  0
|  57|0x0000000085500000, 0x0000000085600000, 0x0000000085600000|100%|HC|  |TAMS 0x0000000085600000| PB 0x0000000085500000| Complete |  0
|  58|0x0000000085600000, 0x0000000085700000, 0x0000000085700000|100%|HC|  |TAMS 0x0000000085700000| PB 0x0000000085600000| Complete |  0
|  59|0x0000000085700000, 0x0000000085800000, 0x0000000085800000|100%|HC|  |TAMS 0x0000000085800000| PB 0x0000000085700000| Complete |  0
|  60|0x0000000085800000, 0x0000000085900000, 0x0000000085900000|100%|HC|  |TAMS 0x0000000085900000| PB 0x0000000085800000| Complete |  0
|  61|0x0000000085900000, 0x0000000085a00000, 0x0000000085a00000|100%|HC|  |TAMS 0x0000000085a00000| PB 0x0000000085900000| Complete |  0
|  62|0x0000000085a00000, 0x0000000085b00000, 0x0000000085b00000|100%|HC|  |TAMS 0x0000000085b00000| PB 0x0000000085a00000| Complete |  0
|  63|0x0000000085b00000, 0x0000000085c00000, 0x0000000085c00000|100%|HC|  |TAMS 0x0000000085c00000| PB 0x0000000085b00000| Complete |  0
|  64|0x0000000085c00000, 0x0000000085d00000, 0x0000000085d00000|100%|HC|  |TAMS 0x0000000085d00000| PB 0x0000000085c00000| Complete |  0
|  65|0x0000000085d00000, 0x0000000085e00000, 0x0000000085e00000|100%|HC|  |TAMS 0x0000000085e00000| PB 0x0000000085d00000| Complete |  0
|  66|0x0000000085e00000, 0x0000000085f00000, 0x0000000085f00000|100%|HC|  |TAMS 0x0000000085f00000| PB 0x0000000085e00000| Complete |  0
|  67|0x0000000085f00000, 0x0000000086000000, 0x0000000086000000|100%|HC|  |TAMS 0x0000000086000000| PB 0x0000000085f00000| Complete |  0
|  68|0x0000000086000000, 0x0000000086100000, 0x0000000086100000|100%|HC|  |TAMS 0x0000000086100000| PB 0x0000000086000000| Complete |  0
|  69|0x0000000086100000, 0x0000000086200000, 0x0000000086200000|100%|HC|  |TAMS 0x0000000086200000| PB 0x0000000086100000| Complete |  0
|  70|0x0000000086200000, 0x0000000086300000, 0x0000000086300000|100%|HC|  |TAMS 0x0000000086300000| PB 0x0000000086200000| Complete |  0
|  71|0x0000000086300000, 0x0000000086400000, 0x0000000086400000|100%|HC|  |TAMS 0x0000000086400000| PB 0x0000000086300000| Complete |  0
|  72|0x0000000086400000, 0x0000000086500000, 0x0000000086500000|100%|HC|  |TAMS 0x0000000086500000| PB 0x0000000086400000| Complete |  0
|  73|0x0000000086500000, 0x0000000086600000, 0x0000000086600000|100%|HC|  |TAMS 0x0000000086600000| PB 0x0000000086500000| Complete |  0
|  74|0x0000000086600000, 0x0000000086700000, 0x0000000086700000|100%|HC|  |TAMS 0x0000000086700000| PB 0x0000000086600000| Complete |  0
|  75|0x0000000086700000, 0x0000000086800000, 0x0000000086800000|100%|HC|  |TAMS 0x0000000086800000| PB 0x0000000086700000| Complete |  0
|  76|0x0000000086800000, 0x0000000086900000, 0x0000000086900000|100%|HC|  |TAMS 0x0000000086900000| PB 0x0000000086800000| Complete |  0
|  77|0x0000000086900000, 0x0000000086a00000, 0x0000000086a00000|100%|HC|  |TAMS 0x0000000086a00000| PB 0x0000000086900000| Complete |  0
|  78|0x0000000086a00000, 0x0000000086b00000, 0x0000000086b00000|100%|HC|  |TAMS 0x0000000086b00000| PB 0x0000000086a00000| Complete |  0
|  79|0x0000000086b00000, 0x0000000086c00000, 0x0000000086c00000|100%|HC|  |TAMS 0x0000000086c00000| PB 0x0000000086b00000| Complete |  0
|  80|0x0000000086c00000, 0x0000000086d00000, 0x0000000086d00000|100%|HC|  |TAMS 0x0000000086d00000| PB 0x0000000086c00000| Complete |  0
|  81|0x0000000086d00000, 0x0000000086e00000, 0x0000000086e00000|100%|HC|  |TAMS 0x0000000086e00000| PB 0x0000000086d00000| Complete |  0
|  82|0x0000000086e00000, 0x0000000086f00000, 0x0000000086f00000|100%|HC|  |TAMS 0x0000000086f00000| PB 0x0000000086e00000| Complete |  0
|  83|0x0000000086f00000, 0x0000000087000000, 0x0000000087000000|100%|HC|  |TAMS 0x0000000087000000| PB 0x0000000086f00000| Complete |  0
|  84|0x0000000087000000, 0x0000000087100000, 0x0000000087100000|100%|HC|  |TAMS 0x0000000087100000| PB 0x0000000087000000| Complete |  0
|  85|0x0000000087100000, 0x0000000087200000, 0x0000000087200000|100%|HC|  |TAMS 0x0000000087200000| PB 0x0000000087100000| Complete |  0
|  86|0x0000000087200000, 0x0000000087300000, 0x0000000087300000|100%|HC|  |TAMS 0x0000000087300000| PB 0x0000000087200000| Complete |  0
|  87|0x0000000087300000, 0x0000000087400000, 0x0000000087400000|100%|HC|  |TAMS 0x0000000087400000| PB 0x0000000087300000| Complete |  0
|  88|0x0000000087400000, 0x0000000087500000, 0x0000000087500000|100%|HC|  |TAMS 0x0000000087500000| PB 0x0000000087400000| Complete |  0
|  89|0x0000000087500000, 0x0000000087600000, 0x0000000087600000|100%|HC|  |TAMS 0x0000000087600000| PB 0x0000000087500000| Complete |  0
|  90|0x0000000087600000, 0x0000000087700000, 0x0000000087700000|100%|HC|  |TAMS 0x0000000087700000| PB 0x0000000087600000| Complete |  0
|  91|0x0000000087700000, 0x0000000087800000, 0x0000000087800000|100%|HC|  |TAMS 0x0000000087800000| PB 0x0000000087700000| Complete |  0
|  92|0x0000000087800000, 0x0000000087900000, 0x0000000087900000|100%| O|  |TAMS 0x0000000087900000| PB 0x0000000087900000| Untracked |  0
|  93|0x0000000087900000, 0x00000000879faf10, 0x0000000087a00000| 98%| O|  |TAMS 0x00000000879faf10| PB 0x00000000879faf10| Untracked |  0
|  94|0x0000000087a00000, 0x0000000087a00000, 0x0000000087b00000|  0%| F|  |TAMS 0x0000000087a00000| PB 0x0000000087a00000| Untracked |  0
|  95|0x0000000087b00000, 0x0000000087c00000, 0x0000000087c00000|100%|HS|  |TAMS 0x0000000087c00000| PB 0x0000000087b00000| Complete |  0
|  96|0x0000000087c00000, 0x0000000087c00000, 0x0000000087d00000|  0%| F|  |TAMS 0x0000000087c00000| PB 0x0000000087c00000| Untracked |  0
|  97|0x0000000087d00000, 0x0000000087d00000, 0x0000000087e00000|  0%| F|  |TAMS 0x0000000087d00000| PB 0x0000000087d00000| Untracked |  0
|  98|0x0000000087e00000, 0x0000000087e00000, 0x0000000087f00000|  0%| F|  |TAMS 0x0000000087e00000| PB 0x0000000087e00000| Untracked |  0
|  99|0x0000000087f00000, 0x0000000087f00000, 0x0000000088000000|  0%| F|  |TAMS 0x0000000087f00000| PB 0x0000000087f00000| Untracked |  0
| 100|0x0000000088000000, 0x0000000088000000, 0x0000000088100000|  0%| F|  |TAMS 0x0000000088000000| PB 0x0000000088000000| Untracked |  0
| 101|0x0000000088100000, 0x0000000088100000, 0x0000000088200000|  0%| F|  |TAMS 0x0000000088100000| PB 0x0000000088100000| Untracked |  0
| 102|0x0000000088200000, 0x0000000088200000, 0x0000000088300000|  0%| F|  |TAMS 0x0000000088200000| PB 0x0000000088200000| Untracked |  0
| 103|0x0000000088300000, 0x0000000088300000, 0x0000000088400000|  0%| F|  |TAMS 0x0000000088300000| PB 0x0000000088300000| Untracked |  0
| 104|0x0000000088400000, 0x0000000088400000, 0x0000000088500000|  0%| F|  |TAMS 0x0000000088400000| PB 0x0000000088400000| Untracked |  0
| 105|0x0000000088500000, 0x0000000088500000, 0x0000000088600000|  0%| F|  |TAMS 0x0000000088500000| PB 0x0000000088500000| Untracked |  0
| 106|0x0000000088600000, 0x0000000088600000, 0x0000000088700000|  0%| F|  |TAMS 0x0000000088600000| PB 0x0000000088600000| Untracked |  0
| 107|0x0000000088700000, 0x0000000088700000, 0x0000000088800000|  0%| F|  |TAMS 0x0000000088700000| PB 0x0000000088700000| Untracked |  0
| 108|0x0000000088800000, 0x0000000088800000, 0x0000000088900000|  0%| F|  |TAMS 0x0000000088800000| PB 0x0000000088800000| Untracked |  0
| 109|0x0000000088900000, 0x0000000088900000, 0x0000000088a00000|  0%| F|  |TAMS 0x0000000088900000| PB 0x0000000088900000| Untracked |  0
| 110|0x0000000088a00000, 0x0000000088a00000, 0x0000000088b00000|  0%| F|  |TAMS 0x0000000088a00000| PB 0x0000000088a00000| Untracked |  0
| 111|0x0000000088b00000, 0x0000000088b00000, 0x0000000088c00000|  0%| F|  |TAMS 0x0000000088b00000| PB 0x0000000088b00000| Untracked |  0
| 112|0x0000000088c00000, 0x0000000088c00000, 0x0000000088d00000|  0%| F|  |TAMS 0x0000000088c00000| PB 0x0000000088c00000| Untracked |  0
| 113|0x0000000088d00000, 0x0000000088d00000, 0x0000000088e00000|  0%| F|  |TAMS 0x0000000088d00000| PB 0x0000000088d00000| Untracked |  0
| 114|0x0000000088e00000, 0x0000000088e00000, 0x0000000088f00000|  0%| F|  |TAMS 0x0000000088e00000| PB 0x0000000088e00000| Untracked |  0
| 115|0x0000000088f00000, 0x0000000088f00000, 0x0000000089000000|  0%| F|  |TAMS 0x0000000088f00000| PB 0x0000000088f00000| Untracked |  0
| 116|0x0000000089000000, 0x0000000089000000, 0x0000000089100000|  0%| F|  |TAMS 0x0000000089000000| PB 0x0000000089000000| Untracked |  0
| 117|0x0000000089100000, 0x0000000089100000, 0x0000000089200000|  0%| F|  |TAMS 0x0000000089100000| PB 0x0000000089100000| Untracked |  0
| 118|0x0000000089200000, 0x0000000089200000, 0x0000000089300000|  0%| F|  |TAMS 0x0000000089200000| PB 0x0000000089200000| Untracked |  0
| 119|0x0000000089300000, 0x0000000089300000, 0x0000000089400000|  0%| F|  |TAMS 0x0000000089300000| PB 0x0000000089300000| Untracked |  0
| 120|0x0000000089400000, 0x0000000089400000, 0x0000000089500000|  0%| F|  |TAMS 0x0000000089400000| PB 0x0000000089400000| Untracked |  0
| 121|0x0000000089500000, 0x0000000089500000, 0x0000000089600000|  0%| F|  |TAMS 0x0000000089500000| PB 0x0000000089500000| Untracked |  0
| 122|0x0000000089600000, 0x0000000089600000, 0x0000000089700000|  0%| F|  |TAMS 0x0000000089600000| PB 0x0000000089600000| Untracked |  0
| 123|0x0000000089700000, 0x0000000089700000, 0x0000000089800000|  0%| F|  |TAMS 0x0000000089700000| PB 0x0000000089700000| Untracked |  0
| 124|0x0000000089800000, 0x0000000089800000, 0x0000000089900000|  0%| F|  |TAMS 0x0000000089800000| PB 0x0000000089800000| Untracked |  0
| 125|0x0000000089900000, 0x0000000089900000, 0x0000000089a00000|  0%| F|  |TAMS 0x0000000089900000| PB 0x0000000089900000| Untracked |  0
| 126|0x0000000089a00000, 0x0000000089a00000, 0x0000000089b00000|  0%| F|  |TAMS 0x0000000089a00000| PB 0x0000000089a00000| Untracked |  0
| 127|0x0000000089b00000, 0x0000000089b00000, 0x0000000089c00000|  0%| F|  |TAMS 0x0000000089b00000| PB 0x0000000089b00000| Untracked |  0
| 128|0x0000000089c00000, 0x0000000089c00000, 0x0000000089d00000|  0%| F|  |TAMS 0x0000000089c00000| PB 0x0000000089c00000| Untracked |  0
| 129|0x0000000089d00000, 0x0000000089d00000, 0x0000000089e00000|  0%| F|  |TAMS 0x0000000089d00000| PB 0x0000000089d00000| Untracked |  0
| 130|0x0000000089e00000, 0x0000000089e00000, 0x0000000089f00000|  0%| F|  |TAMS 0x0000000089e00000| PB 0x0000000089e00000| Untracked |  0
| 131|0x0000000089f00000, 0x0000000089f00000, 0x000000008a000000|  0%| F|  |TAMS 0x0000000089f00000| PB 0x0000000089f00000| Untracked |  0
| 132|0x000000008a000000, 0x000000008a000000, 0x000000008a100000|  0%| F|  |TAMS 0x000000008a000000| PB 0x000000008a000000| Untracked |  0
| 133|0x000000008a100000, 0x000000008a100000, 0x000000008a200000|  0%| F|  |TAMS 0x000000008a100000| PB 0x000000008a100000| Untracked |  0
| 134|0x000000008a200000, 0x000000008a200000, 0x000000008a300000|  0%| F|  |TAMS 0x000000008a200000| PB 0x000000008a200000| Untracked |  0
| 135|0x000000008a300000, 0x000000008a300000, 0x000000008a400000|  0%| F|  |TAMS 0x000000008a300000| PB 0x000000008a300000| Untracked |  0
| 136|0x000000008a400000, 0x000000008a400000, 0x000000008a500000|  0%| F|  |TAMS 0x000000008a400000| PB 0x000000008a400000| Untracked |  0
| 137|0x000000008a500000, 0x000000008a500000, 0x000000008a600000|  0%| F|  |TAMS 0x000000008a500000| PB 0x000000008a500000| Untracked |  0
| 138|0x000000008a600000, 0x000000008a600000, 0x000000008a700000|  0%| F|  |TAMS 0x000000008a600000| PB 0x000000008a600000| Untracked |  0
| 139|0x000000008a700000, 0x000000008a700000, 0x000000008a800000|  0%| F|  |TAMS 0x000000008a700000| PB 0x000000008a700000| Untracked |  0
| 140|0x000000008a800000, 0x000000008a800000, 0x000000008a900000|  0%| F|  |TAMS 0x000000008a800000| PB 0x000000008a800000| Untracked |  0
| 141|0x000000008a900000, 0x000000008a900000, 0x000000008aa00000|  0%| F|  |TAMS 0x000000008a900000| PB 0x000000008a900000| Untracked |  0
| 142|0x000000008aa00000, 0x000000008aa00000, 0x000000008ab00000|  0%| F|  |TAMS 0x000000008aa00000| PB 0x000000008aa00000| Untracked |  0
| 143|0x000000008ab00000, 0x000000008ab00000, 0x000000008ac00000|  0%| F|  |TAMS 0x000000008ab00000| PB 0x000000008ab00000| Untracked |  0
| 144|0x000000008ac00000, 0x000000008ac00000, 0x000000008ad00000|  0%| F|  |TAMS 0x000000008ac00000| PB 0x000000008ac00000| Untracked |  0
| 145|0x000000008ad00000, 0x000000008ad00000, 0x000000008ae00000|  0%| F|  |TAMS 0x000000008ad00000| PB 0x000000008ad00000| Untracked |  0
| 146|0x000000008ae00000, 0x000000008ae00000, 0x000000008af00000|  0%| F|  |TAMS 0x000000008ae00000| PB 0x000000008ae00000| Untracked |  0
| 147|0x000000008af00000, 0x000000008af00000, 0x000000008b000000|  0%| F|  |TAMS 0x000000008af00000| PB 0x000000008af00000| Untracked |  0
| 148|0x000000008b000000, 0x000000008b000000, 0x000000008b100000|  0%| F|  |TAMS 0x000000008b000000| PB 0x000000008b000000| Untracked |  0
| 149|0x000000008b100000, 0x000000008b100000, 0x000000008b200000|  0%| F|  |TAMS 0x000000008b100000| PB 0x000000008b100000| Untracked |  0
| 150|0x000000008b200000, 0x000000008b200000, 0x000000008b300000|  0%| F|  |TAMS 0x000000008b200000| PB 0x000000008b200000| Untracked |  0
| 151|0x000000008b300000, 0x000000008b300000, 0x000000008b400000|  0%| F|  |TAMS 0x000000008b300000| PB 0x000000008b300000| Untracked |  0
| 152|0x000000008b400000, 0x000000008b400000, 0x000000008b500000|  0%| F|  |TAMS 0x000000008b400000| PB 0x000000008b400000| Untracked |  0
| 153|0x000000008b500000, 0x000000008b500000, 0x000000008b600000|  0%| F|  |TAMS 0x000000008b500000| PB 0x000000008b500000| Untracked |  0
| 154|0x000000008b600000, 0x000000008b600000, 0x000000008b700000|  0%| F|  |TAMS 0x000000008b600000| PB 0x000000008b600000| Untracked |  0
| 155|0x000000008b700000, 0x000000008b700000, 0x000000008b800000|  0%| F|  |TAMS 0x000000008b700000| PB 0x000000008b700000| Untracked |  0
| 156|0x000000008b800000, 0x000000008b800000, 0x000000008b900000|  0%| F|  |TAMS 0x000000008b800000| PB 0x000000008b800000| Untracked |  0
| 157|0x000000008b900000, 0x000000008b900000, 0x000000008ba00000|  0%| F|  |TAMS 0x000000008b900000| PB 0x000000008b900000| Untracked |  0
| 158|0x000000008ba00000, 0x000000008ba00000, 0x000000008bb00000|  0%| F|  |TAMS 0x000000008ba00000| PB 0x000000008ba00000| Untracked |  0
| 159|0x000000008bb00000, 0x000000008bb15f48, 0x000000008bc00000|  8%| S|CS|TAMS 0x000000008bb00000| PB 0x000000008bb00000| Complete |  0
| 160|0x000000008bc00000, 0x000000008bd00000, 0x000000008bd00000|100%|HS|  |TAMS 0x000000008bc00000| PB 0x000000008bc00000| Complete |  0
| 161|0x000000008bd00000, 0x000000008be00000, 0x000000008be00000|100%|HC|  |TAMS 0x000000008bd00000| PB 0x000000008bd00000| Complete |  0
| 162|0x000000008be00000, 0x000000008bf00000, 0x000000008bf00000|100%|HC|  |TAMS 0x000000008be00000| PB 0x000000008be00000| Complete |  0
| 163|0x000000008bf00000, 0x000000008c000000, 0x000000008c000000|100%|HC|  |TAMS 0x000000008bf00000| PB 0x000000008bf00000| Complete |  0
| 164|0x000000008c000000, 0x000000008c100000, 0x000000008c100000|100%|HC|  |TAMS 0x000000008c000000| PB 0x000000008c000000| Complete |  0
| 165|0x000000008c100000, 0x000000008c200000, 0x000000008c200000|100%|HC|  |TAMS 0x000000008c100000| PB 0x000000008c100000| Complete |  0
| 166|0x000000008c200000, 0x000000008c300000, 0x000000008c300000|100%|HC|  |TAMS 0x000000008c200000| PB 0x000000008c200000| Complete |  0
| 167|0x000000008c300000, 0x000000008c400000, 0x000000008c400000|100%|HC|  |TAMS 0x000000008c300000| PB 0x000000008c300000| Complete |  0
| 168|0x000000008c400000, 0x000000008c500000, 0x000000008c500000|100%|HC|  |TAMS 0x000000008c400000| PB 0x000000008c400000| Complete |  0
| 169|0x000000008c500000, 0x000000008c600000, 0x000000008c600000|100%|HC|  |TAMS 0x000000008c500000| PB 0x000000008c500000| Complete |  0
| 170|0x000000008c600000, 0x000000008c700000, 0x000000008c700000|100%|HC|  |TAMS 0x000000008c600000| PB 0x000000008c600000| Complete |  0
| 171|0x000000008c700000, 0x000000008c800000, 0x000000008c800000|100%|HC|  |TAMS 0x000000008c700000| PB 0x000000008c700000| Complete |  0
| 172|0x000000008c800000, 0x000000008c900000, 0x000000008c900000|100%|HC|  |TAMS 0x000000008c800000| PB 0x000000008c800000| Complete |  0
| 173|0x000000008c900000, 0x000000008ca00000, 0x000000008ca00000|100%|HC|  |TAMS 0x000000008c900000| PB 0x000000008c900000| Complete |  0
| 174|0x000000008ca00000, 0x000000008cb00000, 0x000000008cb00000|100%|HC|  |TAMS 0x000000008ca00000| PB 0x000000008ca00000| Complete |  0
| 175|0x000000008cb00000, 0x000000008cc00000, 0x000000008cc00000|100%|HC|  |TAMS 0x000000008cb00000| PB 0x000000008cb00000| Complete |  0
| 176|0x000000008cc00000, 0x000000008cd00000, 0x000000008cd00000|100%|HC|  |TAMS 0x000000008cc00000| PB 0x000000008cc00000| Complete |  0
| 177|0x000000008cd00000, 0x000000008ce00000, 0x000000008ce00000|100%|HC|  |TAMS 0x000000008cd00000| PB 0x000000008cd00000| Complete |  0
| 178|0x000000008ce00000, 0x000000008cf00000, 0x000000008cf00000|100%|HC|  |TAMS 0x000000008ce00000| PB 0x000000008ce00000| Complete |  0
| 179|0x000000008cf00000, 0x000000008d000000, 0x000000008d000000|100%|HC|  |TAMS 0x000000008cf00000| PB 0x000000008cf00000| Complete |  0
| 180|0x000000008d000000, 0x000000008d100000, 0x000000008d100000|100%|HC|  |TAMS 0x000000008d000000| PB 0x000000008d000000| Complete |  0
| 181|0x000000008d100000, 0x000000008d200000, 0x000000008d200000|100%|HC|  |TAMS 0x000000008d100000| PB 0x000000008d100000| Complete |  0
| 182|0x000000008d200000, 0x000000008d300000, 0x000000008d300000|100%|HC|  |TAMS 0x000000008d200000| PB 0x000000008d200000| Complete |  0
| 183|0x000000008d300000, 0x000000008d400000, 0x000000008d400000|100%|HC|  |TAMS 0x000000008d300000| PB 0x000000008d300000| Complete |  0
| 184|0x000000008d400000, 0x000000008d500000, 0x000000008d500000|100%|HC|  |TAMS 0x000000008d400000| PB 0x000000008d400000| Complete |  0
| 185|0x000000008d500000, 0x000000008d600000, 0x000000008d600000|100%|HC|  |TAMS 0x000000008d500000| PB 0x000000008d500000| Complete |  0
| 186|0x000000008d600000, 0x000000008d700000, 0x000000008d700000|100%|HC|  |TAMS 0x000000008d600000| PB 0x000000008d600000| Complete |  0
| 187|0x000000008d700000, 0x000000008d800000, 0x000000008d800000|100%|HC|  |TAMS 0x000000008d700000| PB 0x000000008d700000| Complete |  0
| 188|0x000000008d800000, 0x000000008d900000, 0x000000008d900000|100%|HC|  |TAMS 0x000000008d800000| PB 0x000000008d800000| Complete |  0
| 189|0x000000008d900000, 0x000000008da00000, 0x000000008da00000|100%|HC|  |TAMS 0x000000008d900000| PB 0x000000008d900000| Complete |  0
| 190|0x000000008da00000, 0x000000008db00000, 0x000000008db00000|100%|HC|  |TAMS 0x000000008da00000| PB 0x000000008da00000| Complete |  0
| 191|0x000000008db00000, 0x000000008dc00000, 0x000000008dc00000|100%|HC|  |TAMS 0x000000008db00000| PB 0x000000008db00000| Complete |  0
| 192|0x000000008dc00000, 0x000000008dd00000, 0x000000008dd00000|100%|HC|  |TAMS 0x000000008dc00000| PB 0x000000008dc00000| Complete |  0
| 193|0x000000008dd00000, 0x000000008de00000, 0x000000008de00000|100%|HC|  |TAMS 0x000000008dd00000| PB 0x000000008dd00000| Complete |  0
| 194|0x000000008de00000, 0x000000008df00000, 0x000000008df00000|100%|HC|  |TAMS 0x000000008de00000| PB 0x000000008de00000| Complete |  0
| 195|0x000000008df00000, 0x000000008e000000, 0x000000008e000000|100%|HC|  |TAMS 0x000000008df00000| PB 0x000000008df00000| Complete |  0
| 196|0x000000008e000000, 0x000000008e100000, 0x000000008e100000|100%|HC|  |TAMS 0x000000008e000000| PB 0x000000008e000000| Complete |  0
| 197|0x000000008e100000, 0x000000008e200000, 0x000000008e200000|100%|HC|  |TAMS 0x000000008e100000| PB 0x000000008e100000| Complete |  0
| 198|0x000000008e200000, 0x000000008e300000, 0x000000008e300000|100%|HC|  |TAMS 0x000000008e200000| PB 0x000000008e200000| Complete |  0
| 199|0x000000008e300000, 0x000000008e400000, 0x000000008e400000|100%|HC|  |TAMS 0x000000008e300000| PB 0x000000008e300000| Complete |  0
| 200|0x000000008e400000, 0x000000008e500000, 0x000000008e500000|100%|HC|  |TAMS 0x000000008e400000| PB 0x000000008e400000| Complete |  0
| 201|0x000000008e500000, 0x000000008e600000, 0x000000008e600000|100%|HC|  |TAMS 0x000000008e500000| PB 0x000000008e500000| Complete |  0
| 202|0x000000008e600000, 0x000000008e700000, 0x000000008e700000|100%|HC|  |TAMS 0x000000008e600000| PB 0x000000008e600000| Complete |  0
| 203|0x000000008e700000, 0x000000008e800000, 0x000000008e800000|100%|HC|  |TAMS 0x000000008e700000| PB 0x000000008e700000| Complete |  0
| 204|0x000000008e800000, 0x000000008e900000, 0x000000008e900000|100%|HC|  |TAMS 0x000000008e800000| PB 0x000000008e800000| Complete |  0
| 205|0x000000008e900000, 0x000000008ea00000, 0x000000008ea00000|100%|HC|  |TAMS 0x000000008e900000| PB 0x000000008e900000| Complete |  0
| 206|0x000000008ea00000, 0x000000008eb00000, 0x000000008eb00000|100%|HC|  |TAMS 0x000000008ea00000| PB 0x000000008ea00000| Complete |  0
| 207|0x000000008eb00000, 0x000000008ec00000, 0x000000008ec00000|100%|HC|  |TAMS 0x000000008eb00000| PB 0x000000008eb00000| Complete |  0
| 208|0x000000008ec00000, 0x000000008ed00000, 0x000000008ed00000|100%|HC|  |TAMS 0x000000008ec00000| PB 0x000000008ec00000| Complete |  0
| 209|0x000000008ed00000, 0x000000008ee00000, 0x000000008ee00000|100%|HC|  |TAMS 0x000000008ed00000| PB 0x000000008ed00000| Complete |  0
| 210|0x000000008ee00000, 0x000000008ef00000, 0x000000008ef00000|100%|HC|  |TAMS 0x000000008ee00000| PB 0x000000008ee00000| Complete |  0
| 211|0x000000008ef00000, 0x000000008f000000, 0x000000008f000000|100%|HC|  |TAMS 0x000000008ef00000| PB 0x000000008ef00000| Complete |  0
| 212|0x000000008f000000, 0x000000008f100000, 0x000000008f100000|100%|HC|  |TAMS 0x000000008f000000| PB 0x000000008f000000| Complete |  0
| 213|0x000000008f100000, 0x000000008f200000, 0x000000008f200000|100%|HC|  |TAMS 0x000000008f100000| PB 0x000000008f100000| Complete |  0
| 214|0x000000008f200000, 0x000000008f300000, 0x000000008f300000|100%|HC|  |TAMS 0x000000008f200000| PB 0x000000008f200000| Complete |  0
| 215|0x000000008f300000, 0x000000008f400000, 0x000000008f400000|100%|HC|  |TAMS 0x000000008f300000| PB 0x000000008f300000| Complete |  0
| 216|0x000000008f400000, 0x000000008f500000, 0x000000008f500000|100%|HC|  |TAMS 0x000000008f400000| PB 0x000000008f400000| Complete |  0
| 217|0x000000008f500000, 0x000000008f600000, 0x000000008f600000|100%|HC|  |TAMS 0x000000008f500000| PB 0x000000008f500000| Complete |  0
| 218|0x000000008f600000, 0x000000008f700000, 0x000000008f700000|100%|HC|  |TAMS 0x000000008f600000| PB 0x000000008f600000| Complete |  0
| 219|0x000000008f700000, 0x000000008f800000, 0x000000008f800000|100%|HC|  |TAMS 0x000000008f700000| PB 0x000000008f700000| Complete |  0
| 220|0x000000008f800000, 0x000000008f900000, 0x000000008f900000|100%|HC|  |TAMS 0x000000008f800000| PB 0x000000008f800000| Complete |  0
| 221|0x000000008f900000, 0x000000008fa00000, 0x000000008fa00000|100%|HC|  |TAMS 0x000000008f900000| PB 0x000000008f900000| Complete |  0
| 222|0x000000008fa00000, 0x000000008fb00000, 0x000000008fb00000|100%|HC|  |TAMS 0x000000008fa00000| PB 0x000000008fa00000| Complete |  0
| 223|0x000000008fb00000, 0x000000008fc00000, 0x000000008fc00000|100%|HC|  |TAMS 0x000000008fb00000| PB 0x000000008fb00000| Complete |  0
| 224|0x000000008fc00000, 0x000000008fd00000, 0x000000008fd00000|100%|HC|  |TAMS 0x000000008fc00000| PB 0x000000008fc00000| Complete |  0
| 225|0x000000008fd00000, 0x000000008fe00000, 0x000000008fe00000|100%|HC|  |TAMS 0x000000008fd00000| PB 0x000000008fd00000| Complete |  0
| 226|0x000000008fe00000, 0x000000008ff00000, 0x000000008ff00000|100%|HC|  |TAMS 0x000000008fe00000| PB 0x000000008fe00000| Complete |  0
| 227|0x000000008ff00000, 0x0000000090000000, 0x0000000090000000|100%|HC|  |TAMS 0x000000008ff00000| PB 0x000000008ff00000| Complete |  0
| 228|0x0000000090000000, 0x0000000090100000, 0x0000000090100000|100%|HC|  |TAMS 0x0000000090000000| PB 0x0000000090000000| Complete |  0
| 229|0x0000000090100000, 0x0000000090200000, 0x0000000090200000|100%|HC|  |TAMS 0x0000000090100000| PB 0x0000000090100000| Complete |  0
| 230|0x0000000090200000, 0x0000000090300000, 0x0000000090300000|100%|HC|  |TAMS 0x0000000090200000| PB 0x0000000090200000| Complete |  0
| 231|0x0000000090300000, 0x0000000090400000, 0x0000000090400000|100%|HC|  |TAMS 0x0000000090300000| PB 0x0000000090300000| Complete |  0
| 232|0x0000000090400000, 0x0000000090500000, 0x0000000090500000|100%|HC|  |TAMS 0x0000000090400000| PB 0x0000000090400000| Complete |  0
| 233|0x0000000090500000, 0x0000000090600000, 0x0000000090600000|100%|HC|  |TAMS 0x0000000090500000| PB 0x0000000090500000| Complete |  0
| 234|0x0000000090600000, 0x0000000090700000, 0x0000000090700000|100%|HC|  |TAMS 0x0000000090600000| PB 0x0000000090600000| Complete |  0
| 235|0x0000000090700000, 0x0000000090800000, 0x0000000090800000|100%|HC|  |TAMS 0x0000000090700000| PB 0x0000000090700000| Complete |  0
| 236|0x0000000090800000, 0x0000000090900000, 0x0000000090900000|100%|HC|  |TAMS 0x0000000090800000| PB 0x0000000090800000| Complete |  0
| 237|0x0000000090900000, 0x0000000090a00000, 0x0000000090a00000|100%|HC|  |TAMS 0x0000000090900000| PB 0x0000000090900000| Complete |  0
| 238|0x0000000090a00000, 0x0000000090b00000, 0x0000000090b00000|100%|HC|  |TAMS 0x0000000090a00000| PB 0x0000000090a00000| Complete |  0
| 239|0x0000000090b00000, 0x0000000090c00000, 0x0000000090c00000|100%|HC|  |TAMS 0x0000000090b00000| PB 0x0000000090b00000| Complete |  0
| 240|0x0000000090c00000, 0x0000000090d00000, 0x0000000090d00000|100%|HC|  |TAMS 0x0000000090c00000| PB 0x0000000090c00000| Complete |  0
| 241|0x0000000090d00000, 0x0000000090e00000, 0x0000000090e00000|100%|HC|  |TAMS 0x0000000090d00000| PB 0x0000000090d00000| Complete |  0
| 242|0x0000000090e00000, 0x0000000090f00000, 0x0000000090f00000|100%|HC|  |TAMS 0x0000000090e00000| PB 0x0000000090e00000| Complete |  0
| 243|0x0000000090f00000, 0x0000000091000000, 0x0000000091000000|100%|HC|  |TAMS 0x0000000090f00000| PB 0x0000000090f00000| Complete |  0

Card table byte_map: [0x000001fe40cd0000,0x000001fe410d0000] _byte_map_base: 0x000001fe408c2000

Marking Bits: (CMBitMap*) 0x000001fe291e73f0
 Bits: [0x000001fe410d0000, 0x000001fe43060000)

Polling page: 0x000001fe26de0000

Metaspace:

Usage:
  Non-class:      5.36 MB used.
      Class:    724.35 KB used.
       Both:      6.07 MB used.

Virtual space:
  Non-class space:       64.00 MB reserved,       5.50 MB (  9%) committed,  1 nodes.
      Class space:        1.00 GB reserved,     832.00 KB ( <1%) committed,  1 nodes.
             Both:        1.06 GB reserved,       6.31 MB ( <1%) committed. 

Chunk freelists:
   Non-Class:  10.34 MB
       Class:  15.22 MB
        Both:  25.56 MB

MaxMetaspaceSize: unlimited
CompressedClassSpaceSize: 1.00 GB
Initial GC threshold: 21.00 MB
Current GC threshold: 21.00 MB
CDS: on
 - commit_granule_bytes: 65536.
 - commit_granule_words: 8192.
 - virtual_space_node_default_size: 8388608.
 - enlarge_chunks_in_place: 1.
 - use_allocation_guard: 0.


Internal statistics:

num_allocs_failed_limit: 0.
num_arena_births: 134.
num_arena_deaths: 0.
num_vsnodes_births: 2.
num_vsnodes_deaths: 0.
num_space_committed: 101.
num_space_uncommitted: 0.
num_chunks_returned_to_freelist: 0.
num_chunks_taken_from_freelist: 165.
num_chunk_merges: 0.
num_chunk_splits: 100.
num_chunks_enlarged: 45.
num_inconsistent_stats: 0.

CodeHeap 'non-profiled nmethods': size=120064Kb used=273Kb max_used=287Kb free=119790Kb
 bounds [0x000001fe39390000, 0x000001fe39600000, 0x000001fe408d0000]
CodeHeap 'profiled nmethods': size=120000Kb used=699Kb max_used=741Kb free=119300Kb
 bounds [0x000001fe318d0000, 0x000001fe31b40000, 0x000001fe38e00000]
CodeHeap 'non-nmethods': size=5696Kb used=1463Kb max_used=1481Kb free=4233Kb
 bounds [0x000001fe38e00000, 0x000001fe39070000, 0x000001fe39390000]
CodeCache: size=245760Kb, used=2435Kb, max_used=2509Kb, free=243323Kb
 total_blobs=1253, nmethods=694, adapters=465, full_count=0
Compilation: enabled, stopped_count=0, restarted_count=0

Compilation events (20 events):
Event: 2.836 Thread 0x000001fe4563c450  760       3       java.awt.image.AreaAveragingScaleFilter::calcRow (250 bytes)
Event: 2.837 Thread 0x000001fe4563c450 nmethod 760 0x000001fe31979908 code [0x000001fe31979ae0, 0x000001fe3197a3e8]
Event: 2.851 Thread 0x000001fe45636970  761 %     4       java.awt.image.AreaAveragingScaleFilter::calcRow @ 42 (250 bytes)
Event: 2.863 Thread 0x000001fe45636970 nmethod 761% 0x000001fe393d3c08 code [0x000001fe393d3d60, 0x000001fe393d4980]
Event: 2.937 Thread 0x000001fe45636970  762       4       java.awt.image.AreaAveragingScaleFilter::calcRow (250 bytes)
Event: 2.945 Thread 0x000001fe45636970 nmethod 762 0x000001fe393d4a08 code [0x000001fe393d4b40, 0x000001fe393d5098]
Event: 2.962 Thread 0x000001fe4563c450  763       3       java.awt.image.AreaAveragingScaleFilter::accumPixels (545 bytes)
Event: 2.963 Thread 0x000001fe4563c450 nmethod 763 0x000001fe31989488 code [0x000001fe319896a0, 0x000001fe3198a6a0]
Event: 2.970 Thread 0x000001fe45636970  764       4       java.awt.image.AreaAveragingScaleFilter::accumPixels (545 bytes)
Event: 3.020 Thread 0x000001fe45636970 nmethod 764 0x000001fe393d5108 code [0x000001fe393d52e0, 0x000001fe393d64f8]
Event: 3.465 Thread 0x000001fe45636970  765       4       sun.awt.image.ImageDecoder::setPixels (58 bytes)
Event: 3.477 Thread 0x000001fe45636970 nmethod 765 0x000001fe393d6588 code [0x000001fe393d6700, 0x000001fe393d7398]
Event: 3.516 Thread 0x000001fe45636970  766       4       sun.awt.image.JPEGImageDecoder::sendPixels (40 bytes)
Event: 3.518 Thread 0x000001fe45636970 nmethod 766 0x000001fe393d7408 code [0x000001fe393d7520, 0x000001fe393d7638]
Event: 3.800 Thread 0x000001fe4563c450  767 % !   3       sun.awt.image.ImageRepresentation::getOpaqueRGBImage @ 54 (164 bytes)
Event: 3.801 Thread 0x000001fe4563c450 nmethod 767% 0x000001fe31978688 code [0x000001fe31978860, 0x000001fe319792e0]
Event: 3.801 Thread 0x000001fe4563c450  768   !   3       sun.awt.image.ImageRepresentation::getOpaqueRGBImage (164 bytes)
Event: 3.802 Thread 0x000001fe4563c450 nmethod 768 0x000001fe3198a708 code [0x000001fe3198a8e0, 0x000001fe3198b228]
Event: 3.802 Thread 0x000001fe45636970  769 % !   4       sun.awt.image.ImageRepresentation::getOpaqueRGBImage @ 54 (164 bytes)
Event: 3.811 Thread 0x000001fe45636970 nmethod 769% 0x000001fe393d7708 code [0x000001fe393d7820, 0x000001fe393d7bd8]

GC Heap History (16 events):
Event: 1.306 GC heap before
{Heap before GC invocations=0 (full 0):
 garbage-first heap   total reserved 2068480K, committed 131072K, used 5120K [0x0000000081c00000, 0x0000000100000000)
  region size 1024K, 6 young (6144K), 0 survivors (0K)
 Metaspace       used 6053K, committed 6272K, reserved 1114112K
  class space    used 713K, committed 832K, reserved 1048576K
}
Event: 1.312 GC heap after
{Heap after GC invocations=1 (full 0):
 garbage-first heap   total reserved 2068480K, committed 131072K, used 2048K [0x0000000081c00000, 0x0000000100000000)
  region size 1024K, 2 young (2048K), 2 survivors (2048K)
 Metaspace       used 6053K, committed 6272K, reserved 1114112K
  class space    used 713K, committed 832K, reserved 1048576K
}
Event: 1.676 GC heap before
{Heap before GC invocations=1 (full 0):
 garbage-first heap   total reserved 2068480K, committed 131072K, used 106496K [0x0000000081c00000, 0x0000000100000000)
  region size 1024K, 13 young (13312K), 2 survivors (2048K)
 Metaspace       used 6170K, committed 6400K, reserved 1114112K
  class space    used 719K, committed 832K, reserved 1048576K
}
Event: 1.681 GC heap after
{Heap after GC invocations=2 (full 0):
 garbage-first heap   total reserved 2068480K, committed 131072K, used 96485K [0x0000000081c00000, 0x0000000100000000)
  region size 1024K, 1 young (1024K), 1 survivors (1024K)
 Metaspace       used 6170K, committed 6400K, reserved 1114112K
  class space    used 719K, committed 832K, reserved 1048576K
}
Event: 1.840 GC heap before
{Heap before GC invocations=2 (full 0):
 garbage-first heap   total reserved 2068480K, committed 131072K, used 111845K [0x0000000081c00000, 0x0000000100000000)
  region size 1024K, 17 young (17408K), 1 survivors (1024K)
 Metaspace       used 6175K, committed 6400K, reserved 1114112K
  class space    used 720K, committed 832K, reserved 1048576K
}
Event: 1.841 GC heap after
{Heap after GC invocations=3 (full 0):
 garbage-first heap   total reserved 2068480K, committed 131072K, used 96319K [0x0000000081c00000, 0x0000000100000000)
  region size 1024K, 1 young (1024K), 1 survivors (1024K)
 Metaspace       used 6175K, committed 6400K, reserved 1114112K
  class space    used 720K, committed 832K, reserved 1048576K
}
Event: 1.920 GC heap before
{Heap before GC invocations=4 (full 0):
 garbage-first heap   total reserved 2068480K, committed 162816K, used 113727K [0x0000000081c00000, 0x0000000100000000)
  region size 1024K, 19 young (19456K), 1 survivors (1024K)
 Metaspace       used 6175K, committed 6400K, reserved 1114112K
  class space    used 720K, committed 832K, reserved 1048576K
}
Event: 1.920 GC heap after
{Heap after GC invocations=5 (full 0):
 garbage-first heap   total reserved 2068480K, committed 162816K, used 96257K [0x0000000081c00000, 0x0000000100000000)
  region size 1024K, 1 young (1024K), 1 survivors (1024K)
 Metaspace       used 6175K, committed 6400K, reserved 1114112K
  class space    used 720K, committed 832K, reserved 1048576K
}
Event: 2.046 GC heap before
{Heap before GC invocations=5 (full 0):
 garbage-first heap   total reserved 2068480K, committed 162816K, used 130049K [0x0000000081c00000, 0x0000000100000000)
  region size 1024K, 35 young (35840K), 1 survivors (1024K)
 Metaspace       used 6175K, committed 6400K, reserved 1114112K
  class space    used 720K, committed 832K, reserved 1048576K
}
Event: 2.047 GC heap after
{Heap after GC invocations=6 (full 0):
 garbage-first heap   total reserved 2068480K, committed 162816K, used 96241K [0x0000000081c00000, 0x0000000100000000)
  region size 1024K, 1 young (1024K), 1 survivors (1024K)
 Metaspace       used 6175K, committed 6400K, reserved 1114112K
  class space    used 720K, committed 832K, reserved 1048576K
}
Event: 2.244 GC heap before
{Heap before GC invocations=7 (full 0):
 garbage-first heap   total reserved 2068480K, committed 162816K, used 132081K [0x0000000081c00000, 0x0000000100000000)
  region size 1024K, 37 young (37888K), 1 survivors (1024K)
 Metaspace       used 6175K, committed 6400K, reserved 1114112K
  class space    used 720K, committed 832K, reserved 1048576K
}
Event: 2.245 GC heap after
{Heap after GC invocations=8 (full 0):
 garbage-first heap   total reserved 2068480K, committed 162816K, used 96243K [0x0000000081c00000, 0x0000000100000000)
  region size 1024K, 1 young (1024K), 1 survivors (1024K)
 Metaspace       used 6175K, committed 6400K, reserved 1114112K
  class space    used 720K, committed 832K, reserved 1048576K
}
Event: 2.386 GC heap before
{Heap before GC invocations=8 (full 0):
 garbage-first heap   total reserved 2068480K, committed 162816K, used 96243K [0x0000000081c00000, 0x0000000100000000)
  region size 1024K, 3 young (3072K), 1 survivors (1024K)
 Metaspace       used 6186K, committed 6400K, reserved 1114112K
  class space    used 723K, committed 832K, reserved 1048576K
}
Event: 2.387 GC heap after
{Heap after GC invocations=9 (full 0):
 garbage-first heap   total reserved 2068480K, committed 162816K, used 96279K [0x0000000081c00000, 0x0000000100000000)
  region size 1024K, 1 young (1024K), 1 survivors (1024K)
 Metaspace       used 6186K, committed 6400K, reserved 1114112K
  class space    used 723K, committed 832K, reserved 1048576K
}
Event: 3.809 GC heap before
{Heap before GC invocations=10 (full 0):
 garbage-first heap   total reserved 2068480K, committed 165888K, used 100375K [0x0000000081c00000, 0x0000000100000000)
  region size 1024K, 4 young (4096K), 1 survivors (1024K)
 Metaspace       used 6217K, committed 6464K, reserved 1114112K
  class space    used 724K, committed 832K, reserved 1048576K
}
Event: 3.810 GC heap after
{Heap after GC invocations=11 (full 0):
 garbage-first heap   total reserved 2068480K, committed 165888K, used 97347K [0x0000000081c00000, 0x0000000100000000)
  region size 1024K, 1 young (1024K), 1 survivors (1024K)
 Metaspace       used 6217K, committed 6464K, reserved 1114112K
  class space    used 724K, committed 832K, reserved 1048576K
}

Dll operation events (12 events):
Event: 0.051 Loaded shared library C:\Program Files\Java\jdk-23\bin\java.dll
Event: 0.250 Loaded shared library C:\Program Files\Java\jdk-23\bin\jsvml.dll
Event: 0.338 Loaded shared library C:\Program Files\Java\jdk-23\bin\zip.dll
Event: 0.344 Loaded shared library C:\Program Files\Java\jdk-23\bin\instrument.dll
Event: 0.353 Loaded shared library C:\Program Files\Java\jdk-23\bin\net.dll
Event: 0.356 Loaded shared library C:\Program Files\Java\jdk-23\bin\nio.dll
Event: 0.361 Loaded shared library C:\Program Files\Java\jdk-23\bin\zip.dll
Event: 0.441 Loaded shared library E:\Downloads\ideaIC-2024.3.1.win\bin\breakgen64.dll
Event: 0.463 Loaded shared library C:\Program Files\Java\jdk-23\bin\jimage.dll
Event: 0.511 Loaded shared library C:\Program Files\Java\jdk-23\bin\extnet.dll
Event: 0.531 Loaded shared library C:\Program Files\Java\jdk-23\bin\awt.dll
Event: 1.102 Loaded shared library C:\Program Files\Java\jdk-23\bin\javajpeg.dll

Deoptimization events (20 events):
Event: 3.016 Thread 0x000001fe8ba160a0 DEOPT PACKING pc=0x000001fe3198a596 sp=0x000000f7cd6fe1e0
Event: 3.016 Thread 0x000001fe8ba160a0 DEOPT UNPACKING pc=0x000001fe38e54b22 sp=0x000000f7cd6fd658 mode 0
Event: 3.016 Thread 0x000001fe8ba160a0 DEOPT PACKING pc=0x000001fe3198a596 sp=0x000000f7cd6fe1e0
Event: 3.016 Thread 0x000001fe8ba160a0 DEOPT UNPACKING pc=0x000001fe38e54b22 sp=0x000000f7cd6fd658 mode 0
Event: 3.018 Thread 0x000001fe8ba160a0 DEOPT PACKING pc=0x000001fe3198a596 sp=0x000000f7cd6fe1e0
Event: 3.018 Thread 0x000001fe8ba160a0 DEOPT UNPACKING pc=0x000001fe38e54b22 sp=0x000000f7cd6fd658 mode 0
Event: 3.020 Thread 0x000001fe8ba160a0 DEOPT PACKING pc=0x000001fe3198a596 sp=0x000000f7cd6fe1e0
Event: 3.020 Thread 0x000001fe8ba160a0 DEOPT UNPACKING pc=0x000001fe38e54b22 sp=0x000000f7cd6fd658 mode 0
Event: 3.803 Thread 0x000001fe8ba160a0 Uncommon trap: trap_request=0xffffff45 fr.pc=0x000001fe3939e510 relative=0x00000000000001d0
Event: 3.803 Thread 0x000001fe8ba160a0 Uncommon trap: reason=unstable_if action=reinterpret pc=0x000001fe3939e510 method=java.awt.ImageMediaEntry.parseflags(I)I @ 23 c2
Event: 3.803 Thread 0x000001fe8ba160a0 DEOPT PACKING pc=0x000001fe3939e510 sp=0x000000f7cd6fed40
Event: 3.803 Thread 0x000001fe8ba160a0 DEOPT UNPACKING pc=0x000001fe38e54402 sp=0x000000f7cd6fe9d8 mode 2
Event: 3.807 Thread 0x000001fe8ba160a0 Uncommon trap: trap_request=0xffffffde fr.pc=0x000001fe393cacc4 relative=0x0000000000000884
Event: 3.807 Thread 0x000001fe8ba160a0 Uncommon trap: reason=class_check action=maybe_recompile pc=0x000001fe393cacc4 method=java.io.BufferedInputStream.implRead([BII)I @ 100 c2
Event: 3.807 Thread 0x000001fe8ba160a0 DEOPT PACKING pc=0x000001fe393cacc4 sp=0x000000f7cd6fee20
Event: 3.807 Thread 0x000001fe8ba160a0 DEOPT UNPACKING pc=0x000001fe38e54402 sp=0x000000f7cd6fedd8 mode 2
Event: 3.807 Thread 0x000001fe8ba160a0 Uncommon trap: trap_request=0xffffff45 fr.pc=0x000001fe393c78d4 relative=0x0000000000000214
Event: 3.807 Thread 0x000001fe8ba160a0 Uncommon trap: reason=unstable_if action=reinterpret pc=0x000001fe393c78d4 method=java.io.BufferedInputStream.read1([BII)I @ 34 c2
Event: 3.807 Thread 0x000001fe8ba160a0 DEOPT PACKING pc=0x000001fe393c78d4 sp=0x000000f7cd6fed90
Event: 3.807 Thread 0x000001fe8ba160a0 DEOPT UNPACKING pc=0x000001fe38e54402 sp=0x000000f7cd6fed48 mode 2

Classes loaded (20 events):
Event: 1.419 Loading class java/awt/image/WritableRenderedImage done
Event: 1.419 Loading class java/awt/image/BufferedImage done
Event: 1.419 Loading class java/awt/image/BufferedImage$1
Event: 1.419 Loading class java/awt/image/BufferedImage$1 done
Event: 1.818 Loading class sun/awt/AppContext$PostShutdownEventRunnable
Event: 1.818 Loading class sun/awt/AppContext$PostShutdownEventRunnable done
Event: 1.818 Loading class sun/awt/AWTAutoShutdown$1
Event: 1.818 Loading class sun/awt/AWTAutoShutdown$1 done
Event: 2.261 Loading class java/awt/image/AreaAveragingScaleFilter
Event: 2.261 Loading class java/awt/image/ReplicateScaleFilter
Event: 2.262 Loading class java/awt/image/ImageFilter
Event: 2.262 Loading class java/awt/image/ImageFilter done
Event: 2.262 Loading class java/awt/image/ReplicateScaleFilter done
Event: 2.262 Loading class java/awt/image/AreaAveragingScaleFilter done
Event: 2.262 Loading class java/awt/image/FilteredImageSource
Event: 2.262 Loading class java/awt/image/FilteredImageSource done
Event: 3.804 Loading class sun/awt/image/PNGImageDecoder
Event: 3.804 Loading class sun/awt/image/PNGImageDecoder done
Event: 3.806 Loading class sun/awt/image/PNGFilterInputStream
Event: 3.806 Loading class sun/awt/image/PNGFilterInputStream done

Classes unloaded (0 events):
No events

Classes redefined (0 events):
No events

Internal exceptions (11 events):
Event: 0.434 Thread 0x000001fe26e402c0 Exception <a 'java/lang/NoSuchMethodError'{0x0000000089971478}: 'java.lang.Object java.lang.invoke.Invokers$Holder.invokeExact_MT(java.lang.Object, java.lang.Object, java.lang.Object, java.lang.Object, java.lang.Object)'> (0x0000000089971478) 
thrown [s\open\src\hotspot\share\interpreter\linkResolver.cpp, line 796]
Event: 0.490 Thread 0x000001fe26e402c0 Exception <a 'java/lang/ClassNotFoundException'{0x0000000089995430}: sun/awt/resources/spi/awtProvider> (0x0000000089995430) 
thrown [s\open\src\hotspot\share\classfile\systemDictionary.cpp, line 313]
Event: 0.515 Thread 0x000001fe458fcd90 Exception <a 'java/lang/NoSuchMethodError'{0x00000000899e0160}: 'void java.lang.invoke.DirectMethodHandle$Holder.invokeStatic(java.lang.Object, java.lang.Object)'> (0x00000000899e0160) 
thrown [s\open\src\hotspot\share\interpreter\linkResolver.cpp, line 796]
Event: 0.571 Thread 0x000001fe26e402c0 Exception <a 'java/io/FileNotFoundException'{0x000000008980f300}> (0x000000008980f300) 
thrown [s\open\src\hotspot\share\prims\jni.cpp, line 520]
Event: 0.583 Thread 0x000001fe26e402c0 Exception <a 'java/io/FileNotFoundException'{0x000000008983d460}> (0x000000008983d460) 
thrown [s\open\src\hotspot\share\prims\jni.cpp, line 520]
Event: 0.860 Thread 0x000001fe26e402c0 Exception <a 'java/lang/NoSuchMethodError'{0x00000000898ccdd0}: 'void java.lang.invoke.DirectMethodHandle$Holder.invokeSpecial(java.lang.Object, java.lang.Object, java.lang.Object)'> (0x00000000898ccdd0) 
thrown [s\open\src\hotspot\share\interpreter\linkResolver.cpp, line 796]
Event: 0.903 Thread 0x000001fe26e402c0 Exception <a 'java/lang/NoSuchMethodError'{0x000000008978d4d0}: 'java.lang.Object java.lang.invoke.DirectMethodHandle$Holder.invokeStatic(java.lang.Object, int, java.lang.Object)'> (0x000000008978d4d0) 
thrown [s\open\src\hotspot\share\interpreter\linkResolver.cpp, line 796]
Event: 0.948 Thread 0x000001fe26e402c0 Exception <a 'java/lang/ClassNotFoundException'{0x00000000896346e8}: com/sun/swing/internal/plaf/metal/resources/spi/metalProvider> (0x00000000896346e8) 
thrown [s\open\src\hotspot\share\classfile\systemDictionary.cpp, line 313]
Event: 0.951 Thread 0x000001fe26e402c0 Exception <a 'java/lang/ClassNotFoundException'{0x00000000896386a8}: com/sun/swing/internal/plaf/basic/resources/spi/basicProvider> (0x00000000896386a8) 
thrown [s\open\src\hotspot\share\classfile\systemDictionary.cpp, line 313]
Event: 0.982 Thread 0x000001fe26e402c0 Exception <a 'java/lang/NoSuchMethodError'{0x00000000896550e8}: 'int java.lang.invoke.Invokers$Holder.invokeExact_MT(java.lang.Object, java.lang.Object)'> (0x00000000896550e8) 
thrown [s\open\src\hotspot\share\interpreter\linkResolver.cpp, line 796]
Event: 1.105 Thread 0x000001fe8ba160a0 Exception <a 'java/lang/NoSuchMethodError'{0x00000000896e27a8}: 'java.lang.Object java.lang.invoke.DirectMethodHandle$Holder.newInvokeSpecial(java.lang.Object, java.lang.Object, java.lang.Object, int, int, int, int, int)'> (0x00000000896e27a8) 
thrown [s\open\src\hotspot\share\interpreter\linkResolver.cpp, line 796]

VM Operations (20 events):
Event: 2.048 Executing VM operation: G1CollectForAllocation (G1 Evacuation Pause) done
Event: 2.052 Executing VM operation: G1PauseRemark
Event: 2.054 Executing VM operation: G1PauseRemark done
Event: 2.056 Executing VM operation: G1PauseCleanup
Event: 2.056 Executing VM operation: G1PauseCleanup done
Event: 2.244 Executing VM operation: G1CollectForAllocation (G1 Evacuation Pause)
Event: 2.245 Executing VM operation: G1CollectForAllocation (G1 Evacuation Pause) done
Event: 2.262 Executing VM operation: HandshakeAllThreads (Deoptimize)
Event: 2.262 Executing VM operation: HandshakeAllThreads (Deoptimize) done
Event: 2.385 Executing VM operation: G1TryInitiateConcMark (G1 Humongous Allocation)
Event: 2.387 Executing VM operation: G1TryInitiateConcMark (G1 Humongous Allocation) done
Event: 2.395 Executing VM operation: G1PauseRemark
Event: 2.396 Executing VM operation: G1PauseRemark done
Event: 2.398 Executing VM operation: G1PauseCleanup
Event: 2.398 Executing VM operation: G1PauseCleanup done
Event: 3.804 Executing VM operation: HandshakeAllThreads (Deoptimize)
Event: 3.804 Executing VM operation: HandshakeAllThreads (Deoptimize) done
Event: 3.809 Executing VM operation: G1TryInitiateConcMark (G1 Humongous Allocation)
Event: 3.810 Executing VM operation: G1TryInitiateConcMark (G1 Humongous Allocation) done
Event: 3.817 Executing VM operation: G1PauseRemark

Memory protections (0 events):
No events

Nmethod flushes (20 events):
Event: 3.920 Thread 0x000001fe45613c00 flushing  nmethod 0x000001fe318d5288
Event: 3.920 Thread 0x000001fe45613c00 flushing  nmethod 0x000001fe3197fa88
Event: 3.920 Thread 0x000001fe45613c00 flushing  nmethod 0x000001fe31980788
Event: 3.920 Thread 0x000001fe45613c00 flushing  nmethod 0x000001fe31981388
Event: 3.920 Thread 0x000001fe45613c00 flushing  nmethod 0x000001fe31981d88
Event: 3.920 Thread 0x000001fe45613c00 flushing  nmethod 0x000001fe393c7288
Event: 3.920 Thread 0x000001fe45613c00 flushing  nmethod 0x000001fe393c8288
Event: 3.920 Thread 0x000001fe45613c00 flushing  nmethod 0x000001fe393c9588
Event: 3.920 Thread 0x000001fe45613c00 flushing  nmethod 0x000001fe318ff808
Event: 3.920 Thread 0x000001fe45613c00 flushing  nmethod 0x000001fe318ffc88
Event: 3.920 Thread 0x000001fe45613c00 flushing  nmethod 0x000001fe3197a908
Event: 3.920 Thread 0x000001fe45613c00 flushing  nmethod 0x000001fe3197b208
Event: 3.920 Thread 0x000001fe45613c00 flushing  nmethod 0x000001fe3197c188
Event: 3.920 Thread 0x000001fe45613c00 flushing  nmethod 0x000001fe3197d488
Event: 3.920 Thread 0x000001fe45613c00 flushing  nmethod 0x000001fe31983788
Event: 3.920 Thread 0x000001fe45613c00 flushing  nmethod 0x000001fe31985088
Event: 3.920 Thread 0x000001fe45613c00 flushing  nmethod 0x000001fe31986008
Event: 3.920 Thread 0x000001fe45613c00 flushing  nmethod 0x000001fe393a3788
Event: 3.920 Thread 0x000001fe45613c00 flushing  nmethod 0x000001fe318d1488
Event: 3.920 Thread 0x000001fe45613c00 flushing  nmethod 0x000001fe318d4388

Events (19 events):
Event: 0.087 Thread 0x000001fe26e402c0 Thread added: 0x000001fe26e402c0
Event: 0.116 Thread 0x000001fe26e402c0 Thread added: 0x000001fe4562ef20
Event: 0.116 Thread 0x000001fe26e402c0 Thread added: 0x000001fe45630ea0
Event: 0.117 Thread 0x000001fe26e402c0 Thread added: 0x000001fe45631cb0
Event: 0.117 Thread 0x000001fe26e402c0 Thread added: 0x000001fe45634720
Event: 0.117 Thread 0x000001fe26e402c0 Thread added: 0x000001fe45635180
Event: 0.117 Thread 0x000001fe26e402c0 Thread added: 0x000001fe45635be0
Event: 0.117 Thread 0x000001fe26e402c0 Thread added: 0x000001fe45636970
Event: 0.139 Thread 0x000001fe26e402c0 Thread added: 0x000001fe4563c450
Event: 0.270 Thread 0x000001fe26e402c0 Thread added: 0x000001fe4569e680
Event: 0.442 Thread 0x000001fe26e402c0 Thread added: 0x000001fe458fcd90
Event: 0.442 Thread 0x000001fe26e402c0 Thread added: 0x000001fe458fe980
Event: 0.731 Thread 0x000001fe26e402c0 Thread added: 0x000001fe459f19b0
Event: 0.733 Thread 0x000001fe26e402c0 Thread added: 0x000001fe459f2020
Event: 0.787 Thread 0x000001fe26e402c0 Thread added: 0x000001fe459f8af0
Event: 1.091 Thread 0x000001fe26e402c0 Thread added: 0x000001fe8ba160a0
Event: 1.818 Thread 0x000001fe459f2020 Thread exited: 0x000001fe459f2020
Event: 2.370 Thread 0x000001fe45636970 Thread added: 0x000001fe45903b60
Event: 2.637 Thread 0x000001fe45903b60 Thread exited: 0x000001fe45903b60


Dynamic libraries:
0x00007ff783ff0000 - 0x00007ff784000000 	C:\Program Files\Java\jdk-23\bin\java.exe
0x00007fffcf750000 - 0x00007fffcf948000 	C:\WINDOWS\SYSTEM32\ntdll.dll
0x00007fffcdba0000 - 0x00007fffcdc62000 	C:\WINDOWS\System32\KERNEL32.DLL
0x00007fffccf50000 - 0x00007fffcd24e000 	C:\WINDOWS\System32\KERNELBASE.dll
0x00007fffcd4a0000 - 0x00007fffcd5a0000 	C:\WINDOWS\System32\ucrtbase.dll
0x00007fffc8450000 - 0x00007fffc8467000 	C:\Program Files\Java\jdk-23\bin\jli.dll
0x00007fffce0e0000 - 0x00007fffce27d000 	C:\WINDOWS\System32\USER32.dll
0x00007fffcce90000 - 0x00007fffcceb2000 	C:\WINDOWS\System32\win32u.dll
0x00007fffcdb70000 - 0x00007fffcdb9b000 	C:\WINDOWS\System32\GDI32.dll
0x00007fffcd5a0000 - 0x00007fffcd6b7000 	C:\WINDOWS\System32\gdi32full.dll
0x00007fffcd250000 - 0x00007fffcd2ed000 	C:\WINDOWS\System32\msvcp_win.dll
0x00007fffb68e0000 - 0x00007fffb68fb000 	C:\Program Files\Java\jdk-23\bin\VCRUNTIME140.dll
0x00007fffb8c80000 - 0x00007fffb8f1a000 	C:\WINDOWS\WinSxS\amd64_microsoft.windows.common-controls_6595b64144ccf1df_6.0.19041.4355_none_60b8b9eb71f62e16\COMCTL32.dll
0x00007fffcd900000 - 0x00007fffcd99e000 	C:\WINDOWS\System32\msvcrt.dll
0x00007fffcf1d0000 - 0x00007fffcf1ff000 	C:\WINDOWS\System32\IMM32.DLL
0x00007fffca320000 - 0x00007fffca32c000 	C:\Program Files\Java\jdk-23\bin\vcruntime140_1.dll
0x00007fffae780000 - 0x00007fffae80e000 	C:\Program Files\Java\jdk-23\bin\msvcp140.dll
0x00007fff850d0000 - 0x00007fff85e1f000 	C:\Program Files\Java\jdk-23\bin\server\jvm.dll
0x00007fffcdd90000 - 0x00007fffcde41000 	C:\WINDOWS\System32\ADVAPI32.dll
0x00007fffcf670000 - 0x00007fffcf70f000 	C:\WINDOWS\System32\sechost.dll
0x00007fffcde50000 - 0x00007fffcdf73000 	C:\WINDOWS\System32\RPCRT4.dll
0x00007fffccdf0000 - 0x00007fffcce17000 	C:\WINDOWS\System32\bcrypt.dll
0x00007fffcdfe0000 - 0x00007fffce04b000 	C:\WINDOWS\System32\WS2_32.dll
0x00007fffccc40000 - 0x00007fffccc8b000 	C:\WINDOWS\SYSTEM32\POWRPROF.dll
0x00007fffbc050000 - 0x00007fffbc077000 	C:\WINDOWS\SYSTEM32\WINMM.dll
0x00007fffc3fb0000 - 0x00007fffc3fba000 	C:\WINDOWS\SYSTEM32\VERSION.dll
0x00007fffccc20000 - 0x00007fffccc32000 	C:\WINDOWS\SYSTEM32\UMPDC.dll
0x00007fffcac30000 - 0x00007fffcac42000 	C:\WINDOWS\SYSTEM32\kernel.appcore.dll
0x00007fffc8520000 - 0x00007fffc852a000 	C:\Program Files\Java\jdk-23\bin\jimage.dll
0x00007fffc4c50000 - 0x00007fffc4e34000 	C:\WINDOWS\SYSTEM32\DBGHELP.DLL
0x00007fffbb730000 - 0x00007fffbb764000 	C:\WINDOWS\SYSTEM32\dbgcore.DLL
0x00007fffccec0000 - 0x00007fffccf42000 	C:\WINDOWS\System32\bcryptPrimitives.dll
0x00007fffc4560000 - 0x00007fffc456f000 	C:\Program Files\Java\jdk-23\bin\instrument.dll
0x00007fffb6820000 - 0x00007fffb683e000 	C:\Program Files\Java\jdk-23\bin\java.dll
0x00007fffcd7d0000 - 0x00007fffcd8fb000 	C:\WINDOWS\System32\ole32.dll
0x00007fffceb00000 - 0x00007fffcee53000 	C:\WINDOWS\System32\combase.dll
0x00007fffce330000 - 0x00007fffcea9d000 	C:\WINDOWS\System32\SHELL32.dll
0x00007fffcae30000 - 0x00007fffcb5d4000 	C:\WINDOWS\SYSTEM32\windows.storage.dll
0x00007fffcc670000 - 0x00007fffcc69e000 	C:\WINDOWS\SYSTEM32\Wldp.dll
0x00007fffcd9c0000 - 0x00007fffcda8d000 	C:\WINDOWS\System32\OLEAUT32.dll
0x00007fffcf120000 - 0x00007fffcf1cd000 	C:\WINDOWS\System32\SHCORE.dll
0x00007fffcd770000 - 0x00007fffcd7c5000 	C:\WINDOWS\System32\shlwapi.dll
0x00007fffccd20000 - 0x00007fffccd44000 	C:\WINDOWS\SYSTEM32\profapi.dll
0x00007fff7f8f0000 - 0x00007fff7f9c7000 	C:\Program Files\Java\jdk-23\bin\jsvml.dll
0x00007fff9e990000 - 0x00007fff9e9a7000 	C:\Program Files\Java\jdk-23\bin\zip.dll
0x00007fffbae40000 - 0x00007fffbae50000 	C:\Program Files\Java\jdk-23\bin\net.dll
0x00007fffcc450000 - 0x00007fffcc4ba000 	C:\WINDOWS\system32\mswsock.dll
0x00007fff9e940000 - 0x00007fff9e956000 	C:\Program Files\Java\jdk-23\bin\nio.dll
0x00007fff9e660000 - 0x00007fff9e67a000 	E:\Downloads\ideaIC-2024.3.1.win\bin\breakgen64.dll
0x00007fffb67e0000 - 0x00007fffb67e9000 	C:\Program Files\Java\jdk-23\bin\extnet.dll
0x00007fff7b4c0000 - 0x00007fff7b64e000 	C:\Program Files\Java\jdk-23\bin\awt.dll
0x00007fffca390000 - 0x00007fffca424000 	C:\WINDOWS\SYSTEM32\apphelp.dll
0x00007fffca930000 - 0x00007fffca95f000 	C:\WINDOWS\system32\DWMAPI.DLL
0x00007fffca740000 - 0x00007fffca7de000 	C:\WINDOWS\system32\uxtheme.dll
0x00007fffb80c0000 - 0x00007fffb81e8000 	C:\WINDOWS\system32\opengl32.dll
0x00007fffb8090000 - 0x00007fffb80bc000 	C:\WINDOWS\SYSTEM32\GLU32.dll
0x00007fffcdc70000 - 0x00007fffcdd85000 	C:\WINDOWS\System32\MSCTF.dll
0x00007fff9aa40000 - 0x00007fff9aa6e000 	C:\Program Files\Java\jdk-23\bin\javajpeg.dll

dbghelp: loaded successfully - version: 4.0.5 - missing functions: none
symbol engine: initialized successfully - sym options: 0x614 - pdb path: .;C:\Program Files\Java\jdk-23\bin;C:\WINDOWS\SYSTEM32;C:\WINDOWS\WinSxS\amd64_microsoft.windows.common-controls_6595b64144ccf1df_6.0.19041.4355_none_60b8b9eb71f62e16;C:\Program Files\Java\jdk-23\bin\server;E:\Downloads\ideaIC-2024.3.1.win\bin

VM Arguments:
jvm_args: -javaagent:E:\Downloads\ideaIC-2024.3.1.win\lib\idea_rt.jar=51001:E:\Downloads\ideaIC-2024.3.1.win\bin -Dfile.encoding=UTF-8 -Dsun.stdout.encoding=UTF-8 -Dsun.stderr.encoding=UTF-8 
java_command: Views.SignUP
java_class_path (initial): E:\users\Desktop\care_plant\out\production\care_plant;E:\users\Desktop\java libs\jbcrypt-0.4 (1).jar;E:\users\Desktop\java libs\junit-4.12.jar;E:\users\Desktop\java libs\mysql-connector-j-9.1.0\mysql-connector-j-9.1.0\mysql-connector-j-9.1.0.jar;C:\Users\pc\.m2\repository\org\junit\jupiter\junit-jupiter\5.8.1\junit-jupiter-5.8.1.jar;C:\Users\pc\.m2\repository\org\junit\jupiter\junit-jupiter-api\5.8.1\junit-jupiter-api-5.8.1.jar;C:\Users\pc\.m2\repository\org\opentest4j\opentest4j\1.2.0\opentest4j-1.2.0.jar;C:\Users\pc\.m2\repository\org\junit\platform\junit-platform-commons\1.8.1\junit-platform-commons-1.8.1.jar;C:\Users\pc\.m2\repository\org\apiguardian\apiguardian-api\1.1.2\apiguardian-api-1.1.2.jar;C:\Users\pc\.m2\repository\org\junit\jupiter\junit-jupiter-params\5.8.1\junit-jupiter-params-5.8.1.jar;C:\Users\pc\.m2\repository\org\junit\jupiter\junit-jupiter-engine\5.8.1\junit-jupiter-engine-5.8.1.jar;C:\Users\pc\.m2\repository\org\junit\platform\junit-platform-engine\1.8.1\junit-platform-engine-1.8.1.jar
Launcher Type: SUN_STANDARD

[Global flags]
     intx CICompilerCount                          = 3                                         {product} {ergonomic}
     uint ConcGCThreads                            = 1                                         {product} {ergonomic}
     uint G1ConcRefinementThreads                  = 4                                         {product} {ergonomic}
   size_t G1HeapRegionSize                         = 1048576                                   {product} {ergonomic}
   size_t InitialHeapSize                          = 134217728                                 {product} {ergonomic}
   size_t MarkStackSize                            = 4194304                                   {product} {ergonomic}
   size_t MarkStackSizeMax                         = 536870912                                 {product} {ergonomic}
   size_t MaxHeapSize                              = 2118123520                                {product} {ergonomic}
   size_t MaxNewSize                               = 1270874112                                {product} {ergonomic}
   size_t MinHeapDeltaBytes                        = 1048576                                   {product} {ergonomic}
   size_t MinHeapSize                              = 8388608                                   {product} {ergonomic}
    uintx NonNMethodCodeHeapSize                   = 5832704                                {pd product} {ergonomic}
    uintx NonProfiledCodeHeapSize                  = 122945536                              {pd product} {ergonomic}
    uintx ProfiledCodeHeapSize                     = 122880000                              {pd product} {ergonomic}
    uintx ReservedCodeCacheSize                    = 251658240                              {pd product} {ergonomic}
     bool SegmentedCodeCache                       = true                                      {product} {ergonomic}
   size_t SoftMaxHeapSize                          = 2118123520                             {manageable} {ergonomic}
     bool UseCompressedOops                        = true                           {product lp64_product} {ergonomic}
     bool UseG1GC                                  = true                                      {product} {ergonomic}
     bool UseLargePagesIndividualAllocation        = false                                  {pd product} {ergonomic}

Logging:
Log output configuration:
 #0: stdout all=warning uptime,level,tags foldmultilines=false
 #1: stderr all=off uptime,level,tags foldmultilines=false

Environment Variables:
PATH=C:\Program Files\Common Files\Oracle\Java\javapath;C:\WINDOWS\system32;C:\WINDOWS;C:\WINDOWS\System32\Wbem;C:\WINDOWS\System32\WindowsPowerShell\v1.0\;C:\WINDOWS\System32\OpenSSH\;C:\MinGW\bin;C:\Program Files\Git\cmd;C:\MinGW\bin;C:\Program Files\nodejs\;C:\flutter_windows_3.24.3-stable\flutter\bin;C:\Program Files\MongoDB\Server\8.0\bin;C:\Program Files\MySQL\MySQL Server 8.0\bin;C:\Program Files\CMake\bin;C:\Users\pc\AppData\Local\Programs\Python\Python312\Scripts\;C:\Users\pc\AppData\Local\Programs\Python\Python312\;C:\Users\pc\AppData\Local\Programs\Python\Launcher\;C:\Users\pc\AppData\Local\Microsoft\WindowsApps;C:\Program Files\JetBrains\PyCharm Community Edition 2023.2.3\bin;;C:\MinGW\bin;E:\web dev course\Microsoft VS Code\bin;C:\Users\pc\AppData\Roaming\npm;E:\IntelliJ IDEA 2024.2.3\bin;
USERNAME=pc
OS=Windows_NT
PROCESSOR_IDENTIFIER=Intel64 Family 6 Model 78 Stepping 3, GenuineIntel
TMP=C:\Users\pc\AppData\Local\Temp
TEMP=C:\Users\pc\AppData\Local\Temp




Periodic native trim disabled

---------------  S Y S T E M  ---------------

OS:
 Windows 10 , 64 bit Build 19041 (10.0.19041.5198)
OS uptime: 0 days 9:47 hours
Hyper-V role detected

CPU: total 4 (initial active 4) (2 cores per cpu, 2 threads per core) family 6 model 78 stepping 3 microcode 0xcc, cx8, cmov, fxsr, ht, mmx, 3dnowpref, sse, sse2, sse3, ssse3, sse4.1, sse4.2, popcnt, lzcnt, tsc, tscinvbit, avx, avx2, aes, erms, clmul, bmi1, bmi2, rtm, adx, fma, vzeroupper, clflush, clflushopt, hv, rdtscp, f16c
Processor Information for the first 4 processors :
  Max Mhz: 2304, Current Mhz: 2304, Mhz Limit: 2304

Memory: 4k page, system-wide physical 8072M (822M free)
TotalPageFile size 10120M (AvailPageFile size 30M)
current process WorkingSet (physical memory assigned to process): 282M, peak: 282M
current process commit charge ("private bytes"): 332M, peak: 388M

vm_info: Java HotSpot(TM) 64-Bit Server VM (23+37-2369) for windows-amd64 JRE (23+37-2369), built on 2024-08-20T16:01:23Z with MS VC++ 17.6 (VS2022)

END.
